[0.017s] Invoking command in '/home/eit-lab/ros2_karan_ws/src/build/rplidar_ros': CMAKE_PREFIX_PATH=${CMAKE_PREFIX_PATH}:/home/eit-lab/ros2_karan_ws/install/cv_basics:/opt/ros/foxy /usr/bin/cmake /home/eit-lab/ros2_karan_ws/src/rplidar_ros2 -DCMAKE_INSTALL_PREFIX=/home/eit-lab/ros2_karan_ws/src/install/rplidar_ros
[2.348s] -- The C compiler identification is GNU 9.4.0
[3.766s] -- The CXX compiler identification is GNU 9.4.0
[3.900s] -- Check for working C compiler: /usr/bin/cc
[4.013s] -- Check for working C compiler: /usr/bin/cc -- works
[4.014s] -- Detecting C compiler ABI info
[4.102s] -- Detecting C compiler ABI info - done
[4.114s] -- Detecting C compile features
[4.114s] -- Detecting C compile features - done
[4.144s] -- Check for working CXX compiler: /usr/bin/c++
[4.224s] -- Check for working CXX compiler: /usr/bin/c++ -- works
[4.225s] -- Detecting CXX compiler ABI info
[4.334s] -- Detecting CXX compiler ABI info - done
[4.345s] -- Detecting CXX compile features
[4.346s] -- Detecting CXX compile features - done
[4.379s] -- Found ament_cmake_auto: 0.9.9 (/opt/ros/foxy/share/ament_cmake_auto/cmake)
[4.601s] -- Found PythonInterp: /usr/bin/python3 (found suitable version "3.8.10", minimum required is "3") 
[4.601s] -- Using PYTHON_EXECUTABLE: /usr/bin/python3
[5.006s] -- Found ament_cmake_ros: 0.9.2 (/opt/ros/foxy/share/ament_cmake_ros/cmake)
[5.395s] -- Using all available rosidl_typesupport_c: rosidl_typesupport_fastrtps_c;rosidl_typesupport_introspection_c
[5.402s] -- Found rosidl_adapter: 1.2.1 (/opt/ros/foxy/share/rosidl_adapter/cmake)
[6.077s] -- Found OpenSSL: /usr/lib/x86_64-linux-gnu/libcrypto.so (found version "1.1.1f")  
[6.221s] -- Found FastRTPS: /opt/ros/foxy/include  
[6.501s] -- Using all available rosidl_typesupport_cpp: rosidl_typesupport_fastrtps_cpp;rosidl_typesupport_introspection_cpp
[6.965s] -- Found rmw_implementation_cmake: 1.0.3 (/opt/ros/foxy/share/rmw_implementation_cmake/cmake)
[6.976s] -- Using RMW implementation 'rmw_fastrtps_cpp' as default
[7.061s] -- Looking for pthread.h
[7.547s] -- Looking for pthread.h - found
[7.547s] -- Performing Test CMAKE_HAVE_LIBC_PTHREAD
[7.678s] -- Performing Test CMAKE_HAVE_LIBC_PTHREAD - Failed
[7.678s] -- Looking for pthread_create in pthreads
[7.830s] -- Looking for pthread_create in pthreads - not found
[7.831s] -- Looking for pthread_create in pthread
[7.895s] -- Looking for pthread_create in pthread - found
[7.896s] -- Found Threads: TRUE  
[9.000s] -- Configuring done
[9.014s] -- Generating done
[9.016s] -- Build files have been written to: /home/eit-lab/ros2_karan_ws/src/build/rplidar_ros
[9.023s] Invoked command in '/home/eit-lab/ros2_karan_ws/src/build/rplidar_ros' returned '0': CMAKE_PREFIX_PATH=${CMAKE_PREFIX_PATH}:/home/eit-lab/ros2_karan_ws/install/cv_basics:/opt/ros/foxy /usr/bin/cmake /home/eit-lab/ros2_karan_ws/src/rplidar_ros2 -DCMAKE_INSTALL_PREFIX=/home/eit-lab/ros2_karan_ws/src/install/rplidar_ros
[9.026s] Invoking command in '/home/eit-lab/ros2_karan_ws/src/build/rplidar_ros': CMAKE_PREFIX_PATH=${CMAKE_PREFIX_PATH}:/home/eit-lab/ros2_karan_ws/install/cv_basics:/opt/ros/foxy /usr/bin/cmake --build /home/eit-lab/ros2_karan_ws/src/build/rplidar_ros -- -j8 -l8
[9.065s] [35m[1mScanning dependencies of target rplidar_composition_node[0m
[13.898s] [ 11%] [32mBuilding CXX object CMakeFiles/rplidar_composition_node.dir/src/rplidar_node.cpp.o[0m
[13.898s] [ 22%] [32mBuilding CXX object CMakeFiles/rplidar_composition_node.dir/sdk/src/arch/linux/timer.cpp.o[0m
[13.898s] [ 33%] [32mBuilding CXX object CMakeFiles/rplidar_composition_node.dir/sdk/src/arch/linux/net_socket.cpp.o[0m
[13.899s] [ 44%] [32mBuilding CXX object CMakeFiles/rplidar_composition_node.dir/sdk/src/hal/thread.cpp.o[0m
[13.901s] [ 55%] [32mBuilding CXX object CMakeFiles/rplidar_composition_node.dir/sdk/src/arch/linux/net_serial.cpp.o[0m
[13.907s] [ 66%] [32mBuilding CXX object CMakeFiles/rplidar_composition_node.dir/sdk/src/rplidar_driver.cpp.o[0m
[14.798s] In file included from [01m[K/home/eit-lab/ros2_karan_ws/src/rplidar_ros2/src/rplidar_node.cpp:36[m[K:
[14.798s] [01m[K/home/eit-lab/ros2_karan_ws/src/rplidar_ros2/include/rplidar_node.hpp:50:[m[K [01;35m[Kwarning: [m[K"M_PI" redefined
[14.799s]    50 | #define M_PI 3.1415926535897932384626433832795
[14.799s]       | 
[14.799s] In file included from [01m[K/usr/include/c++/9/cmath:45[m[K,
[14.799s]                  from [01m[K/opt/ros/foxy/include/libstatistics_collector/moving_average_statistics/types.hpp:18[m[K,
[14.799s]                  from [01m[K/opt/ros/foxy/include/libstatistics_collector/collector/generate_statistics_message.hpp:24[m[K,
[14.799s]                  from [01m[K/opt/ros/foxy/include/rclcpp/topic_statistics/subscription_topic_statistics.hpp:23[m[K,
[14.800s]                  from [01m[K/opt/ros/foxy/include/rclcpp/subscription.hpp:50[m[K,
[14.800s]                  from [01m[K/opt/ros/foxy/include/rclcpp/any_executable.hpp:25[m[K,
[14.800s]                  from [01m[K/opt/ros/foxy/include/rclcpp/memory_strategy.hpp:24[m[K,
[14.800s]                  from [01m[K/opt/ros/foxy/include/rclcpp/memory_strategies.hpp:18[m[K,
[14.800s]                  from [01m[K/opt/ros/foxy/include/rclcpp/executor_options.hpp:20[m[K,
[14.800s]                  from [01m[K/opt/ros/foxy/include/rclcpp/executor.hpp:33[m[K,
[14.800s]                  from [01m[K/opt/ros/foxy/include/rclcpp/executors/multi_threaded_executor.hpp:26[m[K,
[14.800s]                  from [01m[K/opt/ros/foxy/include/rclcpp/executors.hpp:21[m[K,
[14.801s]                  from [01m[K/opt/ros/foxy/include/rclcpp/rclcpp.hpp:146[m[K,
[14.801s]                  from [01m[K/home/eit-lab/ros2_karan_ws/src/rplidar_ros2/include/rplidar_node.hpp:34[m[K,
[14.801s]                  from [01m[K/home/eit-lab/ros2_karan_ws/src/rplidar_ros2/src/rplidar_node.cpp:36[m[K:
[14.801s] [01m[K/usr/include/math.h:1070:[m[K [01;36m[Knote: [m[Kthis is the location of the previous definition
[14.801s]  1070 | # define M_PI  3.14159265358979323846 /* pi */
[14.801s]       | 
[15.178s] In file included from [01m[K/home/eit-lab/ros2_karan_ws/src/rplidar_ros2/./sdk/include/rplidar.h:39[m[K,
[15.178s]                  from [01m[K/home/eit-lab/ros2_karan_ws/src/rplidar_ros2/sdk/src/sdkcommon.h:48[m[K,
[15.178s]                  from [01m[K/home/eit-lab/ros2_karan_ws/src/rplidar_ros2/sdk/src/rplidar_driver.cpp:35[m[K:
[15.178s] [01m[K/home/eit-lab/ros2_karan_ws/src/rplidar_ros2/./sdk/include/rplidar_protocol.h:59:14:[m[K [01;35m[Kwarning: [m[KISO C++ forbids zero-size array ‘[01m[Kdata[m[K’ [[01;35m[K-Wpedantic[m[K]
[15.178s]    59 |     _u8 data[[01;35m[K0[m[K];
[15.178s]       |              [01;35m[K^[m[K
[15.179s] In file included from [01m[K/home/eit-lab/ros2_karan_ws/src/rplidar_ros2/./sdk/include/rplidar.h:40[m[K,
[15.179s]                  from [01m[K/home/eit-lab/ros2_karan_ws/src/rplidar_ros2/sdk/src/sdkcommon.h:48[m[K,
[15.179s]                  from [01m[K/home/eit-lab/ros2_karan_ws/src/rplidar_ros2/sdk/src/rplidar_driver.cpp:35[m[K:
[15.182s] [01m[K/home/eit-lab/ros2_karan_ws/src/rplidar_ros2/./sdk/include/rplidar_cmd.h:260:18:[m[K [01;35m[Kwarning: [m[KISO C++ forbids zero-size array ‘[01m[Kpayload[m[K’ [[01;35m[K-Wpedantic[m[K]
[15.183s]   260 |     _u8  payload[[01;35m[K0[m[K];
[15.183s]       |                  [01;35m[K^[m[K
[15.208s] In file included from [01m[K/home/eit-lab/ros2_karan_ws/src/rplidar_ros2/./sdk/include/rplidar.h:39[m[K,
[15.208s]                  from [01m[K/home/eit-lab/ros2_karan_ws/src/rplidar_ros2/./sdk/src/sdkcommon.h:48[m[K,
[15.208s]                  from [01m[K/home/eit-lab/ros2_karan_ws/src/rplidar_ros2/sdk/src/hal/thread.cpp:35[m[K:
[15.208s] [01m[K/home/eit-lab/ros2_karan_ws/src/rplidar_ros2/./sdk/include/rplidar_protocol.h:59:14:[m[K [01;35m[Kwarning: [m[KISO C++ forbids zero-size array ‘[01m[Kdata[m[K’ [[01;35m[K-Wpedantic[m[K]
[15.208s]    59 |     _u8 data[[01;35m[K0[m[K];
[15.208s]       |              [01;35m[K^[m[K
[15.209s] In file included from [01m[K/home/eit-lab/ros2_karan_ws/src/rplidar_ros2/./sdk/include/rplidar.h:40[m[K,
[15.209s]                  from [01m[K/home/eit-lab/ros2_karan_ws/src/rplidar_ros2/./sdk/src/sdkcommon.h:48[m[K,
[15.209s]                  from [01m[K/home/eit-lab/ros2_karan_ws/src/rplidar_ros2/sdk/src/hal/thread.cpp:35[m[K:
[15.209s] [01m[K/home/eit-lab/ros2_karan_ws/src/rplidar_ros2/./sdk/include/rplidar_cmd.h:260:18:[m[K [01;35m[Kwarning: [m[KISO C++ forbids zero-size array ‘[01m[Kpayload[m[K’ [[01;35m[K-Wpedantic[m[K]
[15.209s]   260 |     _u8  payload[[01;35m[K0[m[K];
[15.210s]       |                  [01;35m[K^[m[K
[15.211s] In file included from [01m[K/home/eit-lab/ros2_karan_ws/src/rplidar_ros2/sdk/src/hal/thread.cpp:43[m[K:
[15.211s] [01m[K/home/eit-lab/ros2_karan_ws/src/rplidar_ros2/./sdk/src/arch/linux/thread.hpp:[m[K In static member function ‘[01m[Kstatic rp::hal::Thread rp::hal::Thread::create(thread_proc_t, void*)[m[K’:
[15.213s] [01m[K/home/eit-lab/ros2_karan_ws/src/rplidar_ros2/./sdk/src/arch/linux/thread.hpp:48:77:[m[K [01;35m[Kwarning: [m[Kcast between incompatible function types from ‘[01m[Kthread_proc_t[m[K’ {aka ‘[01m[Klong unsigned int (*)(void*)[m[K’} to ‘[01m[Kvoid* (*)(void*)[m[K’ [[01;35m[K-Wcast-function-type[m[K]
[15.213s]    48 |     pthread_create((pthread_t *)&newborn._handle, NULL, (void * (*)(void *))[01;35m[Kproc[m[K, data);
[15.213s]       |                                                                             [01;35m[K^~~~[m[K
[15.214s] [01m[K/home/eit-lab/ros2_karan_ws/src/rplidar_ros2/./sdk/src/arch/linux/thread.hpp:[m[K In member function ‘[01m[Ku_result rp::hal::Thread::join(long unsigned int)[m[K’:
[15.214s] [01m[K/home/eit-lab/ros2_karan_ws/src/rplidar_ros2/./sdk/src/arch/linux/thread.hpp:129:37:[m[K [01;35m[Kwarning: [m[Kunused parameter ‘[01m[Ktimeout[m[K’ [[01;35m[K-Wunused-parameter[m[K]
[15.214s]   129 | u_result Thread::join([01;35m[Kunsigned long timeout[m[K)
[15.214s]       |                       [01;35m[K~~~~~~~~~~~~~~^~~~~~~[m[K
[15.299s] In file included from [01m[K/home/eit-lab/ros2_karan_ws/src/rplidar_ros2/./sdk/include/rplidar.h:39[m[K,
[15.299s]                  from [01m[K/home/eit-lab/ros2_karan_ws/src/rplidar_ros2/./sdk/src/sdkcommon.h:48[m[K,
[15.299s]                  from [01m[K/home/eit-lab/ros2_karan_ws/src/rplidar_ros2/sdk/src/arch/linux/net_socket.cpp:10[m[K:
[15.300s] [01m[K/home/eit-lab/ros2_karan_ws/src/rplidar_ros2/./sdk/include/rplidar_protocol.h:59:14:[m[K [01;35m[Kwarning: [m[KISO C++ forbids zero-size array ‘[01m[Kdata[m[K’ [[01;35m[K-Wpedantic[m[K]
[15.300s]    59 |     _u8 data[[01;35m[K0[m[K];
[15.300s]       |              [01;35m[K^[m[K
[15.300s] In file included from [01m[K/home/eit-lab/ros2_karan_ws/src/rplidar_ros2/./sdk/include/rplidar.h:40[m[K,
[15.300s]                  from [01m[K/home/eit-lab/ros2_karan_ws/src/rplidar_ros2/./sdk/src/sdkcommon.h:48[m[K,
[15.300s]                  from [01m[K/home/eit-lab/ros2_karan_ws/src/rplidar_ros2/sdk/src/arch/linux/net_socket.cpp:10[m[K:
[15.300s] [01m[K/home/eit-lab/ros2_karan_ws/src/rplidar_ros2/./sdk/include/rplidar_cmd.h:260:18:[m[K [01;35m[Kwarning: [m[KISO C++ forbids zero-size array ‘[01m[Kpayload[m[K’ [[01;35m[K-Wpedantic[m[K]
[15.300s]   260 |     _u8  payload[[01;35m[K0[m[K];
[15.300s]       |                  [01;35m[K^[m[K
[15.317s] [01m[K/home/eit-lab/ros2_karan_ws/src/rplidar_ros2/sdk/src/arch/linux/net_socket.cpp:[m[K In member function ‘[01m[Kvirtual u_result rp::arch::net::StreamSocketImpl::send(const void*, size_t)[m[K’:
[15.317s] [01m[K/home/eit-lab/ros2_karan_ws/src/rplidar_ros2/sdk/src/arch/linux/net_socket.cpp:438:17:[m[K [01;35m[Kwarning: [m[Kcomparison of integer expressions of different signedness: ‘[01m[Ksize_t[m[K’ {aka ‘[01m[Klong unsigned int[m[K’} and ‘[01m[Kint[m[K’ [[01;35m[K-Wsign-compare[m[K]
[15.317s]   438 |         if ([01;35m[Kans == (int)len[m[K) {
[15.317s]       |             [01;35m[K~~~~^~~~~~~~~~~[m[K
[15.322s] In file included from [01m[K/home/eit-lab/ros2_karan_ws/src/rplidar_ros2/./sdk/src/arch/linux/arch_linux.h:42[m[K,
[15.322s]                  from [01m[K/home/eit-lab/ros2_karan_ws/src/rplidar_ros2/./sdk/src/sdkcommon.h:40[m[K,
[15.322s]                  from [01m[K/home/eit-lab/ros2_karan_ws/src/rplidar_ros2/sdk/src/arch/linux/net_socket.cpp:10[m[K:
[15.323s] [01m[K/home/eit-lab/ros2_karan_ws/src/rplidar_ros2/sdk/src/arch/linux/net_socket.cpp:[m[K In member function ‘[01m[Kvirtual u_result rp::arch::net::DGramSocketImpl::sendTo(const rp::net::SocketAddress&, const void*, size_t)[m[K’:
[15.323s] [01m[K/home/eit-lab/ros2_karan_ws/src/rplidar_ros2/sdk/src/arch/linux/net_socket.cpp:726:24:[m[K [01;35m[Kwarning: [m[Kcomparison of integer expressions of different signedness: ‘[01m[Ksize_t[m[K’ {aka ‘[01m[Klong unsigned int[m[K’} and ‘[01m[Kint[m[K’ [[01;35m[K-Wsign-compare[m[K]
[15.324s]   726 |             assert([01;35m[Kans == (int)len[m[K);
[15.324s]       |                    [01;35m[K~~~~^~~~~~~~~~~[m[K
[15.388s] [01m[K/home/eit-lab/ros2_karan_ws/src/rplidar_ros2/sdk/src/rplidar_driver.cpp:[m[K In member function ‘[01m[Kvirtual u_result rp::standalone::rplidar::RPlidarDriverImplCommon::reset(_u32)[m[K’:
[15.388s] [01m[K/home/eit-lab/ros2_karan_ws/src/rplidar_ros2/sdk/src/rplidar_driver.cpp:121:46:[m[K [01;35m[Kwarning: [m[Kunused parameter ‘[01m[Ktimeout[m[K’ [[01;35m[K-Wunused-parameter[m[K]
[15.388s]   121 | u_result RPlidarDriverImplCommon::reset([01;35m[K_u32 timeout[m[K)
[15.388s]       |                                         [01;35m[K~~~~~^~~~~~~[m[K
[15.390s] [01m[K/home/eit-lab/ros2_karan_ws/src/rplidar_ros2/sdk/src/rplidar_driver.cpp:[m[K In member function ‘[01m[Kvirtual u_result rp::standalone::rplidar::RPlidarDriverImplCommon::checkIfTofLidar(bool&, _u32)[m[K’:
[15.390s] [01m[K/home/eit-lab/ros2_karan_ws/src/rplidar_ros2/sdk/src/rplidar_driver.cpp:275:75:[m[K [01;35m[Kwarning: [m[Kunused parameter ‘[01m[Ktimeout[m[K’ [[01;35m[K-Wunused-parameter[m[K]
[15.390s]   275 | u_result RPlidarDriverImplCommon::checkIfTofLidar(bool & isTofLidar, [01;35m[K_u32 timeout[m[K)
[15.390s]       |                                                                      [01;35m[K~~~~~^~~~~~~[m[K
[15.396s] [01m[K/home/eit-lab/ros2_karan_ws/src/rplidar_ros2/sdk/src/rplidar_driver.cpp:[m[K In member function ‘[01m[Kvirtual int rp::standalone::rplidar::RPlidarDriverImplCommon::_getSyncBitByAngle(int, int)[m[K’:
[15.396s] [01m[K/home/eit-lab/ros2_karan_ws/src/rplidar_ros2/sdk/src/rplidar_driver.cpp:671:16:[m[K [01;35m[Kwarning: [m[Kvariable ‘[01m[Klast_angleInc_q16[m[K’ set but not used [[01;35m[K-Wunused-but-set-variable[m[K]
[15.396s]   671 |     static int [01;35m[Klast_angleInc_q16[m[K = 0;
[15.396s]       |                [01;35m[K^~~~~~~~~~~~~~~~~[m[K
[15.396s] [01m[K/home/eit-lab/ros2_karan_ws/src/rplidar_ros2/sdk/src/rplidar_driver.cpp:673:9:[m[K [01;35m[Kwarning: [m[Kunused variable ‘[01m[KsyncBit_check_threshold[m[K’ [[01;35m[K-Wunused-variable[m[K]
[15.396s]   673 |     int [01;35m[KsyncBit_check_threshold[m[K = (int)((5 << 16) / angleInc_q16) + 1;//find syncBit in 0~3 degree
[15.396s]       |         [01;35m[K^~~~~~~~~~~~~~~~~~~~~~~[m[K
[15.397s] [01m[K/home/eit-lab/ros2_karan_ws/src/rplidar_ros2/sdk/src/arch/linux/net_serial.cpp:[m[K In member function ‘[01m[Kbool rp::arch::net::raw_serial::open(const char*, uint32_t, uint32_t)[m[K’:
[15.397s] [01m[K/home/eit-lab/ros2_karan_ws/src/rplidar_ros2/sdk/src/arch/linux/net_serial.cpp:97:74:[m[K [01;35m[Kwarning: [m[Kunused parameter ‘[01m[Kflags[m[K’ [[01;35m[K-Wunused-parameter[m[K]
[15.397s]    97 | bool raw_serial::open(const char * portname, uint32_t baudrate, [01;35m[Kuint32_t flags[m[K)
[15.397s]       |                                                                 [01;35m[K~~~~~~~~~^~~~~[m[K
[15.397s] [01m[K/home/eit-lab/ros2_karan_ws/src/rplidar_ros2/sdk/src/arch/linux/net_serial.cpp:[m[K In member function ‘[01m[Kvirtual void rp::arch::net::raw_serial::flush(_u32)[m[K’:
[15.398s] [01m[K/home/eit-lab/ros2_karan_ws/src/rplidar_ros2/sdk/src/arch/linux/net_serial.cpp:281:30:[m[K [01;35m[Kwarning: [m[Kunused parameter ‘[01m[Kflags[m[K’ [[01;35m[K-Wunused-parameter[m[K]
[15.398s]   281 | void raw_serial::flush( [01;35m[K_u32 flags[m[K)
[15.398s]       |                         [01;35m[K~~~~~^~~~~[m[K
[15.398s] [01m[K/home/eit-lab/ros2_karan_ws/src/rplidar_ros2/sdk/src/arch/linux/net_serial.cpp:[m[K In member function ‘[01m[Kvirtual int rp::arch::net::raw_serial::waitforsent(_u32, size_t*)[m[K’:
[15.398s] [01m[K/home/eit-lab/ros2_karan_ws/src/rplidar_ros2/sdk/src/arch/linux/net_serial.cpp:286:34:[m[K [01;35m[Kwarning: [m[Kunused parameter ‘[01m[Ktimeout[m[K’ [[01;35m[K-Wunused-parameter[m[K]
[15.398s]   286 | int raw_serial::waitforsent([01;35m[K_u32 timeout[m[K, size_t * returned_size)
[15.398s]       |                             [01;35m[K~~~~~^~~~~~~[m[K
[15.399s] [01m[K/home/eit-lab/ros2_karan_ws/src/rplidar_ros2/sdk/src/arch/linux/net_serial.cpp:[m[K In member function ‘[01m[Kvirtual int rp::arch::net::raw_serial::waitforrecv(_u32, size_t*)[m[K’:
[15.399s] [01m[K/home/eit-lab/ros2_karan_ws/src/rplidar_ros2/sdk/src/arch/linux/net_serial.cpp:292:34:[m[K [01;35m[Kwarning: [m[Kunused parameter ‘[01m[Ktimeout[m[K’ [[01;35m[K-Wunused-parameter[m[K]
[15.399s]   292 | int raw_serial::waitforrecv([01;35m[K_u32 timeout[m[K, size_t * returned_size)
[15.399s]       |                             [01;35m[K~~~~~^~~~~~~[m[K
[15.399s] [01m[K/home/eit-lab/ros2_karan_ws/src/rplidar_ros2/sdk/src/rplidar_driver.cpp:[m[K In member function ‘[01m[Kvirtual u_result rp::standalone::rplidar::RPlidarDriverImplCommon::_cacheUltraCapsuledScanData()[m[K’:
[15.399s] [01m[K/home/eit-lab/ros2_karan_ws/src/rplidar_ros2/sdk/src/rplidar_driver.cpp:771:46:[m[K [01;35m[Kwarning: [m[Kunused variable ‘[01m[Klast_scan_count[m[K’ [[01;35m[K-Wunused-variable[m[K]
[15.399s]   771 |     size_t                                   [01;35m[Klast_scan_count[m[K = 0;
[15.400s]       |                                              [01;35m[K^~~~~~~~~~~~~~~[m[K
[15.400s] [01m[K/home/eit-lab/ros2_karan_ws/src/rplidar_ros2/sdk/src/rplidar_driver.cpp:[m[K In member function ‘[01m[Kvirtual void rp::standalone::rplidar::RPlidarDriverImplCommon::_capsuleToNormal(const rplidar_response_capsule_measurement_nodes_t&, rplidar_response_measurement_node_hq_t*, size_t&)[m[K’:
[15.400s] [01m[K/home/eit-lab/ros2_karan_ws/src/rplidar_ros2/sdk/src/rplidar_driver.cpp:850:17:[m[K [01;35m[Kwarning: [m[Kunused variable ‘[01m[KsyncBit_check_threshold[m[K’ [[01;35m[K-Wunused-variable[m[K]
[15.400s]   850 |             int [01;35m[KsyncBit_check_threshold[m[K = (int)((2 << 16) / angleInc_q16) + 1;//find syncBit in 0~1 degree
[15.400s]       |                 [01;35m[K^~~~~~~~~~~~~~~~~~~~~~~[m[K
[15.400s] [01m[K/home/eit-lab/ros2_karan_ws/src/rplidar_ros2/sdk/src/rplidar_driver.cpp:[m[K In member function ‘[01m[Kvirtual void rp::standalone::rplidar::RPlidarDriverImplCommon::_dense_capsuleToNormal(const rplidar_response_capsule_measurement_nodes_t&, rplidar_response_measurement_node_hq_t*, size_t&)[m[K’:
[15.400s] [01m[K/home/eit-lab/ros2_karan_ws/src/rplidar_ros2/sdk/src/rplidar_driver.cpp:903:108:[m[K [01;35m[Kwarning: [m[Ktype qualifiers ignored on cast result type [[01;35m[K-Wignored-qualifiers[m[K]
[15.401s]   903 |             const int dist = static_cast<const int>(_cached_previous_dense_capsuledata.cabins[pos].distance[01;35m[K)[m[K;
[15.401s]       |                                                                                                            [01;35m[K^[m[K
[15.402s] [01m[K/home/eit-lab/ros2_karan_ws/src/rplidar_ros2/sdk/src/rplidar_driver.cpp:[m[K In function ‘[01m[K_u32 rp::standalone::rplidar::_crc32cal(_u32, void*, _u16)[m[K’:
[15.402s] [01m[K/home/eit-lab/ros2_karan_ws/src/rplidar_ros2/sdk/src/rplidar_driver.cpp:1027:23:[m[K [01;35m[Kwarning: [m[Ksuggest parentheses around ‘[01m[K-[m[K’ in operand of ‘[01m[K&[m[K’ [[01;35m[K-Wparentheses[m[K]
[15.402s]  1027 |     _u8 leftBytes = [01;35m[K4 - len[m[K & 0x3;
[15.402s]       |                     [01;35m[K~~^~~~~[m[K
[15.405s] [01m[K/home/eit-lab/ros2_karan_ws/src/rplidar_ros2/sdk/src/rplidar_driver.cpp:[m[K In member function ‘[01m[Kvirtual void rp::standalone::rplidar::RPlidarDriverImplCommon::_ultraCapsuleToNormal(const rplidar_response_ultra_capsule_measurement_nodes_t&, rplidar_response_measurement_node_hq_t*, size_t&)[m[K’:
[15.405s] [01m[K/home/eit-lab/ros2_karan_ws/src/rplidar_ros2/sdk/src/rplidar_driver.cpp:1238:32:[m[K [01;35m[Kwarning: [m[Kcomparison of integer expressions of different signedness: ‘[01m[Kint[m[K’ and ‘[01m[Kunsigned int[m[K’ [[01;35m[K-Wsign-compare[m[K]
[15.405s]  1238 |             if (([01;35m[Kdist_predict1 == 0xFFFFFE00[m[K) || (dist_predict1 == 0x1FF)) {
[15.405s]       |                  [01;35m[K~~~~~~~~~~~~~~^~~~~~~~~~~~~[m[K
[15.406s] [01m[K/home/eit-lab/ros2_karan_ws/src/rplidar_ros2/sdk/src/rplidar_driver.cpp:1246:32:[m[K [01;35m[Kwarning: [m[Kcomparison of integer expressions of different signedness: ‘[01m[Kint[m[K’ and ‘[01m[Kunsigned int[m[K’ [[01;35m[K-Wsign-compare[m[K]
[15.406s]  1246 |             if (([01;35m[Kdist_predict2 == 0xFFFFFE00[m[K) || (dist_predict2 == 0x1FF)) {
[15.406s]       |                  [01;35m[K~~~~~~~~~~~~~~^~~~~~~~~~~~~[m[K
[15.406s] [01m[K/home/eit-lab/ros2_karan_ws/src/rplidar_ros2/sdk/src/rplidar_driver.cpp:1256:21:[m[K [01;35m[Kwarning: [m[Kunused variable ‘[01m[KsyncBit_check_threshold[m[K’ [[01;35m[K-Wunused-variable[m[K]
[15.406s]  1256 |                 int [01;35m[KsyncBit_check_threshold[m[K = (int)((3 << 16) / angleInc_q16)+1;//find syncBit in 0~1 degree
[15.406s]       |                     [01;35m[K^~~~~~~~~~~~~~~~~~~~~~~[m[K
[15.415s] [01m[K/home/eit-lab/ros2_karan_ws/src/rplidar_ros2/sdk/src/rplidar_driver.cpp:[m[K In member function ‘[01m[Kvirtual u_result rp::standalone::rplidar::RPlidarDriverImplCommon::getAllSupportedScanModes(std::vector<rp::standalone::rplidar::RplidarScanMode>&, _u32)[m[K’:
[15.415s] [01m[K/home/eit-lab/ros2_karan_ws/src/rplidar_ros2/sdk/src/rplidar_driver.cpp:1484:105:[m[K [01;35m[Kwarning: [m[Kunused parameter ‘[01m[KtimeoutInMs[m[K’ [[01;35m[K-Wunused-parameter[m[K]
[15.416s]  1484 | u_result RPlidarDriverImplCommon::getAllSupportedScanModes(std::vector<RplidarScanMode>& outModes, [01;35m[K_u32 timeoutInMs[m[K)
[15.416s]       |                                                                                                    [01;35m[K~~~~~^~~~~~~~~~~[m[K
[15.416s] [01m[K/home/eit-lab/ros2_karan_ws/src/rplidar_ros2/sdk/src/rplidar_driver.cpp:[m[K In member function ‘[01m[Kvirtual u_result rp::standalone::rplidar::RPlidarDriverImplCommon::startScan(bool, bool, _u32, rp::standalone::rplidar::RplidarScanMode*)[m[K’:
[15.417s] [01m[K/home/eit-lab/ros2_karan_ws/src/rplidar_ros2/sdk/src/rplidar_driver.cpp:1581:83:[m[K [01;35m[Kwarning: [m[Kunused parameter ‘[01m[Koptions[m[K’ [[01;35m[K-Wunused-parameter[m[K]
[15.417s]  1581 | u_result RPlidarDriverImplCommon::startScan(bool force, bool useTypicalScan, [01;35m[K_u32 options[m[K, RplidarScanMode* outUsedScanMode)
[15.417s]       |                                                                              [01;35m[K~~~~~^~~~~~~[m[K
[15.419s] [01m[K/home/eit-lab/ros2_karan_ws/src/rplidar_ros2/sdk/src/rplidar_driver.cpp:[m[K In member function ‘[01m[Kvirtual u_result rp::standalone::rplidar::RPlidarDriverImplCommon::stop(_u32)[m[K’:
[15.419s] [01m[K/home/eit-lab/ros2_karan_ws/src/rplidar_ros2/sdk/src/rplidar_driver.cpp:1805:45:[m[K [01;35m[Kwarning: [m[Kunused parameter ‘[01m[Ktimeout[m[K’ [[01;35m[K-Wunused-parameter[m[K]
[15.419s]  1805 | u_result RPlidarDriverImplCommon::stop([01;35m[K_u32 timeout[m[K)
[15.419s]       |                                        [01;35m[K~~~~~^~~~~~~[m[K
[15.425s] [01m[K/home/eit-lab/ros2_karan_ws/src/rplidar_ros2/sdk/src/rplidar_driver.cpp:[m[K In member function ‘[01m[Kvirtual u_result rp::standalone::rplidar::RPlidarDriverImplCommon::setLidarSpinSpeed(_u16, _u32)[m[K’:
[15.425s] [01m[K/home/eit-lab/ros2_karan_ws/src/rplidar_ros2/sdk/src/rplidar_driver.cpp:2193:68:[m[K [01;35m[Kwarning: [m[Kunused parameter ‘[01m[Ktimeout[m[K’ [[01;35m[K-Wunused-parameter[m[K]
[15.425s]  2193 | u_result RPlidarDriverImplCommon::setLidarSpinSpeed(_u16 rpm, [01;35m[K_u32 timeout[m[K)
[15.425s]       |                                                               [01;35m[K~~~~~^~~~~~~[m[K
[15.427s] [01m[K/home/eit-lab/ros2_karan_ws/src/rplidar_ros2/sdk/src/rplidar_driver.cpp:[m[K In member function ‘[01m[Kvirtual u_result rp::standalone::rplidar::RPlidarDriverSerial::connect(const char*, _u32, _u32)[m[K’:
[15.427s] [01m[K/home/eit-lab/ros2_karan_ws/src/rplidar_ros2/sdk/src/rplidar_driver.cpp:2270:83:[m[K [01;35m[Kwarning: [m[Kunused parameter ‘[01m[Kflag[m[K’ [[01;35m[K-Wunused-parameter[m[K]
[15.427s]  2270 | u_result RPlidarDriverSerial::connect(const char * port_path, _u32 baudrate, [01;35m[K_u32 flag[m[K)
[15.427s]       |                                                                              [01;35m[K~~~~~^~~~[m[K
[15.428s] [01m[K/home/eit-lab/ros2_karan_ws/src/rplidar_ros2/sdk/src/rplidar_driver.cpp:[m[K In member function ‘[01m[Kvirtual u_result rp::standalone::rplidar::RPlidarDriverTCP::connect(const char*, _u32, _u32)[m[K’:
[15.428s] [01m[K/home/eit-lab/ros2_karan_ws/src/rplidar_ros2/sdk/src/rplidar_driver.cpp:2312:72:[m[K [01;35m[Kwarning: [m[Kunused parameter ‘[01m[Kflag[m[K’ [[01;35m[K-Wunused-parameter[m[K]
[15.428s]  2312 | u_result RPlidarDriverTCP::connect(const char * ipStr, _u32 port, [01;35m[K_u32 flag[m[K)
[15.428s]       |                                                                   [01;35m[K~~~~~^~~~[m[K
[15.578s] [01m[K/home/eit-lab/ros2_karan_ws/src/rplidar_ros2/sdk/src/rplidar_driver.cpp:[m[K In member function ‘[01m[Kvirtual u_result rp::standalone::rplidar::RPlidarDriverImplCommon::startMotor()[m[K’:
[15.578s] [01m[K/home/eit-lab/ros2_karan_ws/src/rplidar_ros2/sdk/src/rplidar_driver.cpp:2225:1:[m[K [01;35m[Kwarning: [m[Kcontrol reaches end of non-void function [[01;35m[K-Wreturn-type[m[K]
[15.578s]  2225 | [01;35m[K}[m[K
[15.578s]       | [01;35m[K^[m[K
[16.380s] In file included from [01m[K/home/eit-lab/ros2_karan_ws/src/rplidar_ros2/./sdk/include/rplidar.h:39[m[K,
[16.381s]                  from [01m[K/home/eit-lab/ros2_karan_ws/src/rplidar_ros2/include/rplidar_node.hpp:41[m[K,
[16.381s]                  from [01m[K/home/eit-lab/ros2_karan_ws/src/rplidar_ros2/src/rplidar_node.cpp:36[m[K:
[16.381s] [01m[K/home/eit-lab/ros2_karan_ws/src/rplidar_ros2/./sdk/include/rplidar_protocol.h:59:14:[m[K [01;35m[Kwarning: [m[KISO C++ forbids zero-size array ‘[01m[Kdata[m[K’ [[01;35m[K-Wpedantic[m[K]
[16.381s]    59 |     _u8 data[[01;35m[K0[m[K];
[16.381s]       |              [01;35m[K^[m[K
[16.381s] In file included from [01m[K/home/eit-lab/ros2_karan_ws/src/rplidar_ros2/./sdk/include/rplidar.h:40[m[K,
[16.381s]                  from [01m[K/home/eit-lab/ros2_karan_ws/src/rplidar_ros2/include/rplidar_node.hpp:41[m[K,
[16.381s]                  from [01m[K/home/eit-lab/ros2_karan_ws/src/rplidar_ros2/src/rplidar_node.cpp:36[m[K:
[16.381s] [01m[K/home/eit-lab/ros2_karan_ws/src/rplidar_ros2/./sdk/include/rplidar_cmd.h:260:18:[m[K [01;35m[Kwarning: [m[KISO C++ forbids zero-size array ‘[01m[Kpayload[m[K’ [[01;35m[K-Wpedantic[m[K]
[16.381s]   260 |     _u8  payload[[01;35m[K0[m[K];
[16.381s]       |                  [01;35m[K^[m[K
[16.455s] [01m[K/home/eit-lab/ros2_karan_ws/src/rplidar_ros2/src/rplidar_node.cpp:[m[K In member function ‘[01m[Kvoid rplidar_ros::rplidar_node::stop_motor({anonymous}::EmptyRequest, {anonymous}::EmptyResponse)[m[K’:
[16.456s] [01m[K/home/eit-lab/ros2_karan_ws/src/rplidar_ros2/src/rplidar_node.cpp:248:50:[m[K [01;35m[Kwarning: [m[Kunused parameter ‘[01m[Kreq[m[K’ [[01;35m[K-Wunused-parameter[m[K]
[16.456s]   248 | void rplidar_node::stop_motor([01;35m[Kconst EmptyRequest req[m[K, EmptyResponse res)
[16.456s]       |                               [01;35m[K~~~~~~~~~~~~~~~~~~~^~~[m[K
[16.456s] [01m[K/home/eit-lab/ros2_karan_ws/src/rplidar_ros2/src/rplidar_node.cpp:248:69:[m[K [01;35m[Kwarning: [m[Kunused parameter ‘[01m[Kres[m[K’ [[01;35m[K-Wunused-parameter[m[K]
[16.456s]   248 | void rplidar_node::stop_motor(const EmptyRequest req, [01;35m[KEmptyResponse res[m[K)
[16.456s]       |                                                       [01;35m[K~~~~~~~~~~~~~~^~~[m[K
[16.457s] [01m[K/home/eit-lab/ros2_karan_ws/src/rplidar_ros2/src/rplidar_node.cpp:[m[K In member function ‘[01m[Kvoid rplidar_ros::rplidar_node::start_motor({anonymous}::EmptyRequest, {anonymous}::EmptyResponse)[m[K’:
[16.457s] [01m[K/home/eit-lab/ros2_karan_ws/src/rplidar_ros2/src/rplidar_node.cpp:259:51:[m[K [01;35m[Kwarning: [m[Kunused parameter ‘[01m[Kreq[m[K’ [[01;35m[K-Wunused-parameter[m[K]
[16.457s]   259 | void rplidar_node::start_motor([01;35m[Kconst EmptyRequest req[m[K, EmptyResponse res)
[16.457s]       |                                [01;35m[K~~~~~~~~~~~~~~~~~~~^~~[m[K
[16.457s] [01m[K/home/eit-lab/ros2_karan_ws/src/rplidar_ros2/src/rplidar_node.cpp:259:70:[m[K [01;35m[Kwarning: [m[Kunused parameter ‘[01m[Kres[m[K’ [[01;35m[K-Wunused-parameter[m[K]
[16.457s]   259 | void rplidar_node::start_motor(const EmptyRequest req, [01;35m[KEmptyResponse res[m[K)
[16.457s]       |                                                        [01;35m[K~~~~~~~~~~~~~~^~~[m[K
[16.463s] [01m[K/home/eit-lab/ros2_karan_ws/src/rplidar_ros2/src/rplidar_node.cpp:[m[K In member function ‘[01m[Kvoid rplidar_ros::rplidar_node::publish_loop()[m[K’:
[16.464s] [01m[K/home/eit-lab/ros2_karan_ws/src/rplidar_ros2/src/rplidar_node.cpp:362:25:[m[K [01;35m[Kwarning: [m[Kcomparison of integer expressions of different signedness: ‘[01m[Ksize_t[m[K’ {aka ‘[01m[Klong unsigned int[m[K’} and ‘[01m[Kint[m[K’ [[01;35m[K-Wsign-compare[m[K]
[16.464s]   362 |           for (j = 0; [01;35m[Kj < m_angle_compensate_multiple[m[K; j++) {
[16.464s]       |                       [01;35m[K~~^~~~~~~~~~~~~~~~~~~~~~~~~~~~~[m[K
[16.465s] [01m[K/home/eit-lab/ros2_karan_ws/src/rplidar_ros2/src/rplidar_node.cpp:383:44:[m[K [01;35m[Kwarning: [m[Kcomparison of integer expressions of different signedness: ‘[01m[Ksize_t[m[K’ {aka ‘[01m[Klong unsigned int[m[K’} and ‘[01m[Kint[m[K’ [[01;35m[K-Wsign-compare[m[K]
[16.465s]   383 |       for (size_t x = start_node, y = 0; [01;35m[Kx < end_node[m[K; ++x, ++y) {
[16.465s]       |                                          [01;35m[K~~^~~~~~~~~~[m[K
[16.465s] [01m[K/home/eit-lab/ros2_karan_ws/src/rplidar_ros2/src/rplidar_node.cpp:390:11:[m[K [01;35m[Kwarning: [m[Kunused variable ‘[01m[Kangle_min[m[K’ [[01;35m[K-Wunused-variable[m[K]
[16.465s]   390 |     float [01;35m[Kangle_min[m[K = deg_2_rad(0.0f);
[16.465s]       |           [01;35m[K^~~~~~~~~[m[K
[16.465s] [01m[K/home/eit-lab/ros2_karan_ws/src/rplidar_ros2/src/rplidar_node.cpp:391:11:[m[K [01;35m[Kwarning: [m[Kunused variable ‘[01m[Kangle_max[m[K’ [[01;35m[K-Wunused-variable[m[K]
[16.465s]   391 |     float [01;35m[Kangle_max[m[K = deg_2_rad(359.0f);
[16.465s]       |           [01;35m[K^~~~~~~~~[m[K
[18.735s] [ 77%] [32m[1mLinking CXX shared library librplidar_composition_node.so[0m
[19.137s] [ 77%] Built target rplidar_composition_node
[19.147s] [35m[1mScanning dependencies of target rplidar_composition[0m
[19.223s] [ 88%] [32mBuilding CXX object CMakeFiles/rplidar_composition.dir/src/standalone_rplidar.cpp.o[0m
[19.325s] In file included from [01m[K/home/eit-lab/ros2_karan_ws/src/rplidar_ros2/src/standalone_rplidar.cpp:16[m[K:
[19.326s] [01m[K/home/eit-lab/ros2_karan_ws/src/rplidar_ros2/include/rplidar_node.hpp:50:[m[K [01;35m[Kwarning: [m[K"M_PI" redefined
[19.326s]    50 | #define M_PI 3.1415926535897932384626433832795
[19.326s]       | 
[19.326s] In file included from [01m[K/usr/include/c++/9/cmath:45[m[K,
[19.326s]                  from [01m[K/opt/ros/foxy/include/libstatistics_collector/moving_average_statistics/types.hpp:18[m[K,
[19.326s]                  from [01m[K/opt/ros/foxy/include/libstatistics_collector/collector/generate_statistics_message.hpp:24[m[K,
[19.326s]                  from [01m[K/opt/ros/foxy/include/rclcpp/topic_statistics/subscription_topic_statistics.hpp:23[m[K,
[19.326s]                  from [01m[K/opt/ros/foxy/include/rclcpp/subscription.hpp:50[m[K,
[19.326s]                  from [01m[K/opt/ros/foxy/include/rclcpp/any_executable.hpp:25[m[K,
[19.326s]                  from [01m[K/opt/ros/foxy/include/rclcpp/memory_strategy.hpp:24[m[K,
[19.326s]                  from [01m[K/opt/ros/foxy/include/rclcpp/memory_strategies.hpp:18[m[K,
[19.326s]                  from [01m[K/opt/ros/foxy/include/rclcpp/executor_options.hpp:20[m[K,
[19.326s]                  from [01m[K/opt/ros/foxy/include/rclcpp/executor.hpp:33[m[K,
[19.326s]                  from [01m[K/opt/ros/foxy/include/rclcpp/executors/multi_threaded_executor.hpp:26[m[K,
[19.326s]                  from [01m[K/opt/ros/foxy/include/rclcpp/executors.hpp:21[m[K,
[19.326s]                  from [01m[K/opt/ros/foxy/include/rclcpp/rclcpp.hpp:146[m[K,
[19.327s]                  from [01m[K/home/eit-lab/ros2_karan_ws/src/rplidar_ros2/include/rplidar_node.hpp:34[m[K,
[19.327s]                  from [01m[K/home/eit-lab/ros2_karan_ws/src/rplidar_ros2/src/standalone_rplidar.cpp:16[m[K:
[19.327s] [01m[K/usr/include/math.h:1070:[m[K [01;36m[Knote: [m[Kthis is the location of the previous definition
[19.327s]  1070 | # define M_PI  3.14159265358979323846 /* pi */
[19.327s]       | 
[20.467s] In file included from [01m[K/home/eit-lab/ros2_karan_ws/src/rplidar_ros2/./sdk/include/rplidar.h:39[m[K,
[20.467s]                  from [01m[K/home/eit-lab/ros2_karan_ws/src/rplidar_ros2/include/rplidar_node.hpp:41[m[K,
[20.468s]                  from [01m[K/home/eit-lab/ros2_karan_ws/src/rplidar_ros2/src/standalone_rplidar.cpp:16[m[K:
[20.468s] [01m[K/home/eit-lab/ros2_karan_ws/src/rplidar_ros2/./sdk/include/rplidar_protocol.h:59:14:[m[K [01;35m[Kwarning: [m[KISO C++ forbids zero-size array ‘[01m[Kdata[m[K’ [[01;35m[K-Wpedantic[m[K]
[20.468s]    59 |     _u8 data[[01;35m[K0[m[K];
[20.468s]       |              [01;35m[K^[m[K
[20.468s] In file included from [01m[K/home/eit-lab/ros2_karan_ws/src/rplidar_ros2/./sdk/include/rplidar.h:40[m[K,
[20.468s]                  from [01m[K/home/eit-lab/ros2_karan_ws/src/rplidar_ros2/include/rplidar_node.hpp:41[m[K,
[20.468s]                  from [01m[K/home/eit-lab/ros2_karan_ws/src/rplidar_ros2/src/standalone_rplidar.cpp:16[m[K:
[20.468s] [01m[K/home/eit-lab/ros2_karan_ws/src/rplidar_ros2/./sdk/include/rplidar_cmd.h:260:18:[m[K [01;35m[Kwarning: [m[KISO C++ forbids zero-size array ‘[01m[Kpayload[m[K’ [[01;35m[K-Wpedantic[m[K]
[20.468s]   260 |     _u8  payload[[01;35m[K0[m[K];
[20.468s]       |                  [01;35m[K^[m[K
[20.816s] In file included from [01m[K/home/eit-lab/ros2_karan_ws/src/rplidar_ros2/src/standalone_rplidar.cpp:16[m[K:
[20.816s] [01m[K/home/eit-lab/ros2_karan_ws/src/rplidar_ros2/include/rplidar_node.hpp:76:14:[m[K [01;35m[Kwarning: [m[K‘[01m[Kfloat rplidar_ros::getAngle(const rplidar_response_measurement_node_hq_t&)[m[K’ defined but not used [[01;35m[K-Wunused-function[m[K]
[20.816s]    76 | static float [01;35m[KgetAngle[m[K(const rplidar_response_measurement_node_hq_t & node)
[20.816s]       |              [01;35m[K^~~~~~~~[m[K
[20.921s] [100%] [32m[1mLinking CXX executable rplidar_composition[0m
[21.053s] [100%] Built target rplidar_composition
[21.063s] Invoked command in '/home/eit-lab/ros2_karan_ws/src/build/rplidar_ros' returned '0': CMAKE_PREFIX_PATH=${CMAKE_PREFIX_PATH}:/home/eit-lab/ros2_karan_ws/install/cv_basics:/opt/ros/foxy /usr/bin/cmake --build /home/eit-lab/ros2_karan_ws/src/build/rplidar_ros -- -j8 -l8
[21.095s] Invoking command in '/home/eit-lab/ros2_karan_ws/src/build/rplidar_ros': CMAKE_PREFIX_PATH=${CMAKE_PREFIX_PATH}:/home/eit-lab/ros2_karan_ws/install/cv_basics:/opt/ros/foxy /usr/bin/cmake --install /home/eit-lab/ros2_karan_ws/src/build/rplidar_ros
[21.104s] -- Install configuration: ""
[21.104s] -- Installing: /home/eit-lab/ros2_karan_ws/src/install/rplidar_ros/lib/rplidar_ros/rplidar_composition
[21.104s] -- Set runtime path of "/home/eit-lab/ros2_karan_ws/src/install/rplidar_ros/lib/rplidar_ros/rplidar_composition" to ""
[21.104s] -- Installing: /home/eit-lab/ros2_karan_ws/src/install/rplidar_ros/share/rplidar_ros/launch
[21.104s] -- Installing: /home/eit-lab/ros2_karan_ws/src/install/rplidar_ros/share/rplidar_ros/launch/rplidar_s1.launch.py
[21.105s] -- Installing: /home/eit-lab/ros2_karan_ws/src/install/rplidar_ros/share/rplidar_ros/launch/test_rplidar_a3.launch.py
[21.105s] -- Installing: /home/eit-lab/ros2_karan_ws/src/install/rplidar_ros/share/rplidar_ros/launch/rplidar_a3.launch.py
[21.105s] -- Installing: /home/eit-lab/ros2_karan_ws/src/install/rplidar_ros/share/rplidar_ros/launch/view_rplidar_a3.launch.py
[21.105s] -- Installing: /home/eit-lab/ros2_karan_ws/src/install/rplidar_ros/share/rplidar_ros/launch/view_rplidar.launch.py
[21.105s] -- Installing: /home/eit-lab/ros2_karan_ws/src/install/rplidar_ros/share/rplidar_ros/launch/view_rplidar_s1.launch.py
[21.105s] -- Installing: /home/eit-lab/ros2_karan_ws/src/install/rplidar_ros/share/rplidar_ros/launch/rplidar_s1_tcp.launch.py
[21.105s] -- Installing: /home/eit-lab/ros2_karan_ws/src/install/rplidar_ros/share/rplidar_ros/launch/rplidar.launch.py
[21.105s] -- Installing: /home/eit-lab/ros2_karan_ws/src/install/rplidar_ros/share/rplidar_ros/launch/view_rplidar_s1_tcp.launch.py
[21.105s] -- Installing: /home/eit-lab/ros2_karan_ws/src/install/rplidar_ros/share/rplidar_ros/launch/filtered_scan.py
[21.105s] -- Installing: /home/eit-lab/ros2_karan_ws/src/install/rplidar_ros/share/rplidar_ros/rviz
[21.105s] -- Installing: /home/eit-lab/ros2_karan_ws/src/install/rplidar_ros/share/rplidar_ros/rviz/rplidar.rviz
[21.105s] -- Installing: /home/eit-lab/ros2_karan_ws/src/install/rplidar_ros/lib/librplidar_composition_node.so
[21.107s] -- Set runtime path of "/home/eit-lab/ros2_karan_ws/src/install/rplidar_ros/lib/librplidar_composition_node.so" to ""
[21.107s] -- Installing: /home/eit-lab/ros2_karan_ws/src/install/rplidar_ros/include
[21.107s] -- Installing: /home/eit-lab/ros2_karan_ws/src/install/rplidar_ros/include/visibility.h
[21.107s] -- Installing: /home/eit-lab/ros2_karan_ws/src/install/rplidar_ros/include/rplidar_node.hpp
[21.107s] -- Up-to-date: /home/eit-lab/ros2_karan_ws/src/install/rplidar_ros/lib/rplidar_ros/rplidar_composition
[21.108s] -- Installing: /home/eit-lab/ros2_karan_ws/src/install/rplidar_ros/share/ament_index/resource_index/package_run_dependencies/rplidar_ros
[21.108s] -- Installing: /home/eit-lab/ros2_karan_ws/src/install/rplidar_ros/share/ament_index/resource_index/parent_prefix_path/rplidar_ros
[21.108s] -- Installing: /home/eit-lab/ros2_karan_ws/src/install/rplidar_ros/share/rplidar_ros/environment/ament_prefix_path.sh
[21.108s] -- Installing: /home/eit-lab/ros2_karan_ws/src/install/rplidar_ros/share/rplidar_ros/environment/ament_prefix_path.dsv
[21.108s] -- Installing: /home/eit-lab/ros2_karan_ws/src/install/rplidar_ros/share/rplidar_ros/environment/path.sh
[21.108s] -- Installing: /home/eit-lab/ros2_karan_ws/src/install/rplidar_ros/share/rplidar_ros/environment/path.dsv
[21.109s] -- Installing: /home/eit-lab/ros2_karan_ws/src/install/rplidar_ros/share/rplidar_ros/local_setup.bash
[21.109s] -- Installing: /home/eit-lab/ros2_karan_ws/src/install/rplidar_ros/share/rplidar_ros/local_setup.sh
[21.109s] -- Installing: /home/eit-lab/ros2_karan_ws/src/install/rplidar_ros/share/rplidar_ros/local_setup.zsh
[21.109s] -- Installing: /home/eit-lab/ros2_karan_ws/src/install/rplidar_ros/share/rplidar_ros/local_setup.dsv
[21.109s] -- Installing: /home/eit-lab/ros2_karan_ws/src/install/rplidar_ros/share/rplidar_ros/package.dsv
[21.109s] -- Installing: /home/eit-lab/ros2_karan_ws/src/install/rplidar_ros/share/ament_index/resource_index/packages/rplidar_ros
[21.109s] -- Installing: /home/eit-lab/ros2_karan_ws/src/install/rplidar_ros/share/ament_index/resource_index/rclcpp_components/rplidar_ros
[21.109s] -- Installing: /home/eit-lab/ros2_karan_ws/src/install/rplidar_ros/share/rplidar_ros/cmake/ament_cmake_export_dependencies-extras.cmake
[21.110s] -- Installing: /home/eit-lab/ros2_karan_ws/src/install/rplidar_ros/share/rplidar_ros/cmake/ament_cmake_export_include_directories-extras.cmake
[21.110s] -- Installing: /home/eit-lab/ros2_karan_ws/src/install/rplidar_ros/share/rplidar_ros/cmake/rplidar_rosConfig.cmake
[21.110s] -- Installing: /home/eit-lab/ros2_karan_ws/src/install/rplidar_ros/share/rplidar_ros/cmake/rplidar_rosConfig-version.cmake
[21.110s] -- Installing: /home/eit-lab/ros2_karan_ws/src/install/rplidar_ros/share/rplidar_ros/package.xml
[21.114s] Invoked command in '/home/eit-lab/ros2_karan_ws/src/build/rplidar_ros' returned '0': CMAKE_PREFIX_PATH=${CMAKE_PREFIX_PATH}:/home/eit-lab/ros2_karan_ws/install/cv_basics:/opt/ros/foxy /usr/bin/cmake --install /home/eit-lab/ros2_karan_ws/src/build/rplidar_ros
