[0.016s] Invoking command in '/home/eit-lab/ros2_karan_ws/src/build/rplidar_ros': CMAKE_PREFIX_PATH=${CMAKE_PREFIX_PATH}:/home/eit-lab/ros2_karan_ws/src/install/yolov5_ros:/home/eit-lab/ros2_karan_ws/src/install/cv_basics:/home/eit-lab/ros2_karan_ws/install/cv_basics:/opt/ros/foxy /usr/bin/cmake --build /home/eit-lab/ros2_karan_ws/src/build/rplidar_ros -- -j8 -l8
[0.078s] [ 77%] Built target rplidar_composition_node
[0.114s] [100%] Built target rplidar_composition
[0.126s] Invoked command in '/home/eit-lab/ros2_karan_ws/src/build/rplidar_ros' returned '0': CMAKE_PREFIX_PATH=${CMAKE_PREFIX_PATH}:/home/eit-lab/ros2_karan_ws/src/install/yolov5_ros:/home/eit-lab/ros2_karan_ws/src/install/cv_basics:/home/eit-lab/ros2_karan_ws/install/cv_basics:/opt/ros/foxy /usr/bin/cmake --build /home/eit-lab/ros2_karan_ws/src/build/rplidar_ros -- -j8 -l8
[0.170s] Invoking command in '/home/eit-lab/ros2_karan_ws/src/build/rplidar_ros': CMAKE_PREFIX_PATH=${CMAKE_PREFIX_PATH}:/home/eit-lab/ros2_karan_ws/src/install/yolov5_ros:/home/eit-lab/ros2_karan_ws/src/install/cv_basics:/home/eit-lab/ros2_karan_ws/install/cv_basics:/opt/ros/foxy /usr/bin/cmake --install /home/eit-lab/ros2_karan_ws/src/build/rplidar_ros
[0.178s] -- Install configuration: ""
[0.178s] -- Up-to-date: /home/eit-lab/ros2_karan_ws/src/install/rplidar_ros/lib/rplidar_ros/rplidar_composition
[0.179s] -- Up-to-date: /home/eit-lab/ros2_karan_ws/src/install/rplidar_ros/share/rplidar_ros/launch
[0.179s] -- Up-to-date: /home/eit-lab/ros2_karan_ws/src/install/rplidar_ros/share/rplidar_ros/launch/rplidar_s1.launch.py
[0.179s] -- Up-to-date: /home/eit-lab/ros2_karan_ws/src/install/rplidar_ros/share/rplidar_ros/launch/test_rplidar_a3.launch.py
[0.179s] -- Up-to-date: /home/eit-lab/ros2_karan_ws/src/install/rplidar_ros/share/rplidar_ros/launch/rplidar_a3.launch.py
[0.179s] -- Up-to-date: /home/eit-lab/ros2_karan_ws/src/install/rplidar_ros/share/rplidar_ros/launch/view_rplidar_a3.launch.py
[0.179s] -- Up-to-date: /home/eit-lab/ros2_karan_ws/src/install/rplidar_ros/share/rplidar_ros/launch/view_rplidar.launch.py
[0.179s] -- Up-to-date: /home/eit-lab/ros2_karan_ws/src/install/rplidar_ros/share/rplidar_ros/launch/view_rplidar_s1.launch.py
[0.179s] -- Up-to-date: /home/eit-lab/ros2_karan_ws/src/install/rplidar_ros/share/rplidar_ros/launch/rplidar_s1_tcp.launch.py
[0.179s] -- Up-to-date: /home/eit-lab/ros2_karan_ws/src/install/rplidar_ros/share/rplidar_ros/launch/rplidar.launch.py
[0.179s] -- Up-to-date: /home/eit-lab/ros2_karan_ws/src/install/rplidar_ros/share/rplidar_ros/launch/view_rplidar_s1_tcp.launch.py
[0.179s] -- Up-to-date: /home/eit-lab/ros2_karan_ws/src/install/rplidar_ros/share/rplidar_ros/launch/filtered_scan.py
[0.180s] -- Up-to-date: /home/eit-lab/ros2_karan_ws/src/install/rplidar_ros/share/rplidar_ros/rviz
[0.180s] -- Up-to-date: /home/eit-lab/ros2_karan_ws/src/install/rplidar_ros/share/rplidar_ros/rviz/rplidar.rviz
[0.180s] -- Up-to-date: /home/eit-lab/ros2_karan_ws/src/install/rplidar_ros/lib/librplidar_composition_node.so
[0.180s] -- Up-to-date: /home/eit-lab/ros2_karan_ws/src/install/rplidar_ros/include
[0.180s] -- Up-to-date: /home/eit-lab/ros2_karan_ws/src/install/rplidar_ros/include/visibility.h
[0.180s] -- Up-to-date: /home/eit-lab/ros2_karan_ws/src/install/rplidar_ros/include/rplidar_node.hpp
[0.180s] -- Up-to-date: /home/eit-lab/ros2_karan_ws/src/install/rplidar_ros/lib/rplidar_ros/rplidar_composition
[0.180s] -- Up-to-date: /home/eit-lab/ros2_karan_ws/src/install/rplidar_ros/share/ament_index/resource_index/package_run_dependencies/rplidar_ros
[0.180s] -- Up-to-date: /home/eit-lab/ros2_karan_ws/src/install/rplidar_ros/share/ament_index/resource_index/parent_prefix_path/rplidar_ros
[0.180s] -- Up-to-date: /home/eit-lab/ros2_karan_ws/src/install/rplidar_ros/share/rplidar_ros/environment/ament_prefix_path.sh
[0.181s] -- Up-to-date: /home/eit-lab/ros2_karan_ws/src/install/rplidar_ros/share/rplidar_ros/environment/ament_prefix_path.dsv
[0.181s] -- Up-to-date: /home/eit-lab/ros2_karan_ws/src/install/rplidar_ros/share/rplidar_ros/environment/path.sh
[0.181s] -- Up-to-date: /home/eit-lab/ros2_karan_ws/src/install/rplidar_ros/share/rplidar_ros/environment/path.dsv
[0.181s] -- Up-to-date: /home/eit-lab/ros2_karan_ws/src/install/rplidar_ros/share/rplidar_ros/local_setup.bash
[0.181s] -- Up-to-date: /home/eit-lab/ros2_karan_ws/src/install/rplidar_ros/share/rplidar_ros/local_setup.sh
[0.181s] -- Up-to-date: /home/eit-lab/ros2_karan_ws/src/install/rplidar_ros/share/rplidar_ros/local_setup.zsh
[0.181s] -- Up-to-date: /home/eit-lab/ros2_karan_ws/src/install/rplidar_ros/share/rplidar_ros/local_setup.dsv
[0.181s] -- Installing: /home/eit-lab/ros2_karan_ws/src/install/rplidar_ros/share/rplidar_ros/package.dsv
[0.181s] -- Up-to-date: /home/eit-lab/ros2_karan_ws/src/install/rplidar_ros/share/ament_index/resource_index/packages/rplidar_ros
[0.181s] -- Up-to-date: /home/eit-lab/ros2_karan_ws/src/install/rplidar_ros/share/ament_index/resource_index/rclcpp_components/rplidar_ros
[0.181s] -- Up-to-date: /home/eit-lab/ros2_karan_ws/src/install/rplidar_ros/share/rplidar_ros/cmake/ament_cmake_export_dependencies-extras.cmake
[0.181s] -- Up-to-date: /home/eit-lab/ros2_karan_ws/src/install/rplidar_ros/share/rplidar_ros/cmake/ament_cmake_export_include_directories-extras.cmake
[0.181s] -- Up-to-date: /home/eit-lab/ros2_karan_ws/src/install/rplidar_ros/share/rplidar_ros/cmake/rplidar_rosConfig.cmake
[0.182s] -- Up-to-date: /home/eit-lab/ros2_karan_ws/src/install/rplidar_ros/share/rplidar_ros/cmake/rplidar_rosConfig-version.cmake
[0.183s] -- Up-to-date: /home/eit-lab/ros2_karan_ws/src/install/rplidar_ros/share/rplidar_ros/package.xml
[0.183s] Invoked command in '/home/eit-lab/ros2_karan_ws/src/build/rplidar_ros' returned '0': CMAKE_PREFIX_PATH=${CMAKE_PREFIX_PATH}:/home/eit-lab/ros2_karan_ws/src/install/yolov5_ros:/home/eit-lab/ros2_karan_ws/src/install/cv_basics:/home/eit-lab/ros2_karan_ws/install/cv_basics:/opt/ros/foxy /usr/bin/cmake --install /home/eit-lab/ros2_karan_ws/src/build/rplidar_ros
