[0.140s] DEBUG:colcon:Command line arguments: ['/usr/bin/colcon', 'build']
[0.140s] DEBUG:colcon:Parsed command line arguments: Namespace(allow_overriding=[], ament_cmake_args=None, base_paths=['.'], build_base='build', catkin_cmake_args=None, catkin_skip_building_tests=False, cmake_args=None, cmake_clean_cache=False, cmake_clean_first=False, cmake_force_configure=False, cmake_target=None, cmake_target_skip_unavailable=False, continue_on_error=False, event_handlers=None, executor='parallel', ignore_user_meta=False, install_base='install', log_base=None, log_level=None, main=<bound method BuildVerb.main of <colcon_core.verb.build.BuildVerb object at 0x7ffa8c6fd640>>, merge_install=False, metas=['./colcon.meta'], packages_above=None, packages_above_and_dependencies=None, packages_above_depth=None, packages_end=None, packages_ignore=None, packages_ignore_regex=None, packages_select=None, packages_select_build_failed=False, packages_select_by_dep=None, packages_select_regex=None, packages_select_test_failures=False, packages_skip=None, packages_skip_build_finished=False, packages_skip_by_dep=None, packages_skip_regex=None, packages_skip_test_passed=False, packages_skip_up_to=None, packages_start=None, packages_up_to=None, packages_up_to_regex=None, parallel_workers=8, paths=None, symlink_install=False, test_result_base=None, verb_extension=<colcon_core.verb.build.BuildVerb object at 0x7ffa8c6fd640>, verb_name='build', verb_parser=<colcon_defaults.argument_parser.defaults.DefaultArgumentsDecorator object at 0x7ffa8c6fdb80>)
[0.163s] Level 1:colcon.colcon_core.package_discovery:discover_packages(colcon_meta) check parameters
[0.163s] Level 1:colcon.colcon_core.package_discovery:discover_packages(recursive) check parameters
[0.163s] Level 1:colcon.colcon_core.package_discovery:discover_packages(ignore) check parameters
[0.163s] Level 1:colcon.colcon_core.package_discovery:discover_packages(path) check parameters
[0.163s] Level 1:colcon.colcon_core.package_discovery:discover_packages(colcon_meta) discover
[0.163s] Level 1:colcon.colcon_core.package_discovery:discover_packages(recursive) discover
[0.163s] INFO:colcon.colcon_core.package_discovery:Crawling recursively for packages in '/home/eit-lab/ros2_karan_ws/src/YOLOv5-ROS/yolov5_ros/yolov5_ros'
[0.163s] Level 1:colcon.colcon_core.package_identification:_identify(.) by extensions ['ignore', 'ignore_ament_install']
[0.163s] Level 1:colcon.colcon_core.package_identification:_identify(.) by extension 'ignore'
[0.163s] Level 1:colcon.colcon_core.package_identification:_identify(.) by extension 'ignore_ament_install'
[0.164s] Level 1:colcon.colcon_core.package_identification:_identify(.) by extensions ['colcon_pkg']
[0.164s] Level 1:colcon.colcon_core.package_identification:_identify(.) by extension 'colcon_pkg'
[0.164s] Level 1:colcon.colcon_core.package_identification:_identify(.) by extensions ['colcon_meta']
[0.164s] Level 1:colcon.colcon_core.package_identification:_identify(.) by extension 'colcon_meta'
[0.164s] Level 1:colcon.colcon_core.package_identification:_identify(.) by extensions ['ros']
[0.164s] Level 1:colcon.colcon_core.package_identification:_identify(.) by extension 'ros'
[0.174s] Level 1:colcon.colcon_core.package_identification:_identify(.) by extensions ['cmake', 'python']
[0.174s] Level 1:colcon.colcon_core.package_identification:_identify(.) by extension 'cmake'
[0.174s] Level 1:colcon.colcon_core.package_identification:_identify(.) by extension 'python'
[0.174s] Level 1:colcon.colcon_core.package_identification:_identify(.) by extensions ['python_setup_py']
[0.174s] Level 1:colcon.colcon_core.package_identification:_identify(.) by extension 'python_setup_py'
[0.174s] Level 1:colcon.colcon_core.package_identification:_identify(bbox_ex_msgs) by extensions ['ignore', 'ignore_ament_install']
[0.174s] Level 1:colcon.colcon_core.package_identification:_identify(bbox_ex_msgs) by extension 'ignore'
[0.174s] Level 1:colcon.colcon_core.package_identification:_identify(bbox_ex_msgs) by extension 'ignore_ament_install'
[0.174s] Level 1:colcon.colcon_core.package_identification:_identify(bbox_ex_msgs) by extensions ['colcon_pkg']
[0.174s] Level 1:colcon.colcon_core.package_identification:_identify(bbox_ex_msgs) by extension 'colcon_pkg'
[0.175s] Level 1:colcon.colcon_core.package_identification:_identify(bbox_ex_msgs) by extensions ['colcon_meta']
[0.175s] Level 1:colcon.colcon_core.package_identification:_identify(bbox_ex_msgs) by extension 'colcon_meta'
[0.175s] Level 1:colcon.colcon_core.package_identification:_identify(bbox_ex_msgs) by extensions ['ros']
[0.175s] Level 1:colcon.colcon_core.package_identification:_identify(bbox_ex_msgs) by extension 'ros'
[0.177s] DEBUG:colcon.colcon_core.package_identification:Package 'bbox_ex_msgs' with type 'ros.ament_cmake' and name 'bboxes_ex_msgs'
[0.177s] Level 1:colcon.colcon_core.package_identification:_identify(build) by extensions ['ignore', 'ignore_ament_install']
[0.187s] Level 1:colcon.colcon_core.package_identification:_identify(build) by extension 'ignore'
[0.187s] Level 1:colcon.colcon_core.package_identification:_identify(build) ignored
[0.187s] Level 1:colcon.colcon_core.package_identification:_identify(config) by extensions ['ignore', 'ignore_ament_install']
[0.187s] Level 1:colcon.colcon_core.package_identification:_identify(config) by extension 'ignore'
[0.188s] Level 1:colcon.colcon_core.package_identification:_identify(config) by extension 'ignore_ament_install'
[0.188s] Level 1:colcon.colcon_core.package_identification:_identify(config) by extensions ['colcon_pkg']
[0.188s] Level 1:colcon.colcon_core.package_identification:_identify(config) by extension 'colcon_pkg'
[0.188s] Level 1:colcon.colcon_core.package_identification:_identify(config) by extensions ['colcon_meta']
[0.188s] Level 1:colcon.colcon_core.package_identification:_identify(config) by extension 'colcon_meta'
[0.188s] Level 1:colcon.colcon_core.package_identification:_identify(config) by extensions ['ros']
[0.188s] Level 1:colcon.colcon_core.package_identification:_identify(config) by extension 'ros'
[0.188s] Level 1:colcon.colcon_core.package_identification:_identify(config) by extensions ['cmake', 'python']
[0.188s] Level 1:colcon.colcon_core.package_identification:_identify(config) by extension 'cmake'
[0.188s] Level 1:colcon.colcon_core.package_identification:_identify(config) by extension 'python'
[0.188s] Level 1:colcon.colcon_core.package_identification:_identify(config) by extensions ['python_setup_py']
[0.188s] Level 1:colcon.colcon_core.package_identification:_identify(config) by extension 'python_setup_py'
[0.188s] Level 1:colcon.colcon_core.package_identification:_identify(data) by extensions ['ignore', 'ignore_ament_install']
[0.188s] Level 1:colcon.colcon_core.package_identification:_identify(data) by extension 'ignore'
[0.188s] Level 1:colcon.colcon_core.package_identification:_identify(data) by extension 'ignore_ament_install'
[0.188s] Level 1:colcon.colcon_core.package_identification:_identify(data) by extensions ['colcon_pkg']
[0.188s] Level 1:colcon.colcon_core.package_identification:_identify(data) by extension 'colcon_pkg'
[0.188s] Level 1:colcon.colcon_core.package_identification:_identify(data) by extensions ['colcon_meta']
[0.188s] Level 1:colcon.colcon_core.package_identification:_identify(data) by extension 'colcon_meta'
[0.188s] Level 1:colcon.colcon_core.package_identification:_identify(data) by extensions ['ros']
[0.188s] Level 1:colcon.colcon_core.package_identification:_identify(data) by extension 'ros'
[0.188s] Level 1:colcon.colcon_core.package_identification:_identify(data) by extensions ['cmake', 'python']
[0.189s] Level 1:colcon.colcon_core.package_identification:_identify(data) by extension 'cmake'
[0.189s] Level 1:colcon.colcon_core.package_identification:_identify(data) by extension 'python'
[0.189s] Level 1:colcon.colcon_core.package_identification:_identify(data) by extensions ['python_setup_py']
[0.189s] Level 1:colcon.colcon_core.package_identification:_identify(data) by extension 'python_setup_py'
[0.189s] Level 1:colcon.colcon_core.package_identification:_identify(data/hyps) by extensions ['ignore', 'ignore_ament_install']
[0.189s] Level 1:colcon.colcon_core.package_identification:_identify(data/hyps) by extension 'ignore'
[0.189s] Level 1:colcon.colcon_core.package_identification:_identify(data/hyps) by extension 'ignore_ament_install'
[0.189s] Level 1:colcon.colcon_core.package_identification:_identify(data/hyps) by extensions ['colcon_pkg']
[0.189s] Level 1:colcon.colcon_core.package_identification:_identify(data/hyps) by extension 'colcon_pkg'
[0.189s] Level 1:colcon.colcon_core.package_identification:_identify(data/hyps) by extensions ['colcon_meta']
[0.189s] Level 1:colcon.colcon_core.package_identification:_identify(data/hyps) by extension 'colcon_meta'
[0.189s] Level 1:colcon.colcon_core.package_identification:_identify(data/hyps) by extensions ['ros']
[0.189s] Level 1:colcon.colcon_core.package_identification:_identify(data/hyps) by extension 'ros'
[0.189s] Level 1:colcon.colcon_core.package_identification:_identify(data/hyps) by extensions ['cmake', 'python']
[0.189s] Level 1:colcon.colcon_core.package_identification:_identify(data/hyps) by extension 'cmake'
[0.189s] Level 1:colcon.colcon_core.package_identification:_identify(data/hyps) by extension 'python'
[0.189s] Level 1:colcon.colcon_core.package_identification:_identify(data/hyps) by extensions ['python_setup_py']
[0.189s] Level 1:colcon.colcon_core.package_identification:_identify(data/hyps) by extension 'python_setup_py'
[0.189s] Level 1:colcon.colcon_core.package_identification:_identify(data/images) by extensions ['ignore', 'ignore_ament_install']
[0.189s] Level 1:colcon.colcon_core.package_identification:_identify(data/images) by extension 'ignore'
[0.189s] Level 1:colcon.colcon_core.package_identification:_identify(data/images) by extension 'ignore_ament_install'
[0.190s] Level 1:colcon.colcon_core.package_identification:_identify(data/images) by extensions ['colcon_pkg']
[0.190s] Level 1:colcon.colcon_core.package_identification:_identify(data/images) by extension 'colcon_pkg'
[0.190s] Level 1:colcon.colcon_core.package_identification:_identify(data/images) by extensions ['colcon_meta']
[0.190s] Level 1:colcon.colcon_core.package_identification:_identify(data/images) by extension 'colcon_meta'
[0.190s] Level 1:colcon.colcon_core.package_identification:_identify(data/images) by extensions ['ros']
[0.190s] Level 1:colcon.colcon_core.package_identification:_identify(data/images) by extension 'ros'
[0.190s] Level 1:colcon.colcon_core.package_identification:_identify(data/images) by extensions ['cmake', 'python']
[0.190s] Level 1:colcon.colcon_core.package_identification:_identify(data/images) by extension 'cmake'
[0.190s] Level 1:colcon.colcon_core.package_identification:_identify(data/images) by extension 'python'
[0.190s] Level 1:colcon.colcon_core.package_identification:_identify(data/images) by extensions ['python_setup_py']
[0.190s] Level 1:colcon.colcon_core.package_identification:_identify(data/images) by extension 'python_setup_py'
[0.190s] Level 1:colcon.colcon_core.package_identification:_identify(data/scripts) by extensions ['ignore', 'ignore_ament_install']
[0.190s] Level 1:colcon.colcon_core.package_identification:_identify(data/scripts) by extension 'ignore'
[0.190s] Level 1:colcon.colcon_core.package_identification:_identify(data/scripts) by extension 'ignore_ament_install'
[0.190s] Level 1:colcon.colcon_core.package_identification:_identify(data/scripts) by extensions ['colcon_pkg']
[0.190s] Level 1:colcon.colcon_core.package_identification:_identify(data/scripts) by extension 'colcon_pkg'
[0.190s] Level 1:colcon.colcon_core.package_identification:_identify(data/scripts) by extensions ['colcon_meta']
[0.190s] Level 1:colcon.colcon_core.package_identification:_identify(data/scripts) by extension 'colcon_meta'
[0.190s] Level 1:colcon.colcon_core.package_identification:_identify(data/scripts) by extensions ['ros']
[0.190s] Level 1:colcon.colcon_core.package_identification:_identify(data/scripts) by extension 'ros'
[0.191s] Level 1:colcon.colcon_core.package_identification:_identify(data/scripts) by extensions ['cmake', 'python']
[0.191s] Level 1:colcon.colcon_core.package_identification:_identify(data/scripts) by extension 'cmake'
[0.191s] Level 1:colcon.colcon_core.package_identification:_identify(data/scripts) by extension 'python'
[0.191s] Level 1:colcon.colcon_core.package_identification:_identify(data/scripts) by extensions ['python_setup_py']
[0.191s] Level 1:colcon.colcon_core.package_identification:_identify(data/scripts) by extension 'python_setup_py'
[0.191s] Level 1:colcon.colcon_core.package_identification:_identify(install) by extensions ['ignore', 'ignore_ament_install']
[0.191s] Level 1:colcon.colcon_core.package_identification:_identify(install) by extension 'ignore'
[0.191s] Level 1:colcon.colcon_core.package_identification:_identify(install) ignored
[0.191s] Level 1:colcon.colcon_core.package_identification:_identify(log) by extensions ['ignore', 'ignore_ament_install']
[0.191s] Level 1:colcon.colcon_core.package_identification:_identify(log) by extension 'ignore'
[0.191s] Level 1:colcon.colcon_core.package_identification:_identify(log) ignored
[0.191s] Level 1:colcon.colcon_core.package_identification:_identify(models) by extensions ['ignore', 'ignore_ament_install']
[0.191s] Level 1:colcon.colcon_core.package_identification:_identify(models) by extension 'ignore'
[0.191s] Level 1:colcon.colcon_core.package_identification:_identify(models) by extension 'ignore_ament_install'
[0.191s] Level 1:colcon.colcon_core.package_identification:_identify(models) by extensions ['colcon_pkg']
[0.191s] Level 1:colcon.colcon_core.package_identification:_identify(models) by extension 'colcon_pkg'
[0.191s] Level 1:colcon.colcon_core.package_identification:_identify(models) by extensions ['colcon_meta']
[0.191s] Level 1:colcon.colcon_core.package_identification:_identify(models) by extension 'colcon_meta'
[0.191s] Level 1:colcon.colcon_core.package_identification:_identify(models) by extensions ['ros']
[0.192s] Level 1:colcon.colcon_core.package_identification:_identify(models) by extension 'ros'
[0.192s] Level 1:colcon.colcon_core.package_identification:_identify(models) by extensions ['cmake', 'python']
[0.192s] Level 1:colcon.colcon_core.package_identification:_identify(models) by extension 'cmake'
[0.192s] Level 1:colcon.colcon_core.package_identification:_identify(models) by extension 'python'
[0.192s] Level 1:colcon.colcon_core.package_identification:_identify(models) by extensions ['python_setup_py']
[0.192s] Level 1:colcon.colcon_core.package_identification:_identify(models) by extension 'python_setup_py'
[0.192s] Level 1:colcon.colcon_core.package_identification:_identify(models/hub) by extensions ['ignore', 'ignore_ament_install']
[0.192s] Level 1:colcon.colcon_core.package_identification:_identify(models/hub) by extension 'ignore'
[0.192s] Level 1:colcon.colcon_core.package_identification:_identify(models/hub) by extension 'ignore_ament_install'
[0.192s] Level 1:colcon.colcon_core.package_identification:_identify(models/hub) by extensions ['colcon_pkg']
[0.192s] Level 1:colcon.colcon_core.package_identification:_identify(models/hub) by extension 'colcon_pkg'
[0.192s] Level 1:colcon.colcon_core.package_identification:_identify(models/hub) by extensions ['colcon_meta']
[0.192s] Level 1:colcon.colcon_core.package_identification:_identify(models/hub) by extension 'colcon_meta'
[0.192s] Level 1:colcon.colcon_core.package_identification:_identify(models/hub) by extensions ['ros']
[0.192s] Level 1:colcon.colcon_core.package_identification:_identify(models/hub) by extension 'ros'
[0.192s] Level 1:colcon.colcon_core.package_identification:_identify(models/hub) by extensions ['cmake', 'python']
[0.192s] Level 1:colcon.colcon_core.package_identification:_identify(models/hub) by extension 'cmake'
[0.192s] Level 1:colcon.colcon_core.package_identification:_identify(models/hub) by extension 'python'
[0.192s] Level 1:colcon.colcon_core.package_identification:_identify(models/hub) by extensions ['python_setup_py']
[0.192s] Level 1:colcon.colcon_core.package_identification:_identify(models/hub) by extension 'python_setup_py'
[0.192s] Level 1:colcon.colcon_core.package_identification:_identify(utils) by extensions ['ignore', 'ignore_ament_install']
[0.193s] Level 1:colcon.colcon_core.package_identification:_identify(utils) by extension 'ignore'
[0.193s] Level 1:colcon.colcon_core.package_identification:_identify(utils) by extension 'ignore_ament_install'
[0.193s] Level 1:colcon.colcon_core.package_identification:_identify(utils) by extensions ['colcon_pkg']
[0.193s] Level 1:colcon.colcon_core.package_identification:_identify(utils) by extension 'colcon_pkg'
[0.193s] Level 1:colcon.colcon_core.package_identification:_identify(utils) by extensions ['colcon_meta']
[0.193s] Level 1:colcon.colcon_core.package_identification:_identify(utils) by extension 'colcon_meta'
[0.193s] Level 1:colcon.colcon_core.package_identification:_identify(utils) by extensions ['ros']
[0.193s] Level 1:colcon.colcon_core.package_identification:_identify(utils) by extension 'ros'
[0.193s] Level 1:colcon.colcon_core.package_identification:_identify(utils) by extensions ['cmake', 'python']
[0.193s] Level 1:colcon.colcon_core.package_identification:_identify(utils) by extension 'cmake'
[0.193s] Level 1:colcon.colcon_core.package_identification:_identify(utils) by extension 'python'
[0.193s] Level 1:colcon.colcon_core.package_identification:_identify(utils) by extensions ['python_setup_py']
[0.193s] Level 1:colcon.colcon_core.package_identification:_identify(utils) by extension 'python_setup_py'
[0.193s] Level 1:colcon.colcon_core.package_identification:_identify(utils/aws) by extensions ['ignore', 'ignore_ament_install']
[0.193s] Level 1:colcon.colcon_core.package_identification:_identify(utils/aws) by extension 'ignore'
[0.193s] Level 1:colcon.colcon_core.package_identification:_identify(utils/aws) by extension 'ignore_ament_install'
[0.193s] Level 1:colcon.colcon_core.package_identification:_identify(utils/aws) by extensions ['colcon_pkg']
[0.193s] Level 1:colcon.colcon_core.package_identification:_identify(utils/aws) by extension 'colcon_pkg'
[0.194s] Level 1:colcon.colcon_core.package_identification:_identify(utils/aws) by extensions ['colcon_meta']
[0.194s] Level 1:colcon.colcon_core.package_identification:_identify(utils/aws) by extension 'colcon_meta'
[0.194s] Level 1:colcon.colcon_core.package_identification:_identify(utils/aws) by extensions ['ros']
[0.194s] Level 1:colcon.colcon_core.package_identification:_identify(utils/aws) by extension 'ros'
[0.194s] Level 1:colcon.colcon_core.package_identification:_identify(utils/aws) by extensions ['cmake', 'python']
[0.194s] Level 1:colcon.colcon_core.package_identification:_identify(utils/aws) by extension 'cmake'
[0.194s] Level 1:colcon.colcon_core.package_identification:_identify(utils/aws) by extension 'python'
[0.194s] Level 1:colcon.colcon_core.package_identification:_identify(utils/aws) by extensions ['python_setup_py']
[0.194s] Level 1:colcon.colcon_core.package_identification:_identify(utils/aws) by extension 'python_setup_py'
[0.194s] Level 1:colcon.colcon_core.package_identification:_identify(utils/flask_rest_api) by extensions ['ignore', 'ignore_ament_install']
[0.194s] Level 1:colcon.colcon_core.package_identification:_identify(utils/flask_rest_api) by extension 'ignore'
[0.194s] Level 1:colcon.colcon_core.package_identification:_identify(utils/flask_rest_api) by extension 'ignore_ament_install'
[0.194s] Level 1:colcon.colcon_core.package_identification:_identify(utils/flask_rest_api) by extensions ['colcon_pkg']
[0.194s] Level 1:colcon.colcon_core.package_identification:_identify(utils/flask_rest_api) by extension 'colcon_pkg'
[0.194s] Level 1:colcon.colcon_core.package_identification:_identify(utils/flask_rest_api) by extensions ['colcon_meta']
[0.194s] Level 1:colcon.colcon_core.package_identification:_identify(utils/flask_rest_api) by extension 'colcon_meta'
[0.194s] Level 1:colcon.colcon_core.package_identification:_identify(utils/flask_rest_api) by extensions ['ros']
[0.194s] Level 1:colcon.colcon_core.package_identification:_identify(utils/flask_rest_api) by extension 'ros'
[0.194s] Level 1:colcon.colcon_core.package_identification:_identify(utils/flask_rest_api) by extensions ['cmake', 'python']
[0.194s] Level 1:colcon.colcon_core.package_identification:_identify(utils/flask_rest_api) by extension 'cmake'
[0.194s] Level 1:colcon.colcon_core.package_identification:_identify(utils/flask_rest_api) by extension 'python'
[0.194s] Level 1:colcon.colcon_core.package_identification:_identify(utils/flask_rest_api) by extensions ['python_setup_py']
[0.194s] Level 1:colcon.colcon_core.package_identification:_identify(utils/flask_rest_api) by extension 'python_setup_py'
[0.195s] Level 1:colcon.colcon_core.package_identification:_identify(utils/google_app_engine) by extensions ['ignore', 'ignore_ament_install']
[0.195s] Level 1:colcon.colcon_core.package_identification:_identify(utils/google_app_engine) by extension 'ignore'
[0.195s] Level 1:colcon.colcon_core.package_identification:_identify(utils/google_app_engine) by extension 'ignore_ament_install'
[0.195s] Level 1:colcon.colcon_core.package_identification:_identify(utils/google_app_engine) by extensions ['colcon_pkg']
[0.195s] Level 1:colcon.colcon_core.package_identification:_identify(utils/google_app_engine) by extension 'colcon_pkg'
[0.195s] Level 1:colcon.colcon_core.package_identification:_identify(utils/google_app_engine) by extensions ['colcon_meta']
[0.195s] Level 1:colcon.colcon_core.package_identification:_identify(utils/google_app_engine) by extension 'colcon_meta'
[0.195s] Level 1:colcon.colcon_core.package_identification:_identify(utils/google_app_engine) by extensions ['ros']
[0.195s] Level 1:colcon.colcon_core.package_identification:_identify(utils/google_app_engine) by extension 'ros'
[0.195s] Level 1:colcon.colcon_core.package_identification:_identify(utils/google_app_engine) by extensions ['cmake', 'python']
[0.195s] Level 1:colcon.colcon_core.package_identification:_identify(utils/google_app_engine) by extension 'cmake'
[0.195s] Level 1:colcon.colcon_core.package_identification:_identify(utils/google_app_engine) by extension 'python'
[0.195s] Level 1:colcon.colcon_core.package_identification:_identify(utils/google_app_engine) by extensions ['python_setup_py']
[0.195s] Level 1:colcon.colcon_core.package_identification:_identify(utils/google_app_engine) by extension 'python_setup_py'
[0.195s] Level 1:colcon.colcon_core.package_identification:_identify(utils/loggers) by extensions ['ignore', 'ignore_ament_install']
[0.195s] Level 1:colcon.colcon_core.package_identification:_identify(utils/loggers) by extension 'ignore'
[0.195s] Level 1:colcon.colcon_core.package_identification:_identify(utils/loggers) by extension 'ignore_ament_install'
[0.195s] Level 1:colcon.colcon_core.package_identification:_identify(utils/loggers) by extensions ['colcon_pkg']
[0.195s] Level 1:colcon.colcon_core.package_identification:_identify(utils/loggers) by extension 'colcon_pkg'
[0.195s] Level 1:colcon.colcon_core.package_identification:_identify(utils/loggers) by extensions ['colcon_meta']
[0.195s] Level 1:colcon.colcon_core.package_identification:_identify(utils/loggers) by extension 'colcon_meta'
[0.195s] Level 1:colcon.colcon_core.package_identification:_identify(utils/loggers) by extensions ['ros']
[0.196s] Level 1:colcon.colcon_core.package_identification:_identify(utils/loggers) by extension 'ros'
[0.196s] Level 1:colcon.colcon_core.package_identification:_identify(utils/loggers) by extensions ['cmake', 'python']
[0.196s] Level 1:colcon.colcon_core.package_identification:_identify(utils/loggers) by extension 'cmake'
[0.196s] Level 1:colcon.colcon_core.package_identification:_identify(utils/loggers) by extension 'python'
[0.196s] Level 1:colcon.colcon_core.package_identification:_identify(utils/loggers) by extensions ['python_setup_py']
[0.196s] Level 1:colcon.colcon_core.package_identification:_identify(utils/loggers) by extension 'python_setup_py'
[0.196s] Level 1:colcon.colcon_core.package_identification:_identify(utils/loggers/wandb) by extensions ['ignore', 'ignore_ament_install']
[0.196s] Level 1:colcon.colcon_core.package_identification:_identify(utils/loggers/wandb) by extension 'ignore'
[0.196s] Level 1:colcon.colcon_core.package_identification:_identify(utils/loggers/wandb) by extension 'ignore_ament_install'
[0.196s] Level 1:colcon.colcon_core.package_identification:_identify(utils/loggers/wandb) by extensions ['colcon_pkg']
[0.196s] Level 1:colcon.colcon_core.package_identification:_identify(utils/loggers/wandb) by extension 'colcon_pkg'
[0.196s] Level 1:colcon.colcon_core.package_identification:_identify(utils/loggers/wandb) by extensions ['colcon_meta']
[0.196s] Level 1:colcon.colcon_core.package_identification:_identify(utils/loggers/wandb) by extension 'colcon_meta'
[0.196s] Level 1:colcon.colcon_core.package_identification:_identify(utils/loggers/wandb) by extensions ['ros']
[0.196s] Level 1:colcon.colcon_core.package_identification:_identify(utils/loggers/wandb) by extension 'ros'
[0.196s] Level 1:colcon.colcon_core.package_identification:_identify(utils/loggers/wandb) by extensions ['cmake', 'python']
[0.196s] Level 1:colcon.colcon_core.package_identification:_identify(utils/loggers/wandb) by extension 'cmake'
[0.196s] Level 1:colcon.colcon_core.package_identification:_identify(utils/loggers/wandb) by extension 'python'
[0.196s] Level 1:colcon.colcon_core.package_identification:_identify(utils/loggers/wandb) by extensions ['python_setup_py']
[0.196s] Level 1:colcon.colcon_core.package_identification:_identify(utils/loggers/wandb) by extension 'python_setup_py'
[0.196s] Level 1:colcon.colcon_core.package_discovery:discover_packages(recursive) using defaults
[0.196s] Level 1:colcon.colcon_core.package_discovery:discover_packages(ignore) discover
[0.196s] Level 1:colcon.colcon_core.package_discovery:discover_packages(ignore) using defaults
[0.196s] Level 1:colcon.colcon_core.package_discovery:discover_packages(path) discover
[0.197s] Level 1:colcon.colcon_core.package_discovery:discover_packages(path) using defaults
[0.215s] Level 1:colcon.colcon_core.package_discovery:discover_packages(prefix_path) check parameters
[0.215s] Level 1:colcon.colcon_core.package_discovery:discover_packages(prefix_path) discover
[0.217s] DEBUG:colcon.colcon_installed_package_information.package_discovery:Found 1 installed packages in /home/eit-lab/ros2_karan_ws/src/YOLOv5-ROS/yolov5_ros/yolov5_ros/install
[0.218s] DEBUG:colcon.colcon_installed_package_information.package_discovery:Found 3 installed packages in /home/eit-lab/ros2_karan_ws/install
[0.220s] DEBUG:colcon.colcon_installed_package_information.package_discovery:Found 260 installed packages in /opt/ros/foxy
[0.221s] Level 1:colcon.colcon_core.package_discovery:discover_packages(prefix_path) using defaults
[0.282s] Level 5:colcon.colcon_core.verb:set package 'bboxes_ex_msgs' build argument 'cmake_args' from command line to 'None'
[0.282s] Level 5:colcon.colcon_core.verb:set package 'bboxes_ex_msgs' build argument 'cmake_target' from command line to 'None'
[0.282s] Level 5:colcon.colcon_core.verb:set package 'bboxes_ex_msgs' build argument 'cmake_target_skip_unavailable' from command line to 'False'
[0.282s] Level 5:colcon.colcon_core.verb:set package 'bboxes_ex_msgs' build argument 'cmake_clean_cache' from command line to 'False'
[0.282s] Level 5:colcon.colcon_core.verb:set package 'bboxes_ex_msgs' build argument 'cmake_clean_first' from command line to 'False'
[0.282s] Level 5:colcon.colcon_core.verb:set package 'bboxes_ex_msgs' build argument 'cmake_force_configure' from command line to 'False'
[0.282s] Level 5:colcon.colcon_core.verb:set package 'bboxes_ex_msgs' build argument 'ament_cmake_args' from command line to 'None'
[0.282s] Level 5:colcon.colcon_core.verb:set package 'bboxes_ex_msgs' build argument 'catkin_cmake_args' from command line to 'None'
[0.282s] Level 5:colcon.colcon_core.verb:set package 'bboxes_ex_msgs' build argument 'catkin_skip_building_tests' from command line to 'False'
[0.282s] DEBUG:colcon.colcon_core.verb:Building package 'bboxes_ex_msgs' with the following arguments: {'ament_cmake_args': None, 'build_base': '/home/eit-lab/ros2_karan_ws/src/YOLOv5-ROS/yolov5_ros/yolov5_ros/build/bboxes_ex_msgs', 'catkin_cmake_args': None, 'catkin_skip_building_tests': False, 'cmake_args': None, 'cmake_clean_cache': False, 'cmake_clean_first': False, 'cmake_force_configure': False, 'cmake_target': None, 'cmake_target_skip_unavailable': False, 'install_base': '/home/eit-lab/ros2_karan_ws/src/YOLOv5-ROS/yolov5_ros/yolov5_ros/install/bboxes_ex_msgs', 'merge_install': False, 'path': '/home/eit-lab/ros2_karan_ws/src/YOLOv5-ROS/yolov5_ros/yolov5_ros/bbox_ex_msgs', 'symlink_install': False, 'test_result_base': None}
[0.283s] INFO:colcon.colcon_core.executor:Executing jobs using 'parallel' executor
[0.287s] DEBUG:colcon.colcon_parallel_executor.executor.parallel:run_until_complete
[0.287s] INFO:colcon.colcon_ros.task.ament_cmake.build:Building ROS package in '/home/eit-lab/ros2_karan_ws/src/YOLOv5-ROS/yolov5_ros/yolov5_ros/bbox_ex_msgs' with build type 'ament_cmake'
[0.287s] INFO:colcon.colcon_cmake.task.cmake.build:Building CMake package in '/home/eit-lab/ros2_karan_ws/src/YOLOv5-ROS/yolov5_ros/yolov5_ros/bbox_ex_msgs'
[0.291s] INFO:colcon.colcon_core.plugin_system:Skipping extension 'colcon_core.shell.bat': Not used on non-Windows systems
[0.292s] INFO:colcon.colcon_core.shell:Skip shell extension 'powershell' for command environment: Not usable outside of PowerShell
[0.292s] DEBUG:colcon.colcon_core.shell:Skip shell extension 'dsv' for command environment
[0.303s] DEBUG:colcon.colcon_core.event_handler.log_command:Invoking command in '/home/eit-lab/ros2_karan_ws/src/YOLOv5-ROS/yolov5_ros/yolov5_ros/build/bboxes_ex_msgs': CMAKE_PREFIX_PATH=${CMAKE_PREFIX_PATH}:/opt/ros/foxy /usr/bin/cmake --build /home/eit-lab/ros2_karan_ws/src/YOLOv5-ROS/yolov5_ros/yolov5_ros/build/bboxes_ex_msgs -- -j8 -l8
[0.524s] DEBUG:colcon.colcon_core.event_handler.log_command:Invoked command in '/home/eit-lab/ros2_karan_ws/src/YOLOv5-ROS/yolov5_ros/yolov5_ros/build/bboxes_ex_msgs' returned '0': CMAKE_PREFIX_PATH=${CMAKE_PREFIX_PATH}:/opt/ros/foxy /usr/bin/cmake --build /home/eit-lab/ros2_karan_ws/src/YOLOv5-ROS/yolov5_ros/yolov5_ros/build/bboxes_ex_msgs -- -j8 -l8
[0.586s] DEBUG:colcon.colcon_core.event_handler.log_command:Invoking command in '/home/eit-lab/ros2_karan_ws/src/YOLOv5-ROS/yolov5_ros/yolov5_ros/build/bboxes_ex_msgs': CMAKE_PREFIX_PATH=${CMAKE_PREFIX_PATH}:/opt/ros/foxy /usr/bin/cmake --install /home/eit-lab/ros2_karan_ws/src/YOLOv5-ROS/yolov5_ros/yolov5_ros/build/bboxes_ex_msgs
[0.639s] Level 1:colcon.colcon_core.environment:create_environment_scripts_only(bboxes_ex_msgs)
[0.640s] DEBUG:colcon.colcon_core.event_handler.log_command:Invoked command in '/home/eit-lab/ros2_karan_ws/src/YOLOv5-ROS/yolov5_ros/yolov5_ros/build/bboxes_ex_msgs' returned '0': CMAKE_PREFIX_PATH=${CMAKE_PREFIX_PATH}:/opt/ros/foxy /usr/bin/cmake --install /home/eit-lab/ros2_karan_ws/src/YOLOv5-ROS/yolov5_ros/yolov5_ros/build/bboxes_ex_msgs
[0.644s] Level 1:colcon.colcon_core.environment:checking '/home/eit-lab/ros2_karan_ws/src/YOLOv5-ROS/yolov5_ros/yolov5_ros/install/bboxes_ex_msgs' for CMake module files
[0.645s] Level 1:colcon.colcon_core.environment:checking '/home/eit-lab/ros2_karan_ws/src/YOLOv5-ROS/yolov5_ros/yolov5_ros/install/bboxes_ex_msgs' for CMake config files
[0.645s] Level 1:colcon.colcon_core.shell:create_environment_hook('bboxes_ex_msgs', 'cmake_prefix_path')
[0.646s] INFO:colcon.colcon_core.shell:Creating environment hook '/home/eit-lab/ros2_karan_ws/src/YOLOv5-ROS/yolov5_ros/yolov5_ros/install/bboxes_ex_msgs/share/bboxes_ex_msgs/hook/cmake_prefix_path.ps1'
[0.647s] INFO:colcon.colcon_core.shell:Creating environment descriptor '/home/eit-lab/ros2_karan_ws/src/YOLOv5-ROS/yolov5_ros/yolov5_ros/install/bboxes_ex_msgs/share/bboxes_ex_msgs/hook/cmake_prefix_path.dsv'
[0.647s] INFO:colcon.colcon_core.shell:Creating environment hook '/home/eit-lab/ros2_karan_ws/src/YOLOv5-ROS/yolov5_ros/yolov5_ros/install/bboxes_ex_msgs/share/bboxes_ex_msgs/hook/cmake_prefix_path.sh'
[0.648s] Level 1:colcon.colcon_core.environment:checking '/home/eit-lab/ros2_karan_ws/src/YOLOv5-ROS/yolov5_ros/yolov5_ros/install/bboxes_ex_msgs/lib'
[0.648s] Level 1:colcon.colcon_core.shell:create_environment_hook('bboxes_ex_msgs', 'ld_library_path_lib')
[0.649s] INFO:colcon.colcon_core.shell:Creating environment hook '/home/eit-lab/ros2_karan_ws/src/YOLOv5-ROS/yolov5_ros/yolov5_ros/install/bboxes_ex_msgs/share/bboxes_ex_msgs/hook/ld_library_path_lib.ps1'
[0.650s] INFO:colcon.colcon_core.shell:Creating environment descriptor '/home/eit-lab/ros2_karan_ws/src/YOLOv5-ROS/yolov5_ros/yolov5_ros/install/bboxes_ex_msgs/share/bboxes_ex_msgs/hook/ld_library_path_lib.dsv'
[0.650s] INFO:colcon.colcon_core.shell:Creating environment hook '/home/eit-lab/ros2_karan_ws/src/YOLOv5-ROS/yolov5_ros/yolov5_ros/install/bboxes_ex_msgs/share/bboxes_ex_msgs/hook/ld_library_path_lib.sh'
[0.650s] Level 1:colcon.colcon_core.environment:checking '/home/eit-lab/ros2_karan_ws/src/YOLOv5-ROS/yolov5_ros/yolov5_ros/install/bboxes_ex_msgs/bin'
[0.650s] Level 1:colcon.colcon_core.environment:checking '/home/eit-lab/ros2_karan_ws/src/YOLOv5-ROS/yolov5_ros/yolov5_ros/install/bboxes_ex_msgs/lib/pkgconfig/bboxes_ex_msgs.pc'
[0.650s] Level 1:colcon.colcon_core.environment:checking '/home/eit-lab/ros2_karan_ws/src/YOLOv5-ROS/yolov5_ros/yolov5_ros/install/bboxes_ex_msgs/lib/python3.8/site-packages'
[0.651s] Level 1:colcon.colcon_core.shell:create_environment_hook('bboxes_ex_msgs', 'pythonpath')
[0.652s] INFO:colcon.colcon_core.shell:Creating environment hook '/home/eit-lab/ros2_karan_ws/src/YOLOv5-ROS/yolov5_ros/yolov5_ros/install/bboxes_ex_msgs/share/bboxes_ex_msgs/hook/pythonpath.ps1'
[0.652s] INFO:colcon.colcon_core.shell:Creating environment descriptor '/home/eit-lab/ros2_karan_ws/src/YOLOv5-ROS/yolov5_ros/yolov5_ros/install/bboxes_ex_msgs/share/bboxes_ex_msgs/hook/pythonpath.dsv'
[0.652s] INFO:colcon.colcon_core.shell:Creating environment hook '/home/eit-lab/ros2_karan_ws/src/YOLOv5-ROS/yolov5_ros/yolov5_ros/install/bboxes_ex_msgs/share/bboxes_ex_msgs/hook/pythonpath.sh'
[0.653s] Level 1:colcon.colcon_core.environment:checking '/home/eit-lab/ros2_karan_ws/src/YOLOv5-ROS/yolov5_ros/yolov5_ros/install/bboxes_ex_msgs/bin'
[0.654s] INFO:colcon.colcon_core.shell:Creating package script '/home/eit-lab/ros2_karan_ws/src/YOLOv5-ROS/yolov5_ros/yolov5_ros/install/bboxes_ex_msgs/share/bboxes_ex_msgs/package.ps1'
[0.655s] INFO:colcon.colcon_core.shell:Creating package descriptor '/home/eit-lab/ros2_karan_ws/src/YOLOv5-ROS/yolov5_ros/yolov5_ros/install/bboxes_ex_msgs/share/bboxes_ex_msgs/package.dsv'
[0.655s] INFO:colcon.colcon_core.shell:Creating package script '/home/eit-lab/ros2_karan_ws/src/YOLOv5-ROS/yolov5_ros/yolov5_ros/install/bboxes_ex_msgs/share/bboxes_ex_msgs/package.sh'
[0.656s] INFO:colcon.colcon_core.shell:Creating package script '/home/eit-lab/ros2_karan_ws/src/YOLOv5-ROS/yolov5_ros/yolov5_ros/install/bboxes_ex_msgs/share/bboxes_ex_msgs/package.bash'
[0.656s] INFO:colcon.colcon_core.shell:Creating package script '/home/eit-lab/ros2_karan_ws/src/YOLOv5-ROS/yolov5_ros/yolov5_ros/install/bboxes_ex_msgs/share/bboxes_ex_msgs/package.zsh'
[0.657s] Level 1:colcon.colcon_core.environment:create_file_with_runtime_dependencies(/home/eit-lab/ros2_karan_ws/src/YOLOv5-ROS/yolov5_ros/yolov5_ros/install/bboxes_ex_msgs/share/colcon-core/packages/bboxes_ex_msgs)
[0.709s] Level 1:colcon.colcon_core.environment:create_environment_scripts_only(bboxes_ex_msgs)
[0.711s] Level 1:colcon.colcon_core.environment:checking '/home/eit-lab/ros2_karan_ws/src/YOLOv5-ROS/yolov5_ros/yolov5_ros/install/bboxes_ex_msgs' for CMake module files
[0.712s] Level 1:colcon.colcon_core.environment:checking '/home/eit-lab/ros2_karan_ws/src/YOLOv5-ROS/yolov5_ros/yolov5_ros/install/bboxes_ex_msgs' for CMake config files
[0.712s] Level 1:colcon.colcon_core.shell:create_environment_hook('bboxes_ex_msgs', 'cmake_prefix_path')
[0.713s] INFO:colcon.colcon_core.shell:Creating environment hook '/home/eit-lab/ros2_karan_ws/src/YOLOv5-ROS/yolov5_ros/yolov5_ros/install/bboxes_ex_msgs/share/bboxes_ex_msgs/hook/cmake_prefix_path.ps1'
[0.714s] INFO:colcon.colcon_core.shell:Creating environment descriptor '/home/eit-lab/ros2_karan_ws/src/YOLOv5-ROS/yolov5_ros/yolov5_ros/install/bboxes_ex_msgs/share/bboxes_ex_msgs/hook/cmake_prefix_path.dsv'
[0.714s] INFO:colcon.colcon_core.shell:Creating environment hook '/home/eit-lab/ros2_karan_ws/src/YOLOv5-ROS/yolov5_ros/yolov5_ros/install/bboxes_ex_msgs/share/bboxes_ex_msgs/hook/cmake_prefix_path.sh'
[0.715s] Level 1:colcon.colcon_core.environment:checking '/home/eit-lab/ros2_karan_ws/src/YOLOv5-ROS/yolov5_ros/yolov5_ros/install/bboxes_ex_msgs/lib'
[0.715s] Level 1:colcon.colcon_core.shell:create_environment_hook('bboxes_ex_msgs', 'ld_library_path_lib')
[0.716s] INFO:colcon.colcon_core.shell:Creating environment hook '/home/eit-lab/ros2_karan_ws/src/YOLOv5-ROS/yolov5_ros/yolov5_ros/install/bboxes_ex_msgs/share/bboxes_ex_msgs/hook/ld_library_path_lib.ps1'
[0.716s] INFO:colcon.colcon_core.shell:Creating environment descriptor '/home/eit-lab/ros2_karan_ws/src/YOLOv5-ROS/yolov5_ros/yolov5_ros/install/bboxes_ex_msgs/share/bboxes_ex_msgs/hook/ld_library_path_lib.dsv'
[0.717s] INFO:colcon.colcon_core.shell:Creating environment hook '/home/eit-lab/ros2_karan_ws/src/YOLOv5-ROS/yolov5_ros/yolov5_ros/install/bboxes_ex_msgs/share/bboxes_ex_msgs/hook/ld_library_path_lib.sh'
[0.717s] Level 1:colcon.colcon_core.environment:checking '/home/eit-lab/ros2_karan_ws/src/YOLOv5-ROS/yolov5_ros/yolov5_ros/install/bboxes_ex_msgs/bin'
[0.717s] Level 1:colcon.colcon_core.environment:checking '/home/eit-lab/ros2_karan_ws/src/YOLOv5-ROS/yolov5_ros/yolov5_ros/install/bboxes_ex_msgs/lib/pkgconfig/bboxes_ex_msgs.pc'
[0.717s] Level 1:colcon.colcon_core.environment:checking '/home/eit-lab/ros2_karan_ws/src/YOLOv5-ROS/yolov5_ros/yolov5_ros/install/bboxes_ex_msgs/lib/python3.8/site-packages'
[0.717s] Level 1:colcon.colcon_core.shell:create_environment_hook('bboxes_ex_msgs', 'pythonpath')
[0.718s] INFO:colcon.colcon_core.shell:Creating environment hook '/home/eit-lab/ros2_karan_ws/src/YOLOv5-ROS/yolov5_ros/yolov5_ros/install/bboxes_ex_msgs/share/bboxes_ex_msgs/hook/pythonpath.ps1'
[0.719s] INFO:colcon.colcon_core.shell:Creating environment descriptor '/home/eit-lab/ros2_karan_ws/src/YOLOv5-ROS/yolov5_ros/yolov5_ros/install/bboxes_ex_msgs/share/bboxes_ex_msgs/hook/pythonpath.dsv'
[0.719s] INFO:colcon.colcon_core.shell:Creating environment hook '/home/eit-lab/ros2_karan_ws/src/YOLOv5-ROS/yolov5_ros/yolov5_ros/install/bboxes_ex_msgs/share/bboxes_ex_msgs/hook/pythonpath.sh'
[0.719s] Level 1:colcon.colcon_core.environment:checking '/home/eit-lab/ros2_karan_ws/src/YOLOv5-ROS/yolov5_ros/yolov5_ros/install/bboxes_ex_msgs/bin'
[0.721s] INFO:colcon.colcon_core.shell:Creating package script '/home/eit-lab/ros2_karan_ws/src/YOLOv5-ROS/yolov5_ros/yolov5_ros/install/bboxes_ex_msgs/share/bboxes_ex_msgs/package.ps1'
[0.721s] INFO:colcon.colcon_core.shell:Creating package descriptor '/home/eit-lab/ros2_karan_ws/src/YOLOv5-ROS/yolov5_ros/yolov5_ros/install/bboxes_ex_msgs/share/bboxes_ex_msgs/package.dsv'
[0.722s] INFO:colcon.colcon_core.shell:Creating package script '/home/eit-lab/ros2_karan_ws/src/YOLOv5-ROS/yolov5_ros/yolov5_ros/install/bboxes_ex_msgs/share/bboxes_ex_msgs/package.sh'
[0.722s] INFO:colcon.colcon_core.shell:Creating package script '/home/eit-lab/ros2_karan_ws/src/YOLOv5-ROS/yolov5_ros/yolov5_ros/install/bboxes_ex_msgs/share/bboxes_ex_msgs/package.bash'
[0.722s] INFO:colcon.colcon_core.shell:Creating package script '/home/eit-lab/ros2_karan_ws/src/YOLOv5-ROS/yolov5_ros/yolov5_ros/install/bboxes_ex_msgs/share/bboxes_ex_msgs/package.zsh'
[0.723s] Level 1:colcon.colcon_core.environment:create_file_with_runtime_dependencies(/home/eit-lab/ros2_karan_ws/src/YOLOv5-ROS/yolov5_ros/yolov5_ros/install/bboxes_ex_msgs/share/colcon-core/packages/bboxes_ex_msgs)
[0.723s] DEBUG:colcon.colcon_parallel_executor.executor.parallel:closing loop
[0.723s] DEBUG:colcon.colcon_parallel_executor.executor.parallel:loop closed
[0.724s] DEBUG:colcon.colcon_parallel_executor.executor.parallel:run_until_complete finished with '0'
[0.724s] DEBUG:colcon.colcon_core.event_reactor:joining thread
[0.729s] INFO:colcon.colcon_core.plugin_system:Skipping extension 'colcon_notification.desktop_notification.terminal_notifier': Not used on non-Darwin systems
[0.729s] INFO:colcon.colcon_core.plugin_system:Skipping extension 'colcon_notification.desktop_notification.win32': Not used on non-Windows systems
[0.730s] INFO:colcon.colcon_notification.desktop_notification:Sending desktop notification using 'notify2'
[0.742s] DEBUG:colcon.colcon_core.event_reactor:joined thread
[0.743s] INFO:colcon.colcon_core.shell:Creating prefix script '/home/eit-lab/ros2_karan_ws/src/YOLOv5-ROS/yolov5_ros/yolov5_ros/install/local_setup.ps1'
[0.744s] INFO:colcon.colcon_core.shell:Creating prefix util module '/home/eit-lab/ros2_karan_ws/src/YOLOv5-ROS/yolov5_ros/yolov5_ros/install/_local_setup_util_ps1.py'
[0.746s] INFO:colcon.colcon_core.shell:Creating prefix chain script '/home/eit-lab/ros2_karan_ws/src/YOLOv5-ROS/yolov5_ros/yolov5_ros/install/setup.ps1'
[0.747s] INFO:colcon.colcon_core.shell:Creating prefix script '/home/eit-lab/ros2_karan_ws/src/YOLOv5-ROS/yolov5_ros/yolov5_ros/install/local_setup.sh'
[0.748s] INFO:colcon.colcon_core.shell:Creating prefix util module '/home/eit-lab/ros2_karan_ws/src/YOLOv5-ROS/yolov5_ros/yolov5_ros/install/_local_setup_util_sh.py'
[0.749s] INFO:colcon.colcon_core.shell:Creating prefix chain script '/home/eit-lab/ros2_karan_ws/src/YOLOv5-ROS/yolov5_ros/yolov5_ros/install/setup.sh'
[0.750s] INFO:colcon.colcon_core.shell:Creating prefix script '/home/eit-lab/ros2_karan_ws/src/YOLOv5-ROS/yolov5_ros/yolov5_ros/install/local_setup.bash'
[0.751s] INFO:colcon.colcon_core.shell:Creating prefix chain script '/home/eit-lab/ros2_karan_ws/src/YOLOv5-ROS/yolov5_ros/yolov5_ros/install/setup.bash'
[0.752s] INFO:colcon.colcon_core.shell:Creating prefix script '/home/eit-lab/ros2_karan_ws/src/YOLOv5-ROS/yolov5_ros/yolov5_ros/install/local_setup.zsh'
[0.753s] INFO:colcon.colcon_core.shell:Creating prefix chain script '/home/eit-lab/ros2_karan_ws/src/YOLOv5-ROS/yolov5_ros/yolov5_ros/install/setup.zsh'
