[0.128s] DEBUG:colcon:Command line arguments: ['/usr/bin/colcon', 'build']
[0.128s] DEBUG:colcon:Parsed command line arguments: Namespace(allow_overriding=[], ament_cmake_args=None, base_paths=['.'], build_base='build', catkin_cmake_args=None, catkin_skip_building_tests=False, cmake_args=None, cmake_clean_cache=False, cmake_clean_first=False, cmake_force_configure=False, cmake_target=None, cmake_target_skip_unavailable=False, continue_on_error=False, event_handlers=None, executor='parallel', ignore_user_meta=False, install_base='install', log_base=None, log_level=None, main=<bound method BuildVerb.main of <colcon_core.verb.build.BuildVerb object at 0x7fd1971be490>>, merge_install=False, metas=['./colcon.meta'], packages_above=None, packages_above_and_dependencies=None, packages_above_depth=None, packages_end=None, packages_ignore=None, packages_ignore_regex=None, packages_select=None, packages_select_build_failed=False, packages_select_by_dep=None, packages_select_regex=None, packages_select_test_failures=False, packages_skip=None, packages_skip_build_finished=False, packages_skip_by_dep=None, packages_skip_regex=None, packages_skip_test_passed=False, packages_skip_up_to=None, packages_start=None, packages_up_to=None, packages_up_to_regex=None, parallel_workers=8, paths=None, symlink_install=False, test_result_base=None, verb_extension=<colcon_core.verb.build.BuildVerb object at 0x7fd1971be490>, verb_name='build', verb_parser=<colcon_defaults.argument_parser.defaults.DefaultArgumentsDecorator object at 0x7fd1971be9d0>)
[0.149s] Level 1:colcon.colcon_core.package_discovery:discover_packages(colcon_meta) check parameters
[0.149s] Level 1:colcon.colcon_core.package_discovery:discover_packages(recursive) check parameters
[0.149s] Level 1:colcon.colcon_core.package_discovery:discover_packages(ignore) check parameters
[0.149s] Level 1:colcon.colcon_core.package_discovery:discover_packages(path) check parameters
[0.149s] Level 1:colcon.colcon_core.package_discovery:discover_packages(colcon_meta) discover
[0.149s] Level 1:colcon.colcon_core.package_discovery:discover_packages(recursive) discover
[0.149s] INFO:colcon.colcon_core.package_discovery:Crawling recursively for packages in '/home/eit-lab/ros2_karan_ws/src'
[0.150s] Level 1:colcon.colcon_core.package_identification:_identify(.) by extensions ['ignore', 'ignore_ament_install']
[0.150s] Level 1:colcon.colcon_core.package_identification:_identify(.) by extension 'ignore'
[0.150s] Level 1:colcon.colcon_core.package_identification:_identify(.) by extension 'ignore_ament_install'
[0.150s] Level 1:colcon.colcon_core.package_identification:_identify(.) by extensions ['colcon_pkg']
[0.150s] Level 1:colcon.colcon_core.package_identification:_identify(.) by extension 'colcon_pkg'
[0.150s] Level 1:colcon.colcon_core.package_identification:_identify(.) by extensions ['colcon_meta']
[0.150s] Level 1:colcon.colcon_core.package_identification:_identify(.) by extension 'colcon_meta'
[0.150s] Level 1:colcon.colcon_core.package_identification:_identify(.) by extensions ['ros']
[0.150s] Level 1:colcon.colcon_core.package_identification:_identify(.) by extension 'ros'
[0.167s] Level 1:colcon.colcon_core.package_identification:_identify(.) by extensions ['cmake', 'python']
[0.167s] Level 1:colcon.colcon_core.package_identification:_identify(.) by extension 'cmake'
[0.167s] Level 1:colcon.colcon_core.package_identification:_identify(.) by extension 'python'
[0.167s] Level 1:colcon.colcon_core.package_identification:_identify(.) by extensions ['python_setup_py']
[0.167s] Level 1:colcon.colcon_core.package_identification:_identify(.) by extension 'python_setup_py'
[0.167s] Level 1:colcon.colcon_core.package_identification:_identify(YOLOv5-ROS) by extensions ['ignore', 'ignore_ament_install']
[0.167s] Level 1:colcon.colcon_core.package_identification:_identify(YOLOv5-ROS) by extension 'ignore'
[0.168s] Level 1:colcon.colcon_core.package_identification:_identify(YOLOv5-ROS) by extension 'ignore_ament_install'
[0.168s] Level 1:colcon.colcon_core.package_identification:_identify(YOLOv5-ROS) by extensions ['colcon_pkg']
[0.168s] Level 1:colcon.colcon_core.package_identification:_identify(YOLOv5-ROS) by extension 'colcon_pkg'
[0.168s] Level 1:colcon.colcon_core.package_identification:_identify(YOLOv5-ROS) by extensions ['colcon_meta']
[0.168s] Level 1:colcon.colcon_core.package_identification:_identify(YOLOv5-ROS) by extension 'colcon_meta'
[0.168s] Level 1:colcon.colcon_core.package_identification:_identify(YOLOv5-ROS) by extensions ['ros']
[0.168s] Level 1:colcon.colcon_core.package_identification:_identify(YOLOv5-ROS) by extension 'ros'
[0.168s] Level 1:colcon.colcon_core.package_identification:_identify(YOLOv5-ROS) by extensions ['cmake', 'python']
[0.168s] Level 1:colcon.colcon_core.package_identification:_identify(YOLOv5-ROS) by extension 'cmake'
[0.168s] Level 1:colcon.colcon_core.package_identification:_identify(YOLOv5-ROS) by extension 'python'
[0.168s] Level 1:colcon.colcon_core.package_identification:_identify(YOLOv5-ROS) by extensions ['python_setup_py']
[0.168s] Level 1:colcon.colcon_core.package_identification:_identify(YOLOv5-ROS) by extension 'python_setup_py'
[0.168s] Level 1:colcon.colcon_core.package_identification:_identify(YOLOv5-ROS/yolov5_ros) by extensions ['ignore', 'ignore_ament_install']
[0.168s] Level 1:colcon.colcon_core.package_identification:_identify(YOLOv5-ROS/yolov5_ros) by extension 'ignore'
[0.168s] Level 1:colcon.colcon_core.package_identification:_identify(YOLOv5-ROS/yolov5_ros) by extension 'ignore_ament_install'
[0.168s] Level 1:colcon.colcon_core.package_identification:_identify(YOLOv5-ROS/yolov5_ros) by extensions ['colcon_pkg']
[0.168s] Level 1:colcon.colcon_core.package_identification:_identify(YOLOv5-ROS/yolov5_ros) by extension 'colcon_pkg'
[0.168s] Level 1:colcon.colcon_core.package_identification:_identify(YOLOv5-ROS/yolov5_ros) by extensions ['colcon_meta']
[0.168s] Level 1:colcon.colcon_core.package_identification:_identify(YOLOv5-ROS/yolov5_ros) by extension 'colcon_meta'
[0.168s] Level 1:colcon.colcon_core.package_identification:_identify(YOLOv5-ROS/yolov5_ros) by extensions ['ros']
[0.168s] Level 1:colcon.colcon_core.package_identification:_identify(YOLOv5-ROS/yolov5_ros) by extension 'ros'
[0.170s] DEBUG:colcon.colcon_core.package_identification:Package 'YOLOv5-ROS/yolov5_ros' with type 'ros.ament_python' and name 'yolov5_ros'
[0.171s] Level 1:colcon.colcon_core.package_identification:_identify(bbox_ex_msgs) by extensions ['ignore', 'ignore_ament_install']
[0.171s] Level 1:colcon.colcon_core.package_identification:_identify(bbox_ex_msgs) by extension 'ignore'
[0.171s] Level 1:colcon.colcon_core.package_identification:_identify(bbox_ex_msgs) by extension 'ignore_ament_install'
[0.171s] Level 1:colcon.colcon_core.package_identification:_identify(bbox_ex_msgs) by extensions ['colcon_pkg']
[0.171s] Level 1:colcon.colcon_core.package_identification:_identify(bbox_ex_msgs) by extension 'colcon_pkg'
[0.171s] Level 1:colcon.colcon_core.package_identification:_identify(bbox_ex_msgs) by extensions ['colcon_meta']
[0.171s] Level 1:colcon.colcon_core.package_identification:_identify(bbox_ex_msgs) by extension 'colcon_meta'
[0.171s] Level 1:colcon.colcon_core.package_identification:_identify(bbox_ex_msgs) by extensions ['ros']
[0.171s] Level 1:colcon.colcon_core.package_identification:_identify(bbox_ex_msgs) by extension 'ros'
[0.171s] DEBUG:colcon.colcon_core.package_identification:Package 'bbox_ex_msgs' with type 'ros.ament_cmake' and name 'bboxes_ex_msgs'
[0.171s] Level 1:colcon.colcon_core.package_identification:_identify(build) by extensions ['ignore', 'ignore_ament_install']
[0.172s] Level 1:colcon.colcon_core.package_identification:_identify(build) by extension 'ignore'
[0.172s] Level 1:colcon.colcon_core.package_identification:_identify(build) ignored
[0.172s] Level 1:colcon.colcon_core.package_identification:_identify(cv_basics) by extensions ['ignore', 'ignore_ament_install']
[0.172s] Level 1:colcon.colcon_core.package_identification:_identify(cv_basics) by extension 'ignore'
[0.172s] Level 1:colcon.colcon_core.package_identification:_identify(cv_basics) by extension 'ignore_ament_install'
[0.172s] Level 1:colcon.colcon_core.package_identification:_identify(cv_basics) by extensions ['colcon_pkg']
[0.172s] Level 1:colcon.colcon_core.package_identification:_identify(cv_basics) by extension 'colcon_pkg'
[0.172s] Level 1:colcon.colcon_core.package_identification:_identify(cv_basics) by extensions ['colcon_meta']
[0.172s] Level 1:colcon.colcon_core.package_identification:_identify(cv_basics) by extension 'colcon_meta'
[0.172s] Level 1:colcon.colcon_core.package_identification:_identify(cv_basics) by extensions ['ros']
[0.172s] Level 1:colcon.colcon_core.package_identification:_identify(cv_basics) by extension 'ros'
[0.173s] DEBUG:colcon.colcon_core.package_identification:Package 'cv_basics' with type 'ros.ament_python' and name 'cv_basics'
[0.173s] Level 1:colcon.colcon_core.package_identification:_identify(install) by extensions ['ignore', 'ignore_ament_install']
[0.173s] Level 1:colcon.colcon_core.package_identification:_identify(install) by extension 'ignore'
[0.173s] Level 1:colcon.colcon_core.package_identification:_identify(install) ignored
[0.173s] Level 1:colcon.colcon_core.package_identification:_identify(log) by extensions ['ignore', 'ignore_ament_install']
[0.173s] Level 1:colcon.colcon_core.package_identification:_identify(log) by extension 'ignore'
[0.173s] Level 1:colcon.colcon_core.package_identification:_identify(log) ignored
[0.173s] Level 1:colcon.colcon_core.package_identification:_identify(rplidar_ros2) by extensions ['ignore', 'ignore_ament_install']
[0.173s] Level 1:colcon.colcon_core.package_identification:_identify(rplidar_ros2) by extension 'ignore'
[0.173s] Level 1:colcon.colcon_core.package_identification:_identify(rplidar_ros2) by extension 'ignore_ament_install'
[0.173s] Level 1:colcon.colcon_core.package_identification:_identify(rplidar_ros2) by extensions ['colcon_pkg']
[0.173s] Level 1:colcon.colcon_core.package_identification:_identify(rplidar_ros2) by extension 'colcon_pkg'
[0.173s] Level 1:colcon.colcon_core.package_identification:_identify(rplidar_ros2) by extensions ['colcon_meta']
[0.173s] Level 1:colcon.colcon_core.package_identification:_identify(rplidar_ros2) by extension 'colcon_meta'
[0.173s] Level 1:colcon.colcon_core.package_identification:_identify(rplidar_ros2) by extensions ['ros']
[0.174s] Level 1:colcon.colcon_core.package_identification:_identify(rplidar_ros2) by extension 'ros'
[0.174s] DEBUG:colcon.colcon_core.package_identification:Package 'rplidar_ros2' with type 'ros.ament_cmake' and name 'rplidar_ros'
[0.174s] Level 1:colcon.colcon_core.package_discovery:discover_packages(recursive) using defaults
[0.174s] Level 1:colcon.colcon_core.package_discovery:discover_packages(ignore) discover
[0.174s] Level 1:colcon.colcon_core.package_discovery:discover_packages(ignore) using defaults
[0.174s] Level 1:colcon.colcon_core.package_discovery:discover_packages(path) discover
[0.174s] Level 1:colcon.colcon_core.package_discovery:discover_packages(path) using defaults
[0.191s] Level 1:colcon.colcon_core.package_discovery:discover_packages(prefix_path) check parameters
[0.191s] Level 1:colcon.colcon_core.package_discovery:discover_packages(prefix_path) discover
[0.193s] DEBUG:colcon.colcon_installed_package_information.package_discovery:Found 4 installed packages in /home/eit-lab/ros2_karan_ws/src/install
[0.194s] DEBUG:colcon.colcon_installed_package_information.package_discovery:Found 3 installed packages in /home/eit-lab/ros2_karan_ws/install
[0.196s] DEBUG:colcon.colcon_installed_package_information.package_discovery:Found 260 installed packages in /opt/ros/foxy
[0.197s] Level 1:colcon.colcon_core.package_discovery:discover_packages(prefix_path) using defaults
[0.255s] Level 5:colcon.colcon_core.verb:set package 'bboxes_ex_msgs' build argument 'cmake_args' from command line to 'None'
[0.255s] Level 5:colcon.colcon_core.verb:set package 'bboxes_ex_msgs' build argument 'cmake_target' from command line to 'None'
[0.255s] Level 5:colcon.colcon_core.verb:set package 'bboxes_ex_msgs' build argument 'cmake_target_skip_unavailable' from command line to 'False'
[0.255s] Level 5:colcon.colcon_core.verb:set package 'bboxes_ex_msgs' build argument 'cmake_clean_cache' from command line to 'False'
[0.255s] Level 5:colcon.colcon_core.verb:set package 'bboxes_ex_msgs' build argument 'cmake_clean_first' from command line to 'False'
[0.255s] Level 5:colcon.colcon_core.verb:set package 'bboxes_ex_msgs' build argument 'cmake_force_configure' from command line to 'False'
[0.255s] Level 5:colcon.colcon_core.verb:set package 'bboxes_ex_msgs' build argument 'ament_cmake_args' from command line to 'None'
[0.255s] Level 5:colcon.colcon_core.verb:set package 'bboxes_ex_msgs' build argument 'catkin_cmake_args' from command line to 'None'
[0.255s] Level 5:colcon.colcon_core.verb:set package 'bboxes_ex_msgs' build argument 'catkin_skip_building_tests' from command line to 'False'
[0.255s] DEBUG:colcon.colcon_core.verb:Building package 'bboxes_ex_msgs' with the following arguments: {'ament_cmake_args': None, 'build_base': '/home/eit-lab/ros2_karan_ws/src/build/bboxes_ex_msgs', 'catkin_cmake_args': None, 'catkin_skip_building_tests': False, 'cmake_args': None, 'cmake_clean_cache': False, 'cmake_clean_first': False, 'cmake_force_configure': False, 'cmake_target': None, 'cmake_target_skip_unavailable': False, 'install_base': '/home/eit-lab/ros2_karan_ws/src/install/bboxes_ex_msgs', 'merge_install': False, 'path': '/home/eit-lab/ros2_karan_ws/src/bbox_ex_msgs', 'symlink_install': False, 'test_result_base': None}
[0.256s] Level 5:colcon.colcon_core.verb:set package 'rplidar_ros' build argument 'cmake_args' from command line to 'None'
[0.256s] Level 5:colcon.colcon_core.verb:set package 'rplidar_ros' build argument 'cmake_target' from command line to 'None'
[0.256s] Level 5:colcon.colcon_core.verb:set package 'rplidar_ros' build argument 'cmake_target_skip_unavailable' from command line to 'False'
[0.256s] Level 5:colcon.colcon_core.verb:set package 'rplidar_ros' build argument 'cmake_clean_cache' from command line to 'False'
[0.256s] Level 5:colcon.colcon_core.verb:set package 'rplidar_ros' build argument 'cmake_clean_first' from command line to 'False'
[0.256s] Level 5:colcon.colcon_core.verb:set package 'rplidar_ros' build argument 'cmake_force_configure' from command line to 'False'
[0.256s] Level 5:colcon.colcon_core.verb:set package 'rplidar_ros' build argument 'ament_cmake_args' from command line to 'None'
[0.256s] Level 5:colcon.colcon_core.verb:set package 'rplidar_ros' build argument 'catkin_cmake_args' from command line to 'None'
[0.256s] Level 5:colcon.colcon_core.verb:set package 'rplidar_ros' build argument 'catkin_skip_building_tests' from command line to 'False'
[0.256s] DEBUG:colcon.colcon_core.verb:Building package 'rplidar_ros' with the following arguments: {'ament_cmake_args': None, 'build_base': '/home/eit-lab/ros2_karan_ws/src/build/rplidar_ros', 'catkin_cmake_args': None, 'catkin_skip_building_tests': False, 'cmake_args': None, 'cmake_clean_cache': False, 'cmake_clean_first': False, 'cmake_force_configure': False, 'cmake_target': None, 'cmake_target_skip_unavailable': False, 'install_base': '/home/eit-lab/ros2_karan_ws/src/install/rplidar_ros', 'merge_install': False, 'path': '/home/eit-lab/ros2_karan_ws/src/rplidar_ros2', 'symlink_install': False, 'test_result_base': None}
[0.257s] Level 5:colcon.colcon_core.verb:set package 'cv_basics' build argument 'cmake_args' from command line to 'None'
[0.257s] Level 5:colcon.colcon_core.verb:set package 'cv_basics' build argument 'cmake_target' from command line to 'None'
[0.257s] Level 5:colcon.colcon_core.verb:set package 'cv_basics' build argument 'cmake_target_skip_unavailable' from command line to 'False'
[0.257s] Level 5:colcon.colcon_core.verb:set package 'cv_basics' build argument 'cmake_clean_cache' from command line to 'False'
[0.257s] Level 5:colcon.colcon_core.verb:set package 'cv_basics' build argument 'cmake_clean_first' from command line to 'False'
[0.257s] Level 5:colcon.colcon_core.verb:set package 'cv_basics' build argument 'cmake_force_configure' from command line to 'False'
[0.257s] Level 5:colcon.colcon_core.verb:set package 'cv_basics' build argument 'ament_cmake_args' from command line to 'None'
[0.257s] Level 5:colcon.colcon_core.verb:set package 'cv_basics' build argument 'catkin_cmake_args' from command line to 'None'
[0.257s] Level 5:colcon.colcon_core.verb:set package 'cv_basics' build argument 'catkin_skip_building_tests' from command line to 'False'
[0.257s] DEBUG:colcon.colcon_core.verb:Building package 'cv_basics' with the following arguments: {'ament_cmake_args': None, 'build_base': '/home/eit-lab/ros2_karan_ws/src/build/cv_basics', 'catkin_cmake_args': None, 'catkin_skip_building_tests': False, 'cmake_args': None, 'cmake_clean_cache': False, 'cmake_clean_first': False, 'cmake_force_configure': False, 'cmake_target': None, 'cmake_target_skip_unavailable': False, 'install_base': '/home/eit-lab/ros2_karan_ws/src/install/cv_basics', 'merge_install': False, 'path': '/home/eit-lab/ros2_karan_ws/src/cv_basics', 'symlink_install': False, 'test_result_base': None}
[0.258s] Level 5:colcon.colcon_core.verb:set package 'yolov5_ros' build argument 'cmake_args' from command line to 'None'
[0.258s] Level 5:colcon.colcon_core.verb:set package 'yolov5_ros' build argument 'cmake_target' from command line to 'None'
[0.258s] Level 5:colcon.colcon_core.verb:set package 'yolov5_ros' build argument 'cmake_target_skip_unavailable' from command line to 'False'
[0.258s] Level 5:colcon.colcon_core.verb:set package 'yolov5_ros' build argument 'cmake_clean_cache' from command line to 'False'
[0.258s] Level 5:colcon.colcon_core.verb:set package 'yolov5_ros' build argument 'cmake_clean_first' from command line to 'False'
[0.258s] Level 5:colcon.colcon_core.verb:set package 'yolov5_ros' build argument 'cmake_force_configure' from command line to 'False'
[0.258s] Level 5:colcon.colcon_core.verb:set package 'yolov5_ros' build argument 'ament_cmake_args' from command line to 'None'
[0.258s] Level 5:colcon.colcon_core.verb:set package 'yolov5_ros' build argument 'catkin_cmake_args' from command line to 'None'
[0.258s] Level 5:colcon.colcon_core.verb:set package 'yolov5_ros' build argument 'catkin_skip_building_tests' from command line to 'False'
[0.258s] DEBUG:colcon.colcon_core.verb:Building package 'yolov5_ros' with the following arguments: {'ament_cmake_args': None, 'build_base': '/home/eit-lab/ros2_karan_ws/src/build/yolov5_ros', 'catkin_cmake_args': None, 'catkin_skip_building_tests': False, 'cmake_args': None, 'cmake_clean_cache': False, 'cmake_clean_first': False, 'cmake_force_configure': False, 'cmake_target': None, 'cmake_target_skip_unavailable': False, 'install_base': '/home/eit-lab/ros2_karan_ws/src/install/yolov5_ros', 'merge_install': False, 'path': '/home/eit-lab/ros2_karan_ws/src/YOLOv5-ROS/yolov5_ros', 'symlink_install': False, 'test_result_base': None}
[0.258s] INFO:colcon.colcon_core.executor:Executing jobs using 'parallel' executor
[0.262s] DEBUG:colcon.colcon_parallel_executor.executor.parallel:run_until_complete
[0.262s] INFO:colcon.colcon_ros.task.ament_cmake.build:Building ROS package in '/home/eit-lab/ros2_karan_ws/src/bbox_ex_msgs' with build type 'ament_cmake'
[0.262s] INFO:colcon.colcon_cmake.task.cmake.build:Building CMake package in '/home/eit-lab/ros2_karan_ws/src/bbox_ex_msgs'
[0.266s] INFO:colcon.colcon_core.plugin_system:Skipping extension 'colcon_core.shell.bat': Not used on non-Windows systems
[0.266s] INFO:colcon.colcon_core.shell:Skip shell extension 'powershell' for command environment: Not usable outside of PowerShell
[0.266s] DEBUG:colcon.colcon_core.shell:Skip shell extension 'dsv' for command environment
[0.272s] INFO:colcon.colcon_ros.task.ament_cmake.build:Building ROS package in '/home/eit-lab/ros2_karan_ws/src/rplidar_ros2' with build type 'ament_cmake'
[0.272s] INFO:colcon.colcon_cmake.task.cmake.build:Building CMake package in '/home/eit-lab/ros2_karan_ws/src/rplidar_ros2'
[0.273s] INFO:colcon.colcon_core.shell:Skip shell extension 'powershell' for command environment: Not usable outside of PowerShell
[0.273s] DEBUG:colcon.colcon_core.shell:Skip shell extension 'dsv' for command environment
[0.283s] DEBUG:colcon.colcon_core.event_handler.log_command:Invoking command in '/home/eit-lab/ros2_karan_ws/src/build/bboxes_ex_msgs': CMAKE_PREFIX_PATH=${CMAKE_PREFIX_PATH}:/home/eit-lab/ros2_karan_ws/src/install/yolov5_ros:/home/eit-lab/ros2_karan_ws/src/install/cv_basics:/home/eit-lab/ros2_karan_ws/install/cv_basics:/opt/ros/foxy /usr/bin/cmake --build /home/eit-lab/ros2_karan_ws/src/build/bboxes_ex_msgs -- -j8 -l8
[0.291s] DEBUG:colcon.colcon_core.event_handler.log_command:Invoking command in '/home/eit-lab/ros2_karan_ws/src/build/rplidar_ros': CMAKE_PREFIX_PATH=${CMAKE_PREFIX_PATH}:/home/eit-lab/ros2_karan_ws/src/install/yolov5_ros:/home/eit-lab/ros2_karan_ws/src/install/cv_basics:/home/eit-lab/ros2_karan_ws/install/cv_basics:/opt/ros/foxy /usr/bin/cmake --build /home/eit-lab/ros2_karan_ws/src/build/rplidar_ros -- -j8 -l8
[0.400s] DEBUG:colcon.colcon_core.event_handler.log_command:Invoked command in '/home/eit-lab/ros2_karan_ws/src/build/rplidar_ros' returned '0': CMAKE_PREFIX_PATH=${CMAKE_PREFIX_PATH}:/home/eit-lab/ros2_karan_ws/src/install/yolov5_ros:/home/eit-lab/ros2_karan_ws/src/install/cv_basics:/home/eit-lab/ros2_karan_ws/install/cv_basics:/opt/ros/foxy /usr/bin/cmake --build /home/eit-lab/ros2_karan_ws/src/build/rplidar_ros -- -j8 -l8
[0.444s] DEBUG:colcon.colcon_core.event_handler.log_command:Invoking command in '/home/eit-lab/ros2_karan_ws/src/build/rplidar_ros': CMAKE_PREFIX_PATH=${CMAKE_PREFIX_PATH}:/home/eit-lab/ros2_karan_ws/src/install/yolov5_ros:/home/eit-lab/ros2_karan_ws/src/install/cv_basics:/home/eit-lab/ros2_karan_ws/install/cv_basics:/opt/ros/foxy /usr/bin/cmake --install /home/eit-lab/ros2_karan_ws/src/build/rplidar_ros
[0.456s] Level 1:colcon.colcon_core.environment:create_environment_scripts_only(rplidar_ros)
[0.457s] DEBUG:colcon.colcon_core.event_handler.log_command:Invoked command in '/home/eit-lab/ros2_karan_ws/src/build/rplidar_ros' returned '0': CMAKE_PREFIX_PATH=${CMAKE_PREFIX_PATH}:/home/eit-lab/ros2_karan_ws/src/install/yolov5_ros:/home/eit-lab/ros2_karan_ws/src/install/cv_basics:/home/eit-lab/ros2_karan_ws/install/cv_basics:/opt/ros/foxy /usr/bin/cmake --install /home/eit-lab/ros2_karan_ws/src/build/rplidar_ros
[0.461s] Level 1:colcon.colcon_core.environment:checking '/home/eit-lab/ros2_karan_ws/src/install/rplidar_ros' for CMake module files
[0.462s] Level 1:colcon.colcon_core.environment:checking '/home/eit-lab/ros2_karan_ws/src/install/rplidar_ros' for CMake config files
[0.462s] Level 1:colcon.colcon_core.shell:create_environment_hook('rplidar_ros', 'cmake_prefix_path')
[0.464s] INFO:colcon.colcon_core.shell:Creating environment hook '/home/eit-lab/ros2_karan_ws/src/install/rplidar_ros/share/rplidar_ros/hook/cmake_prefix_path.ps1'
[0.464s] INFO:colcon.colcon_core.shell:Creating environment descriptor '/home/eit-lab/ros2_karan_ws/src/install/rplidar_ros/share/rplidar_ros/hook/cmake_prefix_path.dsv'
[0.465s] INFO:colcon.colcon_core.shell:Creating environment hook '/home/eit-lab/ros2_karan_ws/src/install/rplidar_ros/share/rplidar_ros/hook/cmake_prefix_path.sh'
[0.465s] Level 1:colcon.colcon_core.environment:checking '/home/eit-lab/ros2_karan_ws/src/install/rplidar_ros/lib'
[0.465s] Level 1:colcon.colcon_core.shell:create_environment_hook('rplidar_ros', 'ld_library_path_lib')
[0.467s] INFO:colcon.colcon_core.shell:Creating environment hook '/home/eit-lab/ros2_karan_ws/src/install/rplidar_ros/share/rplidar_ros/hook/ld_library_path_lib.ps1'
[0.467s] INFO:colcon.colcon_core.shell:Creating environment descriptor '/home/eit-lab/ros2_karan_ws/src/install/rplidar_ros/share/rplidar_ros/hook/ld_library_path_lib.dsv'
[0.467s] INFO:colcon.colcon_core.shell:Creating environment hook '/home/eit-lab/ros2_karan_ws/src/install/rplidar_ros/share/rplidar_ros/hook/ld_library_path_lib.sh'
[0.467s] Level 1:colcon.colcon_core.environment:checking '/home/eit-lab/ros2_karan_ws/src/install/rplidar_ros/bin'
[0.467s] Level 1:colcon.colcon_core.environment:checking '/home/eit-lab/ros2_karan_ws/src/install/rplidar_ros/lib/pkgconfig/rplidar_ros.pc'
[0.468s] Level 1:colcon.colcon_core.environment:checking '/home/eit-lab/ros2_karan_ws/src/install/rplidar_ros/lib/python3.8/site-packages'
[0.468s] Level 1:colcon.colcon_core.environment:checking '/home/eit-lab/ros2_karan_ws/src/install/rplidar_ros/bin'
[0.469s] INFO:colcon.colcon_core.shell:Creating package script '/home/eit-lab/ros2_karan_ws/src/install/rplidar_ros/share/rplidar_ros/package.ps1'
[0.471s] INFO:colcon.colcon_core.shell:Creating package descriptor '/home/eit-lab/ros2_karan_ws/src/install/rplidar_ros/share/rplidar_ros/package.dsv'
[0.471s] INFO:colcon.colcon_core.shell:Creating package script '/home/eit-lab/ros2_karan_ws/src/install/rplidar_ros/share/rplidar_ros/package.sh'
[0.473s] INFO:colcon.colcon_core.shell:Creating package script '/home/eit-lab/ros2_karan_ws/src/install/rplidar_ros/share/rplidar_ros/package.bash'
[0.473s] INFO:colcon.colcon_core.shell:Creating package script '/home/eit-lab/ros2_karan_ws/src/install/rplidar_ros/share/rplidar_ros/package.zsh'
[0.474s] Level 1:colcon.colcon_core.environment:create_file_with_runtime_dependencies(/home/eit-lab/ros2_karan_ws/src/install/rplidar_ros/share/colcon-core/packages/rplidar_ros)
[0.504s] Level 1:colcon.colcon_core.environment:create_environment_scripts_only(rplidar_ros)
[0.506s] Level 1:colcon.colcon_core.environment:checking '/home/eit-lab/ros2_karan_ws/src/install/rplidar_ros' for CMake module files
[0.507s] Level 1:colcon.colcon_core.environment:checking '/home/eit-lab/ros2_karan_ws/src/install/rplidar_ros' for CMake config files
[0.507s] Level 1:colcon.colcon_core.shell:create_environment_hook('rplidar_ros', 'cmake_prefix_path')
[0.508s] INFO:colcon.colcon_core.shell:Creating environment hook '/home/eit-lab/ros2_karan_ws/src/install/rplidar_ros/share/rplidar_ros/hook/cmake_prefix_path.ps1'
[0.509s] INFO:colcon.colcon_core.shell:Creating environment descriptor '/home/eit-lab/ros2_karan_ws/src/install/rplidar_ros/share/rplidar_ros/hook/cmake_prefix_path.dsv'
[0.509s] INFO:colcon.colcon_core.shell:Creating environment hook '/home/eit-lab/ros2_karan_ws/src/install/rplidar_ros/share/rplidar_ros/hook/cmake_prefix_path.sh'
[0.509s] Level 1:colcon.colcon_core.environment:checking '/home/eit-lab/ros2_karan_ws/src/install/rplidar_ros/lib'
[0.510s] Level 1:colcon.colcon_core.shell:create_environment_hook('rplidar_ros', 'ld_library_path_lib')
[0.511s] INFO:colcon.colcon_core.shell:Creating environment hook '/home/eit-lab/ros2_karan_ws/src/install/rplidar_ros/share/rplidar_ros/hook/ld_library_path_lib.ps1'
[0.511s] INFO:colcon.colcon_core.shell:Creating environment descriptor '/home/eit-lab/ros2_karan_ws/src/install/rplidar_ros/share/rplidar_ros/hook/ld_library_path_lib.dsv'
[0.512s] INFO:colcon.colcon_core.shell:Creating environment hook '/home/eit-lab/ros2_karan_ws/src/install/rplidar_ros/share/rplidar_ros/hook/ld_library_path_lib.sh'
[0.512s] Level 1:colcon.colcon_core.environment:checking '/home/eit-lab/ros2_karan_ws/src/install/rplidar_ros/bin'
[0.512s] Level 1:colcon.colcon_core.environment:checking '/home/eit-lab/ros2_karan_ws/src/install/rplidar_ros/lib/pkgconfig/rplidar_ros.pc'
[0.512s] Level 1:colcon.colcon_core.environment:checking '/home/eit-lab/ros2_karan_ws/src/install/rplidar_ros/lib/python3.8/site-packages'
[0.512s] Level 1:colcon.colcon_core.environment:checking '/home/eit-lab/ros2_karan_ws/src/install/rplidar_ros/bin'
[0.514s] INFO:colcon.colcon_core.shell:Creating package script '/home/eit-lab/ros2_karan_ws/src/install/rplidar_ros/share/rplidar_ros/package.ps1'
[0.514s] INFO:colcon.colcon_core.shell:Creating package descriptor '/home/eit-lab/ros2_karan_ws/src/install/rplidar_ros/share/rplidar_ros/package.dsv'
[0.515s] INFO:colcon.colcon_core.shell:Creating package script '/home/eit-lab/ros2_karan_ws/src/install/rplidar_ros/share/rplidar_ros/package.sh'
[0.515s] INFO:colcon.colcon_core.shell:Creating package script '/home/eit-lab/ros2_karan_ws/src/install/rplidar_ros/share/rplidar_ros/package.bash'
[0.515s] INFO:colcon.colcon_core.shell:Creating package script '/home/eit-lab/ros2_karan_ws/src/install/rplidar_ros/share/rplidar_ros/package.zsh'
[0.516s] Level 1:colcon.colcon_core.environment:create_file_with_runtime_dependencies(/home/eit-lab/ros2_karan_ws/src/install/rplidar_ros/share/colcon-core/packages/rplidar_ros)
[0.518s] DEBUG:colcon.colcon_core.event_handler.log_command:Invoked command in '/home/eit-lab/ros2_karan_ws/src/build/bboxes_ex_msgs' returned '0': CMAKE_PREFIX_PATH=${CMAKE_PREFIX_PATH}:/home/eit-lab/ros2_karan_ws/src/install/yolov5_ros:/home/eit-lab/ros2_karan_ws/src/install/cv_basics:/home/eit-lab/ros2_karan_ws/install/cv_basics:/opt/ros/foxy /usr/bin/cmake --build /home/eit-lab/ros2_karan_ws/src/build/bboxes_ex_msgs -- -j8 -l8
[0.567s] DEBUG:colcon.colcon_core.event_handler.log_command:Invoking command in '/home/eit-lab/ros2_karan_ws/src/build/bboxes_ex_msgs': CMAKE_PREFIX_PATH=${CMAKE_PREFIX_PATH}:/home/eit-lab/ros2_karan_ws/src/install/yolov5_ros:/home/eit-lab/ros2_karan_ws/src/install/cv_basics:/home/eit-lab/ros2_karan_ws/install/cv_basics:/opt/ros/foxy /usr/bin/cmake --install /home/eit-lab/ros2_karan_ws/src/build/bboxes_ex_msgs
[0.620s] Level 1:colcon.colcon_core.environment:create_environment_scripts_only(bboxes_ex_msgs)
[0.620s] DEBUG:colcon.colcon_core.event_handler.log_command:Invoked command in '/home/eit-lab/ros2_karan_ws/src/build/bboxes_ex_msgs' returned '0': CMAKE_PREFIX_PATH=${CMAKE_PREFIX_PATH}:/home/eit-lab/ros2_karan_ws/src/install/yolov5_ros:/home/eit-lab/ros2_karan_ws/src/install/cv_basics:/home/eit-lab/ros2_karan_ws/install/cv_basics:/opt/ros/foxy /usr/bin/cmake --install /home/eit-lab/ros2_karan_ws/src/build/bboxes_ex_msgs
[0.623s] Level 1:colcon.colcon_core.environment:checking '/home/eit-lab/ros2_karan_ws/src/install/bboxes_ex_msgs' for CMake module files
[0.624s] Level 1:colcon.colcon_core.environment:checking '/home/eit-lab/ros2_karan_ws/src/install/bboxes_ex_msgs' for CMake config files
[0.624s] Level 1:colcon.colcon_core.shell:create_environment_hook('bboxes_ex_msgs', 'cmake_prefix_path')
[0.625s] INFO:colcon.colcon_core.shell:Creating environment hook '/home/eit-lab/ros2_karan_ws/src/install/bboxes_ex_msgs/share/bboxes_ex_msgs/hook/cmake_prefix_path.ps1'
[0.626s] INFO:colcon.colcon_core.shell:Creating environment descriptor '/home/eit-lab/ros2_karan_ws/src/install/bboxes_ex_msgs/share/bboxes_ex_msgs/hook/cmake_prefix_path.dsv'
[0.626s] INFO:colcon.colcon_core.shell:Creating environment hook '/home/eit-lab/ros2_karan_ws/src/install/bboxes_ex_msgs/share/bboxes_ex_msgs/hook/cmake_prefix_path.sh'
[0.627s] Level 1:colcon.colcon_core.environment:checking '/home/eit-lab/ros2_karan_ws/src/install/bboxes_ex_msgs/lib'
[0.627s] Level 1:colcon.colcon_core.shell:create_environment_hook('bboxes_ex_msgs', 'ld_library_path_lib')
[0.628s] INFO:colcon.colcon_core.shell:Creating environment hook '/home/eit-lab/ros2_karan_ws/src/install/bboxes_ex_msgs/share/bboxes_ex_msgs/hook/ld_library_path_lib.ps1'
[0.628s] INFO:colcon.colcon_core.shell:Creating environment descriptor '/home/eit-lab/ros2_karan_ws/src/install/bboxes_ex_msgs/share/bboxes_ex_msgs/hook/ld_library_path_lib.dsv'
[0.629s] INFO:colcon.colcon_core.shell:Creating environment hook '/home/eit-lab/ros2_karan_ws/src/install/bboxes_ex_msgs/share/bboxes_ex_msgs/hook/ld_library_path_lib.sh'
[0.629s] Level 1:colcon.colcon_core.environment:checking '/home/eit-lab/ros2_karan_ws/src/install/bboxes_ex_msgs/bin'
[0.629s] Level 1:colcon.colcon_core.environment:checking '/home/eit-lab/ros2_karan_ws/src/install/bboxes_ex_msgs/lib/pkgconfig/bboxes_ex_msgs.pc'
[0.629s] Level 1:colcon.colcon_core.environment:checking '/home/eit-lab/ros2_karan_ws/src/install/bboxes_ex_msgs/lib/python3.8/site-packages'
[0.629s] Level 1:colcon.colcon_core.shell:create_environment_hook('bboxes_ex_msgs', 'pythonpath')
[0.630s] INFO:colcon.colcon_core.shell:Creating environment hook '/home/eit-lab/ros2_karan_ws/src/install/bboxes_ex_msgs/share/bboxes_ex_msgs/hook/pythonpath.ps1'
[0.631s] INFO:colcon.colcon_core.shell:Creating environment descriptor '/home/eit-lab/ros2_karan_ws/src/install/bboxes_ex_msgs/share/bboxes_ex_msgs/hook/pythonpath.dsv'
[0.631s] INFO:colcon.colcon_core.shell:Creating environment hook '/home/eit-lab/ros2_karan_ws/src/install/bboxes_ex_msgs/share/bboxes_ex_msgs/hook/pythonpath.sh'
[0.631s] Level 1:colcon.colcon_core.environment:checking '/home/eit-lab/ros2_karan_ws/src/install/bboxes_ex_msgs/bin'
[0.633s] INFO:colcon.colcon_core.shell:Creating package script '/home/eit-lab/ros2_karan_ws/src/install/bboxes_ex_msgs/share/bboxes_ex_msgs/package.ps1'
[0.633s] INFO:colcon.colcon_core.shell:Creating package descriptor '/home/eit-lab/ros2_karan_ws/src/install/bboxes_ex_msgs/share/bboxes_ex_msgs/package.dsv'
[0.633s] INFO:colcon.colcon_core.shell:Creating package script '/home/eit-lab/ros2_karan_ws/src/install/bboxes_ex_msgs/share/bboxes_ex_msgs/package.sh'
[0.634s] INFO:colcon.colcon_core.shell:Creating package script '/home/eit-lab/ros2_karan_ws/src/install/bboxes_ex_msgs/share/bboxes_ex_msgs/package.bash'
[0.634s] INFO:colcon.colcon_core.shell:Creating package script '/home/eit-lab/ros2_karan_ws/src/install/bboxes_ex_msgs/share/bboxes_ex_msgs/package.zsh'
[0.634s] Level 1:colcon.colcon_core.environment:create_file_with_runtime_dependencies(/home/eit-lab/ros2_karan_ws/src/install/bboxes_ex_msgs/share/colcon-core/packages/bboxes_ex_msgs)
[0.685s] Level 1:colcon.colcon_core.environment:create_environment_scripts_only(bboxes_ex_msgs)
[0.687s] Level 1:colcon.colcon_core.environment:checking '/home/eit-lab/ros2_karan_ws/src/install/bboxes_ex_msgs' for CMake module files
[0.688s] Level 1:colcon.colcon_core.environment:checking '/home/eit-lab/ros2_karan_ws/src/install/bboxes_ex_msgs' for CMake config files
[0.688s] Level 1:colcon.colcon_core.shell:create_environment_hook('bboxes_ex_msgs', 'cmake_prefix_path')
[0.690s] INFO:colcon.colcon_core.shell:Creating environment hook '/home/eit-lab/ros2_karan_ws/src/install/bboxes_ex_msgs/share/bboxes_ex_msgs/hook/cmake_prefix_path.ps1'
[0.690s] INFO:colcon.colcon_core.shell:Creating environment descriptor '/home/eit-lab/ros2_karan_ws/src/install/bboxes_ex_msgs/share/bboxes_ex_msgs/hook/cmake_prefix_path.dsv'
[0.691s] INFO:colcon.colcon_core.shell:Creating environment hook '/home/eit-lab/ros2_karan_ws/src/install/bboxes_ex_msgs/share/bboxes_ex_msgs/hook/cmake_prefix_path.sh'
[0.691s] Level 1:colcon.colcon_core.environment:checking '/home/eit-lab/ros2_karan_ws/src/install/bboxes_ex_msgs/lib'
[0.691s] Level 1:colcon.colcon_core.shell:create_environment_hook('bboxes_ex_msgs', 'ld_library_path_lib')
[0.693s] INFO:colcon.colcon_core.shell:Creating environment hook '/home/eit-lab/ros2_karan_ws/src/install/bboxes_ex_msgs/share/bboxes_ex_msgs/hook/ld_library_path_lib.ps1'
[0.693s] INFO:colcon.colcon_core.shell:Creating environment descriptor '/home/eit-lab/ros2_karan_ws/src/install/bboxes_ex_msgs/share/bboxes_ex_msgs/hook/ld_library_path_lib.dsv'
[0.693s] INFO:colcon.colcon_core.shell:Creating environment hook '/home/eit-lab/ros2_karan_ws/src/install/bboxes_ex_msgs/share/bboxes_ex_msgs/hook/ld_library_path_lib.sh'
[0.694s] Level 1:colcon.colcon_core.environment:checking '/home/eit-lab/ros2_karan_ws/src/install/bboxes_ex_msgs/bin'
[0.694s] Level 1:colcon.colcon_core.environment:checking '/home/eit-lab/ros2_karan_ws/src/install/bboxes_ex_msgs/lib/pkgconfig/bboxes_ex_msgs.pc'
[0.694s] Level 1:colcon.colcon_core.environment:checking '/home/eit-lab/ros2_karan_ws/src/install/bboxes_ex_msgs/lib/python3.8/site-packages'
[0.694s] Level 1:colcon.colcon_core.shell:create_environment_hook('bboxes_ex_msgs', 'pythonpath')
[0.695s] INFO:colcon.colcon_core.shell:Creating environment hook '/home/eit-lab/ros2_karan_ws/src/install/bboxes_ex_msgs/share/bboxes_ex_msgs/hook/pythonpath.ps1'
[0.696s] INFO:colcon.colcon_core.shell:Creating environment descriptor '/home/eit-lab/ros2_karan_ws/src/install/bboxes_ex_msgs/share/bboxes_ex_msgs/hook/pythonpath.dsv'
[0.696s] INFO:colcon.colcon_core.shell:Creating environment hook '/home/eit-lab/ros2_karan_ws/src/install/bboxes_ex_msgs/share/bboxes_ex_msgs/hook/pythonpath.sh'
[0.697s] Level 1:colcon.colcon_core.environment:checking '/home/eit-lab/ros2_karan_ws/src/install/bboxes_ex_msgs/bin'
[0.698s] INFO:colcon.colcon_core.shell:Creating package script '/home/eit-lab/ros2_karan_ws/src/install/bboxes_ex_msgs/share/bboxes_ex_msgs/package.ps1'
[0.699s] INFO:colcon.colcon_core.shell:Creating package descriptor '/home/eit-lab/ros2_karan_ws/src/install/bboxes_ex_msgs/share/bboxes_ex_msgs/package.dsv'
[0.699s] INFO:colcon.colcon_core.shell:Creating package script '/home/eit-lab/ros2_karan_ws/src/install/bboxes_ex_msgs/share/bboxes_ex_msgs/package.sh'
[0.700s] INFO:colcon.colcon_core.shell:Creating package script '/home/eit-lab/ros2_karan_ws/src/install/bboxes_ex_msgs/share/bboxes_ex_msgs/package.bash'
[0.700s] INFO:colcon.colcon_core.shell:Creating package script '/home/eit-lab/ros2_karan_ws/src/install/bboxes_ex_msgs/share/bboxes_ex_msgs/package.zsh'
[0.700s] Level 1:colcon.colcon_core.environment:create_file_with_runtime_dependencies(/home/eit-lab/ros2_karan_ws/src/install/bboxes_ex_msgs/share/colcon-core/packages/bboxes_ex_msgs)
[0.701s] INFO:colcon.colcon_ros.task.ament_python.build:Building ROS package in '/home/eit-lab/ros2_karan_ws/src/cv_basics' with build type 'ament_python'
[0.701s] Level 1:colcon.colcon_core.shell:create_environment_hook('cv_basics', 'ament_prefix_path')
[0.702s] INFO:colcon.colcon_core.shell:Creating environment hook '/home/eit-lab/ros2_karan_ws/src/install/cv_basics/share/cv_basics/hook/ament_prefix_path.ps1'
[0.703s] INFO:colcon.colcon_core.shell:Creating environment descriptor '/home/eit-lab/ros2_karan_ws/src/install/cv_basics/share/cv_basics/hook/ament_prefix_path.dsv'
[0.703s] INFO:colcon.colcon_core.shell:Creating environment hook '/home/eit-lab/ros2_karan_ws/src/install/cv_basics/share/cv_basics/hook/ament_prefix_path.sh'
[0.704s] INFO:colcon.colcon_core.shell:Skip shell extension 'powershell' for command environment: Not usable outside of PowerShell
[0.704s] DEBUG:colcon.colcon_core.shell:Skip shell extension 'dsv' for command environment
[0.711s] INFO:colcon.colcon_ros.task.ament_python.build:Building ROS package in '/home/eit-lab/ros2_karan_ws/src/YOLOv5-ROS/yolov5_ros' with build type 'ament_python'
[0.711s] Level 1:colcon.colcon_core.shell:create_environment_hook('yolov5_ros', 'ament_prefix_path')
[0.712s] INFO:colcon.colcon_core.shell:Creating environment hook '/home/eit-lab/ros2_karan_ws/src/install/yolov5_ros/share/yolov5_ros/hook/ament_prefix_path.ps1'
[0.713s] INFO:colcon.colcon_core.shell:Creating environment descriptor '/home/eit-lab/ros2_karan_ws/src/install/yolov5_ros/share/yolov5_ros/hook/ament_prefix_path.dsv'
[0.713s] INFO:colcon.colcon_core.shell:Creating environment hook '/home/eit-lab/ros2_karan_ws/src/install/yolov5_ros/share/yolov5_ros/hook/ament_prefix_path.sh'
[0.715s] INFO:colcon.colcon_core.shell:Skip shell extension 'powershell' for command environment: Not usable outside of PowerShell
[0.715s] DEBUG:colcon.colcon_core.shell:Skip shell extension 'dsv' for command environment
[0.934s] INFO:colcon.colcon_core.task.python.build:Building Python package in '/home/eit-lab/ros2_karan_ws/src/cv_basics'
[0.936s] INFO:colcon.colcon_core.shell:Skip shell extension 'powershell' for command environment: Not usable outside of PowerShell
[0.936s] DEBUG:colcon.colcon_core.shell:Skip shell extension 'dsv' for command environment
[1.159s] INFO:colcon.colcon_core.task.python.build:Building Python package in '/home/eit-lab/ros2_karan_ws/src/YOLOv5-ROS/yolov5_ros'
[1.161s] INFO:colcon.colcon_core.shell:Skip shell extension 'powershell' for command environment: Not usable outside of PowerShell
[1.161s] DEBUG:colcon.colcon_core.shell:Skip shell extension 'dsv' for command environment
[1.527s] DEBUG:colcon.colcon_core.event_handler.log_command:Invoking command in '/home/eit-lab/ros2_karan_ws/src/YOLOv5-ROS/yolov5_ros': CMAKE_PREFIX_PATH=/home/eit-lab/ros2_karan_ws/src/install/bboxes_ex_msgs:/home/eit-lab/ros2_karan_ws/src/install/rplidar_ros:/home/eit-lab/ros2_karan_ws/install/yolov5_ros:/home/eit-lab/ros2_karan_ws/install/rplidar_ros LD_LIBRARY_PATH=/home/eit-lab/ros2_karan_ws/src/install/bboxes_ex_msgs/lib:/home/eit-lab/ros2_karan_ws/src/install/rplidar_ros/lib:/home/eit-lab/ros2_karan_ws/install/rplidar_ros/lib:/opt/ros/foxy/opt/yaml_cpp_vendor/lib:/opt/ros/foxy/opt/rviz_ogre_vendor/lib:/opt/ros/foxy/lib/x86_64-linux-gnu:/opt/ros/foxy/lib PYTHONPATH=/home/eit-lab/ros2_karan_ws/src/install/yolov5_ros/lib/python3.8/site-packages:/home/eit-lab/ros2_karan_ws/src/install/bboxes_ex_msgs/lib/python3.8/site-packages:/home/eit-lab/ros2_karan_ws/src/install/yolov5_ros/lib/python3.8/site-packages:/home/eit-lab/ros2_karan_ws/src/install/cv_basics/lib/python3.8/site-packages:/home/eit-lab/ros2_karan_ws/install/yolov5_ros/lib/python3.8/site-packages:/home/eit-lab/ros2_karan_ws/install/cv_basics/lib/python3.8/site-packages:/opt/ros/foxy/lib/python3.8/site-packages /usr/bin/python3 setup.py egg_info --egg-base ../../build/yolov5_ros build --build-base /home/eit-lab/ros2_karan_ws/src/build/yolov5_ros/build install --prefix /home/eit-lab/ros2_karan_ws/src/install/yolov5_ros --record /home/eit-lab/ros2_karan_ws/src/build/yolov5_ros/install.log --single-version-externally-managed
[1.538s] DEBUG:colcon.colcon_core.event_handler.log_command:Invoking command in '/home/eit-lab/ros2_karan_ws/src/cv_basics': CMAKE_PREFIX_PATH=/home/eit-lab/ros2_karan_ws/src/install/bboxes_ex_msgs:/home/eit-lab/ros2_karan_ws/src/install/rplidar_ros:/home/eit-lab/ros2_karan_ws/install/yolov5_ros:/home/eit-lab/ros2_karan_ws/install/rplidar_ros LD_LIBRARY_PATH=/home/eit-lab/ros2_karan_ws/src/install/bboxes_ex_msgs/lib:/home/eit-lab/ros2_karan_ws/src/install/rplidar_ros/lib:/home/eit-lab/ros2_karan_ws/install/rplidar_ros/lib:/opt/ros/foxy/opt/yaml_cpp_vendor/lib:/opt/ros/foxy/opt/rviz_ogre_vendor/lib:/opt/ros/foxy/lib/x86_64-linux-gnu:/opt/ros/foxy/lib PYTHONPATH=/home/eit-lab/ros2_karan_ws/src/install/cv_basics/lib/python3.8/site-packages:/home/eit-lab/ros2_karan_ws/src/install/bboxes_ex_msgs/lib/python3.8/site-packages:/home/eit-lab/ros2_karan_ws/src/install/yolov5_ros/lib/python3.8/site-packages:/home/eit-lab/ros2_karan_ws/src/install/cv_basics/lib/python3.8/site-packages:/home/eit-lab/ros2_karan_ws/install/yolov5_ros/lib/python3.8/site-packages:/home/eit-lab/ros2_karan_ws/install/cv_basics/lib/python3.8/site-packages:/opt/ros/foxy/lib/python3.8/site-packages /usr/bin/python3 setup.py egg_info --egg-base ../build/cv_basics build --build-base /home/eit-lab/ros2_karan_ws/src/build/cv_basics/build install --prefix /home/eit-lab/ros2_karan_ws/src/install/cv_basics --record /home/eit-lab/ros2_karan_ws/src/build/cv_basics/install.log --single-version-externally-managed
[1.804s] Level 1:colcon.colcon_core.environment:checking '/home/eit-lab/ros2_karan_ws/src/install/yolov5_ros' for CMake module files
[1.805s] DEBUG:colcon.colcon_core.event_handler.log_command:Invoked command in '/home/eit-lab/ros2_karan_ws/src/YOLOv5-ROS/yolov5_ros' returned '0': CMAKE_PREFIX_PATH=/home/eit-lab/ros2_karan_ws/src/install/bboxes_ex_msgs:/home/eit-lab/ros2_karan_ws/src/install/rplidar_ros:/home/eit-lab/ros2_karan_ws/install/yolov5_ros:/home/eit-lab/ros2_karan_ws/install/rplidar_ros LD_LIBRARY_PATH=/home/eit-lab/ros2_karan_ws/src/install/bboxes_ex_msgs/lib:/home/eit-lab/ros2_karan_ws/src/install/rplidar_ros/lib:/home/eit-lab/ros2_karan_ws/install/rplidar_ros/lib:/opt/ros/foxy/opt/yaml_cpp_vendor/lib:/opt/ros/foxy/opt/rviz_ogre_vendor/lib:/opt/ros/foxy/lib/x86_64-linux-gnu:/opt/ros/foxy/lib PYTHONPATH=/home/eit-lab/ros2_karan_ws/src/install/yolov5_ros/lib/python3.8/site-packages:/home/eit-lab/ros2_karan_ws/src/install/bboxes_ex_msgs/lib/python3.8/site-packages:/home/eit-lab/ros2_karan_ws/src/install/yolov5_ros/lib/python3.8/site-packages:/home/eit-lab/ros2_karan_ws/src/install/cv_basics/lib/python3.8/site-packages:/home/eit-lab/ros2_karan_ws/install/yolov5_ros/lib/python3.8/site-packages:/home/eit-lab/ros2_karan_ws/install/cv_basics/lib/python3.8/site-packages:/opt/ros/foxy/lib/python3.8/site-packages /usr/bin/python3 setup.py egg_info --egg-base ../../build/yolov5_ros build --build-base /home/eit-lab/ros2_karan_ws/src/build/yolov5_ros/build install --prefix /home/eit-lab/ros2_karan_ws/src/install/yolov5_ros --record /home/eit-lab/ros2_karan_ws/src/build/yolov5_ros/install.log --single-version-externally-managed
[1.805s] Level 1:colcon.colcon_core.environment:checking '/home/eit-lab/ros2_karan_ws/src/install/yolov5_ros' for CMake config files
[1.806s] Level 1:colcon.colcon_core.environment:checking '/home/eit-lab/ros2_karan_ws/src/install/yolov5_ros/lib'
[1.806s] Level 1:colcon.colcon_core.environment:checking '/home/eit-lab/ros2_karan_ws/src/install/yolov5_ros/bin'
[1.806s] Level 1:colcon.colcon_core.environment:checking '/home/eit-lab/ros2_karan_ws/src/install/yolov5_ros/lib/pkgconfig/yolov5_ros.pc'
[1.806s] Level 1:colcon.colcon_core.environment:checking '/home/eit-lab/ros2_karan_ws/src/install/yolov5_ros/lib/python3.8/site-packages'
[1.806s] Level 1:colcon.colcon_core.shell:create_environment_hook('yolov5_ros', 'pythonpath')
[1.807s] INFO:colcon.colcon_core.shell:Creating environment hook '/home/eit-lab/ros2_karan_ws/src/install/yolov5_ros/share/yolov5_ros/hook/pythonpath.ps1'
[1.808s] INFO:colcon.colcon_core.shell:Creating environment descriptor '/home/eit-lab/ros2_karan_ws/src/install/yolov5_ros/share/yolov5_ros/hook/pythonpath.dsv'
[1.808s] INFO:colcon.colcon_core.shell:Creating environment hook '/home/eit-lab/ros2_karan_ws/src/install/yolov5_ros/share/yolov5_ros/hook/pythonpath.sh'
[1.808s] Level 1:colcon.colcon_core.environment:checking '/home/eit-lab/ros2_karan_ws/src/install/yolov5_ros/bin'
[1.808s] Level 1:colcon.colcon_core.environment:create_environment_scripts_only(yolov5_ros)
[1.810s] INFO:colcon.colcon_core.shell:Creating package script '/home/eit-lab/ros2_karan_ws/src/install/yolov5_ros/share/yolov5_ros/package.ps1'
[1.810s] INFO:colcon.colcon_core.shell:Creating package descriptor '/home/eit-lab/ros2_karan_ws/src/install/yolov5_ros/share/yolov5_ros/package.dsv'
[1.810s] INFO:colcon.colcon_core.shell:Creating package script '/home/eit-lab/ros2_karan_ws/src/install/yolov5_ros/share/yolov5_ros/package.sh'
[1.811s] INFO:colcon.colcon_core.shell:Creating package script '/home/eit-lab/ros2_karan_ws/src/install/yolov5_ros/share/yolov5_ros/package.bash'
[1.811s] INFO:colcon.colcon_core.shell:Creating package script '/home/eit-lab/ros2_karan_ws/src/install/yolov5_ros/share/yolov5_ros/package.zsh'
[1.811s] Level 1:colcon.colcon_core.environment:create_file_with_runtime_dependencies(/home/eit-lab/ros2_karan_ws/src/install/yolov5_ros/share/colcon-core/packages/yolov5_ros)
[1.819s] Level 1:colcon.colcon_core.environment:checking '/home/eit-lab/ros2_karan_ws/src/install/cv_basics' for CMake module files
[1.820s] DEBUG:colcon.colcon_core.event_handler.log_command:Invoked command in '/home/eit-lab/ros2_karan_ws/src/cv_basics' returned '0': CMAKE_PREFIX_PATH=/home/eit-lab/ros2_karan_ws/src/install/bboxes_ex_msgs:/home/eit-lab/ros2_karan_ws/src/install/rplidar_ros:/home/eit-lab/ros2_karan_ws/install/yolov5_ros:/home/eit-lab/ros2_karan_ws/install/rplidar_ros LD_LIBRARY_PATH=/home/eit-lab/ros2_karan_ws/src/install/bboxes_ex_msgs/lib:/home/eit-lab/ros2_karan_ws/src/install/rplidar_ros/lib:/home/eit-lab/ros2_karan_ws/install/rplidar_ros/lib:/opt/ros/foxy/opt/yaml_cpp_vendor/lib:/opt/ros/foxy/opt/rviz_ogre_vendor/lib:/opt/ros/foxy/lib/x86_64-linux-gnu:/opt/ros/foxy/lib PYTHONPATH=/home/eit-lab/ros2_karan_ws/src/install/cv_basics/lib/python3.8/site-packages:/home/eit-lab/ros2_karan_ws/src/install/bboxes_ex_msgs/lib/python3.8/site-packages:/home/eit-lab/ros2_karan_ws/src/install/yolov5_ros/lib/python3.8/site-packages:/home/eit-lab/ros2_karan_ws/src/install/cv_basics/lib/python3.8/site-packages:/home/eit-lab/ros2_karan_ws/install/yolov5_ros/lib/python3.8/site-packages:/home/eit-lab/ros2_karan_ws/install/cv_basics/lib/python3.8/site-packages:/opt/ros/foxy/lib/python3.8/site-packages /usr/bin/python3 setup.py egg_info --egg-base ../build/cv_basics build --build-base /home/eit-lab/ros2_karan_ws/src/build/cv_basics/build install --prefix /home/eit-lab/ros2_karan_ws/src/install/cv_basics --record /home/eit-lab/ros2_karan_ws/src/build/cv_basics/install.log --single-version-externally-managed
[1.820s] Level 1:colcon.colcon_core.environment:checking '/home/eit-lab/ros2_karan_ws/src/install/cv_basics' for CMake config files
[1.820s] Level 1:colcon.colcon_core.environment:checking '/home/eit-lab/ros2_karan_ws/src/install/cv_basics/lib'
[1.820s] Level 1:colcon.colcon_core.environment:checking '/home/eit-lab/ros2_karan_ws/src/install/cv_basics/bin'
[1.820s] Level 1:colcon.colcon_core.environment:checking '/home/eit-lab/ros2_karan_ws/src/install/cv_basics/lib/pkgconfig/cv_basics.pc'
[1.821s] Level 1:colcon.colcon_core.environment:checking '/home/eit-lab/ros2_karan_ws/src/install/cv_basics/lib/python3.8/site-packages'
[1.821s] Level 1:colcon.colcon_core.shell:create_environment_hook('cv_basics', 'pythonpath')
[1.822s] INFO:colcon.colcon_core.shell:Creating environment hook '/home/eit-lab/ros2_karan_ws/src/install/cv_basics/share/cv_basics/hook/pythonpath.ps1'
[1.822s] INFO:colcon.colcon_core.shell:Creating environment descriptor '/home/eit-lab/ros2_karan_ws/src/install/cv_basics/share/cv_basics/hook/pythonpath.dsv'
[1.822s] INFO:colcon.colcon_core.shell:Creating environment hook '/home/eit-lab/ros2_karan_ws/src/install/cv_basics/share/cv_basics/hook/pythonpath.sh'
[1.823s] Level 1:colcon.colcon_core.environment:checking '/home/eit-lab/ros2_karan_ws/src/install/cv_basics/bin'
[1.823s] Level 1:colcon.colcon_core.environment:create_environment_scripts_only(cv_basics)
[1.824s] INFO:colcon.colcon_core.shell:Creating package script '/home/eit-lab/ros2_karan_ws/src/install/cv_basics/share/cv_basics/package.ps1'
[1.824s] INFO:colcon.colcon_core.shell:Creating package descriptor '/home/eit-lab/ros2_karan_ws/src/install/cv_basics/share/cv_basics/package.dsv'
[1.825s] INFO:colcon.colcon_core.shell:Creating package script '/home/eit-lab/ros2_karan_ws/src/install/cv_basics/share/cv_basics/package.sh'
[1.825s] INFO:colcon.colcon_core.shell:Creating package script '/home/eit-lab/ros2_karan_ws/src/install/cv_basics/share/cv_basics/package.bash'
[1.825s] INFO:colcon.colcon_core.shell:Creating package script '/home/eit-lab/ros2_karan_ws/src/install/cv_basics/share/cv_basics/package.zsh'
[1.826s] Level 1:colcon.colcon_core.environment:create_file_with_runtime_dependencies(/home/eit-lab/ros2_karan_ws/src/install/cv_basics/share/colcon-core/packages/cv_basics)
[1.826s] DEBUG:colcon.colcon_parallel_executor.executor.parallel:closing loop
[1.826s] DEBUG:colcon.colcon_parallel_executor.executor.parallel:loop closed
[1.826s] DEBUG:colcon.colcon_parallel_executor.executor.parallel:run_until_complete finished with '0'
[1.826s] DEBUG:colcon.colcon_core.event_reactor:joining thread
[1.833s] INFO:colcon.colcon_core.plugin_system:Skipping extension 'colcon_notification.desktop_notification.terminal_notifier': Not used on non-Darwin systems
[1.833s] INFO:colcon.colcon_core.plugin_system:Skipping extension 'colcon_notification.desktop_notification.win32': Not used on non-Windows systems
[1.833s] INFO:colcon.colcon_notification.desktop_notification:Sending desktop notification using 'notify2'
[1.847s] DEBUG:colcon.colcon_core.event_reactor:joined thread
[1.848s] INFO:colcon.colcon_core.shell:Creating prefix script '/home/eit-lab/ros2_karan_ws/src/install/local_setup.ps1'
[1.849s] INFO:colcon.colcon_core.shell:Creating prefix util module '/home/eit-lab/ros2_karan_ws/src/install/_local_setup_util_ps1.py'
[1.851s] INFO:colcon.colcon_core.shell:Creating prefix chain script '/home/eit-lab/ros2_karan_ws/src/install/setup.ps1'
[1.853s] INFO:colcon.colcon_core.shell:Creating prefix script '/home/eit-lab/ros2_karan_ws/src/install/local_setup.sh'
[1.853s] INFO:colcon.colcon_core.shell:Creating prefix util module '/home/eit-lab/ros2_karan_ws/src/install/_local_setup_util_sh.py'
[1.854s] INFO:colcon.colcon_core.shell:Creating prefix chain script '/home/eit-lab/ros2_karan_ws/src/install/setup.sh'
[1.856s] INFO:colcon.colcon_core.shell:Creating prefix script '/home/eit-lab/ros2_karan_ws/src/install/local_setup.bash'
[1.856s] INFO:colcon.colcon_core.shell:Creating prefix chain script '/home/eit-lab/ros2_karan_ws/src/install/setup.bash'
[1.858s] INFO:colcon.colcon_core.shell:Creating prefix script '/home/eit-lab/ros2_karan_ws/src/install/local_setup.zsh'
[1.858s] INFO:colcon.colcon_core.shell:Creating prefix chain script '/home/eit-lab/ros2_karan_ws/src/install/setup.zsh'
