/home/eit-lab/ros2_karan_ws/src/install/cv_basics/lib/python3.8/site-packages/cv_basics/__init__.py
/home/eit-lab/ros2_karan_ws/src/install/cv_basics/lib/python3.8/site-packages/cv_basics/filtered_scan.py
/home/eit-lab/ros2_karan_ws/src/install/cv_basics/lib/python3.8/site-packages/cv_basics/detect.py
/home/eit-lab/ros2_karan_ws/src/install/cv_basics/lib/python3.8/site-packages/cv_basics/webcam_sub.py
/home/eit-lab/ros2_karan_ws/src/install/cv_basics/lib/python3.8/site-packages/cv_basics/webcam_pub.py
/home/eit-lab/ros2_karan_ws/src/install/cv_basics/lib/python3.8/site-packages/cv_basics/__pycache__/__init__.cpython-38.pyc
/home/eit-lab/ros2_karan_ws/src/install/cv_basics/lib/python3.8/site-packages/cv_basics/__pycache__/filtered_scan.cpython-38.pyc
/home/eit-lab/ros2_karan_ws/src/install/cv_basics/lib/python3.8/site-packages/cv_basics/__pycache__/detect.cpython-38.pyc
/home/eit-lab/ros2_karan_ws/src/install/cv_basics/lib/python3.8/site-packages/cv_basics/__pycache__/webcam_sub.cpython-38.pyc
/home/eit-lab/ros2_karan_ws/src/install/cv_basics/lib/python3.8/site-packages/cv_basics/__pycache__/webcam_pub.cpython-38.pyc
/home/eit-lab/ros2_karan_ws/src/install/cv_basics/share/ament_index/resource_index/packages/cv_basics
/home/eit-lab/ros2_karan_ws/src/install/cv_basics/share/cv_basics/package.xml
/home/eit-lab/ros2_karan_ws/src/install/cv_basics/lib/python3.8/site-packages/cv_basics-0.0.0-py3.8.egg-info/requires.txt
/home/eit-lab/ros2_karan_ws/src/install/cv_basics/lib/python3.8/site-packages/cv_basics-0.0.0-py3.8.egg-info/top_level.txt
/home/eit-lab/ros2_karan_ws/src/install/cv_basics/lib/python3.8/site-packages/cv_basics-0.0.0-py3.8.egg-info/PKG-INFO
/home/eit-lab/ros2_karan_ws/src/install/cv_basics/lib/python3.8/site-packages/cv_basics-0.0.0-py3.8.egg-info/dependency_links.txt
/home/eit-lab/ros2_karan_ws/src/install/cv_basics/lib/python3.8/site-packages/cv_basics-0.0.0-py3.8.egg-info/SOURCES.txt
/home/eit-lab/ros2_karan_ws/src/install/cv_basics/lib/python3.8/site-packages/cv_basics-0.0.0-py3.8.egg-info/zip-safe
/home/eit-lab/ros2_karan_ws/src/install/cv_basics/lib/python3.8/site-packages/cv_basics-0.0.0-py3.8.egg-info/entry_points.txt
/home/eit-lab/ros2_karan_ws/src/install/cv_basics/lib/cv_basics/filtere_scan
/home/eit-lab/ros2_karan_ws/src/install/cv_basics/lib/cv_basics/img_publisher
/home/eit-lab/ros2_karan_ws/src/install/cv_basics/lib/cv_basics/img_subscriber
