running egg_info
creating ../build/cv_basics/cv_basics.egg-info
writing ../build/cv_basics/cv_basics.egg-info/PKG-INFO
writing dependency_links to ../build/cv_basics/cv_basics.egg-info/dependency_links.txt
writing entry points to ../build/cv_basics/cv_basics.egg-info/entry_points.txt
writing requirements to ../build/cv_basics/cv_basics.egg-info/requires.txt
writing top-level names to ../build/cv_basics/cv_basics.egg-info/top_level.txt
writing manifest file '../build/cv_basics/cv_basics.egg-info/SOURCES.txt'
reading manifest file '../build/cv_basics/cv_basics.egg-info/SOURCES.txt'
writing manifest file '../build/cv_basics/cv_basics.egg-info/SOURCES.txt'
running build
running build_py
creating /home/eit-lab/ros2_karan_ws/src/build/cv_basics/build
creating /home/eit-lab/ros2_karan_ws/src/build/cv_basics/build/lib
creating /home/eit-lab/ros2_karan_ws/src/build/cv_basics/build/lib/cv_basics
copying cv_basics/__init__.py -> /home/eit-lab/ros2_karan_ws/src/build/cv_basics/build/lib/cv_basics
copying cv_basics/filtered_scan.py -> /home/eit-lab/ros2_karan_ws/src/build/cv_basics/build/lib/cv_basics
copying cv_basics/detect.py -> /home/eit-lab/ros2_karan_ws/src/build/cv_basics/build/lib/cv_basics
copying cv_basics/webcam_sub.py -> /home/eit-lab/ros2_karan_ws/src/build/cv_basics/build/lib/cv_basics
copying cv_basics/webcam_pub.py -> /home/eit-lab/ros2_karan_ws/src/build/cv_basics/build/lib/cv_basics
running install
running install_lib
creating /home/eit-lab/ros2_karan_ws/src/install/cv_basics/lib/python3.8/site-packages/cv_basics
copying /home/eit-lab/ros2_karan_ws/src/build/cv_basics/build/lib/cv_basics/__init__.py -> /home/eit-lab/ros2_karan_ws/src/install/cv_basics/lib/python3.8/site-packages/cv_basics
copying /home/eit-lab/ros2_karan_ws/src/build/cv_basics/build/lib/cv_basics/filtered_scan.py -> /home/eit-lab/ros2_karan_ws/src/install/cv_basics/lib/python3.8/site-packages/cv_basics
copying /home/eit-lab/ros2_karan_ws/src/build/cv_basics/build/lib/cv_basics/detect.py -> /home/eit-lab/ros2_karan_ws/src/install/cv_basics/lib/python3.8/site-packages/cv_basics
copying /home/eit-lab/ros2_karan_ws/src/build/cv_basics/build/lib/cv_basics/webcam_sub.py -> /home/eit-lab/ros2_karan_ws/src/install/cv_basics/lib/python3.8/site-packages/cv_basics
copying /home/eit-lab/ros2_karan_ws/src/build/cv_basics/build/lib/cv_basics/webcam_pub.py -> /home/eit-lab/ros2_karan_ws/src/install/cv_basics/lib/python3.8/site-packages/cv_basics
byte-compiling /home/eit-lab/ros2_karan_ws/src/install/cv_basics/lib/python3.8/site-packages/cv_basics/__init__.py to __init__.cpython-38.pyc
byte-compiling /home/eit-lab/ros2_karan_ws/src/install/cv_basics/lib/python3.8/site-packages/cv_basics/filtered_scan.py to filtered_scan.cpython-38.pyc
byte-compiling /home/eit-lab/ros2_karan_ws/src/install/cv_basics/lib/python3.8/site-packages/cv_basics/detect.py to detect.cpython-38.pyc
byte-compiling /home/eit-lab/ros2_karan_ws/src/install/cv_basics/lib/python3.8/site-packages/cv_basics/webcam_sub.py to webcam_sub.cpython-38.pyc
byte-compiling /home/eit-lab/ros2_karan_ws/src/install/cv_basics/lib/python3.8/site-packages/cv_basics/webcam_pub.py to webcam_pub.cpython-38.pyc
running install_data
creating /home/eit-lab/ros2_karan_ws/src/install/cv_basics/share/ament_index
creating /home/eit-lab/ros2_karan_ws/src/install/cv_basics/share/ament_index/resource_index
creating /home/eit-lab/ros2_karan_ws/src/install/cv_basics/share/ament_index/resource_index/packages
copying resource/cv_basics -> /home/eit-lab/ros2_karan_ws/src/install/cv_basics/share/ament_index/resource_index/packages
copying package.xml -> /home/eit-lab/ros2_karan_ws/src/install/cv_basics/share/cv_basics
running install_egg_info
Copying ../build/cv_basics/cv_basics.egg-info to /home/eit-lab/ros2_karan_ws/src/install/cv_basics/lib/python3.8/site-packages/cv_basics-0.0.0-py3.8.egg-info
running install_scripts
Installing filtere_scan script to /home/eit-lab/ros2_karan_ws/src/install/cv_basics/lib/cv_basics
Installing img_publisher script to /home/eit-lab/ros2_karan_ws/src/install/cv_basics/lib/cv_basics
Installing img_subscriber script to /home/eit-lab/ros2_karan_ws/src/install/cv_basics/lib/cv_basics
writing list of installed files to '/home/eit-lab/ros2_karan_ws/src/build/cv_basics/install.log'
