[  2%] Built target bboxes_ex_msgs__cpp
[ 12%] Built target bboxes_ex_msgs__rosidl_generator_c
[ 33%] Built target bboxes_ex_msgs__rosidl_typesupport_introspection_cpp
[ 33%] Built target bboxes_ex_msgs__rosidl_typesupport_cpp
[ 43%] Built target bboxes_ex_msgs__rosidl_typesupport_c
[ 53%] Built target bboxes_ex_msgs__rosidl_typesupport_fastrtps_cpp
[ 64%] Built target bboxes_ex_msgs__rosidl_typesupport_introspection_c
[ 74%] Built target bboxes_ex_msgs__rosidl_typesupport_fastrtps_c
[ 74%] Built target bboxes_ex_msgs
[ 76%] Built target bboxes_ex_msgs__py
[ 84%] Built target bboxes_ex_msgs__python
[ 89%] Built target bboxes_ex_msgs__rosidl_typesupport_introspection_c__pyext
[ 94%] Built target bboxes_ex_msgs__rosidl_typesupport_fastrtps_c__pyext
[100%] Built target bboxes_ex_msgs__rosidl_typesupport_c__pyext
-- Install configuration: ""
-- Up-to-date: /home/eit-lab/ros2_karan_ws/src/cv_basics/cv_basics/install/bboxes_ex_msgs/share/ament_index/resource_index/rosidl_interfaces/bboxes_ex_msgs
-- Up-to-date: /home/eit-lab/ros2_karan_ws/src/cv_basics/cv_basics/install/bboxes_ex_msgs/include/bboxes_ex_msgs
-- Up-to-date: /home/eit-lab/ros2_karan_ws/src/cv_basics/cv_basics/install/bboxes_ex_msgs/include/bboxes_ex_msgs/msg
-- Up-to-date: /home/eit-lab/ros2_karan_ws/src/cv_basics/cv_basics/install/bboxes_ex_msgs/include/bboxes_ex_msgs/msg/detail
-- Up-to-date: /home/eit-lab/ros2_karan_ws/src/cv_basics/cv_basics/install/bboxes_ex_msgs/include/bboxes_ex_msgs/msg/detail/bounding_box__functions.c
-- Up-to-date: /home/eit-lab/ros2_karan_ws/src/cv_basics/cv_basics/install/bboxes_ex_msgs/include/bboxes_ex_msgs/msg/detail/bounding_boxes__functions.c
-- Up-to-date: /home/eit-lab/ros2_karan_ws/src/cv_basics/cv_basics/install/bboxes_ex_msgs/include/bboxes_ex_msgs/msg/detail/bounding_boxes__functions.h
-- Up-to-date: /home/eit-lab/ros2_karan_ws/src/cv_basics/cv_basics/install/bboxes_ex_msgs/include/bboxes_ex_msgs/msg/detail/bounding_boxes__type_support.h
-- Up-to-date: /home/eit-lab/ros2_karan_ws/src/cv_basics/cv_basics/install/bboxes_ex_msgs/include/bboxes_ex_msgs/msg/detail/bounding_boxes__struct.h
-- Up-to-date: /home/eit-lab/ros2_karan_ws/src/cv_basics/cv_basics/install/bboxes_ex_msgs/include/bboxes_ex_msgs/msg/detail/bounding_box__type_support.h
-- Up-to-date: /home/eit-lab/ros2_karan_ws/src/cv_basics/cv_basics/install/bboxes_ex_msgs/include/bboxes_ex_msgs/msg/detail/bounding_box__struct.h
-- Up-to-date: /home/eit-lab/ros2_karan_ws/src/cv_basics/cv_basics/install/bboxes_ex_msgs/include/bboxes_ex_msgs/msg/detail/bounding_box__functions.h
-- Up-to-date: /home/eit-lab/ros2_karan_ws/src/cv_basics/cv_basics/install/bboxes_ex_msgs/include/bboxes_ex_msgs/msg/bounding_boxes.h
-- Up-to-date: /home/eit-lab/ros2_karan_ws/src/cv_basics/cv_basics/install/bboxes_ex_msgs/include/bboxes_ex_msgs/msg/rosidl_generator_c__visibility_control.h
-- Up-to-date: /home/eit-lab/ros2_karan_ws/src/cv_basics/cv_basics/install/bboxes_ex_msgs/include/bboxes_ex_msgs/msg/bounding_box.h
-- Up-to-date: /home/eit-lab/ros2_karan_ws/src/cv_basics/cv_basics/install/bboxes_ex_msgs/share/bboxes_ex_msgs/environment/library_path.sh
-- Up-to-date: /home/eit-lab/ros2_karan_ws/src/cv_basics/cv_basics/install/bboxes_ex_msgs/share/bboxes_ex_msgs/environment/library_path.dsv
-- Up-to-date: /home/eit-lab/ros2_karan_ws/src/cv_basics/cv_basics/install/bboxes_ex_msgs/lib/libbboxes_ex_msgs__rosidl_generator_c.so
-- Up-to-date: /home/eit-lab/ros2_karan_ws/src/cv_basics/cv_basics/install/bboxes_ex_msgs/include/bboxes_ex_msgs
-- Up-to-date: /home/eit-lab/ros2_karan_ws/src/cv_basics/cv_basics/install/bboxes_ex_msgs/include/bboxes_ex_msgs/msg
-- Up-to-date: /home/eit-lab/ros2_karan_ws/src/cv_basics/cv_basics/install/bboxes_ex_msgs/include/bboxes_ex_msgs/msg/detail
-- Up-to-date: /home/eit-lab/ros2_karan_ws/src/cv_basics/cv_basics/install/bboxes_ex_msgs/include/bboxes_ex_msgs/msg/detail/bounding_boxes__rosidl_typesupport_fastrtps_c.h
-- Up-to-date: /home/eit-lab/ros2_karan_ws/src/cv_basics/cv_basics/install/bboxes_ex_msgs/include/bboxes_ex_msgs/msg/detail/bounding_box__rosidl_typesupport_fastrtps_c.h
-- Up-to-date: /home/eit-lab/ros2_karan_ws/src/cv_basics/cv_basics/install/bboxes_ex_msgs/include/bboxes_ex_msgs/msg/rosidl_typesupport_fastrtps_c__visibility_control.h
-- Up-to-date: /home/eit-lab/ros2_karan_ws/src/cv_basics/cv_basics/install/bboxes_ex_msgs/lib/libbboxes_ex_msgs__rosidl_typesupport_fastrtps_c.so
-- Up-to-date: /home/eit-lab/ros2_karan_ws/src/cv_basics/cv_basics/install/bboxes_ex_msgs/include/bboxes_ex_msgs
-- Up-to-date: /home/eit-lab/ros2_karan_ws/src/cv_basics/cv_basics/install/bboxes_ex_msgs/include/bboxes_ex_msgs/msg
-- Up-to-date: /home/eit-lab/ros2_karan_ws/src/cv_basics/cv_basics/install/bboxes_ex_msgs/include/bboxes_ex_msgs/msg/detail
-- Up-to-date: /home/eit-lab/ros2_karan_ws/src/cv_basics/cv_basics/install/bboxes_ex_msgs/include/bboxes_ex_msgs/msg/detail/bounding_box__rosidl_typesupport_fastrtps_cpp.hpp
-- Up-to-date: /home/eit-lab/ros2_karan_ws/src/cv_basics/cv_basics/install/bboxes_ex_msgs/include/bboxes_ex_msgs/msg/detail/dds_fastrtps
-- Up-to-date: /home/eit-lab/ros2_karan_ws/src/cv_basics/cv_basics/install/bboxes_ex_msgs/include/bboxes_ex_msgs/msg/detail/bounding_boxes__rosidl_typesupport_fastrtps_cpp.hpp
-- Up-to-date: /home/eit-lab/ros2_karan_ws/src/cv_basics/cv_basics/install/bboxes_ex_msgs/include/bboxes_ex_msgs/msg/rosidl_typesupport_fastrtps_cpp__visibility_control.h
-- Up-to-date: /home/eit-lab/ros2_karan_ws/src/cv_basics/cv_basics/install/bboxes_ex_msgs/lib/libbboxes_ex_msgs__rosidl_typesupport_fastrtps_cpp.so
-- Up-to-date: /home/eit-lab/ros2_karan_ws/src/cv_basics/cv_basics/install/bboxes_ex_msgs/include/bboxes_ex_msgs
-- Up-to-date: /home/eit-lab/ros2_karan_ws/src/cv_basics/cv_basics/install/bboxes_ex_msgs/include/bboxes_ex_msgs/msg
-- Up-to-date: /home/eit-lab/ros2_karan_ws/src/cv_basics/cv_basics/install/bboxes_ex_msgs/include/bboxes_ex_msgs/msg/detail
-- Up-to-date: /home/eit-lab/ros2_karan_ws/src/cv_basics/cv_basics/install/bboxes_ex_msgs/include/bboxes_ex_msgs/msg/detail/bounding_box__rosidl_typesupport_introspection_c.h
-- Up-to-date: /home/eit-lab/ros2_karan_ws/src/cv_basics/cv_basics/install/bboxes_ex_msgs/include/bboxes_ex_msgs/msg/detail/bounding_boxes__type_support.c
-- Up-to-date: /home/eit-lab/ros2_karan_ws/src/cv_basics/cv_basics/install/bboxes_ex_msgs/include/bboxes_ex_msgs/msg/detail/bounding_box__type_support.c
-- Up-to-date: /home/eit-lab/ros2_karan_ws/src/cv_basics/cv_basics/install/bboxes_ex_msgs/include/bboxes_ex_msgs/msg/detail/bounding_boxes__rosidl_typesupport_introspection_c.h
-- Up-to-date: /home/eit-lab/ros2_karan_ws/src/cv_basics/cv_basics/install/bboxes_ex_msgs/include/bboxes_ex_msgs/msg/rosidl_typesupport_introspection_c__visibility_control.h
-- Up-to-date: /home/eit-lab/ros2_karan_ws/src/cv_basics/cv_basics/install/bboxes_ex_msgs/lib/libbboxes_ex_msgs__rosidl_typesupport_introspection_c.so
-- Up-to-date: /home/eit-lab/ros2_karan_ws/src/cv_basics/cv_basics/install/bboxes_ex_msgs/lib/libbboxes_ex_msgs__rosidl_typesupport_c.so
-- Up-to-date: /home/eit-lab/ros2_karan_ws/src/cv_basics/cv_basics/install/bboxes_ex_msgs/include/bboxes_ex_msgs
-- Up-to-date: /home/eit-lab/ros2_karan_ws/src/cv_basics/cv_basics/install/bboxes_ex_msgs/include/bboxes_ex_msgs/msg
-- Up-to-date: /home/eit-lab/ros2_karan_ws/src/cv_basics/cv_basics/install/bboxes_ex_msgs/include/bboxes_ex_msgs/msg/detail
-- Up-to-date: /home/eit-lab/ros2_karan_ws/src/cv_basics/cv_basics/install/bboxes_ex_msgs/include/bboxes_ex_msgs/msg/detail/bounding_box__builder.hpp
-- Up-to-date: /home/eit-lab/ros2_karan_ws/src/cv_basics/cv_basics/install/bboxes_ex_msgs/include/bboxes_ex_msgs/msg/detail/bounding_box__struct.hpp
-- Up-to-date: /home/eit-lab/ros2_karan_ws/src/cv_basics/cv_basics/install/bboxes_ex_msgs/include/bboxes_ex_msgs/msg/detail/bounding_boxes__builder.hpp
-- Up-to-date: /home/eit-lab/ros2_karan_ws/src/cv_basics/cv_basics/install/bboxes_ex_msgs/include/bboxes_ex_msgs/msg/detail/bounding_boxes__struct.hpp
-- Up-to-date: /home/eit-lab/ros2_karan_ws/src/cv_basics/cv_basics/install/bboxes_ex_msgs/include/bboxes_ex_msgs/msg/detail/bounding_box__traits.hpp
-- Up-to-date: /home/eit-lab/ros2_karan_ws/src/cv_basics/cv_basics/install/bboxes_ex_msgs/include/bboxes_ex_msgs/msg/detail/bounding_boxes__traits.hpp
-- Up-to-date: /home/eit-lab/ros2_karan_ws/src/cv_basics/cv_basics/install/bboxes_ex_msgs/include/bboxes_ex_msgs/msg/bounding_box.hpp
-- Up-to-date: /home/eit-lab/ros2_karan_ws/src/cv_basics/cv_basics/install/bboxes_ex_msgs/include/bboxes_ex_msgs/msg/bounding_boxes.hpp
-- Up-to-date: /home/eit-lab/ros2_karan_ws/src/cv_basics/cv_basics/install/bboxes_ex_msgs/include/bboxes_ex_msgs
-- Up-to-date: /home/eit-lab/ros2_karan_ws/src/cv_basics/cv_basics/install/bboxes_ex_msgs/include/bboxes_ex_msgs/msg
-- Up-to-date: /home/eit-lab/ros2_karan_ws/src/cv_basics/cv_basics/install/bboxes_ex_msgs/include/bboxes_ex_msgs/msg/detail
-- Up-to-date: /home/eit-lab/ros2_karan_ws/src/cv_basics/cv_basics/install/bboxes_ex_msgs/include/bboxes_ex_msgs/msg/detail/bounding_box__rosidl_typesupport_introspection_cpp.hpp
-- Up-to-date: /home/eit-lab/ros2_karan_ws/src/cv_basics/cv_basics/install/bboxes_ex_msgs/include/bboxes_ex_msgs/msg/detail/bounding_boxes__rosidl_typesupport_introspection_cpp.hpp
-- Up-to-date: /home/eit-lab/ros2_karan_ws/src/cv_basics/cv_basics/install/bboxes_ex_msgs/include/bboxes_ex_msgs/msg/detail/bounding_boxes__type_support.cpp
-- Up-to-date: /home/eit-lab/ros2_karan_ws/src/cv_basics/cv_basics/install/bboxes_ex_msgs/include/bboxes_ex_msgs/msg/detail/bounding_box__type_support.cpp
-- Up-to-date: /home/eit-lab/ros2_karan_ws/src/cv_basics/cv_basics/install/bboxes_ex_msgs/lib/libbboxes_ex_msgs__rosidl_typesupport_introspection_cpp.so
-- Up-to-date: /home/eit-lab/ros2_karan_ws/src/cv_basics/cv_basics/install/bboxes_ex_msgs/lib/libbboxes_ex_msgs__rosidl_typesupport_cpp.so
-- Up-to-date: /home/eit-lab/ros2_karan_ws/src/cv_basics/cv_basics/install/bboxes_ex_msgs/share/bboxes_ex_msgs/environment/pythonpath.sh
-- Up-to-date: /home/eit-lab/ros2_karan_ws/src/cv_basics/cv_basics/install/bboxes_ex_msgs/share/bboxes_ex_msgs/environment/pythonpath.dsv
-- Up-to-date: /home/eit-lab/ros2_karan_ws/src/cv_basics/cv_basics/install/bboxes_ex_msgs/lib/python3.8/site-packages/bboxes_ex_msgs/__init__.py
-- Up-to-date: /home/eit-lab/ros2_karan_ws/src/cv_basics/cv_basics/install/bboxes_ex_msgs/lib/python3.8/site-packages/bboxes_ex_msgs/msg
-- Up-to-date: /home/eit-lab/ros2_karan_ws/src/cv_basics/cv_basics/install/bboxes_ex_msgs/lib/python3.8/site-packages/bboxes_ex_msgs/msg/_bounding_boxes_s.c
-- Up-to-date: /home/eit-lab/ros2_karan_ws/src/cv_basics/cv_basics/install/bboxes_ex_msgs/lib/python3.8/site-packages/bboxes_ex_msgs/msg/__init__.py
-- Up-to-date: /home/eit-lab/ros2_karan_ws/src/cv_basics/cv_basics/install/bboxes_ex_msgs/lib/python3.8/site-packages/bboxes_ex_msgs/msg/_bounding_boxes.py
-- Up-to-date: /home/eit-lab/ros2_karan_ws/src/cv_basics/cv_basics/install/bboxes_ex_msgs/lib/python3.8/site-packages/bboxes_ex_msgs/msg/_bounding_box.py
-- Up-to-date: /home/eit-lab/ros2_karan_ws/src/cv_basics/cv_basics/install/bboxes_ex_msgs/lib/python3.8/site-packages/bboxes_ex_msgs/msg/_bounding_box_s.c
-- Up-to-date: /home/eit-lab/ros2_karan_ws/src/cv_basics/cv_basics/install/bboxes_ex_msgs/lib/python3.8/site-packages/bboxes_ex_msgs/bboxes_ex_msgs_s__rosidl_typesupport_fastrtps_c.cpython-38-x86_64-linux-gnu.so
-- Up-to-date: /home/eit-lab/ros2_karan_ws/src/cv_basics/cv_basics/install/bboxes_ex_msgs/lib/python3.8/site-packages/bboxes_ex_msgs/bboxes_ex_msgs_s__rosidl_typesupport_introspection_c.cpython-38-x86_64-linux-gnu.so
-- Up-to-date: /home/eit-lab/ros2_karan_ws/src/cv_basics/cv_basics/install/bboxes_ex_msgs/lib/python3.8/site-packages/bboxes_ex_msgs/bboxes_ex_msgs_s__rosidl_typesupport_c.cpython-38-x86_64-linux-gnu.so
-- Up-to-date: /home/eit-lab/ros2_karan_ws/src/cv_basics/cv_basics/install/bboxes_ex_msgs/lib/libbboxes_ex_msgs__python.so
-- Up-to-date: /home/eit-lab/ros2_karan_ws/src/cv_basics/cv_basics/install/bboxes_ex_msgs/share/bboxes_ex_msgs/msg/BoundingBox.idl
-- Up-to-date: /home/eit-lab/ros2_karan_ws/src/cv_basics/cv_basics/install/bboxes_ex_msgs/share/bboxes_ex_msgs/msg/BoundingBoxes.idl
-- Up-to-date: /home/eit-lab/ros2_karan_ws/src/cv_basics/cv_basics/install/bboxes_ex_msgs/share/bboxes_ex_msgs/msg/BoundingBox.msg
-- Up-to-date: /home/eit-lab/ros2_karan_ws/src/cv_basics/cv_basics/install/bboxes_ex_msgs/share/bboxes_ex_msgs/msg/BoundingBoxes.msg
-- Up-to-date: /home/eit-lab/ros2_karan_ws/src/cv_basics/cv_basics/install/bboxes_ex_msgs/share/ament_index/resource_index/package_run_dependencies/bboxes_ex_msgs
-- Up-to-date: /home/eit-lab/ros2_karan_ws/src/cv_basics/cv_basics/install/bboxes_ex_msgs/share/ament_index/resource_index/parent_prefix_path/bboxes_ex_msgs
-- Up-to-date: /home/eit-lab/ros2_karan_ws/src/cv_basics/cv_basics/install/bboxes_ex_msgs/share/bboxes_ex_msgs/environment/ament_prefix_path.sh
-- Up-to-date: /home/eit-lab/ros2_karan_ws/src/cv_basics/cv_basics/install/bboxes_ex_msgs/share/bboxes_ex_msgs/environment/ament_prefix_path.dsv
-- Up-to-date: /home/eit-lab/ros2_karan_ws/src/cv_basics/cv_basics/install/bboxes_ex_msgs/share/bboxes_ex_msgs/environment/path.sh
-- Up-to-date: /home/eit-lab/ros2_karan_ws/src/cv_basics/cv_basics/install/bboxes_ex_msgs/share/bboxes_ex_msgs/environment/path.dsv
-- Up-to-date: /home/eit-lab/ros2_karan_ws/src/cv_basics/cv_basics/install/bboxes_ex_msgs/share/bboxes_ex_msgs/local_setup.bash
-- Up-to-date: /home/eit-lab/ros2_karan_ws/src/cv_basics/cv_basics/install/bboxes_ex_msgs/share/bboxes_ex_msgs/local_setup.sh
-- Up-to-date: /home/eit-lab/ros2_karan_ws/src/cv_basics/cv_basics/install/bboxes_ex_msgs/share/bboxes_ex_msgs/local_setup.zsh
-- Up-to-date: /home/eit-lab/ros2_karan_ws/src/cv_basics/cv_basics/install/bboxes_ex_msgs/share/bboxes_ex_msgs/local_setup.dsv
-- Installing: /home/eit-lab/ros2_karan_ws/src/cv_basics/cv_basics/install/bboxes_ex_msgs/share/bboxes_ex_msgs/package.dsv
-- Up-to-date: /home/eit-lab/ros2_karan_ws/src/cv_basics/cv_basics/install/bboxes_ex_msgs/share/ament_index/resource_index/packages/bboxes_ex_msgs
-- Up-to-date: /home/eit-lab/ros2_karan_ws/src/cv_basics/cv_basics/install/bboxes_ex_msgs/share/bboxes_ex_msgs/cmake/bboxes_ex_msgs__rosidl_generator_cExport.cmake
-- Up-to-date: /home/eit-lab/ros2_karan_ws/src/cv_basics/cv_basics/install/bboxes_ex_msgs/share/bboxes_ex_msgs/cmake/bboxes_ex_msgs__rosidl_generator_cExport-noconfig.cmake
-- Up-to-date: /home/eit-lab/ros2_karan_ws/src/cv_basics/cv_basics/install/bboxes_ex_msgs/share/bboxes_ex_msgs/cmake/bboxes_ex_msgs__rosidl_typesupport_introspection_cExport.cmake
-- Up-to-date: /home/eit-lab/ros2_karan_ws/src/cv_basics/cv_basics/install/bboxes_ex_msgs/share/bboxes_ex_msgs/cmake/bboxes_ex_msgs__rosidl_typesupport_introspection_cExport-noconfig.cmake
-- Up-to-date: /home/eit-lab/ros2_karan_ws/src/cv_basics/cv_basics/install/bboxes_ex_msgs/share/bboxes_ex_msgs/cmake/bboxes_ex_msgs__rosidl_typesupport_cExport.cmake
-- Up-to-date: /home/eit-lab/ros2_karan_ws/src/cv_basics/cv_basics/install/bboxes_ex_msgs/share/bboxes_ex_msgs/cmake/bboxes_ex_msgs__rosidl_typesupport_cExport-noconfig.cmake
-- Up-to-date: /home/eit-lab/ros2_karan_ws/src/cv_basics/cv_basics/install/bboxes_ex_msgs/share/bboxes_ex_msgs/cmake/bboxes_ex_msgs__rosidl_generator_cppExport.cmake
-- Up-to-date: /home/eit-lab/ros2_karan_ws/src/cv_basics/cv_basics/install/bboxes_ex_msgs/share/bboxes_ex_msgs/cmake/bboxes_ex_msgs__rosidl_typesupport_introspection_cppExport.cmake
-- Up-to-date: /home/eit-lab/ros2_karan_ws/src/cv_basics/cv_basics/install/bboxes_ex_msgs/share/bboxes_ex_msgs/cmake/bboxes_ex_msgs__rosidl_typesupport_introspection_cppExport-noconfig.cmake
-- Up-to-date: /home/eit-lab/ros2_karan_ws/src/cv_basics/cv_basics/install/bboxes_ex_msgs/share/bboxes_ex_msgs/cmake/bboxes_ex_msgs__rosidl_typesupport_cppExport.cmake
-- Up-to-date: /home/eit-lab/ros2_karan_ws/src/cv_basics/cv_basics/install/bboxes_ex_msgs/share/bboxes_ex_msgs/cmake/bboxes_ex_msgs__rosidl_typesupport_cppExport-noconfig.cmake
-- Up-to-date: /home/eit-lab/ros2_karan_ws/src/cv_basics/cv_basics/install/bboxes_ex_msgs/share/bboxes_ex_msgs/cmake/rosidl_cmake-extras.cmake
-- Up-to-date: /home/eit-lab/ros2_karan_ws/src/cv_basics/cv_basics/install/bboxes_ex_msgs/share/bboxes_ex_msgs/cmake/ament_cmake_export_dependencies-extras.cmake
-- Up-to-date: /home/eit-lab/ros2_karan_ws/src/cv_basics/cv_basics/install/bboxes_ex_msgs/share/bboxes_ex_msgs/cmake/ament_cmake_export_libraries-extras.cmake
-- Up-to-date: /home/eit-lab/ros2_karan_ws/src/cv_basics/cv_basics/install/bboxes_ex_msgs/share/bboxes_ex_msgs/cmake/ament_cmake_export_targets-extras.cmake
-- Up-to-date: /home/eit-lab/ros2_karan_ws/src/cv_basics/cv_basics/install/bboxes_ex_msgs/share/bboxes_ex_msgs/cmake/ament_cmake_export_include_directories-extras.cmake
-- Up-to-date: /home/eit-lab/ros2_karan_ws/src/cv_basics/cv_basics/install/bboxes_ex_msgs/share/bboxes_ex_msgs/cmake/rosidl_cmake_export_typesupport_libraries-extras.cmake
-- Up-to-date: /home/eit-lab/ros2_karan_ws/src/cv_basics/cv_basics/install/bboxes_ex_msgs/share/bboxes_ex_msgs/cmake/rosidl_cmake_export_typesupport_targets-extras.cmake
-- Up-to-date: /home/eit-lab/ros2_karan_ws/src/cv_basics/cv_basics/install/bboxes_ex_msgs/share/bboxes_ex_msgs/cmake/bboxes_ex_msgsConfig.cmake
-- Up-to-date: /home/eit-lab/ros2_karan_ws/src/cv_basics/cv_basics/install/bboxes_ex_msgs/share/bboxes_ex_msgs/cmake/bboxes_ex_msgsConfig-version.cmake
-- Up-to-date: /home/eit-lab/ros2_karan_ws/src/cv_basics/cv_basics/install/bboxes_ex_msgs/share/bboxes_ex_msgs/package.xml
