[0.030s] Invoking command in '/home/eit-lab/ros2_karan_ws/src/cv_basics/cv_basics/build/bboxes_ex_msgs': CMAKE_PREFIX_PATH=${CMAKE_PREFIX_PATH}:/home/eit-lab/ros2_karan_ws/install/cv_basics:/opt/ros/foxy /usr/bin/cmake --build /home/eit-lab/ros2_karan_ws/src/cv_basics/cv_basics/build/bboxes_ex_msgs -- -j8 -l8
[0.123s] [  2%] Built target bboxes_ex_msgs__cpp
[0.123s] [ 12%] Built target bboxes_ex_msgs__rosidl_generator_c
[0.159s] [ 33%] Built target bboxes_ex_msgs__rosidl_typesupport_introspection_cpp
[0.159s] [ 33%] Built target bboxes_ex_msgs__rosidl_typesupport_cpp
[0.161s] [ 43%] Built target bboxes_ex_msgs__rosidl_typesupport_c
[0.169s] [ 53%] Built target bboxes_ex_msgs__rosidl_typesupport_fastrtps_cpp
[0.199s] [ 64%] Built target bboxes_ex_msgs__rosidl_typesupport_introspection_c
[0.216s] [ 74%] Built target bboxes_ex_msgs__rosidl_typesupport_fastrtps_c
[0.252s] [ 74%] Built target bboxes_ex_msgs
[0.286s] [ 76%] Built target bboxes_ex_msgs__py
[0.332s] [ 84%] Built target bboxes_ex_msgs__python
[0.372s] [ 89%] Built target bboxes_ex_msgs__rosidl_typesupport_introspection_c__pyext
[0.379s] [ 94%] Built target bboxes_ex_msgs__rosidl_typesupport_fastrtps_c__pyext
[0.381s] [100%] Built target bboxes_ex_msgs__rosidl_typesupport_c__pyext
[0.403s] Invoked command in '/home/eit-lab/ros2_karan_ws/src/cv_basics/cv_basics/build/bboxes_ex_msgs' returned '0': CMAKE_PREFIX_PATH=${CMAKE_PREFIX_PATH}:/home/eit-lab/ros2_karan_ws/install/cv_basics:/opt/ros/foxy /usr/bin/cmake --build /home/eit-lab/ros2_karan_ws/src/cv_basics/cv_basics/build/bboxes_ex_msgs -- -j8 -l8
[0.495s] Invoking command in '/home/eit-lab/ros2_karan_ws/src/cv_basics/cv_basics/build/bboxes_ex_msgs': CMAKE_PREFIX_PATH=${CMAKE_PREFIX_PATH}:/home/eit-lab/ros2_karan_ws/install/cv_basics:/opt/ros/foxy /usr/bin/cmake --install /home/eit-lab/ros2_karan_ws/src/cv_basics/cv_basics/build/bboxes_ex_msgs
[0.514s] -- Install configuration: ""
[0.514s] -- Up-to-date: /home/eit-lab/ros2_karan_ws/src/cv_basics/cv_basics/install/bboxes_ex_msgs/share/ament_index/resource_index/rosidl_interfaces/bboxes_ex_msgs
[0.514s] -- Up-to-date: /home/eit-lab/ros2_karan_ws/src/cv_basics/cv_basics/install/bboxes_ex_msgs/include/bboxes_ex_msgs
[0.514s] -- Up-to-date: /home/eit-lab/ros2_karan_ws/src/cv_basics/cv_basics/install/bboxes_ex_msgs/include/bboxes_ex_msgs/msg
[0.514s] -- Up-to-date: /home/eit-lab/ros2_karan_ws/src/cv_basics/cv_basics/install/bboxes_ex_msgs/include/bboxes_ex_msgs/msg/detail
[0.514s] -- Up-to-date: /home/eit-lab/ros2_karan_ws/src/cv_basics/cv_basics/install/bboxes_ex_msgs/include/bboxes_ex_msgs/msg/detail/bounding_box__functions.c
[0.515s] -- Up-to-date: /home/eit-lab/ros2_karan_ws/src/cv_basics/cv_basics/install/bboxes_ex_msgs/include/bboxes_ex_msgs/msg/detail/bounding_boxes__functions.c
[0.515s] -- Up-to-date: /home/eit-lab/ros2_karan_ws/src/cv_basics/cv_basics/install/bboxes_ex_msgs/include/bboxes_ex_msgs/msg/detail/bounding_boxes__functions.h
[0.515s] -- Up-to-date: /home/eit-lab/ros2_karan_ws/src/cv_basics/cv_basics/install/bboxes_ex_msgs/include/bboxes_ex_msgs/msg/detail/bounding_boxes__type_support.h
[0.515s] -- Up-to-date: /home/eit-lab/ros2_karan_ws/src/cv_basics/cv_basics/install/bboxes_ex_msgs/include/bboxes_ex_msgs/msg/detail/bounding_boxes__struct.h
[0.515s] -- Up-to-date: /home/eit-lab/ros2_karan_ws/src/cv_basics/cv_basics/install/bboxes_ex_msgs/include/bboxes_ex_msgs/msg/detail/bounding_box__type_support.h
[0.515s] -- Up-to-date: /home/eit-lab/ros2_karan_ws/src/cv_basics/cv_basics/install/bboxes_ex_msgs/include/bboxes_ex_msgs/msg/detail/bounding_box__struct.h
[0.515s] -- Up-to-date: /home/eit-lab/ros2_karan_ws/src/cv_basics/cv_basics/install/bboxes_ex_msgs/include/bboxes_ex_msgs/msg/detail/bounding_box__functions.h
[0.515s] -- Up-to-date: /home/eit-lab/ros2_karan_ws/src/cv_basics/cv_basics/install/bboxes_ex_msgs/include/bboxes_ex_msgs/msg/bounding_boxes.h
[0.516s] -- Up-to-date: /home/eit-lab/ros2_karan_ws/src/cv_basics/cv_basics/install/bboxes_ex_msgs/include/bboxes_ex_msgs/msg/rosidl_generator_c__visibility_control.h
[0.516s] -- Up-to-date: /home/eit-lab/ros2_karan_ws/src/cv_basics/cv_basics/install/bboxes_ex_msgs/include/bboxes_ex_msgs/msg/bounding_box.h
[0.516s] -- Up-to-date: /home/eit-lab/ros2_karan_ws/src/cv_basics/cv_basics/install/bboxes_ex_msgs/share/bboxes_ex_msgs/environment/library_path.sh
[0.516s] -- Up-to-date: /home/eit-lab/ros2_karan_ws/src/cv_basics/cv_basics/install/bboxes_ex_msgs/share/bboxes_ex_msgs/environment/library_path.dsv
[0.516s] -- Up-to-date: /home/eit-lab/ros2_karan_ws/src/cv_basics/cv_basics/install/bboxes_ex_msgs/lib/libbboxes_ex_msgs__rosidl_generator_c.so
[0.516s] -- Up-to-date: /home/eit-lab/ros2_karan_ws/src/cv_basics/cv_basics/install/bboxes_ex_msgs/include/bboxes_ex_msgs
[0.516s] -- Up-to-date: /home/eit-lab/ros2_karan_ws/src/cv_basics/cv_basics/install/bboxes_ex_msgs/include/bboxes_ex_msgs/msg
[0.516s] -- Up-to-date: /home/eit-lab/ros2_karan_ws/src/cv_basics/cv_basics/install/bboxes_ex_msgs/include/bboxes_ex_msgs/msg/detail
[0.517s] -- Up-to-date: /home/eit-lab/ros2_karan_ws/src/cv_basics/cv_basics/install/bboxes_ex_msgs/include/bboxes_ex_msgs/msg/detail/bounding_boxes__rosidl_typesupport_fastrtps_c.h
[0.517s] -- Up-to-date: /home/eit-lab/ros2_karan_ws/src/cv_basics/cv_basics/install/bboxes_ex_msgs/include/bboxes_ex_msgs/msg/detail/bounding_box__rosidl_typesupport_fastrtps_c.h
[0.517s] -- Up-to-date: /home/eit-lab/ros2_karan_ws/src/cv_basics/cv_basics/install/bboxes_ex_msgs/include/bboxes_ex_msgs/msg/rosidl_typesupport_fastrtps_c__visibility_control.h
[0.517s] -- Up-to-date: /home/eit-lab/ros2_karan_ws/src/cv_basics/cv_basics/install/bboxes_ex_msgs/lib/libbboxes_ex_msgs__rosidl_typesupport_fastrtps_c.so
[0.517s] -- Up-to-date: /home/eit-lab/ros2_karan_ws/src/cv_basics/cv_basics/install/bboxes_ex_msgs/include/bboxes_ex_msgs
[0.517s] -- Up-to-date: /home/eit-lab/ros2_karan_ws/src/cv_basics/cv_basics/install/bboxes_ex_msgs/include/bboxes_ex_msgs/msg
[0.518s] -- Up-to-date: /home/eit-lab/ros2_karan_ws/src/cv_basics/cv_basics/install/bboxes_ex_msgs/include/bboxes_ex_msgs/msg/detail
[0.518s] -- Up-to-date: /home/eit-lab/ros2_karan_ws/src/cv_basics/cv_basics/install/bboxes_ex_msgs/include/bboxes_ex_msgs/msg/detail/bounding_box__rosidl_typesupport_fastrtps_cpp.hpp
[0.518s] -- Up-to-date: /home/eit-lab/ros2_karan_ws/src/cv_basics/cv_basics/install/bboxes_ex_msgs/include/bboxes_ex_msgs/msg/detail/dds_fastrtps
[0.518s] -- Up-to-date: /home/eit-lab/ros2_karan_ws/src/cv_basics/cv_basics/install/bboxes_ex_msgs/include/bboxes_ex_msgs/msg/detail/bounding_boxes__rosidl_typesupport_fastrtps_cpp.hpp
[0.518s] -- Up-to-date: /home/eit-lab/ros2_karan_ws/src/cv_basics/cv_basics/install/bboxes_ex_msgs/include/bboxes_ex_msgs/msg/rosidl_typesupport_fastrtps_cpp__visibility_control.h
[0.518s] -- Up-to-date: /home/eit-lab/ros2_karan_ws/src/cv_basics/cv_basics/install/bboxes_ex_msgs/lib/libbboxes_ex_msgs__rosidl_typesupport_fastrtps_cpp.so
[0.518s] -- Up-to-date: /home/eit-lab/ros2_karan_ws/src/cv_basics/cv_basics/install/bboxes_ex_msgs/include/bboxes_ex_msgs
[0.519s] -- Up-to-date: /home/eit-lab/ros2_karan_ws/src/cv_basics/cv_basics/install/bboxes_ex_msgs/include/bboxes_ex_msgs/msg
[0.519s] -- Up-to-date: /home/eit-lab/ros2_karan_ws/src/cv_basics/cv_basics/install/bboxes_ex_msgs/include/bboxes_ex_msgs/msg/detail
[0.519s] -- Up-to-date: /home/eit-lab/ros2_karan_ws/src/cv_basics/cv_basics/install/bboxes_ex_msgs/include/bboxes_ex_msgs/msg/detail/bounding_box__rosidl_typesupport_introspection_c.h
[0.519s] -- Up-to-date: /home/eit-lab/ros2_karan_ws/src/cv_basics/cv_basics/install/bboxes_ex_msgs/include/bboxes_ex_msgs/msg/detail/bounding_boxes__type_support.c
[0.519s] -- Up-to-date: /home/eit-lab/ros2_karan_ws/src/cv_basics/cv_basics/install/bboxes_ex_msgs/include/bboxes_ex_msgs/msg/detail/bounding_box__type_support.c
[0.519s] -- Up-to-date: /home/eit-lab/ros2_karan_ws/src/cv_basics/cv_basics/install/bboxes_ex_msgs/include/bboxes_ex_msgs/msg/detail/bounding_boxes__rosidl_typesupport_introspection_c.h
[0.519s] -- Up-to-date: /home/eit-lab/ros2_karan_ws/src/cv_basics/cv_basics/install/bboxes_ex_msgs/include/bboxes_ex_msgs/msg/rosidl_typesupport_introspection_c__visibility_control.h
[0.519s] -- Up-to-date: /home/eit-lab/ros2_karan_ws/src/cv_basics/cv_basics/install/bboxes_ex_msgs/lib/libbboxes_ex_msgs__rosidl_typesupport_introspection_c.so
[0.520s] -- Up-to-date: /home/eit-lab/ros2_karan_ws/src/cv_basics/cv_basics/install/bboxes_ex_msgs/lib/libbboxes_ex_msgs__rosidl_typesupport_c.so
[0.520s] -- Up-to-date: /home/eit-lab/ros2_karan_ws/src/cv_basics/cv_basics/install/bboxes_ex_msgs/include/bboxes_ex_msgs
[0.520s] -- Up-to-date: /home/eit-lab/ros2_karan_ws/src/cv_basics/cv_basics/install/bboxes_ex_msgs/include/bboxes_ex_msgs/msg
[0.520s] -- Up-to-date: /home/eit-lab/ros2_karan_ws/src/cv_basics/cv_basics/install/bboxes_ex_msgs/include/bboxes_ex_msgs/msg/detail
[0.520s] -- Up-to-date: /home/eit-lab/ros2_karan_ws/src/cv_basics/cv_basics/install/bboxes_ex_msgs/include/bboxes_ex_msgs/msg/detail/bounding_box__builder.hpp
[0.520s] -- Up-to-date: /home/eit-lab/ros2_karan_ws/src/cv_basics/cv_basics/install/bboxes_ex_msgs/include/bboxes_ex_msgs/msg/detail/bounding_box__struct.hpp
[0.520s] -- Up-to-date: /home/eit-lab/ros2_karan_ws/src/cv_basics/cv_basics/install/bboxes_ex_msgs/include/bboxes_ex_msgs/msg/detail/bounding_boxes__builder.hpp
[0.520s] -- Up-to-date: /home/eit-lab/ros2_karan_ws/src/cv_basics/cv_basics/install/bboxes_ex_msgs/include/bboxes_ex_msgs/msg/detail/bounding_boxes__struct.hpp
[0.520s] -- Up-to-date: /home/eit-lab/ros2_karan_ws/src/cv_basics/cv_basics/install/bboxes_ex_msgs/include/bboxes_ex_msgs/msg/detail/bounding_box__traits.hpp
[0.521s] -- Up-to-date: /home/eit-lab/ros2_karan_ws/src/cv_basics/cv_basics/install/bboxes_ex_msgs/include/bboxes_ex_msgs/msg/detail/bounding_boxes__traits.hpp
[0.521s] -- Up-to-date: /home/eit-lab/ros2_karan_ws/src/cv_basics/cv_basics/install/bboxes_ex_msgs/include/bboxes_ex_msgs/msg/bounding_box.hpp
[0.521s] -- Up-to-date: /home/eit-lab/ros2_karan_ws/src/cv_basics/cv_basics/install/bboxes_ex_msgs/include/bboxes_ex_msgs/msg/bounding_boxes.hpp
[0.521s] -- Up-to-date: /home/eit-lab/ros2_karan_ws/src/cv_basics/cv_basics/install/bboxes_ex_msgs/include/bboxes_ex_msgs
[0.521s] -- Up-to-date: /home/eit-lab/ros2_karan_ws/src/cv_basics/cv_basics/install/bboxes_ex_msgs/include/bboxes_ex_msgs/msg
[0.521s] -- Up-to-date: /home/eit-lab/ros2_karan_ws/src/cv_basics/cv_basics/install/bboxes_ex_msgs/include/bboxes_ex_msgs/msg/detail
[0.521s] -- Up-to-date: /home/eit-lab/ros2_karan_ws/src/cv_basics/cv_basics/install/bboxes_ex_msgs/include/bboxes_ex_msgs/msg/detail/bounding_box__rosidl_typesupport_introspection_cpp.hpp
[0.521s] -- Up-to-date: /home/eit-lab/ros2_karan_ws/src/cv_basics/cv_basics/install/bboxes_ex_msgs/include/bboxes_ex_msgs/msg/detail/bounding_boxes__rosidl_typesupport_introspection_cpp.hpp
[0.522s] -- Up-to-date: /home/eit-lab/ros2_karan_ws/src/cv_basics/cv_basics/install/bboxes_ex_msgs/include/bboxes_ex_msgs/msg/detail/bounding_boxes__type_support.cpp
[0.522s] -- Up-to-date: /home/eit-lab/ros2_karan_ws/src/cv_basics/cv_basics/install/bboxes_ex_msgs/include/bboxes_ex_msgs/msg/detail/bounding_box__type_support.cpp
[0.522s] -- Up-to-date: /home/eit-lab/ros2_karan_ws/src/cv_basics/cv_basics/install/bboxes_ex_msgs/lib/libbboxes_ex_msgs__rosidl_typesupport_introspection_cpp.so
[0.522s] -- Up-to-date: /home/eit-lab/ros2_karan_ws/src/cv_basics/cv_basics/install/bboxes_ex_msgs/lib/libbboxes_ex_msgs__rosidl_typesupport_cpp.so
[0.522s] -- Up-to-date: /home/eit-lab/ros2_karan_ws/src/cv_basics/cv_basics/install/bboxes_ex_msgs/share/bboxes_ex_msgs/environment/pythonpath.sh
[0.522s] -- Up-to-date: /home/eit-lab/ros2_karan_ws/src/cv_basics/cv_basics/install/bboxes_ex_msgs/share/bboxes_ex_msgs/environment/pythonpath.dsv
[0.522s] -- Up-to-date: /home/eit-lab/ros2_karan_ws/src/cv_basics/cv_basics/install/bboxes_ex_msgs/lib/python3.8/site-packages/bboxes_ex_msgs/__init__.py
[0.564s] -- Up-to-date: /home/eit-lab/ros2_karan_ws/src/cv_basics/cv_basics/install/bboxes_ex_msgs/lib/python3.8/site-packages/bboxes_ex_msgs/msg
[0.564s] -- Up-to-date: /home/eit-lab/ros2_karan_ws/src/cv_basics/cv_basics/install/bboxes_ex_msgs/lib/python3.8/site-packages/bboxes_ex_msgs/msg/_bounding_boxes_s.c
[0.564s] -- Up-to-date: /home/eit-lab/ros2_karan_ws/src/cv_basics/cv_basics/install/bboxes_ex_msgs/lib/python3.8/site-packages/bboxes_ex_msgs/msg/__init__.py
[0.564s] -- Up-to-date: /home/eit-lab/ros2_karan_ws/src/cv_basics/cv_basics/install/bboxes_ex_msgs/lib/python3.8/site-packages/bboxes_ex_msgs/msg/_bounding_boxes.py
[0.565s] -- Up-to-date: /home/eit-lab/ros2_karan_ws/src/cv_basics/cv_basics/install/bboxes_ex_msgs/lib/python3.8/site-packages/bboxes_ex_msgs/msg/_bounding_box.py
[0.565s] -- Up-to-date: /home/eit-lab/ros2_karan_ws/src/cv_basics/cv_basics/install/bboxes_ex_msgs/lib/python3.8/site-packages/bboxes_ex_msgs/msg/_bounding_box_s.c
[0.565s] -- Up-to-date: /home/eit-lab/ros2_karan_ws/src/cv_basics/cv_basics/install/bboxes_ex_msgs/lib/python3.8/site-packages/bboxes_ex_msgs/bboxes_ex_msgs_s__rosidl_typesupport_fastrtps_c.cpython-38-x86_64-linux-gnu.so
[0.565s] -- Up-to-date: /home/eit-lab/ros2_karan_ws/src/cv_basics/cv_basics/install/bboxes_ex_msgs/lib/python3.8/site-packages/bboxes_ex_msgs/bboxes_ex_msgs_s__rosidl_typesupport_introspection_c.cpython-38-x86_64-linux-gnu.so
[0.566s] -- Up-to-date: /home/eit-lab/ros2_karan_ws/src/cv_basics/cv_basics/install/bboxes_ex_msgs/lib/python3.8/site-packages/bboxes_ex_msgs/bboxes_ex_msgs_s__rosidl_typesupport_c.cpython-38-x86_64-linux-gnu.so
[0.566s] -- Up-to-date: /home/eit-lab/ros2_karan_ws/src/cv_basics/cv_basics/install/bboxes_ex_msgs/lib/libbboxes_ex_msgs__python.so
[0.567s] -- Up-to-date: /home/eit-lab/ros2_karan_ws/src/cv_basics/cv_basics/install/bboxes_ex_msgs/share/bboxes_ex_msgs/msg/BoundingBox.idl
[0.567s] -- Up-to-date: /home/eit-lab/ros2_karan_ws/src/cv_basics/cv_basics/install/bboxes_ex_msgs/share/bboxes_ex_msgs/msg/BoundingBoxes.idl
[0.567s] -- Up-to-date: /home/eit-lab/ros2_karan_ws/src/cv_basics/cv_basics/install/bboxes_ex_msgs/share/bboxes_ex_msgs/msg/BoundingBox.msg
[0.568s] -- Up-to-date: /home/eit-lab/ros2_karan_ws/src/cv_basics/cv_basics/install/bboxes_ex_msgs/share/bboxes_ex_msgs/msg/BoundingBoxes.msg
[0.568s] -- Up-to-date: /home/eit-lab/ros2_karan_ws/src/cv_basics/cv_basics/install/bboxes_ex_msgs/share/ament_index/resource_index/package_run_dependencies/bboxes_ex_msgs
[0.568s] -- Up-to-date: /home/eit-lab/ros2_karan_ws/src/cv_basics/cv_basics/install/bboxes_ex_msgs/share/ament_index/resource_index/parent_prefix_path/bboxes_ex_msgs
[0.568s] -- Up-to-date: /home/eit-lab/ros2_karan_ws/src/cv_basics/cv_basics/install/bboxes_ex_msgs/share/bboxes_ex_msgs/environment/ament_prefix_path.sh
[0.568s] -- Up-to-date: /home/eit-lab/ros2_karan_ws/src/cv_basics/cv_basics/install/bboxes_ex_msgs/share/bboxes_ex_msgs/environment/ament_prefix_path.dsv
[0.568s] -- Up-to-date: /home/eit-lab/ros2_karan_ws/src/cv_basics/cv_basics/install/bboxes_ex_msgs/share/bboxes_ex_msgs/environment/path.sh
[0.569s] -- Up-to-date: /home/eit-lab/ros2_karan_ws/src/cv_basics/cv_basics/install/bboxes_ex_msgs/share/bboxes_ex_msgs/environment/path.dsv
[0.569s] -- Up-to-date: /home/eit-lab/ros2_karan_ws/src/cv_basics/cv_basics/install/bboxes_ex_msgs/share/bboxes_ex_msgs/local_setup.bash
[0.569s] -- Up-to-date: /home/eit-lab/ros2_karan_ws/src/cv_basics/cv_basics/install/bboxes_ex_msgs/share/bboxes_ex_msgs/local_setup.sh
[0.569s] -- Up-to-date: /home/eit-lab/ros2_karan_ws/src/cv_basics/cv_basics/install/bboxes_ex_msgs/share/bboxes_ex_msgs/local_setup.zsh
[0.569s] -- Up-to-date: /home/eit-lab/ros2_karan_ws/src/cv_basics/cv_basics/install/bboxes_ex_msgs/share/bboxes_ex_msgs/local_setup.dsv
[0.569s] -- Installing: /home/eit-lab/ros2_karan_ws/src/cv_basics/cv_basics/install/bboxes_ex_msgs/share/bboxes_ex_msgs/package.dsv
[0.569s] -- Up-to-date: /home/eit-lab/ros2_karan_ws/src/cv_basics/cv_basics/install/bboxes_ex_msgs/share/ament_index/resource_index/packages/bboxes_ex_msgs
[0.570s] -- Up-to-date: /home/eit-lab/ros2_karan_ws/src/cv_basics/cv_basics/install/bboxes_ex_msgs/share/bboxes_ex_msgs/cmake/bboxes_ex_msgs__rosidl_generator_cExport.cmake
[0.570s] -- Up-to-date: /home/eit-lab/ros2_karan_ws/src/cv_basics/cv_basics/install/bboxes_ex_msgs/share/bboxes_ex_msgs/cmake/bboxes_ex_msgs__rosidl_generator_cExport-noconfig.cmake
[0.570s] -- Up-to-date: /home/eit-lab/ros2_karan_ws/src/cv_basics/cv_basics/install/bboxes_ex_msgs/share/bboxes_ex_msgs/cmake/bboxes_ex_msgs__rosidl_typesupport_introspection_cExport.cmake
[0.571s] -- Up-to-date: /home/eit-lab/ros2_karan_ws/src/cv_basics/cv_basics/install/bboxes_ex_msgs/share/bboxes_ex_msgs/cmake/bboxes_ex_msgs__rosidl_typesupport_introspection_cExport-noconfig.cmake
[0.571s] -- Up-to-date: /home/eit-lab/ros2_karan_ws/src/cv_basics/cv_basics/install/bboxes_ex_msgs/share/bboxes_ex_msgs/cmake/bboxes_ex_msgs__rosidl_typesupport_cExport.cmake
[0.571s] -- Up-to-date: /home/eit-lab/ros2_karan_ws/src/cv_basics/cv_basics/install/bboxes_ex_msgs/share/bboxes_ex_msgs/cmake/bboxes_ex_msgs__rosidl_typesupport_cExport-noconfig.cmake
[0.571s] -- Up-to-date: /home/eit-lab/ros2_karan_ws/src/cv_basics/cv_basics/install/bboxes_ex_msgs/share/bboxes_ex_msgs/cmake/bboxes_ex_msgs__rosidl_generator_cppExport.cmake
[0.571s] -- Up-to-date: /home/eit-lab/ros2_karan_ws/src/cv_basics/cv_basics/install/bboxes_ex_msgs/share/bboxes_ex_msgs/cmake/bboxes_ex_msgs__rosidl_typesupport_introspection_cppExport.cmake
[0.571s] -- Up-to-date: /home/eit-lab/ros2_karan_ws/src/cv_basics/cv_basics/install/bboxes_ex_msgs/share/bboxes_ex_msgs/cmake/bboxes_ex_msgs__rosidl_typesupport_introspection_cppExport-noconfig.cmake
[0.572s] -- Up-to-date: /home/eit-lab/ros2_karan_ws/src/cv_basics/cv_basics/install/bboxes_ex_msgs/share/bboxes_ex_msgs/cmake/bboxes_ex_msgs__rosidl_typesupport_cppExport.cmake
[0.572s] -- Up-to-date: /home/eit-lab/ros2_karan_ws/src/cv_basics/cv_basics/install/bboxes_ex_msgs/share/bboxes_ex_msgs/cmake/bboxes_ex_msgs__rosidl_typesupport_cppExport-noconfig.cmake
[0.572s] -- Up-to-date: /home/eit-lab/ros2_karan_ws/src/cv_basics/cv_basics/install/bboxes_ex_msgs/share/bboxes_ex_msgs/cmake/rosidl_cmake-extras.cmake
[0.572s] -- Up-to-date: /home/eit-lab/ros2_karan_ws/src/cv_basics/cv_basics/install/bboxes_ex_msgs/share/bboxes_ex_msgs/cmake/ament_cmake_export_dependencies-extras.cmake
[0.572s] -- Up-to-date: /home/eit-lab/ros2_karan_ws/src/cv_basics/cv_basics/install/bboxes_ex_msgs/share/bboxes_ex_msgs/cmake/ament_cmake_export_libraries-extras.cmake
[0.572s] -- Up-to-date: /home/eit-lab/ros2_karan_ws/src/cv_basics/cv_basics/install/bboxes_ex_msgs/share/bboxes_ex_msgs/cmake/ament_cmake_export_targets-extras.cmake
[0.572s] -- Up-to-date: /home/eit-lab/ros2_karan_ws/src/cv_basics/cv_basics/install/bboxes_ex_msgs/share/bboxes_ex_msgs/cmake/ament_cmake_export_include_directories-extras.cmake
[0.572s] -- Up-to-date: /home/eit-lab/ros2_karan_ws/src/cv_basics/cv_basics/install/bboxes_ex_msgs/share/bboxes_ex_msgs/cmake/rosidl_cmake_export_typesupport_libraries-extras.cmake
[0.573s] -- Up-to-date: /home/eit-lab/ros2_karan_ws/src/cv_basics/cv_basics/install/bboxes_ex_msgs/share/bboxes_ex_msgs/cmake/rosidl_cmake_export_typesupport_targets-extras.cmake
[0.573s] -- Up-to-date: /home/eit-lab/ros2_karan_ws/src/cv_basics/cv_basics/install/bboxes_ex_msgs/share/bboxes_ex_msgs/cmake/bboxes_ex_msgsConfig.cmake
[0.573s] -- Up-to-date: /home/eit-lab/ros2_karan_ws/src/cv_basics/cv_basics/install/bboxes_ex_msgs/share/bboxes_ex_msgs/cmake/bboxes_ex_msgsConfig-version.cmake
[0.573s] -- Up-to-date: /home/eit-lab/ros2_karan_ws/src/cv_basics/cv_basics/install/bboxes_ex_msgs/share/bboxes_ex_msgs/package.xml
[0.578s] Invoked command in '/home/eit-lab/ros2_karan_ws/src/cv_basics/cv_basics/build/bboxes_ex_msgs' returned '0': CMAKE_PREFIX_PATH=${CMAKE_PREFIX_PATH}:/home/eit-lab/ros2_karan_ws/install/cv_basics:/opt/ros/foxy /usr/bin/cmake --install /home/eit-lab/ros2_karan_ws/src/cv_basics/cv_basics/build/bboxes_ex_msgs
