[0.021s] Invoking command in '/home/eit-lab/ros2_karan_ws/src/build/bboxes_ex_msgs': CMAKE_PREFIX_PATH=${CMAKE_PREFIX_PATH}:/home/eit-lab/ros2_karan_ws/install/cv_basics:/opt/ros/foxy /usr/bin/cmake /home/eit-lab/ros2_karan_ws/src/bbox_ex_msgs -DCMAKE_INSTALL_PREFIX=/home/eit-lab/ros2_karan_ws/src/install/bboxes_ex_msgs
[2.360s] -- The C compiler identification is GNU 9.4.0
[3.778s] -- The CXX compiler identification is GNU 9.4.0
[3.912s] -- Check for working C compiler: /usr/bin/cc
[4.024s] -- Check for working C compiler: /usr/bin/cc -- works
[4.026s] -- Detecting C compiler ABI info
[4.115s] -- Detecting C compiler ABI info - done
[4.125s] -- Detecting C compile features
[4.126s] -- Detecting C compile features - done
[4.156s] -- Check for working CXX compiler: /usr/bin/c++
[4.235s] -- Check for working CXX compiler: /usr/bin/c++ -- works
[4.236s] -- Detecting CXX compiler ABI info
[4.347s] -- Detecting CXX compiler ABI info - done
[4.358s] -- Detecting CXX compile features
[4.358s] -- Detecting CXX compile features - done
[4.438s] -- Found ament_cmake: 0.9.9 (/opt/ros/foxy/share/ament_cmake/cmake)
[4.613s] -- Found PythonInterp: /usr/bin/python3 (found suitable version "3.8.10", minimum required is "3") 
[4.613s] -- Using PYTHON_EXECUTABLE: /usr/bin/python3
[5.013s] -- Found builtin_interfaces: 1.0.0 (/opt/ros/foxy/share/builtin_interfaces/cmake)
[5.141s] -- Using all available rosidl_typesupport_c: rosidl_typesupport_fastrtps_c;rosidl_typesupport_introspection_c
[5.249s] -- Found rosidl_adapter: 1.2.1 (/opt/ros/foxy/share/rosidl_adapter/cmake)
[6.089s] -- Found OpenSSL: /usr/lib/x86_64-linux-gnu/libcrypto.so (found version "1.1.1f")  
[6.232s] -- Found FastRTPS: /opt/ros/foxy/include  
[6.513s] -- Using all available rosidl_typesupport_cpp: rosidl_typesupport_fastrtps_cpp;rosidl_typesupport_introspection_cpp
[6.619s] -- Found std_msgs: 2.0.5 (/opt/ros/foxy/share/std_msgs/cmake)
[6.701s] -- Found rosidl_default_generators: 1.0.1 (/opt/ros/foxy/share/rosidl_default_generators/cmake)
[6.943s] -- Found PythonInterp: /usr/bin/python3 (found version "3.8.10") 
[7.554s] -- Found ament_cmake_ros: 0.9.2 (/opt/ros/foxy/share/ament_cmake_ros/cmake)
[7.934s] -- Using all available rosidl_typesupport_c: rosidl_typesupport_fastrtps_c;rosidl_typesupport_introspection_c
[8.160s] -- Using all available rosidl_typesupport_cpp: rosidl_typesupport_fastrtps_cpp;rosidl_typesupport_introspection_cpp
[8.193s] -- Found PythonInterp: /usr/bin/python3 (found suitable version "3.8.10", minimum required is "3.5") 
[8.237s] -- Found python_cmake_module: 0.8.1 (/opt/ros/foxy/share/python_cmake_module/cmake)
[8.359s] -- Found PythonLibs: /usr/lib/x86_64-linux-gnu/libpython3.8.so (found suitable version "3.8.10", minimum required is "3.5") 
[8.359s] -- Using PYTHON_EXECUTABLE: /usr/bin/python3
[8.359s] -- Using PYTHON_INCLUDE_DIRS: /usr/include/python3.8
[8.360s] -- Using PYTHON_LIBRARIES: /usr/lib/x86_64-linux-gnu/libpython3.8.so
[8.388s] -- Found PythonExtra: .so  
[8.766s] -- Configuring done
[8.809s] -- Generating done
[8.811s] -- Build files have been written to: /home/eit-lab/ros2_karan_ws/src/build/bboxes_ex_msgs
[8.818s] Invoked command in '/home/eit-lab/ros2_karan_ws/src/build/bboxes_ex_msgs' returned '0': CMAKE_PREFIX_PATH=${CMAKE_PREFIX_PATH}:/home/eit-lab/ros2_karan_ws/install/cv_basics:/opt/ros/foxy /usr/bin/cmake /home/eit-lab/ros2_karan_ws/src/bbox_ex_msgs -DCMAKE_INSTALL_PREFIX=/home/eit-lab/ros2_karan_ws/src/install/bboxes_ex_msgs
[8.821s] Invoking command in '/home/eit-lab/ros2_karan_ws/src/build/bboxes_ex_msgs': CMAKE_PREFIX_PATH=${CMAKE_PREFIX_PATH}:/home/eit-lab/ros2_karan_ws/install/cv_basics:/opt/ros/foxy /usr/bin/cmake --build /home/eit-lab/ros2_karan_ws/src/build/bboxes_ex_msgs -- -j8 -l8
[8.860s] [  2%] [34m[1mGenerating C code for ROS interfaces[0m
[8.860s] [35m[1mScanning dependencies of target bboxes_ex_msgs__cpp[0m
[8.872s] [  5%] [34m[1mGenerating C++ code for ROS interfaces[0m
[9.159s] [35m[1mScanning dependencies of target bboxes_ex_msgs__rosidl_generator_c[0m
[9.211s] [  5%] Built target bboxes_ex_msgs__cpp
[9.220s] [  7%] [34m[1mGenerating C++ type support for eProsima Fast-RTPS[0m
[9.224s] [ 12%] [34m[1mGenerating C++ type support dispatch for ROS interfaces[0m
[9.224s] [ 12%] [34m[1mGenerating C++ introspection for ROS interfaces[0m
[9.363s] [ 15%] [32mBuilding C object CMakeFiles/bboxes_ex_msgs__rosidl_generator_c.dir/rosidl_generator_c/bboxes_ex_msgs/msg/detail/bounding_box__functions.c.o[0m
[9.408s] [ 17%] [32mBuilding C object CMakeFiles/bboxes_ex_msgs__rosidl_generator_c.dir/rosidl_generator_c/bboxes_ex_msgs/msg/detail/bounding_boxes__functions.c.o[0m
[9.559s] [35m[1mScanning dependencies of target bboxes_ex_msgs__rosidl_typesupport_cpp[0m
[9.563s] [35m[1mScanning dependencies of target bboxes_ex_msgs__rosidl_typesupport_introspection_cpp[0m
[9.579s] [35m[1mScanning dependencies of target bboxes_ex_msgs__rosidl_typesupport_fastrtps_cpp[0m
[9.919s] [ 20%] [32mBuilding CXX object CMakeFiles/bboxes_ex_msgs__rosidl_typesupport_cpp.dir/rosidl_typesupport_cpp/bboxes_ex_msgs/msg/bounding_box__type_support.cpp.o[0m
[9.920s] [ 23%] [32mBuilding CXX object CMakeFiles/bboxes_ex_msgs__rosidl_typesupport_introspection_cpp.dir/rosidl_typesupport_introspection_cpp/bboxes_ex_msgs/msg/detail/bounding_box__type_support.cpp.o[0m
[9.922s] [ 25%] [32mBuilding CXX object CMakeFiles/bboxes_ex_msgs__rosidl_typesupport_cpp.dir/rosidl_typesupport_cpp/bboxes_ex_msgs/msg/bounding_boxes__type_support.cpp.o[0m
[9.923s] [ 28%] [32mBuilding CXX object CMakeFiles/bboxes_ex_msgs__rosidl_typesupport_introspection_cpp.dir/rosidl_typesupport_introspection_cpp/bboxes_ex_msgs/msg/detail/bounding_boxes__type_support.cpp.o[0m
[10.142s] [ 30%] [32mBuilding CXX object CMakeFiles/bboxes_ex_msgs__rosidl_typesupport_fastrtps_cpp.dir/rosidl_typesupport_fastrtps_cpp/bboxes_ex_msgs/msg/detail/dds_fastrtps/bounding_box__type_support.cpp.o[0m
[10.142s] [ 33%] [32mBuilding CXX object CMakeFiles/bboxes_ex_msgs__rosidl_typesupport_fastrtps_cpp.dir/rosidl_typesupport_fastrtps_cpp/bboxes_ex_msgs/msg/detail/dds_fastrtps/bounding_boxes__type_support.cpp.o[0m
[10.467s] [ 35%] [32m[1mLinking C shared library libbboxes_ex_msgs__rosidl_generator_c.so[0m
[10.640s] [ 35%] Built target bboxes_ex_msgs__rosidl_generator_c
[10.650s] [ 41%] [34m[1mGenerating C introspection for ROS interfaces[0m
[10.650s] [ 41%] [34m[1mGenerating C type support dispatch for ROS interfaces[0m
[10.891s] [35m[1mScanning dependencies of target bboxes_ex_msgs__rosidl_typesupport_introspection_c[0m
[11.003s] [ 43%] [32mBuilding C object CMakeFiles/bboxes_ex_msgs__rosidl_typesupport_introspection_c.dir/rosidl_typesupport_introspection_c/bboxes_ex_msgs/msg/detail/bounding_box__type_support.c.o[0m
[11.033s] [ 46%] [32mBuilding C object CMakeFiles/bboxes_ex_msgs__rosidl_typesupport_introspection_c.dir/rosidl_typesupport_introspection_c/bboxes_ex_msgs/msg/detail/bounding_boxes__type_support.c.o[0m
[11.064s] [ 48%] [32m[1mLinking C shared library libbboxes_ex_msgs__rosidl_typesupport_introspection_c.so[0m
[11.065s] [35m[1mScanning dependencies of target bboxes_ex_msgs__rosidl_typesupport_c[0m
[11.078s] [ 51%] [32mBuilding CXX object CMakeFiles/bboxes_ex_msgs__rosidl_typesupport_c.dir/rosidl_typesupport_c/bboxes_ex_msgs/msg/bounding_box__type_support.cpp.o[0m
[11.094s] [ 51%] Built target bboxes_ex_msgs__rosidl_typesupport_introspection_c
[11.102s] [ 53%] [32mBuilding CXX object CMakeFiles/bboxes_ex_msgs__rosidl_typesupport_c.dir/rosidl_typesupport_c/bboxes_ex_msgs/msg/bounding_boxes__type_support.cpp.o[0m
[11.492s] [ 56%] [32m[1mLinking CXX shared library libbboxes_ex_msgs__rosidl_typesupport_c.so[0m
[11.531s] [ 56%] Built target bboxes_ex_msgs__rosidl_typesupport_c
[12.634s] [ 58%] [32m[1mLinking CXX shared library libbboxes_ex_msgs__rosidl_typesupport_cpp.so[0m
[12.672s] [ 58%] Built target bboxes_ex_msgs__rosidl_typesupport_cpp
[12.822s] [ 61%] [32m[1mLinking CXX shared library libbboxes_ex_msgs__rosidl_typesupport_introspection_cpp.so[0m
[12.889s] [ 61%] Built target bboxes_ex_msgs__rosidl_typesupport_introspection_cpp
[13.624s] [ 64%] [32m[1mLinking CXX shared library libbboxes_ex_msgs__rosidl_typesupport_fastrtps_cpp.so[0m
[13.759s] [ 64%] Built target bboxes_ex_msgs__rosidl_typesupport_fastrtps_cpp
[13.768s] [ 66%] [34m[1mGenerating C type support for eProsima Fast-RTPS[0m
[14.100s] [35m[1mScanning dependencies of target bboxes_ex_msgs__rosidl_typesupport_fastrtps_c[0m
[14.225s] [ 69%] [32mBuilding CXX object CMakeFiles/bboxes_ex_msgs__rosidl_typesupport_fastrtps_c.dir/rosidl_typesupport_fastrtps_c/bboxes_ex_msgs/msg/detail/bounding_box__type_support_c.cpp.o[0m
[14.227s] [ 71%] [32mBuilding CXX object CMakeFiles/bboxes_ex_msgs__rosidl_typesupport_fastrtps_c.dir/rosidl_typesupport_fastrtps_c/bboxes_ex_msgs/msg/detail/bounding_boxes__type_support_c.cpp.o[0m
[14.560s] [ 74%] [32m[1mLinking CXX shared library libbboxes_ex_msgs__rosidl_typesupport_fastrtps_c.so[0m
[14.650s] [ 74%] Built target bboxes_ex_msgs__rosidl_typesupport_fastrtps_c
[14.659s] [35m[1mScanning dependencies of target bboxes_ex_msgs[0m
[14.672s] [ 74%] Built target bboxes_ex_msgs
[14.683s] [35m[1mScanning dependencies of target bboxes_ex_msgs__py[0m
[14.693s] [ 76%] [34m[1mGenerating Python code for ROS interfaces[0m
[15.387s] [ 76%] Built target bboxes_ex_msgs__py
[15.401s] [35m[1mScanning dependencies of target bboxes_ex_msgs__python[0m
[15.631s] [ 79%] [32mBuilding C object CMakeFiles/bboxes_ex_msgs__python.dir/rosidl_generator_py/bboxes_ex_msgs/msg/_bounding_boxes_s.c.o[0m
[15.631s] [ 82%] [32mBuilding C object CMakeFiles/bboxes_ex_msgs__python.dir/rosidl_generator_py/bboxes_ex_msgs/msg/_bounding_box_s.c.o[0m
[15.936s] [ 84%] [32m[1mLinking C shared library rosidl_generator_py/bboxes_ex_msgs/libbboxes_ex_msgs__python.so[0m
[15.982s] [ 84%] Built target bboxes_ex_msgs__python
[15.991s] [35m[1mScanning dependencies of target bboxes_ex_msgs__rosidl_typesupport_c__pyext[0m
[15.991s] [35m[1mScanning dependencies of target bboxes_ex_msgs__rosidl_typesupport_introspection_c__pyext[0m
[15.992s] [35m[1mScanning dependencies of target bboxes_ex_msgs__rosidl_typesupport_fastrtps_c__pyext[0m
[16.026s] [ 87%] [32mBuilding C object CMakeFiles/bboxes_ex_msgs__rosidl_typesupport_introspection_c__pyext.dir/rosidl_generator_py/bboxes_ex_msgs/_bboxes_ex_msgs_s.ep.rosidl_typesupport_introspection_c.c.o[0m
[16.026s] [ 89%] [32mBuilding C object CMakeFiles/bboxes_ex_msgs__rosidl_typesupport_c__pyext.dir/rosidl_generator_py/bboxes_ex_msgs/_bboxes_ex_msgs_s.ep.rosidl_typesupport_c.c.o[0m
[16.028s] [ 92%] [32mBuilding C object CMakeFiles/bboxes_ex_msgs__rosidl_typesupport_fastrtps_c__pyext.dir/rosidl_generator_py/bboxes_ex_msgs/_bboxes_ex_msgs_s.ep.rosidl_typesupport_fastrtps_c.c.o[0m
[16.100s] [ 94%] [32m[1mLinking C shared library rosidl_generator_py/bboxes_ex_msgs/bboxes_ex_msgs_s__rosidl_typesupport_c.cpython-38-x86_64-linux-gnu.so[0m
[16.100s] [ 97%] [32m[1mLinking CXX shared library rosidl_generator_py/bboxes_ex_msgs/bboxes_ex_msgs_s__rosidl_typesupport_fastrtps_c.cpython-38-x86_64-linux-gnu.so[0m
[16.100s] [100%] [32m[1mLinking C shared library rosidl_generator_py/bboxes_ex_msgs/bboxes_ex_msgs_s__rosidl_typesupport_introspection_c.cpython-38-x86_64-linux-gnu.so[0m
[16.144s] [100%] Built target bboxes_ex_msgs__rosidl_typesupport_c__pyext
[16.144s] [100%] Built target bboxes_ex_msgs__rosidl_typesupport_introspection_c__pyext
[16.184s] [100%] Built target bboxes_ex_msgs__rosidl_typesupport_fastrtps_c__pyext
[16.195s] Invoked command in '/home/eit-lab/ros2_karan_ws/src/build/bboxes_ex_msgs' returned '0': CMAKE_PREFIX_PATH=${CMAKE_PREFIX_PATH}:/home/eit-lab/ros2_karan_ws/install/cv_basics:/opt/ros/foxy /usr/bin/cmake --build /home/eit-lab/ros2_karan_ws/src/build/bboxes_ex_msgs -- -j8 -l8
[16.259s] Invoking command in '/home/eit-lab/ros2_karan_ws/src/build/bboxes_ex_msgs': CMAKE_PREFIX_PATH=${CMAKE_PREFIX_PATH}:/home/eit-lab/ros2_karan_ws/install/cv_basics:/opt/ros/foxy /usr/bin/cmake --install /home/eit-lab/ros2_karan_ws/src/build/bboxes_ex_msgs
[16.267s] -- Install configuration: ""
[16.268s] -- Installing: /home/eit-lab/ros2_karan_ws/src/install/bboxes_ex_msgs/share/ament_index/resource_index/rosidl_interfaces/bboxes_ex_msgs
[16.268s] -- Installing: /home/eit-lab/ros2_karan_ws/src/install/bboxes_ex_msgs/include/bboxes_ex_msgs
[16.268s] -- Installing: /home/eit-lab/ros2_karan_ws/src/install/bboxes_ex_msgs/include/bboxes_ex_msgs/msg
[16.268s] -- Installing: /home/eit-lab/ros2_karan_ws/src/install/bboxes_ex_msgs/include/bboxes_ex_msgs/msg/detail
[16.269s] -- Installing: /home/eit-lab/ros2_karan_ws/src/install/bboxes_ex_msgs/include/bboxes_ex_msgs/msg/detail/bounding_box__functions.c
[16.269s] -- Installing: /home/eit-lab/ros2_karan_ws/src/install/bboxes_ex_msgs/include/bboxes_ex_msgs/msg/detail/bounding_boxes__functions.c
[16.269s] -- Installing: /home/eit-lab/ros2_karan_ws/src/install/bboxes_ex_msgs/include/bboxes_ex_msgs/msg/detail/bounding_boxes__functions.h
[16.269s] -- Installing: /home/eit-lab/ros2_karan_ws/src/install/bboxes_ex_msgs/include/bboxes_ex_msgs/msg/detail/bounding_boxes__type_support.h
[16.269s] -- Installing: /home/eit-lab/ros2_karan_ws/src/install/bboxes_ex_msgs/include/bboxes_ex_msgs/msg/detail/bounding_boxes__struct.h
[16.269s] -- Installing: /home/eit-lab/ros2_karan_ws/src/install/bboxes_ex_msgs/include/bboxes_ex_msgs/msg/detail/bounding_box__type_support.h
[16.270s] -- Installing: /home/eit-lab/ros2_karan_ws/src/install/bboxes_ex_msgs/include/bboxes_ex_msgs/msg/detail/bounding_box__struct.h
[16.270s] -- Installing: /home/eit-lab/ros2_karan_ws/src/install/bboxes_ex_msgs/include/bboxes_ex_msgs/msg/detail/bounding_box__functions.h
[16.270s] -- Installing: /home/eit-lab/ros2_karan_ws/src/install/bboxes_ex_msgs/include/bboxes_ex_msgs/msg/bounding_boxes.h
[16.270s] -- Installing: /home/eit-lab/ros2_karan_ws/src/install/bboxes_ex_msgs/include/bboxes_ex_msgs/msg/rosidl_generator_c__visibility_control.h
[16.270s] -- Installing: /home/eit-lab/ros2_karan_ws/src/install/bboxes_ex_msgs/include/bboxes_ex_msgs/msg/bounding_box.h
[16.270s] -- Installing: /home/eit-lab/ros2_karan_ws/src/install/bboxes_ex_msgs/share/bboxes_ex_msgs/environment/library_path.sh
[16.270s] -- Installing: /home/eit-lab/ros2_karan_ws/src/install/bboxes_ex_msgs/share/bboxes_ex_msgs/environment/library_path.dsv
[16.271s] -- Installing: /home/eit-lab/ros2_karan_ws/src/install/bboxes_ex_msgs/lib/libbboxes_ex_msgs__rosidl_generator_c.so
[16.271s] -- Set runtime path of "/home/eit-lab/ros2_karan_ws/src/install/bboxes_ex_msgs/lib/libbboxes_ex_msgs__rosidl_generator_c.so" to ""
[16.271s] -- Up-to-date: /home/eit-lab/ros2_karan_ws/src/install/bboxes_ex_msgs/include/bboxes_ex_msgs
[16.271s] -- Up-to-date: /home/eit-lab/ros2_karan_ws/src/install/bboxes_ex_msgs/include/bboxes_ex_msgs/msg
[16.271s] -- Up-to-date: /home/eit-lab/ros2_karan_ws/src/install/bboxes_ex_msgs/include/bboxes_ex_msgs/msg/detail
[16.271s] -- Installing: /home/eit-lab/ros2_karan_ws/src/install/bboxes_ex_msgs/include/bboxes_ex_msgs/msg/detail/bounding_boxes__rosidl_typesupport_fastrtps_c.h
[16.272s] -- Installing: /home/eit-lab/ros2_karan_ws/src/install/bboxes_ex_msgs/include/bboxes_ex_msgs/msg/detail/bounding_box__rosidl_typesupport_fastrtps_c.h
[16.272s] -- Installing: /home/eit-lab/ros2_karan_ws/src/install/bboxes_ex_msgs/include/bboxes_ex_msgs/msg/rosidl_typesupport_fastrtps_c__visibility_control.h
[16.272s] -- Installing: /home/eit-lab/ros2_karan_ws/src/install/bboxes_ex_msgs/lib/libbboxes_ex_msgs__rosidl_typesupport_fastrtps_c.so
[16.272s] -- Set runtime path of "/home/eit-lab/ros2_karan_ws/src/install/bboxes_ex_msgs/lib/libbboxes_ex_msgs__rosidl_typesupport_fastrtps_c.so" to ""
[16.272s] -- Up-to-date: /home/eit-lab/ros2_karan_ws/src/install/bboxes_ex_msgs/include/bboxes_ex_msgs
[16.273s] -- Up-to-date: /home/eit-lab/ros2_karan_ws/src/install/bboxes_ex_msgs/include/bboxes_ex_msgs/msg
[16.273s] -- Up-to-date: /home/eit-lab/ros2_karan_ws/src/install/bboxes_ex_msgs/include/bboxes_ex_msgs/msg/detail
[16.273s] -- Installing: /home/eit-lab/ros2_karan_ws/src/install/bboxes_ex_msgs/include/bboxes_ex_msgs/msg/detail/bounding_box__rosidl_typesupport_fastrtps_cpp.hpp
[16.273s] -- Installing: /home/eit-lab/ros2_karan_ws/src/install/bboxes_ex_msgs/include/bboxes_ex_msgs/msg/detail/dds_fastrtps
[16.273s] -- Installing: /home/eit-lab/ros2_karan_ws/src/install/bboxes_ex_msgs/include/bboxes_ex_msgs/msg/detail/bounding_boxes__rosidl_typesupport_fastrtps_cpp.hpp
[16.273s] -- Installing: /home/eit-lab/ros2_karan_ws/src/install/bboxes_ex_msgs/include/bboxes_ex_msgs/msg/rosidl_typesupport_fastrtps_cpp__visibility_control.h
[16.273s] -- Installing: /home/eit-lab/ros2_karan_ws/src/install/bboxes_ex_msgs/lib/libbboxes_ex_msgs__rosidl_typesupport_fastrtps_cpp.so
[16.274s] -- Set runtime path of "/home/eit-lab/ros2_karan_ws/src/install/bboxes_ex_msgs/lib/libbboxes_ex_msgs__rosidl_typesupport_fastrtps_cpp.so" to ""
[16.274s] -- Up-to-date: /home/eit-lab/ros2_karan_ws/src/install/bboxes_ex_msgs/include/bboxes_ex_msgs
[16.274s] -- Up-to-date: /home/eit-lab/ros2_karan_ws/src/install/bboxes_ex_msgs/include/bboxes_ex_msgs/msg
[16.274s] -- Up-to-date: /home/eit-lab/ros2_karan_ws/src/install/bboxes_ex_msgs/include/bboxes_ex_msgs/msg/detail
[16.274s] -- Installing: /home/eit-lab/ros2_karan_ws/src/install/bboxes_ex_msgs/include/bboxes_ex_msgs/msg/detail/bounding_box__rosidl_typesupport_introspection_c.h
[16.275s] -- Installing: /home/eit-lab/ros2_karan_ws/src/install/bboxes_ex_msgs/include/bboxes_ex_msgs/msg/detail/bounding_boxes__type_support.c
[16.275s] -- Installing: /home/eit-lab/ros2_karan_ws/src/install/bboxes_ex_msgs/include/bboxes_ex_msgs/msg/detail/bounding_box__type_support.c
[16.275s] -- Installing: /home/eit-lab/ros2_karan_ws/src/install/bboxes_ex_msgs/include/bboxes_ex_msgs/msg/detail/bounding_boxes__rosidl_typesupport_introspection_c.h
[16.275s] -- Installing: /home/eit-lab/ros2_karan_ws/src/install/bboxes_ex_msgs/include/bboxes_ex_msgs/msg/rosidl_typesupport_introspection_c__visibility_control.h
[16.275s] -- Installing: /home/eit-lab/ros2_karan_ws/src/install/bboxes_ex_msgs/lib/libbboxes_ex_msgs__rosidl_typesupport_introspection_c.so
[16.275s] -- Set runtime path of "/home/eit-lab/ros2_karan_ws/src/install/bboxes_ex_msgs/lib/libbboxes_ex_msgs__rosidl_typesupport_introspection_c.so" to ""
[16.276s] -- Installing: /home/eit-lab/ros2_karan_ws/src/install/bboxes_ex_msgs/lib/libbboxes_ex_msgs__rosidl_typesupport_c.so
[16.276s] -- Set runtime path of "/home/eit-lab/ros2_karan_ws/src/install/bboxes_ex_msgs/lib/libbboxes_ex_msgs__rosidl_typesupport_c.so" to ""
[16.276s] -- Up-to-date: /home/eit-lab/ros2_karan_ws/src/install/bboxes_ex_msgs/include/bboxes_ex_msgs
[16.276s] -- Up-to-date: /home/eit-lab/ros2_karan_ws/src/install/bboxes_ex_msgs/include/bboxes_ex_msgs/msg
[16.276s] -- Up-to-date: /home/eit-lab/ros2_karan_ws/src/install/bboxes_ex_msgs/include/bboxes_ex_msgs/msg/detail
[16.277s] -- Installing: /home/eit-lab/ros2_karan_ws/src/install/bboxes_ex_msgs/include/bboxes_ex_msgs/msg/detail/bounding_box__builder.hpp
[16.277s] -- Installing: /home/eit-lab/ros2_karan_ws/src/install/bboxes_ex_msgs/include/bboxes_ex_msgs/msg/detail/bounding_box__struct.hpp
[16.277s] -- Installing: /home/eit-lab/ros2_karan_ws/src/install/bboxes_ex_msgs/include/bboxes_ex_msgs/msg/detail/bounding_boxes__builder.hpp
[16.277s] -- Installing: /home/eit-lab/ros2_karan_ws/src/install/bboxes_ex_msgs/include/bboxes_ex_msgs/msg/detail/bounding_boxes__struct.hpp
[16.277s] -- Installing: /home/eit-lab/ros2_karan_ws/src/install/bboxes_ex_msgs/include/bboxes_ex_msgs/msg/detail/bounding_box__traits.hpp
[16.277s] -- Installing: /home/eit-lab/ros2_karan_ws/src/install/bboxes_ex_msgs/include/bboxes_ex_msgs/msg/detail/bounding_boxes__traits.hpp
[16.278s] -- Installing: /home/eit-lab/ros2_karan_ws/src/install/bboxes_ex_msgs/include/bboxes_ex_msgs/msg/bounding_box.hpp
[16.278s] -- Installing: /home/eit-lab/ros2_karan_ws/src/install/bboxes_ex_msgs/include/bboxes_ex_msgs/msg/bounding_boxes.hpp
[16.278s] -- Up-to-date: /home/eit-lab/ros2_karan_ws/src/install/bboxes_ex_msgs/include/bboxes_ex_msgs
[16.278s] -- Up-to-date: /home/eit-lab/ros2_karan_ws/src/install/bboxes_ex_msgs/include/bboxes_ex_msgs/msg
[16.278s] -- Up-to-date: /home/eit-lab/ros2_karan_ws/src/install/bboxes_ex_msgs/include/bboxes_ex_msgs/msg/detail
[16.278s] -- Installing: /home/eit-lab/ros2_karan_ws/src/install/bboxes_ex_msgs/include/bboxes_ex_msgs/msg/detail/bounding_box__rosidl_typesupport_introspection_cpp.hpp
[16.278s] -- Installing: /home/eit-lab/ros2_karan_ws/src/install/bboxes_ex_msgs/include/bboxes_ex_msgs/msg/detail/bounding_boxes__rosidl_typesupport_introspection_cpp.hpp
[16.278s] -- Installing: /home/eit-lab/ros2_karan_ws/src/install/bboxes_ex_msgs/include/bboxes_ex_msgs/msg/detail/bounding_boxes__type_support.cpp
[16.279s] -- Installing: /home/eit-lab/ros2_karan_ws/src/install/bboxes_ex_msgs/include/bboxes_ex_msgs/msg/detail/bounding_box__type_support.cpp
[16.279s] -- Installing: /home/eit-lab/ros2_karan_ws/src/install/bboxes_ex_msgs/lib/libbboxes_ex_msgs__rosidl_typesupport_introspection_cpp.so
[16.279s] -- Set runtime path of "/home/eit-lab/ros2_karan_ws/src/install/bboxes_ex_msgs/lib/libbboxes_ex_msgs__rosidl_typesupport_introspection_cpp.so" to ""
[16.279s] -- Installing: /home/eit-lab/ros2_karan_ws/src/install/bboxes_ex_msgs/lib/libbboxes_ex_msgs__rosidl_typesupport_cpp.so
[16.279s] -- Set runtime path of "/home/eit-lab/ros2_karan_ws/src/install/bboxes_ex_msgs/lib/libbboxes_ex_msgs__rosidl_typesupport_cpp.so" to ""
[16.280s] -- Installing: /home/eit-lab/ros2_karan_ws/src/install/bboxes_ex_msgs/share/bboxes_ex_msgs/environment/pythonpath.sh
[16.280s] -- Installing: /home/eit-lab/ros2_karan_ws/src/install/bboxes_ex_msgs/share/bboxes_ex_msgs/environment/pythonpath.dsv
[16.280s] -- Installing: /home/eit-lab/ros2_karan_ws/src/install/bboxes_ex_msgs/lib/python3.8/site-packages/bboxes_ex_msgs/__init__.py
[16.317s] Compiling '/home/eit-lab/ros2_karan_ws/src/install/bboxes_ex_msgs/lib/python3.8/site-packages/bboxes_ex_msgs/__init__.py'...
[16.321s] -- Installing: /home/eit-lab/ros2_karan_ws/src/install/bboxes_ex_msgs/lib/python3.8/site-packages/bboxes_ex_msgs/msg
[16.321s] -- Installing: /home/eit-lab/ros2_karan_ws/src/install/bboxes_ex_msgs/lib/python3.8/site-packages/bboxes_ex_msgs/msg/_bounding_boxes_s.c
[16.321s] -- Installing: /home/eit-lab/ros2_karan_ws/src/install/bboxes_ex_msgs/lib/python3.8/site-packages/bboxes_ex_msgs/msg/__init__.py
[16.321s] -- Installing: /home/eit-lab/ros2_karan_ws/src/install/bboxes_ex_msgs/lib/python3.8/site-packages/bboxes_ex_msgs/msg/_bounding_boxes.py
[16.321s] -- Installing: /home/eit-lab/ros2_karan_ws/src/install/bboxes_ex_msgs/lib/python3.8/site-packages/bboxes_ex_msgs/msg/_bounding_box.py
[16.322s] -- Installing: /home/eit-lab/ros2_karan_ws/src/install/bboxes_ex_msgs/lib/python3.8/site-packages/bboxes_ex_msgs/msg/_bounding_box_s.c
[16.322s] -- Installing: /home/eit-lab/ros2_karan_ws/src/install/bboxes_ex_msgs/lib/python3.8/site-packages/bboxes_ex_msgs/bboxes_ex_msgs_s__rosidl_typesupport_fastrtps_c.cpython-38-x86_64-linux-gnu.so
[16.322s] -- Set runtime path of "/home/eit-lab/ros2_karan_ws/src/install/bboxes_ex_msgs/lib/python3.8/site-packages/bboxes_ex_msgs/bboxes_ex_msgs_s__rosidl_typesupport_fastrtps_c.cpython-38-x86_64-linux-gnu.so" to ""
[16.323s] -- Installing: /home/eit-lab/ros2_karan_ws/src/install/bboxes_ex_msgs/lib/python3.8/site-packages/bboxes_ex_msgs/bboxes_ex_msgs_s__rosidl_typesupport_introspection_c.cpython-38-x86_64-linux-gnu.so
[16.323s] -- Set runtime path of "/home/eit-lab/ros2_karan_ws/src/install/bboxes_ex_msgs/lib/python3.8/site-packages/bboxes_ex_msgs/bboxes_ex_msgs_s__rosidl_typesupport_introspection_c.cpython-38-x86_64-linux-gnu.so" to ""
[16.323s] -- Installing: /home/eit-lab/ros2_karan_ws/src/install/bboxes_ex_msgs/lib/python3.8/site-packages/bboxes_ex_msgs/bboxes_ex_msgs_s__rosidl_typesupport_c.cpython-38-x86_64-linux-gnu.so
[16.324s] -- Set runtime path of "/home/eit-lab/ros2_karan_ws/src/install/bboxes_ex_msgs/lib/python3.8/site-packages/bboxes_ex_msgs/bboxes_ex_msgs_s__rosidl_typesupport_c.cpython-38-x86_64-linux-gnu.so" to ""
[16.325s] -- Installing: /home/eit-lab/ros2_karan_ws/src/install/bboxes_ex_msgs/lib/libbboxes_ex_msgs__python.so
[16.325s] -- Set runtime path of "/home/eit-lab/ros2_karan_ws/src/install/bboxes_ex_msgs/lib/libbboxes_ex_msgs__python.so" to ""
[16.325s] -- Installing: /home/eit-lab/ros2_karan_ws/src/install/bboxes_ex_msgs/share/bboxes_ex_msgs/msg/BoundingBox.idl
[16.325s] -- Installing: /home/eit-lab/ros2_karan_ws/src/install/bboxes_ex_msgs/share/bboxes_ex_msgs/msg/BoundingBoxes.idl
[16.325s] -- Installing: /home/eit-lab/ros2_karan_ws/src/install/bboxes_ex_msgs/share/bboxes_ex_msgs/msg/BoundingBox.msg
[16.326s] -- Installing: /home/eit-lab/ros2_karan_ws/src/install/bboxes_ex_msgs/share/bboxes_ex_msgs/msg/BoundingBoxes.msg
[16.326s] -- Installing: /home/eit-lab/ros2_karan_ws/src/install/bboxes_ex_msgs/share/ament_index/resource_index/package_run_dependencies/bboxes_ex_msgs
[16.326s] -- Installing: /home/eit-lab/ros2_karan_ws/src/install/bboxes_ex_msgs/share/ament_index/resource_index/parent_prefix_path/bboxes_ex_msgs
[16.326s] -- Installing: /home/eit-lab/ros2_karan_ws/src/install/bboxes_ex_msgs/share/bboxes_ex_msgs/environment/ament_prefix_path.sh
[16.327s] -- Installing: /home/eit-lab/ros2_karan_ws/src/install/bboxes_ex_msgs/share/bboxes_ex_msgs/environment/ament_prefix_path.dsv
[16.327s] -- Installing: /home/eit-lab/ros2_karan_ws/src/install/bboxes_ex_msgs/share/bboxes_ex_msgs/environment/path.sh
[16.327s] -- Installing: /home/eit-lab/ros2_karan_ws/src/install/bboxes_ex_msgs/share/bboxes_ex_msgs/environment/path.dsv
[16.327s] -- Installing: /home/eit-lab/ros2_karan_ws/src/install/bboxes_ex_msgs/share/bboxes_ex_msgs/local_setup.bash
[16.327s] -- Installing: /home/eit-lab/ros2_karan_ws/src/install/bboxes_ex_msgs/share/bboxes_ex_msgs/local_setup.sh
[16.328s] -- Installing: /home/eit-lab/ros2_karan_ws/src/install/bboxes_ex_msgs/share/bboxes_ex_msgs/local_setup.zsh
[16.328s] -- Installing: /home/eit-lab/ros2_karan_ws/src/install/bboxes_ex_msgs/share/bboxes_ex_msgs/local_setup.dsv
[16.328s] -- Installing: /home/eit-lab/ros2_karan_ws/src/install/bboxes_ex_msgs/share/bboxes_ex_msgs/package.dsv
[16.328s] -- Installing: /home/eit-lab/ros2_karan_ws/src/install/bboxes_ex_msgs/share/ament_index/resource_index/packages/bboxes_ex_msgs
[16.328s] -- Installing: /home/eit-lab/ros2_karan_ws/src/install/bboxes_ex_msgs/share/bboxes_ex_msgs/cmake/bboxes_ex_msgs__rosidl_generator_cExport.cmake
[16.329s] -- Installing: /home/eit-lab/ros2_karan_ws/src/install/bboxes_ex_msgs/share/bboxes_ex_msgs/cmake/bboxes_ex_msgs__rosidl_generator_cExport-noconfig.cmake
[16.329s] -- Installing: /home/eit-lab/ros2_karan_ws/src/install/bboxes_ex_msgs/share/bboxes_ex_msgs/cmake/bboxes_ex_msgs__rosidl_typesupport_introspection_cExport.cmake
[16.329s] -- Installing: /home/eit-lab/ros2_karan_ws/src/install/bboxes_ex_msgs/share/bboxes_ex_msgs/cmake/bboxes_ex_msgs__rosidl_typesupport_introspection_cExport-noconfig.cmake
[16.329s] -- Installing: /home/eit-lab/ros2_karan_ws/src/install/bboxes_ex_msgs/share/bboxes_ex_msgs/cmake/bboxes_ex_msgs__rosidl_typesupport_cExport.cmake
[16.330s] -- Installing: /home/eit-lab/ros2_karan_ws/src/install/bboxes_ex_msgs/share/bboxes_ex_msgs/cmake/bboxes_ex_msgs__rosidl_typesupport_cExport-noconfig.cmake
[16.330s] -- Installing: /home/eit-lab/ros2_karan_ws/src/install/bboxes_ex_msgs/share/bboxes_ex_msgs/cmake/bboxes_ex_msgs__rosidl_generator_cppExport.cmake
[16.330s] -- Installing: /home/eit-lab/ros2_karan_ws/src/install/bboxes_ex_msgs/share/bboxes_ex_msgs/cmake/bboxes_ex_msgs__rosidl_typesupport_introspection_cppExport.cmake
[16.330s] -- Installing: /home/eit-lab/ros2_karan_ws/src/install/bboxes_ex_msgs/share/bboxes_ex_msgs/cmake/bboxes_ex_msgs__rosidl_typesupport_introspection_cppExport-noconfig.cmake
[16.331s] -- Installing: /home/eit-lab/ros2_karan_ws/src/install/bboxes_ex_msgs/share/bboxes_ex_msgs/cmake/bboxes_ex_msgs__rosidl_typesupport_cppExport.cmake
[16.331s] -- Installing: /home/eit-lab/ros2_karan_ws/src/install/bboxes_ex_msgs/share/bboxes_ex_msgs/cmake/bboxes_ex_msgs__rosidl_typesupport_cppExport-noconfig.cmake
[16.331s] -- Installing: /home/eit-lab/ros2_karan_ws/src/install/bboxes_ex_msgs/share/bboxes_ex_msgs/cmake/rosidl_cmake-extras.cmake
[16.331s] -- Installing: /home/eit-lab/ros2_karan_ws/src/install/bboxes_ex_msgs/share/bboxes_ex_msgs/cmake/ament_cmake_export_dependencies-extras.cmake
[16.331s] -- Installing: /home/eit-lab/ros2_karan_ws/src/install/bboxes_ex_msgs/share/bboxes_ex_msgs/cmake/ament_cmake_export_libraries-extras.cmake
[16.331s] -- Installing: /home/eit-lab/ros2_karan_ws/src/install/bboxes_ex_msgs/share/bboxes_ex_msgs/cmake/ament_cmake_export_targets-extras.cmake
[16.331s] -- Installing: /home/eit-lab/ros2_karan_ws/src/install/bboxes_ex_msgs/share/bboxes_ex_msgs/cmake/ament_cmake_export_include_directories-extras.cmake
[16.331s] -- Installing: /home/eit-lab/ros2_karan_ws/src/install/bboxes_ex_msgs/share/bboxes_ex_msgs/cmake/rosidl_cmake_export_typesupport_libraries-extras.cmake
[16.331s] -- Installing: /home/eit-lab/ros2_karan_ws/src/install/bboxes_ex_msgs/share/bboxes_ex_msgs/cmake/rosidl_cmake_export_typesupport_targets-extras.cmake
[16.332s] -- Installing: /home/eit-lab/ros2_karan_ws/src/install/bboxes_ex_msgs/share/bboxes_ex_msgs/cmake/bboxes_ex_msgsConfig.cmake
[16.332s] -- Installing: /home/eit-lab/ros2_karan_ws/src/install/bboxes_ex_msgs/share/bboxes_ex_msgs/cmake/bboxes_ex_msgsConfig-version.cmake
[16.332s] -- Installing: /home/eit-lab/ros2_karan_ws/src/install/bboxes_ex_msgs/share/bboxes_ex_msgs/package.xml
[16.335s] Invoked command in '/home/eit-lab/ros2_karan_ws/src/build/bboxes_ex_msgs' returned '0': CMAKE_PREFIX_PATH=${CMAKE_PREFIX_PATH}:/home/eit-lab/ros2_karan_ws/install/cv_basics:/opt/ros/foxy /usr/bin/cmake --install /home/eit-lab/ros2_karan_ws/src/build/bboxes_ex_msgs
