[0.885s] Invoking command in '/home/eit-lab/ros2_karan_ws/src/YOLOv5-ROS/yolov5_ros': AMENT_PREFIX_PATH=/home/eit-lab/ros2_karan_ws/src/install/bboxes_ex_msgs:${AMENT_PREFIX_PATH} CMAKE_PREFIX_PATH=/home/eit-lab/ros2_karan_ws/src/install/bboxes_ex_msgs:${CMAKE_PREFIX_PATH} LD_LIBRARY_PATH=/home/eit-lab/ros2_karan_ws/src/install/bboxes_ex_msgs/lib:${LD_LIBRARY_PATH} PYTHONPATH=/home/eit-lab/ros2_karan_ws/src/install/yolov5_ros/lib/python3.8/site-packages:/home/eit-lab/ros2_karan_ws/src/install/bboxes_ex_msgs/lib/python3.8/site-packages:${PYTHONPATH} /usr/bin/python3 setup.py egg_info --egg-base ../../build/yolov5_ros build --build-base /home/eit-lab/ros2_karan_ws/src/build/yolov5_ros/build install --prefix /home/eit-lab/ros2_karan_ws/src/install/yolov5_ros --record /home/eit-lab/ros2_karan_ws/src/build/yolov5_ros/install.log --single-version-externally-managed
[1.110s] running egg_info
[1.110s] creating ../../build/yolov5_ros/yolov5_ros.egg-info
[1.111s] writing ../../build/yolov5_ros/yolov5_ros.egg-info/PKG-INFO
[1.111s] writing dependency_links to ../../build/yolov5_ros/yolov5_ros.egg-info/dependency_links.txt
[1.111s] writing entry points to ../../build/yolov5_ros/yolov5_ros.egg-info/entry_points.txt
[1.111s] writing requirements to ../../build/yolov5_ros/yolov5_ros.egg-info/requires.txt
[1.111s] writing top-level names to ../../build/yolov5_ros/yolov5_ros.egg-info/top_level.txt
[1.112s] writing manifest file '../../build/yolov5_ros/yolov5_ros.egg-info/SOURCES.txt'
[1.142s] reading manifest file '../../build/yolov5_ros/yolov5_ros.egg-info/SOURCES.txt'
[1.143s] writing manifest file '../../build/yolov5_ros/yolov5_ros.egg-info/SOURCES.txt'
[1.143s] running build
[1.143s] running build_py
[1.143s] creating /home/eit-lab/ros2_karan_ws/src/build/yolov5_ros/build
[1.143s] creating /home/eit-lab/ros2_karan_ws/src/build/yolov5_ros/build/lib
[1.144s] creating /home/eit-lab/ros2_karan_ws/src/build/yolov5_ros/build/lib/yolov5_ros
[1.144s] copying yolov5_ros/__init__.py -> /home/eit-lab/ros2_karan_ws/src/build/yolov5_ros/build/lib/yolov5_ros
[1.144s] copying yolov5_ros/export.py -> /home/eit-lab/ros2_karan_ws/src/build/yolov5_ros/build/lib/yolov5_ros
[1.187s] copying yolov5_ros/main.py -> /home/eit-lab/ros2_karan_ws/src/build/yolov5_ros/build/lib/yolov5_ros
[1.187s] running install
[1.188s] running install_lib
[1.189s] creating /home/eit-lab/ros2_karan_ws/src/install/yolov5_ros/lib/python3.8/site-packages/yolov5_ros
[1.189s] copying /home/eit-lab/ros2_karan_ws/src/build/yolov5_ros/build/lib/yolov5_ros/__init__.py -> /home/eit-lab/ros2_karan_ws/src/install/yolov5_ros/lib/python3.8/site-packages/yolov5_ros
[1.189s] copying /home/eit-lab/ros2_karan_ws/src/build/yolov5_ros/build/lib/yolov5_ros/export.py -> /home/eit-lab/ros2_karan_ws/src/install/yolov5_ros/lib/python3.8/site-packages/yolov5_ros
[1.190s] copying /home/eit-lab/ros2_karan_ws/src/build/yolov5_ros/build/lib/yolov5_ros/main.py -> /home/eit-lab/ros2_karan_ws/src/install/yolov5_ros/lib/python3.8/site-packages/yolov5_ros
[1.190s] byte-compiling /home/eit-lab/ros2_karan_ws/src/install/yolov5_ros/lib/python3.8/site-packages/yolov5_ros/__init__.py to __init__.cpython-38.pyc
[1.191s] byte-compiling /home/eit-lab/ros2_karan_ws/src/install/yolov5_ros/lib/python3.8/site-packages/yolov5_ros/export.py to export.cpython-38.pyc
[1.195s] byte-compiling /home/eit-lab/ros2_karan_ws/src/install/yolov5_ros/lib/python3.8/site-packages/yolov5_ros/main.py to main.cpython-38.pyc
[1.197s] running install_data
[1.198s] creating /home/eit-lab/ros2_karan_ws/src/install/yolov5_ros/share/ament_index
[1.198s] creating /home/eit-lab/ros2_karan_ws/src/install/yolov5_ros/share/ament_index/resource_index
[1.198s] creating /home/eit-lab/ros2_karan_ws/src/install/yolov5_ros/share/ament_index/resource_index/packages
[1.198s] copying resource/yolov5_ros -> /home/eit-lab/ros2_karan_ws/src/install/yolov5_ros/share/ament_index/resource_index/packages
[1.198s] copying package.xml -> /home/eit-lab/ros2_karan_ws/src/install/yolov5_ros/share/yolov5_ros
[1.198s] copying ./launch/yolov5s_simple.launch.py -> /home/eit-lab/ros2_karan_ws/src/install/yolov5_ros/share/yolov5_ros
[1.198s] running install_egg_info
[1.199s] Copying ../../build/yolov5_ros/yolov5_ros.egg-info to /home/eit-lab/ros2_karan_ws/src/install/yolov5_ros/lib/python3.8/site-packages/yolov5_ros-0.2.0-py3.8.egg-info
[1.200s] running install_scripts
[1.213s] Installing yolov5_ros script to /home/eit-lab/ros2_karan_ws/src/install/yolov5_ros/lib/yolov5_ros
[1.213s] writing list of installed files to '/home/eit-lab/ros2_karan_ws/src/build/yolov5_ros/install.log'
[1.241s] Invoked command in '/home/eit-lab/ros2_karan_ws/src/YOLOv5-ROS/yolov5_ros' returned '0': AMENT_PREFIX_PATH=/home/eit-lab/ros2_karan_ws/src/install/bboxes_ex_msgs:${AMENT_PREFIX_PATH} CMAKE_PREFIX_PATH=/home/eit-lab/ros2_karan_ws/src/install/bboxes_ex_msgs:${CMAKE_PREFIX_PATH} LD_LIBRARY_PATH=/home/eit-lab/ros2_karan_ws/src/install/bboxes_ex_msgs/lib:${LD_LIBRARY_PATH} PYTHONPATH=/home/eit-lab/ros2_karan_ws/src/install/yolov5_ros/lib/python3.8/site-packages:/home/eit-lab/ros2_karan_ws/src/install/bboxes_ex_msgs/lib/python3.8/site-packages:${PYTHONPATH} /usr/bin/python3 setup.py egg_info --egg-base ../../build/yolov5_ros build --build-base /home/eit-lab/ros2_karan_ws/src/build/yolov5_ros/build install --prefix /home/eit-lab/ros2_karan_ws/src/install/yolov5_ros --record /home/eit-lab/ros2_karan_ws/src/build/yolov5_ros/install.log --single-version-externally-managed
