[0.012s] Invoking command in '/home/eit-lab/ros2_karan_ws/src/YOLOv5-ROS/yolov5_ros/yolov5_ros/build/bboxes_ex_msgs': CMAKE_PREFIX_PATH=${CMAKE_PREFIX_PATH}:/opt/ros/foxy /usr/bin/cmake /home/eit-lab/ros2_karan_ws/src/YOLOv5-ROS/yolov5_ros/yolov5_ros/bbox_ex_msgs -DCMAKE_INSTALL_PREFIX=/home/eit-lab/ros2_karan_ws/src/YOLOv5-ROS/yolov5_ros/yolov5_ros/install/bboxes_ex_msgs
[0.287s] -- The C compiler identification is GNU 9.4.0
[0.424s] -- The CXX compiler identification is GNU 9.4.0
[0.463s] -- Check for working C compiler: /usr/bin/cc
[0.544s] -- Check for working C compiler: /usr/bin/cc -- works
[0.545s] -- Detecting C compiler ABI info
[0.615s] -- Detecting C compiler ABI info - done
[0.625s] -- Detecting C compile features
[0.626s] -- Detecting C compile features - done
[0.629s] -- Check for working CXX compiler: /usr/bin/c++
[0.702s] -- Check for working CXX compiler: /usr/bin/c++ -- works
[0.703s] -- Detecting CXX compiler ABI info
[0.775s] -- Detecting CXX compiler ABI info - done
[0.787s] -- Detecting CXX compile features
[0.787s] -- Detecting CXX compile features - done
[0.789s] -- Found ament_cmake: 0.9.9 (/opt/ros/foxy/share/ament_cmake/cmake)
[0.901s] -- Found PythonInterp: /usr/bin/python3 (found suitable version "3.8.10", minimum required is "3") 
[0.901s] -- Using PYTHON_EXECUTABLE: /usr/bin/python3
[1.252s] -- Found builtin_interfaces: 1.0.0 (/opt/ros/foxy/share/builtin_interfaces/cmake)
[1.369s] -- Using all available rosidl_typesupport_c: rosidl_typesupport_fastrtps_c;rosidl_typesupport_introspection_c
[1.417s] -- Found rosidl_adapter: 1.2.1 (/opt/ros/foxy/share/rosidl_adapter/cmake)
[1.983s] -- Found OpenSSL: /usr/lib/x86_64-linux-gnu/libcrypto.so (found version "1.1.1f")  
[2.067s] -- Found FastRTPS: /opt/ros/foxy/include  
[2.276s] -- Using all available rosidl_typesupport_cpp: rosidl_typesupport_fastrtps_cpp;rosidl_typesupport_introspection_cpp
[2.371s] -- Found std_msgs: 2.0.5 (/opt/ros/foxy/share/std_msgs/cmake)
[2.419s] -- Found rosidl_default_generators: 1.0.1 (/opt/ros/foxy/share/rosidl_default_generators/cmake)
[2.482s] -- Found PythonInterp: /usr/bin/python3 (found version "3.8.10") 
[2.774s] -- Found ament_cmake_ros: 0.9.2 (/opt/ros/foxy/share/ament_cmake_ros/cmake)
[3.068s] -- Using all available rosidl_typesupport_c: rosidl_typesupport_fastrtps_c;rosidl_typesupport_introspection_c
[3.185s] -- Using all available rosidl_typesupport_cpp: rosidl_typesupport_fastrtps_cpp;rosidl_typesupport_introspection_cpp
[3.213s] -- Found PythonInterp: /usr/bin/python3 (found suitable version "3.8.10", minimum required is "3.5") 
[3.256s] -- Found python_cmake_module: 0.8.1 (/opt/ros/foxy/share/python_cmake_module/cmake)
[3.400s] -- Found PythonLibs: /usr/lib/x86_64-linux-gnu/libpython3.8.so (found suitable version "3.8.10", minimum required is "3.5") 
[3.400s] -- Using PYTHON_EXECUTABLE: /usr/bin/python3
[3.400s] -- Using PYTHON_INCLUDE_DIRS: /usr/include/python3.8
[3.401s] -- Using PYTHON_LIBRARIES: /usr/lib/x86_64-linux-gnu/libpython3.8.so
[3.428s] -- Found PythonExtra: .so  
[3.954s] -- Configuring done
[4.119s] -- Generating done
[4.121s] -- Build files have been written to: /home/eit-lab/ros2_karan_ws/src/YOLOv5-ROS/yolov5_ros/yolov5_ros/build/bboxes_ex_msgs
[4.129s] Invoked command in '/home/eit-lab/ros2_karan_ws/src/YOLOv5-ROS/yolov5_ros/yolov5_ros/build/bboxes_ex_msgs' returned '0': CMAKE_PREFIX_PATH=${CMAKE_PREFIX_PATH}:/opt/ros/foxy /usr/bin/cmake /home/eit-lab/ros2_karan_ws/src/YOLOv5-ROS/yolov5_ros/yolov5_ros/bbox_ex_msgs -DCMAKE_INSTALL_PREFIX=/home/eit-lab/ros2_karan_ws/src/YOLOv5-ROS/yolov5_ros/yolov5_ros/install/bboxes_ex_msgs
[4.132s] Invoking command in '/home/eit-lab/ros2_karan_ws/src/YOLOv5-ROS/yolov5_ros/yolov5_ros/build/bboxes_ex_msgs': CMAKE_PREFIX_PATH=${CMAKE_PREFIX_PATH}:/opt/ros/foxy /usr/bin/cmake --build /home/eit-lab/ros2_karan_ws/src/YOLOv5-ROS/yolov5_ros/yolov5_ros/build/bboxes_ex_msgs -- -j8 -l8
[4.169s] [  2%] [34m[1mGenerating C code for ROS interfaces[0m
[4.169s] [35m[1mScanning dependencies of target bboxes_ex_msgs__cpp[0m
[4.183s] [  5%] [34m[1mGenerating C++ code for ROS interfaces[0m
[4.578s] [35m[1mScanning dependencies of target bboxes_ex_msgs__rosidl_generator_c[0m
[4.602s] [  5%] Built target bboxes_ex_msgs__cpp
[4.612s] [ 12%] [34m[1mGenerating C++ introspection for ROS interfaces[0m
[4.612s] [ 12%] [34m[1mGenerating C++ type support for eProsima Fast-RTPS[0m
[4.612s] [ 12%] [34m[1mGenerating C++ type support dispatch for ROS interfaces[0m
[4.679s] [ 15%] [32mBuilding C object CMakeFiles/bboxes_ex_msgs__rosidl_generator_c.dir/rosidl_generator_c/bboxes_ex_msgs/msg/detail/bounding_box__functions.c.o[0m
[4.702s] [ 17%] [32mBuilding C object CMakeFiles/bboxes_ex_msgs__rosidl_generator_c.dir/rosidl_generator_c/bboxes_ex_msgs/msg/detail/bounding_boxes__functions.c.o[0m
[4.887s] [35m[1mScanning dependencies of target bboxes_ex_msgs__rosidl_typesupport_introspection_cpp[0m
[4.928s] [35m[1mScanning dependencies of target bboxes_ex_msgs__rosidl_typesupport_cpp[0m
[4.928s] [35m[1mScanning dependencies of target bboxes_ex_msgs__rosidl_typesupport_fastrtps_cpp[0m
[5.263s] [ 23%] [32mBuilding CXX object CMakeFiles/bboxes_ex_msgs__rosidl_typesupport_introspection_cpp.dir/rosidl_typesupport_introspection_cpp/bboxes_ex_msgs/msg/detail/bounding_boxes__type_support.cpp.o[0m
[5.263s] [ 23%] [32mBuilding CXX object CMakeFiles/bboxes_ex_msgs__rosidl_typesupport_introspection_cpp.dir/rosidl_typesupport_introspection_cpp/bboxes_ex_msgs/msg/detail/bounding_box__type_support.cpp.o[0m
[5.264s] [ 25%] [32mBuilding CXX object CMakeFiles/bboxes_ex_msgs__rosidl_typesupport_cpp.dir/rosidl_typesupport_cpp/bboxes_ex_msgs/msg/bounding_box__type_support.cpp.o[0m
[5.265s] [ 28%] [32mBuilding CXX object CMakeFiles/bboxes_ex_msgs__rosidl_typesupport_cpp.dir/rosidl_typesupport_cpp/bboxes_ex_msgs/msg/bounding_boxes__type_support.cpp.o[0m
[5.400s] [ 30%] [32mBuilding CXX object CMakeFiles/bboxes_ex_msgs__rosidl_typesupport_fastrtps_cpp.dir/rosidl_typesupport_fastrtps_cpp/bboxes_ex_msgs/msg/detail/dds_fastrtps/bounding_box__type_support.cpp.o[0m
[5.401s] [ 33%] [32mBuilding CXX object CMakeFiles/bboxes_ex_msgs__rosidl_typesupport_fastrtps_cpp.dir/rosidl_typesupport_fastrtps_cpp/bboxes_ex_msgs/msg/detail/dds_fastrtps/bounding_boxes__type_support.cpp.o[0m
[6.527s] [ 35%] [32m[1mLinking C shared library libbboxes_ex_msgs__rosidl_generator_c.so[0m
[7.084s] [ 35%] Built target bboxes_ex_msgs__rosidl_generator_c
[7.093s] [ 41%] [34m[1mGenerating C introspection for ROS interfaces[0m
[7.093s] [ 41%] [34m[1mGenerating C type support dispatch for ROS interfaces[0m
[7.354s] [35m[1mScanning dependencies of target bboxes_ex_msgs__rosidl_typesupport_c[0m
[7.365s] [ 43%] [32mBuilding CXX object CMakeFiles/bboxes_ex_msgs__rosidl_typesupport_c.dir/rosidl_typesupport_c/bboxes_ex_msgs/msg/bounding_box__type_support.cpp.o[0m
[7.387s] [35m[1mScanning dependencies of target bboxes_ex_msgs__rosidl_typesupport_introspection_c[0m
[7.518s] [ 46%] [32mBuilding CXX object CMakeFiles/bboxes_ex_msgs__rosidl_typesupport_c.dir/rosidl_typesupport_c/bboxes_ex_msgs/msg/bounding_boxes__type_support.cpp.o[0m
[7.532s] [ 48%] [32mBuilding C object CMakeFiles/bboxes_ex_msgs__rosidl_typesupport_introspection_c.dir/rosidl_typesupport_introspection_c/bboxes_ex_msgs/msg/detail/bounding_box__type_support.c.o[0m
[7.563s] [ 51%] [32m[1mLinking CXX shared library libbboxes_ex_msgs__rosidl_typesupport_c.so[0m
[7.579s] [ 53%] [32mBuilding C object CMakeFiles/bboxes_ex_msgs__rosidl_typesupport_introspection_c.dir/rosidl_typesupport_introspection_c/bboxes_ex_msgs/msg/detail/bounding_boxes__type_support.c.o[0m
[7.621s] [ 53%] Built target bboxes_ex_msgs__rosidl_typesupport_c
[7.624s] [ 56%] [32m[1mLinking C shared library libbboxes_ex_msgs__rosidl_typesupport_introspection_c.so[0m
[7.625s] [ 58%] [32m[1mLinking CXX shared library libbboxes_ex_msgs__rosidl_typesupport_cpp.so[0m
[7.653s] [ 58%] Built target bboxes_ex_msgs__rosidl_typesupport_introspection_c
[7.661s] [ 58%] Built target bboxes_ex_msgs__rosidl_typesupport_cpp
[7.893s] [ 61%] [32m[1mLinking CXX shared library libbboxes_ex_msgs__rosidl_typesupport_introspection_cpp.so[0m
[7.975s] [ 61%] Built target bboxes_ex_msgs__rosidl_typesupport_introspection_cpp
[8.180s] [ 64%] [32m[1mLinking CXX shared library libbboxes_ex_msgs__rosidl_typesupport_fastrtps_cpp.so[0m
[8.363s] [ 64%] Built target bboxes_ex_msgs__rosidl_typesupport_fastrtps_cpp
[8.372s] [ 66%] [34m[1mGenerating C type support for eProsima Fast-RTPS[0m
[8.844s] [35m[1mScanning dependencies of target bboxes_ex_msgs__rosidl_typesupport_fastrtps_c[0m
[8.913s] [ 69%] [32mBuilding CXX object CMakeFiles/bboxes_ex_msgs__rosidl_typesupport_fastrtps_c.dir/rosidl_typesupport_fastrtps_c/bboxes_ex_msgs/msg/detail/bounding_box__type_support_c.cpp.o[0m
[8.916s] [ 71%] [32mBuilding CXX object CMakeFiles/bboxes_ex_msgs__rosidl_typesupport_fastrtps_c.dir/rosidl_typesupport_fastrtps_c/bboxes_ex_msgs/msg/detail/bounding_boxes__type_support_c.cpp.o[0m
[9.323s] [ 74%] [32m[1mLinking CXX shared library libbboxes_ex_msgs__rosidl_typesupport_fastrtps_c.so[0m
[9.400s] [ 74%] Built target bboxes_ex_msgs__rosidl_typesupport_fastrtps_c
[9.409s] [35m[1mScanning dependencies of target bboxes_ex_msgs[0m
[9.420s] [ 74%] Built target bboxes_ex_msgs
[9.432s] [35m[1mScanning dependencies of target bboxes_ex_msgs__py[0m
[9.443s] [ 76%] [34m[1mGenerating Python code for ROS interfaces[0m
[9.888s] [ 76%] Built target bboxes_ex_msgs__py
[9.896s] [35m[1mScanning dependencies of target bboxes_ex_msgs__python[0m
[10.112s] [ 82%] [32mBuilding C object CMakeFiles/bboxes_ex_msgs__python.dir/rosidl_generator_py/bboxes_ex_msgs/msg/_bounding_box_s.c.o[0m
[10.113s] [ 82%] [32mBuilding C object CMakeFiles/bboxes_ex_msgs__python.dir/rosidl_generator_py/bboxes_ex_msgs/msg/_bounding_boxes_s.c.o[0m
[10.614s] [ 84%] [32m[1mLinking C shared library rosidl_generator_py/bboxes_ex_msgs/libbboxes_ex_msgs__python.so[0m
[10.653s] [ 84%] Built target bboxes_ex_msgs__python
[10.662s] [35m[1mScanning dependencies of target bboxes_ex_msgs__rosidl_typesupport_introspection_c__pyext[0m
[10.663s] [35m[1mScanning dependencies of target bboxes_ex_msgs__rosidl_typesupport_c__pyext[0m
[10.663s] [35m[1mScanning dependencies of target bboxes_ex_msgs__rosidl_typesupport_fastrtps_c__pyext[0m
[10.711s] [ 87%] [32mBuilding C object CMakeFiles/bboxes_ex_msgs__rosidl_typesupport_c__pyext.dir/rosidl_generator_py/bboxes_ex_msgs/_bboxes_ex_msgs_s.ep.rosidl_typesupport_c.c.o[0m
[10.712s] [ 89%] [32mBuilding C object CMakeFiles/bboxes_ex_msgs__rosidl_typesupport_introspection_c__pyext.dir/rosidl_generator_py/bboxes_ex_msgs/_bboxes_ex_msgs_s.ep.rosidl_typesupport_introspection_c.c.o[0m
[10.713s] [ 92%] [32mBuilding C object CMakeFiles/bboxes_ex_msgs__rosidl_typesupport_fastrtps_c__pyext.dir/rosidl_generator_py/bboxes_ex_msgs/_bboxes_ex_msgs_s.ep.rosidl_typesupport_fastrtps_c.c.o[0m
[10.787s] [ 94%] [32m[1mLinking CXX shared library rosidl_generator_py/bboxes_ex_msgs/bboxes_ex_msgs_s__rosidl_typesupport_fastrtps_c.cpython-38-x86_64-linux-gnu.so[0m
[10.790s] [ 97%] [32m[1mLinking C shared library rosidl_generator_py/bboxes_ex_msgs/bboxes_ex_msgs_s__rosidl_typesupport_introspection_c.cpython-38-x86_64-linux-gnu.so[0m
[10.790s] [100%] [32m[1mLinking C shared library rosidl_generator_py/bboxes_ex_msgs/bboxes_ex_msgs_s__rosidl_typesupport_c.cpython-38-x86_64-linux-gnu.so[0m
[10.824s] [100%] Built target bboxes_ex_msgs__rosidl_typesupport_introspection_c__pyext
[10.832s] [100%] Built target bboxes_ex_msgs__rosidl_typesupport_c__pyext
[10.855s] [100%] Built target bboxes_ex_msgs__rosidl_typesupport_fastrtps_c__pyext
[10.865s] Invoked command in '/home/eit-lab/ros2_karan_ws/src/YOLOv5-ROS/yolov5_ros/yolov5_ros/build/bboxes_ex_msgs' returned '0': CMAKE_PREFIX_PATH=${CMAKE_PREFIX_PATH}:/opt/ros/foxy /usr/bin/cmake --build /home/eit-lab/ros2_karan_ws/src/YOLOv5-ROS/yolov5_ros/yolov5_ros/build/bboxes_ex_msgs -- -j8 -l8
[10.924s] Invoking command in '/home/eit-lab/ros2_karan_ws/src/YOLOv5-ROS/yolov5_ros/yolov5_ros/build/bboxes_ex_msgs': CMAKE_PREFIX_PATH=${CMAKE_PREFIX_PATH}:/opt/ros/foxy /usr/bin/cmake --install /home/eit-lab/ros2_karan_ws/src/YOLOv5-ROS/yolov5_ros/yolov5_ros/build/bboxes_ex_msgs
[10.931s] -- Install configuration: ""
[10.931s] -- Installing: /home/eit-lab/ros2_karan_ws/src/YOLOv5-ROS/yolov5_ros/yolov5_ros/install/bboxes_ex_msgs/share/ament_index/resource_index/rosidl_interfaces/bboxes_ex_msgs
[10.932s] -- Installing: /home/eit-lab/ros2_karan_ws/src/YOLOv5-ROS/yolov5_ros/yolov5_ros/install/bboxes_ex_msgs/include/bboxes_ex_msgs
[10.932s] -- Installing: /home/eit-lab/ros2_karan_ws/src/YOLOv5-ROS/yolov5_ros/yolov5_ros/install/bboxes_ex_msgs/include/bboxes_ex_msgs/msg
[10.932s] -- Installing: /home/eit-lab/ros2_karan_ws/src/YOLOv5-ROS/yolov5_ros/yolov5_ros/install/bboxes_ex_msgs/include/bboxes_ex_msgs/msg/detail
[10.932s] -- Installing: /home/eit-lab/ros2_karan_ws/src/YOLOv5-ROS/yolov5_ros/yolov5_ros/install/bboxes_ex_msgs/include/bboxes_ex_msgs/msg/detail/bounding_box__functions.c
[10.932s] -- Installing: /home/eit-lab/ros2_karan_ws/src/YOLOv5-ROS/yolov5_ros/yolov5_ros/install/bboxes_ex_msgs/include/bboxes_ex_msgs/msg/detail/bounding_boxes__functions.c
[10.932s] -- Installing: /home/eit-lab/ros2_karan_ws/src/YOLOv5-ROS/yolov5_ros/yolov5_ros/install/bboxes_ex_msgs/include/bboxes_ex_msgs/msg/detail/bounding_boxes__functions.h
[10.932s] -- Installing: /home/eit-lab/ros2_karan_ws/src/YOLOv5-ROS/yolov5_ros/yolov5_ros/install/bboxes_ex_msgs/include/bboxes_ex_msgs/msg/detail/bounding_boxes__type_support.h
[10.932s] -- Installing: /home/eit-lab/ros2_karan_ws/src/YOLOv5-ROS/yolov5_ros/yolov5_ros/install/bboxes_ex_msgs/include/bboxes_ex_msgs/msg/detail/bounding_boxes__struct.h
[10.933s] -- Installing: /home/eit-lab/ros2_karan_ws/src/YOLOv5-ROS/yolov5_ros/yolov5_ros/install/bboxes_ex_msgs/include/bboxes_ex_msgs/msg/detail/bounding_box__type_support.h
[10.933s] -- Installing: /home/eit-lab/ros2_karan_ws/src/YOLOv5-ROS/yolov5_ros/yolov5_ros/install/bboxes_ex_msgs/include/bboxes_ex_msgs/msg/detail/bounding_box__struct.h
[10.933s] -- Installing: /home/eit-lab/ros2_karan_ws/src/YOLOv5-ROS/yolov5_ros/yolov5_ros/install/bboxes_ex_msgs/include/bboxes_ex_msgs/msg/detail/bounding_box__functions.h
[10.933s] -- Installing: /home/eit-lab/ros2_karan_ws/src/YOLOv5-ROS/yolov5_ros/yolov5_ros/install/bboxes_ex_msgs/include/bboxes_ex_msgs/msg/bounding_boxes.h
[10.933s] -- Installing: /home/eit-lab/ros2_karan_ws/src/YOLOv5-ROS/yolov5_ros/yolov5_ros/install/bboxes_ex_msgs/include/bboxes_ex_msgs/msg/rosidl_generator_c__visibility_control.h
[10.933s] -- Installing: /home/eit-lab/ros2_karan_ws/src/YOLOv5-ROS/yolov5_ros/yolov5_ros/install/bboxes_ex_msgs/include/bboxes_ex_msgs/msg/bounding_box.h
[10.933s] -- Installing: /home/eit-lab/ros2_karan_ws/src/YOLOv5-ROS/yolov5_ros/yolov5_ros/install/bboxes_ex_msgs/share/bboxes_ex_msgs/environment/library_path.sh
[10.933s] -- Installing: /home/eit-lab/ros2_karan_ws/src/YOLOv5-ROS/yolov5_ros/yolov5_ros/install/bboxes_ex_msgs/share/bboxes_ex_msgs/environment/library_path.dsv
[10.933s] -- Installing: /home/eit-lab/ros2_karan_ws/src/YOLOv5-ROS/yolov5_ros/yolov5_ros/install/bboxes_ex_msgs/lib/libbboxes_ex_msgs__rosidl_generator_c.so
[10.933s] -- Set runtime path of "/home/eit-lab/ros2_karan_ws/src/YOLOv5-ROS/yolov5_ros/yolov5_ros/install/bboxes_ex_msgs/lib/libbboxes_ex_msgs__rosidl_generator_c.so" to ""
[10.934s] -- Up-to-date: /home/eit-lab/ros2_karan_ws/src/YOLOv5-ROS/yolov5_ros/yolov5_ros/install/bboxes_ex_msgs/include/bboxes_ex_msgs
[10.934s] -- Up-to-date: /home/eit-lab/ros2_karan_ws/src/YOLOv5-ROS/yolov5_ros/yolov5_ros/install/bboxes_ex_msgs/include/bboxes_ex_msgs/msg
[10.934s] -- Up-to-date: /home/eit-lab/ros2_karan_ws/src/YOLOv5-ROS/yolov5_ros/yolov5_ros/install/bboxes_ex_msgs/include/bboxes_ex_msgs/msg/detail
[10.934s] -- Installing: /home/eit-lab/ros2_karan_ws/src/YOLOv5-ROS/yolov5_ros/yolov5_ros/install/bboxes_ex_msgs/include/bboxes_ex_msgs/msg/detail/bounding_boxes__rosidl_typesupport_fastrtps_c.h
[10.934s] -- Installing: /home/eit-lab/ros2_karan_ws/src/YOLOv5-ROS/yolov5_ros/yolov5_ros/install/bboxes_ex_msgs/include/bboxes_ex_msgs/msg/detail/bounding_box__rosidl_typesupport_fastrtps_c.h
[10.934s] -- Installing: /home/eit-lab/ros2_karan_ws/src/YOLOv5-ROS/yolov5_ros/yolov5_ros/install/bboxes_ex_msgs/include/bboxes_ex_msgs/msg/rosidl_typesupport_fastrtps_c__visibility_control.h
[10.934s] -- Installing: /home/eit-lab/ros2_karan_ws/src/YOLOv5-ROS/yolov5_ros/yolov5_ros/install/bboxes_ex_msgs/lib/libbboxes_ex_msgs__rosidl_typesupport_fastrtps_c.so
[10.934s] -- Set runtime path of "/home/eit-lab/ros2_karan_ws/src/YOLOv5-ROS/yolov5_ros/yolov5_ros/install/bboxes_ex_msgs/lib/libbboxes_ex_msgs__rosidl_typesupport_fastrtps_c.so" to ""
[10.935s] -- Up-to-date: /home/eit-lab/ros2_karan_ws/src/YOLOv5-ROS/yolov5_ros/yolov5_ros/install/bboxes_ex_msgs/include/bboxes_ex_msgs
[10.935s] -- Up-to-date: /home/eit-lab/ros2_karan_ws/src/YOLOv5-ROS/yolov5_ros/yolov5_ros/install/bboxes_ex_msgs/include/bboxes_ex_msgs/msg
[10.935s] -- Up-to-date: /home/eit-lab/ros2_karan_ws/src/YOLOv5-ROS/yolov5_ros/yolov5_ros/install/bboxes_ex_msgs/include/bboxes_ex_msgs/msg/detail
[10.935s] -- Installing: /home/eit-lab/ros2_karan_ws/src/YOLOv5-ROS/yolov5_ros/yolov5_ros/install/bboxes_ex_msgs/include/bboxes_ex_msgs/msg/detail/bounding_box__rosidl_typesupport_fastrtps_cpp.hpp
[10.935s] -- Installing: /home/eit-lab/ros2_karan_ws/src/YOLOv5-ROS/yolov5_ros/yolov5_ros/install/bboxes_ex_msgs/include/bboxes_ex_msgs/msg/detail/dds_fastrtps
[10.935s] -- Installing: /home/eit-lab/ros2_karan_ws/src/YOLOv5-ROS/yolov5_ros/yolov5_ros/install/bboxes_ex_msgs/include/bboxes_ex_msgs/msg/detail/bounding_boxes__rosidl_typesupport_fastrtps_cpp.hpp
[10.935s] -- Installing: /home/eit-lab/ros2_karan_ws/src/YOLOv5-ROS/yolov5_ros/yolov5_ros/install/bboxes_ex_msgs/include/bboxes_ex_msgs/msg/rosidl_typesupport_fastrtps_cpp__visibility_control.h
[10.935s] -- Installing: /home/eit-lab/ros2_karan_ws/src/YOLOv5-ROS/yolov5_ros/yolov5_ros/install/bboxes_ex_msgs/lib/libbboxes_ex_msgs__rosidl_typesupport_fastrtps_cpp.so
[10.935s] -- Set runtime path of "/home/eit-lab/ros2_karan_ws/src/YOLOv5-ROS/yolov5_ros/yolov5_ros/install/bboxes_ex_msgs/lib/libbboxes_ex_msgs__rosidl_typesupport_fastrtps_cpp.so" to ""
[10.936s] -- Up-to-date: /home/eit-lab/ros2_karan_ws/src/YOLOv5-ROS/yolov5_ros/yolov5_ros/install/bboxes_ex_msgs/include/bboxes_ex_msgs
[10.936s] -- Up-to-date: /home/eit-lab/ros2_karan_ws/src/YOLOv5-ROS/yolov5_ros/yolov5_ros/install/bboxes_ex_msgs/include/bboxes_ex_msgs/msg
[10.936s] -- Up-to-date: /home/eit-lab/ros2_karan_ws/src/YOLOv5-ROS/yolov5_ros/yolov5_ros/install/bboxes_ex_msgs/include/bboxes_ex_msgs/msg/detail
[10.936s] -- Installing: /home/eit-lab/ros2_karan_ws/src/YOLOv5-ROS/yolov5_ros/yolov5_ros/install/bboxes_ex_msgs/include/bboxes_ex_msgs/msg/detail/bounding_box__rosidl_typesupport_introspection_c.h
[10.936s] -- Installing: /home/eit-lab/ros2_karan_ws/src/YOLOv5-ROS/yolov5_ros/yolov5_ros/install/bboxes_ex_msgs/include/bboxes_ex_msgs/msg/detail/bounding_boxes__type_support.c
[10.936s] -- Installing: /home/eit-lab/ros2_karan_ws/src/YOLOv5-ROS/yolov5_ros/yolov5_ros/install/bboxes_ex_msgs/include/bboxes_ex_msgs/msg/detail/bounding_box__type_support.c
[10.936s] -- Installing: /home/eit-lab/ros2_karan_ws/src/YOLOv5-ROS/yolov5_ros/yolov5_ros/install/bboxes_ex_msgs/include/bboxes_ex_msgs/msg/detail/bounding_boxes__rosidl_typesupport_introspection_c.h
[10.936s] -- Installing: /home/eit-lab/ros2_karan_ws/src/YOLOv5-ROS/yolov5_ros/yolov5_ros/install/bboxes_ex_msgs/include/bboxes_ex_msgs/msg/rosidl_typesupport_introspection_c__visibility_control.h
[10.936s] -- Installing: /home/eit-lab/ros2_karan_ws/src/YOLOv5-ROS/yolov5_ros/yolov5_ros/install/bboxes_ex_msgs/lib/libbboxes_ex_msgs__rosidl_typesupport_introspection_c.so
[10.936s] -- Set runtime path of "/home/eit-lab/ros2_karan_ws/src/YOLOv5-ROS/yolov5_ros/yolov5_ros/install/bboxes_ex_msgs/lib/libbboxes_ex_msgs__rosidl_typesupport_introspection_c.so" to ""
[10.937s] -- Installing: /home/eit-lab/ros2_karan_ws/src/YOLOv5-ROS/yolov5_ros/yolov5_ros/install/bboxes_ex_msgs/lib/libbboxes_ex_msgs__rosidl_typesupport_c.so
[10.937s] -- Set runtime path of "/home/eit-lab/ros2_karan_ws/src/YOLOv5-ROS/yolov5_ros/yolov5_ros/install/bboxes_ex_msgs/lib/libbboxes_ex_msgs__rosidl_typesupport_c.so" to ""
[10.937s] -- Up-to-date: /home/eit-lab/ros2_karan_ws/src/YOLOv5-ROS/yolov5_ros/yolov5_ros/install/bboxes_ex_msgs/include/bboxes_ex_msgs
[10.937s] -- Up-to-date: /home/eit-lab/ros2_karan_ws/src/YOLOv5-ROS/yolov5_ros/yolov5_ros/install/bboxes_ex_msgs/include/bboxes_ex_msgs/msg
[10.937s] -- Up-to-date: /home/eit-lab/ros2_karan_ws/src/YOLOv5-ROS/yolov5_ros/yolov5_ros/install/bboxes_ex_msgs/include/bboxes_ex_msgs/msg/detail
[10.937s] -- Installing: /home/eit-lab/ros2_karan_ws/src/YOLOv5-ROS/yolov5_ros/yolov5_ros/install/bboxes_ex_msgs/include/bboxes_ex_msgs/msg/detail/bounding_box__builder.hpp
[10.938s] -- Installing: /home/eit-lab/ros2_karan_ws/src/YOLOv5-ROS/yolov5_ros/yolov5_ros/install/bboxes_ex_msgs/include/bboxes_ex_msgs/msg/detail/bounding_box__struct.hpp
[10.938s] -- Installing: /home/eit-lab/ros2_karan_ws/src/YOLOv5-ROS/yolov5_ros/yolov5_ros/install/bboxes_ex_msgs/include/bboxes_ex_msgs/msg/detail/bounding_boxes__builder.hpp
[10.938s] -- Installing: /home/eit-lab/ros2_karan_ws/src/YOLOv5-ROS/yolov5_ros/yolov5_ros/install/bboxes_ex_msgs/include/bboxes_ex_msgs/msg/detail/bounding_boxes__struct.hpp
[10.938s] -- Installing: /home/eit-lab/ros2_karan_ws/src/YOLOv5-ROS/yolov5_ros/yolov5_ros/install/bboxes_ex_msgs/include/bboxes_ex_msgs/msg/detail/bounding_box__traits.hpp
[10.938s] -- Installing: /home/eit-lab/ros2_karan_ws/src/YOLOv5-ROS/yolov5_ros/yolov5_ros/install/bboxes_ex_msgs/include/bboxes_ex_msgs/msg/detail/bounding_boxes__traits.hpp
[10.938s] -- Installing: /home/eit-lab/ros2_karan_ws/src/YOLOv5-ROS/yolov5_ros/yolov5_ros/install/bboxes_ex_msgs/include/bboxes_ex_msgs/msg/bounding_box.hpp
[10.938s] -- Installing: /home/eit-lab/ros2_karan_ws/src/YOLOv5-ROS/yolov5_ros/yolov5_ros/install/bboxes_ex_msgs/include/bboxes_ex_msgs/msg/bounding_boxes.hpp
[10.938s] -- Up-to-date: /home/eit-lab/ros2_karan_ws/src/YOLOv5-ROS/yolov5_ros/yolov5_ros/install/bboxes_ex_msgs/include/bboxes_ex_msgs
[10.939s] -- Up-to-date: /home/eit-lab/ros2_karan_ws/src/YOLOv5-ROS/yolov5_ros/yolov5_ros/install/bboxes_ex_msgs/include/bboxes_ex_msgs/msg
[10.939s] -- Up-to-date: /home/eit-lab/ros2_karan_ws/src/YOLOv5-ROS/yolov5_ros/yolov5_ros/install/bboxes_ex_msgs/include/bboxes_ex_msgs/msg/detail
[10.939s] -- Installing: /home/eit-lab/ros2_karan_ws/src/YOLOv5-ROS/yolov5_ros/yolov5_ros/install/bboxes_ex_msgs/include/bboxes_ex_msgs/msg/detail/bounding_box__rosidl_typesupport_introspection_cpp.hpp
[10.939s] -- Installing: /home/eit-lab/ros2_karan_ws/src/YOLOv5-ROS/yolov5_ros/yolov5_ros/install/bboxes_ex_msgs/include/bboxes_ex_msgs/msg/detail/bounding_boxes__rosidl_typesupport_introspection_cpp.hpp
[10.939s] -- Installing: /home/eit-lab/ros2_karan_ws/src/YOLOv5-ROS/yolov5_ros/yolov5_ros/install/bboxes_ex_msgs/include/bboxes_ex_msgs/msg/detail/bounding_boxes__type_support.cpp
[10.939s] -- Installing: /home/eit-lab/ros2_karan_ws/src/YOLOv5-ROS/yolov5_ros/yolov5_ros/install/bboxes_ex_msgs/include/bboxes_ex_msgs/msg/detail/bounding_box__type_support.cpp
[10.939s] -- Installing: /home/eit-lab/ros2_karan_ws/src/YOLOv5-ROS/yolov5_ros/yolov5_ros/install/bboxes_ex_msgs/lib/libbboxes_ex_msgs__rosidl_typesupport_introspection_cpp.so
[10.939s] -- Set runtime path of "/home/eit-lab/ros2_karan_ws/src/YOLOv5-ROS/yolov5_ros/yolov5_ros/install/bboxes_ex_msgs/lib/libbboxes_ex_msgs__rosidl_typesupport_introspection_cpp.so" to ""
[10.939s] -- Installing: /home/eit-lab/ros2_karan_ws/src/YOLOv5-ROS/yolov5_ros/yolov5_ros/install/bboxes_ex_msgs/lib/libbboxes_ex_msgs__rosidl_typesupport_cpp.so
[10.939s] -- Set runtime path of "/home/eit-lab/ros2_karan_ws/src/YOLOv5-ROS/yolov5_ros/yolov5_ros/install/bboxes_ex_msgs/lib/libbboxes_ex_msgs__rosidl_typesupport_cpp.so" to ""
[10.939s] -- Installing: /home/eit-lab/ros2_karan_ws/src/YOLOv5-ROS/yolov5_ros/yolov5_ros/install/bboxes_ex_msgs/share/bboxes_ex_msgs/environment/pythonpath.sh
[10.940s] -- Installing: /home/eit-lab/ros2_karan_ws/src/YOLOv5-ROS/yolov5_ros/yolov5_ros/install/bboxes_ex_msgs/share/bboxes_ex_msgs/environment/pythonpath.dsv
[10.940s] -- Installing: /home/eit-lab/ros2_karan_ws/src/YOLOv5-ROS/yolov5_ros/yolov5_ros/install/bboxes_ex_msgs/lib/python3.8/site-packages/bboxes_ex_msgs/__init__.py
[10.981s] Compiling '/home/eit-lab/ros2_karan_ws/src/YOLOv5-ROS/yolov5_ros/yolov5_ros/install/bboxes_ex_msgs/lib/python3.8/site-packages/bboxes_ex_msgs/__init__.py'...
[10.985s] -- Installing: /home/eit-lab/ros2_karan_ws/src/YOLOv5-ROS/yolov5_ros/yolov5_ros/install/bboxes_ex_msgs/lib/python3.8/site-packages/bboxes_ex_msgs/msg
[10.985s] -- Installing: /home/eit-lab/ros2_karan_ws/src/YOLOv5-ROS/yolov5_ros/yolov5_ros/install/bboxes_ex_msgs/lib/python3.8/site-packages/bboxes_ex_msgs/msg/_bounding_boxes_s.c
[10.985s] -- Installing: /home/eit-lab/ros2_karan_ws/src/YOLOv5-ROS/yolov5_ros/yolov5_ros/install/bboxes_ex_msgs/lib/python3.8/site-packages/bboxes_ex_msgs/msg/__init__.py
[10.986s] -- Installing: /home/eit-lab/ros2_karan_ws/src/YOLOv5-ROS/yolov5_ros/yolov5_ros/install/bboxes_ex_msgs/lib/python3.8/site-packages/bboxes_ex_msgs/msg/_bounding_boxes.py
[10.986s] -- Installing: /home/eit-lab/ros2_karan_ws/src/YOLOv5-ROS/yolov5_ros/yolov5_ros/install/bboxes_ex_msgs/lib/python3.8/site-packages/bboxes_ex_msgs/msg/_bounding_box.py
[10.986s] -- Installing: /home/eit-lab/ros2_karan_ws/src/YOLOv5-ROS/yolov5_ros/yolov5_ros/install/bboxes_ex_msgs/lib/python3.8/site-packages/bboxes_ex_msgs/msg/_bounding_box_s.c
[10.986s] -- Installing: /home/eit-lab/ros2_karan_ws/src/YOLOv5-ROS/yolov5_ros/yolov5_ros/install/bboxes_ex_msgs/lib/python3.8/site-packages/bboxes_ex_msgs/bboxes_ex_msgs_s__rosidl_typesupport_fastrtps_c.cpython-38-x86_64-linux-gnu.so
[10.986s] -- Set runtime path of "/home/eit-lab/ros2_karan_ws/src/YOLOv5-ROS/yolov5_ros/yolov5_ros/install/bboxes_ex_msgs/lib/python3.8/site-packages/bboxes_ex_msgs/bboxes_ex_msgs_s__rosidl_typesupport_fastrtps_c.cpython-38-x86_64-linux-gnu.so" to ""
[10.986s] -- Installing: /home/eit-lab/ros2_karan_ws/src/YOLOv5-ROS/yolov5_ros/yolov5_ros/install/bboxes_ex_msgs/lib/python3.8/site-packages/bboxes_ex_msgs/bboxes_ex_msgs_s__rosidl_typesupport_introspection_c.cpython-38-x86_64-linux-gnu.so
[10.987s] -- Set runtime path of "/home/eit-lab/ros2_karan_ws/src/YOLOv5-ROS/yolov5_ros/yolov5_ros/install/bboxes_ex_msgs/lib/python3.8/site-packages/bboxes_ex_msgs/bboxes_ex_msgs_s__rosidl_typesupport_introspection_c.cpython-38-x86_64-linux-gnu.so" to ""
[10.987s] -- Installing: /home/eit-lab/ros2_karan_ws/src/YOLOv5-ROS/yolov5_ros/yolov5_ros/install/bboxes_ex_msgs/lib/python3.8/site-packages/bboxes_ex_msgs/bboxes_ex_msgs_s__rosidl_typesupport_c.cpython-38-x86_64-linux-gnu.so
[10.988s] -- Set runtime path of "/home/eit-lab/ros2_karan_ws/src/YOLOv5-ROS/yolov5_ros/yolov5_ros/install/bboxes_ex_msgs/lib/python3.8/site-packages/bboxes_ex_msgs/bboxes_ex_msgs_s__rosidl_typesupport_c.cpython-38-x86_64-linux-gnu.so" to ""
[10.988s] -- Installing: /home/eit-lab/ros2_karan_ws/src/YOLOv5-ROS/yolov5_ros/yolov5_ros/install/bboxes_ex_msgs/lib/libbboxes_ex_msgs__python.so
[10.988s] -- Set runtime path of "/home/eit-lab/ros2_karan_ws/src/YOLOv5-ROS/yolov5_ros/yolov5_ros/install/bboxes_ex_msgs/lib/libbboxes_ex_msgs__python.so" to ""
[10.988s] -- Installing: /home/eit-lab/ros2_karan_ws/src/YOLOv5-ROS/yolov5_ros/yolov5_ros/install/bboxes_ex_msgs/share/bboxes_ex_msgs/msg/BoundingBox.idl
[10.988s] -- Installing: /home/eit-lab/ros2_karan_ws/src/YOLOv5-ROS/yolov5_ros/yolov5_ros/install/bboxes_ex_msgs/share/bboxes_ex_msgs/msg/BoundingBoxes.idl
[10.989s] -- Installing: /home/eit-lab/ros2_karan_ws/src/YOLOv5-ROS/yolov5_ros/yolov5_ros/install/bboxes_ex_msgs/share/bboxes_ex_msgs/msg/BoundingBox.msg
[10.989s] -- Installing: /home/eit-lab/ros2_karan_ws/src/YOLOv5-ROS/yolov5_ros/yolov5_ros/install/bboxes_ex_msgs/share/bboxes_ex_msgs/msg/BoundingBoxes.msg
[10.989s] -- Installing: /home/eit-lab/ros2_karan_ws/src/YOLOv5-ROS/yolov5_ros/yolov5_ros/install/bboxes_ex_msgs/share/ament_index/resource_index/package_run_dependencies/bboxes_ex_msgs
[10.989s] -- Installing: /home/eit-lab/ros2_karan_ws/src/YOLOv5-ROS/yolov5_ros/yolov5_ros/install/bboxes_ex_msgs/share/ament_index/resource_index/parent_prefix_path/bboxes_ex_msgs
[10.989s] -- Installing: /home/eit-lab/ros2_karan_ws/src/YOLOv5-ROS/yolov5_ros/yolov5_ros/install/bboxes_ex_msgs/share/bboxes_ex_msgs/environment/ament_prefix_path.sh
[10.989s] -- Installing: /home/eit-lab/ros2_karan_ws/src/YOLOv5-ROS/yolov5_ros/yolov5_ros/install/bboxes_ex_msgs/share/bboxes_ex_msgs/environment/ament_prefix_path.dsv
[10.990s] -- Installing: /home/eit-lab/ros2_karan_ws/src/YOLOv5-ROS/yolov5_ros/yolov5_ros/install/bboxes_ex_msgs/share/bboxes_ex_msgs/environment/path.sh
[10.990s] -- Installing: /home/eit-lab/ros2_karan_ws/src/YOLOv5-ROS/yolov5_ros/yolov5_ros/install/bboxes_ex_msgs/share/bboxes_ex_msgs/environment/path.dsv
[10.990s] -- Installing: /home/eit-lab/ros2_karan_ws/src/YOLOv5-ROS/yolov5_ros/yolov5_ros/install/bboxes_ex_msgs/share/bboxes_ex_msgs/local_setup.bash
[10.990s] -- Installing: /home/eit-lab/ros2_karan_ws/src/YOLOv5-ROS/yolov5_ros/yolov5_ros/install/bboxes_ex_msgs/share/bboxes_ex_msgs/local_setup.sh
[10.990s] -- Installing: /home/eit-lab/ros2_karan_ws/src/YOLOv5-ROS/yolov5_ros/yolov5_ros/install/bboxes_ex_msgs/share/bboxes_ex_msgs/local_setup.zsh
[10.990s] -- Installing: /home/eit-lab/ros2_karan_ws/src/YOLOv5-ROS/yolov5_ros/yolov5_ros/install/bboxes_ex_msgs/share/bboxes_ex_msgs/local_setup.dsv
[10.990s] -- Installing: /home/eit-lab/ros2_karan_ws/src/YOLOv5-ROS/yolov5_ros/yolov5_ros/install/bboxes_ex_msgs/share/bboxes_ex_msgs/package.dsv
[10.991s] -- Installing: /home/eit-lab/ros2_karan_ws/src/YOLOv5-ROS/yolov5_ros/yolov5_ros/install/bboxes_ex_msgs/share/ament_index/resource_index/packages/bboxes_ex_msgs
[10.991s] -- Installing: /home/eit-lab/ros2_karan_ws/src/YOLOv5-ROS/yolov5_ros/yolov5_ros/install/bboxes_ex_msgs/share/bboxes_ex_msgs/cmake/bboxes_ex_msgs__rosidl_generator_cExport.cmake
[10.991s] -- Installing: /home/eit-lab/ros2_karan_ws/src/YOLOv5-ROS/yolov5_ros/yolov5_ros/install/bboxes_ex_msgs/share/bboxes_ex_msgs/cmake/bboxes_ex_msgs__rosidl_generator_cExport-noconfig.cmake
[10.991s] -- Installing: /home/eit-lab/ros2_karan_ws/src/YOLOv5-ROS/yolov5_ros/yolov5_ros/install/bboxes_ex_msgs/share/bboxes_ex_msgs/cmake/bboxes_ex_msgs__rosidl_typesupport_introspection_cExport.cmake
[10.991s] -- Installing: /home/eit-lab/ros2_karan_ws/src/YOLOv5-ROS/yolov5_ros/yolov5_ros/install/bboxes_ex_msgs/share/bboxes_ex_msgs/cmake/bboxes_ex_msgs__rosidl_typesupport_introspection_cExport-noconfig.cmake
[10.991s] -- Installing: /home/eit-lab/ros2_karan_ws/src/YOLOv5-ROS/yolov5_ros/yolov5_ros/install/bboxes_ex_msgs/share/bboxes_ex_msgs/cmake/bboxes_ex_msgs__rosidl_typesupport_cExport.cmake
[10.992s] -- Installing: /home/eit-lab/ros2_karan_ws/src/YOLOv5-ROS/yolov5_ros/yolov5_ros/install/bboxes_ex_msgs/share/bboxes_ex_msgs/cmake/bboxes_ex_msgs__rosidl_typesupport_cExport-noconfig.cmake
[10.992s] -- Installing: /home/eit-lab/ros2_karan_ws/src/YOLOv5-ROS/yolov5_ros/yolov5_ros/install/bboxes_ex_msgs/share/bboxes_ex_msgs/cmake/bboxes_ex_msgs__rosidl_generator_cppExport.cmake
[10.992s] -- Installing: /home/eit-lab/ros2_karan_ws/src/YOLOv5-ROS/yolov5_ros/yolov5_ros/install/bboxes_ex_msgs/share/bboxes_ex_msgs/cmake/bboxes_ex_msgs__rosidl_typesupport_introspection_cppExport.cmake
[10.992s] -- Installing: /home/eit-lab/ros2_karan_ws/src/YOLOv5-ROS/yolov5_ros/yolov5_ros/install/bboxes_ex_msgs/share/bboxes_ex_msgs/cmake/bboxes_ex_msgs__rosidl_typesupport_introspection_cppExport-noconfig.cmake
[10.992s] -- Installing: /home/eit-lab/ros2_karan_ws/src/YOLOv5-ROS/yolov5_ros/yolov5_ros/install/bboxes_ex_msgs/share/bboxes_ex_msgs/cmake/bboxes_ex_msgs__rosidl_typesupport_cppExport.cmake
[10.992s] -- Installing: /home/eit-lab/ros2_karan_ws/src/YOLOv5-ROS/yolov5_ros/yolov5_ros/install/bboxes_ex_msgs/share/bboxes_ex_msgs/cmake/bboxes_ex_msgs__rosidl_typesupport_cppExport-noconfig.cmake
[10.992s] -- Installing: /home/eit-lab/ros2_karan_ws/src/YOLOv5-ROS/yolov5_ros/yolov5_ros/install/bboxes_ex_msgs/share/bboxes_ex_msgs/cmake/rosidl_cmake-extras.cmake
[10.993s] -- Installing: /home/eit-lab/ros2_karan_ws/src/YOLOv5-ROS/yolov5_ros/yolov5_ros/install/bboxes_ex_msgs/share/bboxes_ex_msgs/cmake/ament_cmake_export_dependencies-extras.cmake
[10.993s] -- Installing: /home/eit-lab/ros2_karan_ws/src/YOLOv5-ROS/yolov5_ros/yolov5_ros/install/bboxes_ex_msgs/share/bboxes_ex_msgs/cmake/ament_cmake_export_libraries-extras.cmake
[10.993s] -- Installing: /home/eit-lab/ros2_karan_ws/src/YOLOv5-ROS/yolov5_ros/yolov5_ros/install/bboxes_ex_msgs/share/bboxes_ex_msgs/cmake/ament_cmake_export_targets-extras.cmake
[10.993s] -- Installing: /home/eit-lab/ros2_karan_ws/src/YOLOv5-ROS/yolov5_ros/yolov5_ros/install/bboxes_ex_msgs/share/bboxes_ex_msgs/cmake/ament_cmake_export_include_directories-extras.cmake
[10.993s] -- Installing: /home/eit-lab/ros2_karan_ws/src/YOLOv5-ROS/yolov5_ros/yolov5_ros/install/bboxes_ex_msgs/share/bboxes_ex_msgs/cmake/rosidl_cmake_export_typesupport_libraries-extras.cmake
[10.993s] -- Installing: /home/eit-lab/ros2_karan_ws/src/YOLOv5-ROS/yolov5_ros/yolov5_ros/install/bboxes_ex_msgs/share/bboxes_ex_msgs/cmake/rosidl_cmake_export_typesupport_targets-extras.cmake
[10.993s] -- Installing: /home/eit-lab/ros2_karan_ws/src/YOLOv5-ROS/yolov5_ros/yolov5_ros/install/bboxes_ex_msgs/share/bboxes_ex_msgs/cmake/bboxes_ex_msgsConfig.cmake
[10.993s] -- Installing: /home/eit-lab/ros2_karan_ws/src/YOLOv5-ROS/yolov5_ros/yolov5_ros/install/bboxes_ex_msgs/share/bboxes_ex_msgs/cmake/bboxes_ex_msgsConfig-version.cmake
[10.993s] -- Installing: /home/eit-lab/ros2_karan_ws/src/YOLOv5-ROS/yolov5_ros/yolov5_ros/install/bboxes_ex_msgs/share/bboxes_ex_msgs/package.xml
[10.996s] Invoked command in '/home/eit-lab/ros2_karan_ws/src/YOLOv5-ROS/yolov5_ros/yolov5_ros/build/bboxes_ex_msgs' returned '0': CMAKE_PREFIX_PATH=${CMAKE_PREFIX_PATH}:/opt/ros/foxy /usr/bin/cmake --install /home/eit-lab/ros2_karan_ws/src/YOLOv5-ROS/yolov5_ros/yolov5_ros/build/bboxes_ex_msgs
