[0.139s] DEBUG:colcon:Command line arguments: ['/usr/bin/colcon', 'build']
[0.139s] DEBUG:colcon:Parsed command line arguments: Namespace(allow_overriding=[], ament_cmake_args=None, base_paths=['.'], build_base='build', catkin_cmake_args=None, catkin_skip_building_tests=False, cmake_args=None, cmake_clean_cache=False, cmake_clean_first=False, cmake_force_configure=False, cmake_target=None, cmake_target_skip_unavailable=False, continue_on_error=False, event_handlers=None, executor='parallel', ignore_user_meta=False, install_base='install', log_base=None, log_level=None, main=<bound method BuildVerb.main of <colcon_core.verb.build.BuildVerb object at 0x7fd02a4d0610>>, merge_install=False, metas=['./colcon.meta'], packages_above=None, packages_above_and_dependencies=None, packages_above_depth=None, packages_end=None, packages_ignore=None, packages_ignore_regex=None, packages_select=None, packages_select_build_failed=False, packages_select_by_dep=None, packages_select_regex=None, packages_select_test_failures=False, packages_skip=None, packages_skip_build_finished=False, packages_skip_by_dep=None, packages_skip_regex=None, packages_skip_test_passed=False, packages_skip_up_to=None, packages_start=None, packages_up_to=None, packages_up_to_regex=None, parallel_workers=8, paths=None, symlink_install=False, test_result_base=None, verb_extension=<colcon_core.verb.build.BuildVerb object at 0x7fd02a4d0610>, verb_name='build', verb_parser=<colcon_defaults.argument_parser.defaults.DefaultArgumentsDecorator object at 0x7fd02a4d0b50>)
[0.161s] Level 1:colcon.colcon_core.package_discovery:discover_packages(colcon_meta) check parameters
[0.161s] Level 1:colcon.colcon_core.package_discovery:discover_packages(recursive) check parameters
[0.161s] Level 1:colcon.colcon_core.package_discovery:discover_packages(ignore) check parameters
[0.161s] Level 1:colcon.colcon_core.package_discovery:discover_packages(path) check parameters
[0.161s] Level 1:colcon.colcon_core.package_discovery:discover_packages(colcon_meta) discover
[0.161s] Level 1:colcon.colcon_core.package_discovery:discover_packages(recursive) discover
[0.161s] INFO:colcon.colcon_core.package_discovery:Crawling recursively for packages in '/home/eit-lab/ros2_karan_ws/src'
[0.161s] Level 1:colcon.colcon_core.package_identification:_identify(.) by extensions ['ignore', 'ignore_ament_install']
[0.162s] Level 1:colcon.colcon_core.package_identification:_identify(.) by extension 'ignore'
[0.162s] Level 1:colcon.colcon_core.package_identification:_identify(.) by extension 'ignore_ament_install'
[0.162s] Level 1:colcon.colcon_core.package_identification:_identify(.) by extensions ['colcon_pkg']
[0.162s] Level 1:colcon.colcon_core.package_identification:_identify(.) by extension 'colcon_pkg'
[0.162s] Level 1:colcon.colcon_core.package_identification:_identify(.) by extensions ['colcon_meta']
[0.162s] Level 1:colcon.colcon_core.package_identification:_identify(.) by extension 'colcon_meta'
[0.162s] Level 1:colcon.colcon_core.package_identification:_identify(.) by extensions ['ros']
[0.162s] Level 1:colcon.colcon_core.package_identification:_identify(.) by extension 'ros'
[0.171s] Level 1:colcon.colcon_core.package_identification:_identify(.) by extensions ['cmake', 'python']
[0.171s] Level 1:colcon.colcon_core.package_identification:_identify(.) by extension 'cmake'
[0.171s] Level 1:colcon.colcon_core.package_identification:_identify(.) by extension 'python'
[0.171s] Level 1:colcon.colcon_core.package_identification:_identify(.) by extensions ['python_setup_py']
[0.171s] Level 1:colcon.colcon_core.package_identification:_identify(.) by extension 'python_setup_py'
[0.171s] Level 1:colcon.colcon_core.package_identification:_identify(YOLOv5-ROS) by extensions ['ignore', 'ignore_ament_install']
[0.171s] Level 1:colcon.colcon_core.package_identification:_identify(YOLOv5-ROS) by extension 'ignore'
[0.171s] Level 1:colcon.colcon_core.package_identification:_identify(YOLOv5-ROS) by extension 'ignore_ament_install'
[0.172s] Level 1:colcon.colcon_core.package_identification:_identify(YOLOv5-ROS) by extensions ['colcon_pkg']
[0.172s] Level 1:colcon.colcon_core.package_identification:_identify(YOLOv5-ROS) by extension 'colcon_pkg'
[0.172s] Level 1:colcon.colcon_core.package_identification:_identify(YOLOv5-ROS) by extensions ['colcon_meta']
[0.172s] Level 1:colcon.colcon_core.package_identification:_identify(YOLOv5-ROS) by extension 'colcon_meta'
[0.172s] Level 1:colcon.colcon_core.package_identification:_identify(YOLOv5-ROS) by extensions ['ros']
[0.172s] Level 1:colcon.colcon_core.package_identification:_identify(YOLOv5-ROS) by extension 'ros'
[0.172s] Level 1:colcon.colcon_core.package_identification:_identify(YOLOv5-ROS) by extensions ['cmake', 'python']
[0.172s] Level 1:colcon.colcon_core.package_identification:_identify(YOLOv5-ROS) by extension 'cmake'
[0.172s] Level 1:colcon.colcon_core.package_identification:_identify(YOLOv5-ROS) by extension 'python'
[0.172s] Level 1:colcon.colcon_core.package_identification:_identify(YOLOv5-ROS) by extensions ['python_setup_py']
[0.172s] Level 1:colcon.colcon_core.package_identification:_identify(YOLOv5-ROS) by extension 'python_setup_py'
[0.172s] Level 1:colcon.colcon_core.package_identification:_identify(YOLOv5-ROS/yolov5_ros) by extensions ['ignore', 'ignore_ament_install']
[0.172s] Level 1:colcon.colcon_core.package_identification:_identify(YOLOv5-ROS/yolov5_ros) by extension 'ignore'
[0.172s] Level 1:colcon.colcon_core.package_identification:_identify(YOLOv5-ROS/yolov5_ros) by extension 'ignore_ament_install'
[0.172s] Level 1:colcon.colcon_core.package_identification:_identify(YOLOv5-ROS/yolov5_ros) by extensions ['colcon_pkg']
[0.172s] Level 1:colcon.colcon_core.package_identification:_identify(YOLOv5-ROS/yolov5_ros) by extension 'colcon_pkg'
[0.172s] Level 1:colcon.colcon_core.package_identification:_identify(YOLOv5-ROS/yolov5_ros) by extensions ['colcon_meta']
[0.172s] Level 1:colcon.colcon_core.package_identification:_identify(YOLOv5-ROS/yolov5_ros) by extension 'colcon_meta'
[0.172s] Level 1:colcon.colcon_core.package_identification:_identify(YOLOv5-ROS/yolov5_ros) by extensions ['ros']
[0.172s] Level 1:colcon.colcon_core.package_identification:_identify(YOLOv5-ROS/yolov5_ros) by extension 'ros'
[0.174s] DEBUG:colcon.colcon_core.package_identification:Package 'YOLOv5-ROS/yolov5_ros' with type 'ros.ament_python' and name 'yolov5_ros'
[0.174s] Level 1:colcon.colcon_core.package_identification:_identify(bbox_ex_msgs) by extensions ['ignore', 'ignore_ament_install']
[0.184s] Level 1:colcon.colcon_core.package_identification:_identify(bbox_ex_msgs) by extension 'ignore'
[0.184s] Level 1:colcon.colcon_core.package_identification:_identify(bbox_ex_msgs) by extension 'ignore_ament_install'
[0.184s] Level 1:colcon.colcon_core.package_identification:_identify(bbox_ex_msgs) by extensions ['colcon_pkg']
[0.184s] Level 1:colcon.colcon_core.package_identification:_identify(bbox_ex_msgs) by extension 'colcon_pkg'
[0.184s] Level 1:colcon.colcon_core.package_identification:_identify(bbox_ex_msgs) by extensions ['colcon_meta']
[0.184s] Level 1:colcon.colcon_core.package_identification:_identify(bbox_ex_msgs) by extension 'colcon_meta'
[0.184s] Level 1:colcon.colcon_core.package_identification:_identify(bbox_ex_msgs) by extensions ['ros']
[0.184s] Level 1:colcon.colcon_core.package_identification:_identify(bbox_ex_msgs) by extension 'ros'
[0.185s] DEBUG:colcon.colcon_core.package_identification:Package 'bbox_ex_msgs' with type 'ros.ament_cmake' and name 'bboxes_ex_msgs'
[0.185s] Level 1:colcon.colcon_core.package_identification:_identify(build) by extensions ['ignore', 'ignore_ament_install']
[0.185s] Level 1:colcon.colcon_core.package_identification:_identify(build) by extension 'ignore'
[0.185s] Level 1:colcon.colcon_core.package_identification:_identify(build) ignored
[0.185s] Level 1:colcon.colcon_core.package_identification:_identify(cv_basics) by extensions ['ignore', 'ignore_ament_install']
[0.185s] Level 1:colcon.colcon_core.package_identification:_identify(cv_basics) by extension 'ignore'
[0.185s] Level 1:colcon.colcon_core.package_identification:_identify(cv_basics) by extension 'ignore_ament_install'
[0.185s] Level 1:colcon.colcon_core.package_identification:_identify(cv_basics) by extensions ['colcon_pkg']
[0.185s] Level 1:colcon.colcon_core.package_identification:_identify(cv_basics) by extension 'colcon_pkg'
[0.185s] Level 1:colcon.colcon_core.package_identification:_identify(cv_basics) by extensions ['colcon_meta']
[0.185s] Level 1:colcon.colcon_core.package_identification:_identify(cv_basics) by extension 'colcon_meta'
[0.186s] Level 1:colcon.colcon_core.package_identification:_identify(cv_basics) by extensions ['ros']
[0.186s] Level 1:colcon.colcon_core.package_identification:_identify(cv_basics) by extension 'ros'
[0.186s] DEBUG:colcon.colcon_core.package_identification:Package 'cv_basics' with type 'ros.ament_python' and name 'cv_basics'
[0.186s] Level 1:colcon.colcon_core.package_identification:_identify(install) by extensions ['ignore', 'ignore_ament_install']
[0.186s] Level 1:colcon.colcon_core.package_identification:_identify(install) by extension 'ignore'
[0.186s] Level 1:colcon.colcon_core.package_identification:_identify(install) ignored
[0.187s] Level 1:colcon.colcon_core.package_identification:_identify(log) by extensions ['ignore', 'ignore_ament_install']
[0.187s] Level 1:colcon.colcon_core.package_identification:_identify(log) by extension 'ignore'
[0.187s] Level 1:colcon.colcon_core.package_identification:_identify(log) ignored
[0.187s] Level 1:colcon.colcon_core.package_identification:_identify(rplidar_ros2) by extensions ['ignore', 'ignore_ament_install']
[0.187s] Level 1:colcon.colcon_core.package_identification:_identify(rplidar_ros2) by extension 'ignore'
[0.187s] Level 1:colcon.colcon_core.package_identification:_identify(rplidar_ros2) by extension 'ignore_ament_install'
[0.187s] Level 1:colcon.colcon_core.package_identification:_identify(rplidar_ros2) by extensions ['colcon_pkg']
[0.187s] Level 1:colcon.colcon_core.package_identification:_identify(rplidar_ros2) by extension 'colcon_pkg'
[0.187s] Level 1:colcon.colcon_core.package_identification:_identify(rplidar_ros2) by extensions ['colcon_meta']
[0.187s] Level 1:colcon.colcon_core.package_identification:_identify(rplidar_ros2) by extension 'colcon_meta'
[0.187s] Level 1:colcon.colcon_core.package_identification:_identify(rplidar_ros2) by extensions ['ros']
[0.187s] Level 1:colcon.colcon_core.package_identification:_identify(rplidar_ros2) by extension 'ros'
[0.188s] DEBUG:colcon.colcon_core.package_identification:Package 'rplidar_ros2' with type 'ros.ament_cmake' and name 'rplidar_ros'
[0.188s] Level 1:colcon.colcon_core.package_discovery:discover_packages(recursive) using defaults
[0.188s] Level 1:colcon.colcon_core.package_discovery:discover_packages(ignore) discover
[0.188s] Level 1:colcon.colcon_core.package_discovery:discover_packages(ignore) using defaults
[0.188s] Level 1:colcon.colcon_core.package_discovery:discover_packages(path) discover
[0.188s] Level 1:colcon.colcon_core.package_discovery:discover_packages(path) using defaults
[0.206s] Level 1:colcon.colcon_core.package_discovery:discover_packages(prefix_path) check parameters
[0.206s] Level 1:colcon.colcon_core.package_discovery:discover_packages(prefix_path) discover
[0.209s] DEBUG:colcon.colcon_installed_package_information.package_discovery:Found 3 installed packages in /home/eit-lab/ros2_karan_ws/install
[0.211s] DEBUG:colcon.colcon_installed_package_information.package_discovery:Found 260 installed packages in /opt/ros/foxy
[0.212s] Level 1:colcon.colcon_core.package_discovery:discover_packages(prefix_path) using defaults
[0.276s] Level 5:colcon.colcon_core.verb:set package 'bboxes_ex_msgs' build argument 'cmake_args' from command line to 'None'
[0.276s] Level 5:colcon.colcon_core.verb:set package 'bboxes_ex_msgs' build argument 'cmake_target' from command line to 'None'
[0.276s] Level 5:colcon.colcon_core.verb:set package 'bboxes_ex_msgs' build argument 'cmake_target_skip_unavailable' from command line to 'False'
[0.276s] Level 5:colcon.colcon_core.verb:set package 'bboxes_ex_msgs' build argument 'cmake_clean_cache' from command line to 'False'
[0.276s] Level 5:colcon.colcon_core.verb:set package 'bboxes_ex_msgs' build argument 'cmake_clean_first' from command line to 'False'
[0.276s] Level 5:colcon.colcon_core.verb:set package 'bboxes_ex_msgs' build argument 'cmake_force_configure' from command line to 'False'
[0.276s] Level 5:colcon.colcon_core.verb:set package 'bboxes_ex_msgs' build argument 'ament_cmake_args' from command line to 'None'
[0.276s] Level 5:colcon.colcon_core.verb:set package 'bboxes_ex_msgs' build argument 'catkin_cmake_args' from command line to 'None'
[0.276s] Level 5:colcon.colcon_core.verb:set package 'bboxes_ex_msgs' build argument 'catkin_skip_building_tests' from command line to 'False'
[0.276s] DEBUG:colcon.colcon_core.verb:Building package 'bboxes_ex_msgs' with the following arguments: {'ament_cmake_args': None, 'build_base': '/home/eit-lab/ros2_karan_ws/src/build/bboxes_ex_msgs', 'catkin_cmake_args': None, 'catkin_skip_building_tests': False, 'cmake_args': None, 'cmake_clean_cache': False, 'cmake_clean_first': False, 'cmake_force_configure': False, 'cmake_target': None, 'cmake_target_skip_unavailable': False, 'install_base': '/home/eit-lab/ros2_karan_ws/src/install/bboxes_ex_msgs', 'merge_install': False, 'path': '/home/eit-lab/ros2_karan_ws/src/bbox_ex_msgs', 'symlink_install': False, 'test_result_base': None}
[0.277s] Level 5:colcon.colcon_core.verb:set package 'rplidar_ros' build argument 'cmake_args' from command line to 'None'
[0.277s] Level 5:colcon.colcon_core.verb:set package 'rplidar_ros' build argument 'cmake_target' from command line to 'None'
[0.277s] Level 5:colcon.colcon_core.verb:set package 'rplidar_ros' build argument 'cmake_target_skip_unavailable' from command line to 'False'
[0.277s] Level 5:colcon.colcon_core.verb:set package 'rplidar_ros' build argument 'cmake_clean_cache' from command line to 'False'
[0.277s] Level 5:colcon.colcon_core.verb:set package 'rplidar_ros' build argument 'cmake_clean_first' from command line to 'False'
[0.277s] Level 5:colcon.colcon_core.verb:set package 'rplidar_ros' build argument 'cmake_force_configure' from command line to 'False'
[0.277s] Level 5:colcon.colcon_core.verb:set package 'rplidar_ros' build argument 'ament_cmake_args' from command line to 'None'
[0.277s] Level 5:colcon.colcon_core.verb:set package 'rplidar_ros' build argument 'catkin_cmake_args' from command line to 'None'
[0.277s] Level 5:colcon.colcon_core.verb:set package 'rplidar_ros' build argument 'catkin_skip_building_tests' from command line to 'False'
[0.277s] DEBUG:colcon.colcon_core.verb:Building package 'rplidar_ros' with the following arguments: {'ament_cmake_args': None, 'build_base': '/home/eit-lab/ros2_karan_ws/src/build/rplidar_ros', 'catkin_cmake_args': None, 'catkin_skip_building_tests': False, 'cmake_args': None, 'cmake_clean_cache': False, 'cmake_clean_first': False, 'cmake_force_configure': False, 'cmake_target': None, 'cmake_target_skip_unavailable': False, 'install_base': '/home/eit-lab/ros2_karan_ws/src/install/rplidar_ros', 'merge_install': False, 'path': '/home/eit-lab/ros2_karan_ws/src/rplidar_ros2', 'symlink_install': False, 'test_result_base': None}
[0.278s] Level 5:colcon.colcon_core.verb:set package 'cv_basics' build argument 'cmake_args' from command line to 'None'
[0.278s] Level 5:colcon.colcon_core.verb:set package 'cv_basics' build argument 'cmake_target' from command line to 'None'
[0.278s] Level 5:colcon.colcon_core.verb:set package 'cv_basics' build argument 'cmake_target_skip_unavailable' from command line to 'False'
[0.278s] Level 5:colcon.colcon_core.verb:set package 'cv_basics' build argument 'cmake_clean_cache' from command line to 'False'
[0.278s] Level 5:colcon.colcon_core.verb:set package 'cv_basics' build argument 'cmake_clean_first' from command line to 'False'
[0.278s] Level 5:colcon.colcon_core.verb:set package 'cv_basics' build argument 'cmake_force_configure' from command line to 'False'
[0.278s] Level 5:colcon.colcon_core.verb:set package 'cv_basics' build argument 'ament_cmake_args' from command line to 'None'
[0.278s] Level 5:colcon.colcon_core.verb:set package 'cv_basics' build argument 'catkin_cmake_args' from command line to 'None'
[0.278s] Level 5:colcon.colcon_core.verb:set package 'cv_basics' build argument 'catkin_skip_building_tests' from command line to 'False'
[0.278s] DEBUG:colcon.colcon_core.verb:Building package 'cv_basics' with the following arguments: {'ament_cmake_args': None, 'build_base': '/home/eit-lab/ros2_karan_ws/src/build/cv_basics', 'catkin_cmake_args': None, 'catkin_skip_building_tests': False, 'cmake_args': None, 'cmake_clean_cache': False, 'cmake_clean_first': False, 'cmake_force_configure': False, 'cmake_target': None, 'cmake_target_skip_unavailable': False, 'install_base': '/home/eit-lab/ros2_karan_ws/src/install/cv_basics', 'merge_install': False, 'path': '/home/eit-lab/ros2_karan_ws/src/cv_basics', 'symlink_install': False, 'test_result_base': None}
[0.279s] Level 5:colcon.colcon_core.verb:set package 'yolov5_ros' build argument 'cmake_args' from command line to 'None'
[0.279s] Level 5:colcon.colcon_core.verb:set package 'yolov5_ros' build argument 'cmake_target' from command line to 'None'
[0.279s] Level 5:colcon.colcon_core.verb:set package 'yolov5_ros' build argument 'cmake_target_skip_unavailable' from command line to 'False'
[0.279s] Level 5:colcon.colcon_core.verb:set package 'yolov5_ros' build argument 'cmake_clean_cache' from command line to 'False'
[0.279s] Level 5:colcon.colcon_core.verb:set package 'yolov5_ros' build argument 'cmake_clean_first' from command line to 'False'
[0.279s] Level 5:colcon.colcon_core.verb:set package 'yolov5_ros' build argument 'cmake_force_configure' from command line to 'False'
[0.279s] Level 5:colcon.colcon_core.verb:set package 'yolov5_ros' build argument 'ament_cmake_args' from command line to 'None'
[0.279s] Level 5:colcon.colcon_core.verb:set package 'yolov5_ros' build argument 'catkin_cmake_args' from command line to 'None'
[0.280s] Level 5:colcon.colcon_core.verb:set package 'yolov5_ros' build argument 'catkin_skip_building_tests' from command line to 'False'
[0.280s] DEBUG:colcon.colcon_core.verb:Building package 'yolov5_ros' with the following arguments: {'ament_cmake_args': None, 'build_base': '/home/eit-lab/ros2_karan_ws/src/build/yolov5_ros', 'catkin_cmake_args': None, 'catkin_skip_building_tests': False, 'cmake_args': None, 'cmake_clean_cache': False, 'cmake_clean_first': False, 'cmake_force_configure': False, 'cmake_target': None, 'cmake_target_skip_unavailable': False, 'install_base': '/home/eit-lab/ros2_karan_ws/src/install/yolov5_ros', 'merge_install': False, 'path': '/home/eit-lab/ros2_karan_ws/src/YOLOv5-ROS/yolov5_ros', 'symlink_install': False, 'test_result_base': None}
[0.280s] INFO:colcon.colcon_core.executor:Executing jobs using 'parallel' executor
[0.284s] DEBUG:colcon.colcon_parallel_executor.executor.parallel:run_until_complete
[0.284s] INFO:colcon.colcon_ros.task.ament_cmake.build:Building ROS package in '/home/eit-lab/ros2_karan_ws/src/bbox_ex_msgs' with build type 'ament_cmake'
[0.284s] INFO:colcon.colcon_cmake.task.cmake.build:Building CMake package in '/home/eit-lab/ros2_karan_ws/src/bbox_ex_msgs'
[0.288s] INFO:colcon.colcon_core.plugin_system:Skipping extension 'colcon_core.shell.bat': Not used on non-Windows systems
[0.288s] INFO:colcon.colcon_core.shell:Skip shell extension 'powershell' for command environment: Not usable outside of PowerShell
[0.288s] DEBUG:colcon.colcon_core.shell:Skip shell extension 'dsv' for command environment
[0.294s] INFO:colcon.colcon_ros.task.ament_cmake.build:Building ROS package in '/home/eit-lab/ros2_karan_ws/src/rplidar_ros2' with build type 'ament_cmake'
[0.294s] INFO:colcon.colcon_cmake.task.cmake.build:Building CMake package in '/home/eit-lab/ros2_karan_ws/src/rplidar_ros2'
[0.296s] INFO:colcon.colcon_core.shell:Skip shell extension 'powershell' for command environment: Not usable outside of PowerShell
[0.296s] DEBUG:colcon.colcon_core.shell:Skip shell extension 'dsv' for command environment
[0.307s] DEBUG:colcon.colcon_core.event_handler.log_command:Invoking command in '/home/eit-lab/ros2_karan_ws/src/build/bboxes_ex_msgs': CMAKE_PREFIX_PATH=${CMAKE_PREFIX_PATH}:/home/eit-lab/ros2_karan_ws/install/cv_basics:/opt/ros/foxy /usr/bin/cmake /home/eit-lab/ros2_karan_ws/src/bbox_ex_msgs -DCMAKE_INSTALL_PREFIX=/home/eit-lab/ros2_karan_ws/src/install/bboxes_ex_msgs
[0.315s] DEBUG:colcon.colcon_core.event_handler.log_command:Invoking command in '/home/eit-lab/ros2_karan_ws/src/build/rplidar_ros': CMAKE_PREFIX_PATH=${CMAKE_PREFIX_PATH}:/home/eit-lab/ros2_karan_ws/install/cv_basics:/opt/ros/foxy /usr/bin/cmake /home/eit-lab/ros2_karan_ws/src/rplidar_ros2 -DCMAKE_INSTALL_PREFIX=/home/eit-lab/ros2_karan_ws/src/install/rplidar_ros
[9.103s] DEBUG:colcon.colcon_core.event_handler.log_command:Invoked command in '/home/eit-lab/ros2_karan_ws/src/build/bboxes_ex_msgs' returned '0': CMAKE_PREFIX_PATH=${CMAKE_PREFIX_PATH}:/home/eit-lab/ros2_karan_ws/install/cv_basics:/opt/ros/foxy /usr/bin/cmake /home/eit-lab/ros2_karan_ws/src/bbox_ex_msgs -DCMAKE_INSTALL_PREFIX=/home/eit-lab/ros2_karan_ws/src/install/bboxes_ex_msgs
[9.107s] DEBUG:colcon.colcon_core.event_handler.log_command:Invoking command in '/home/eit-lab/ros2_karan_ws/src/build/bboxes_ex_msgs': CMAKE_PREFIX_PATH=${CMAKE_PREFIX_PATH}:/home/eit-lab/ros2_karan_ws/install/cv_basics:/opt/ros/foxy /usr/bin/cmake --build /home/eit-lab/ros2_karan_ws/src/build/bboxes_ex_msgs -- -j8 -l8
[9.321s] DEBUG:colcon.colcon_core.event_handler.log_command:Invoked command in '/home/eit-lab/ros2_karan_ws/src/build/rplidar_ros' returned '0': CMAKE_PREFIX_PATH=${CMAKE_PREFIX_PATH}:/home/eit-lab/ros2_karan_ws/install/cv_basics:/opt/ros/foxy /usr/bin/cmake /home/eit-lab/ros2_karan_ws/src/rplidar_ros2 -DCMAKE_INSTALL_PREFIX=/home/eit-lab/ros2_karan_ws/src/install/rplidar_ros
[9.324s] DEBUG:colcon.colcon_core.event_handler.log_command:Invoking command in '/home/eit-lab/ros2_karan_ws/src/build/rplidar_ros': CMAKE_PREFIX_PATH=${CMAKE_PREFIX_PATH}:/home/eit-lab/ros2_karan_ws/install/cv_basics:/opt/ros/foxy /usr/bin/cmake --build /home/eit-lab/ros2_karan_ws/src/build/rplidar_ros -- -j8 -l8
[16.481s] DEBUG:colcon.colcon_core.event_handler.log_command:Invoked command in '/home/eit-lab/ros2_karan_ws/src/build/bboxes_ex_msgs' returned '0': CMAKE_PREFIX_PATH=${CMAKE_PREFIX_PATH}:/home/eit-lab/ros2_karan_ws/install/cv_basics:/opt/ros/foxy /usr/bin/cmake --build /home/eit-lab/ros2_karan_ws/src/build/bboxes_ex_msgs -- -j8 -l8
[16.545s] DEBUG:colcon.colcon_core.event_handler.log_command:Invoking command in '/home/eit-lab/ros2_karan_ws/src/build/bboxes_ex_msgs': CMAKE_PREFIX_PATH=${CMAKE_PREFIX_PATH}:/home/eit-lab/ros2_karan_ws/install/cv_basics:/opt/ros/foxy /usr/bin/cmake --install /home/eit-lab/ros2_karan_ws/src/build/bboxes_ex_msgs
[16.619s] Level 1:colcon.colcon_core.environment:create_environment_scripts_only(bboxes_ex_msgs)
[16.620s] DEBUG:colcon.colcon_core.event_handler.log_command:Invoked command in '/home/eit-lab/ros2_karan_ws/src/build/bboxes_ex_msgs' returned '0': CMAKE_PREFIX_PATH=${CMAKE_PREFIX_PATH}:/home/eit-lab/ros2_karan_ws/install/cv_basics:/opt/ros/foxy /usr/bin/cmake --install /home/eit-lab/ros2_karan_ws/src/build/bboxes_ex_msgs
[16.629s] Level 1:colcon.colcon_core.environment:checking '/home/eit-lab/ros2_karan_ws/src/install/bboxes_ex_msgs' for CMake module files
[16.630s] Level 1:colcon.colcon_core.environment:checking '/home/eit-lab/ros2_karan_ws/src/install/bboxes_ex_msgs' for CMake config files
[16.631s] Level 1:colcon.colcon_core.shell:create_environment_hook('bboxes_ex_msgs', 'cmake_prefix_path')
[16.633s] INFO:colcon.colcon_core.shell:Creating environment hook '/home/eit-lab/ros2_karan_ws/src/install/bboxes_ex_msgs/share/bboxes_ex_msgs/hook/cmake_prefix_path.ps1'
[16.634s] INFO:colcon.colcon_core.shell:Creating environment descriptor '/home/eit-lab/ros2_karan_ws/src/install/bboxes_ex_msgs/share/bboxes_ex_msgs/hook/cmake_prefix_path.dsv'
[16.635s] INFO:colcon.colcon_core.shell:Creating environment hook '/home/eit-lab/ros2_karan_ws/src/install/bboxes_ex_msgs/share/bboxes_ex_msgs/hook/cmake_prefix_path.sh'
[16.635s] Level 1:colcon.colcon_core.environment:checking '/home/eit-lab/ros2_karan_ws/src/install/bboxes_ex_msgs/lib'
[16.636s] Level 1:colcon.colcon_core.shell:create_environment_hook('bboxes_ex_msgs', 'ld_library_path_lib')
[16.637s] INFO:colcon.colcon_core.shell:Creating environment hook '/home/eit-lab/ros2_karan_ws/src/install/bboxes_ex_msgs/share/bboxes_ex_msgs/hook/ld_library_path_lib.ps1'
[16.637s] INFO:colcon.colcon_core.shell:Creating environment descriptor '/home/eit-lab/ros2_karan_ws/src/install/bboxes_ex_msgs/share/bboxes_ex_msgs/hook/ld_library_path_lib.dsv'
[16.637s] INFO:colcon.colcon_core.shell:Creating environment hook '/home/eit-lab/ros2_karan_ws/src/install/bboxes_ex_msgs/share/bboxes_ex_msgs/hook/ld_library_path_lib.sh'
[16.637s] Level 1:colcon.colcon_core.environment:checking '/home/eit-lab/ros2_karan_ws/src/install/bboxes_ex_msgs/bin'
[16.638s] Level 1:colcon.colcon_core.environment:checking '/home/eit-lab/ros2_karan_ws/src/install/bboxes_ex_msgs/lib/pkgconfig/bboxes_ex_msgs.pc'
[16.638s] Level 1:colcon.colcon_core.environment:checking '/home/eit-lab/ros2_karan_ws/src/install/bboxes_ex_msgs/lib/python3.8/site-packages'
[16.638s] Level 1:colcon.colcon_core.shell:create_environment_hook('bboxes_ex_msgs', 'pythonpath')
[16.639s] INFO:colcon.colcon_core.shell:Creating environment hook '/home/eit-lab/ros2_karan_ws/src/install/bboxes_ex_msgs/share/bboxes_ex_msgs/hook/pythonpath.ps1'
[16.639s] INFO:colcon.colcon_core.shell:Creating environment descriptor '/home/eit-lab/ros2_karan_ws/src/install/bboxes_ex_msgs/share/bboxes_ex_msgs/hook/pythonpath.dsv'
[16.639s] INFO:colcon.colcon_core.shell:Creating environment hook '/home/eit-lab/ros2_karan_ws/src/install/bboxes_ex_msgs/share/bboxes_ex_msgs/hook/pythonpath.sh'
[16.640s] Level 1:colcon.colcon_core.environment:checking '/home/eit-lab/ros2_karan_ws/src/install/bboxes_ex_msgs/bin'
[16.641s] INFO:colcon.colcon_core.shell:Creating package script '/home/eit-lab/ros2_karan_ws/src/install/bboxes_ex_msgs/share/bboxes_ex_msgs/package.ps1'
[16.642s] INFO:colcon.colcon_core.shell:Creating package descriptor '/home/eit-lab/ros2_karan_ws/src/install/bboxes_ex_msgs/share/bboxes_ex_msgs/package.dsv'
[16.642s] INFO:colcon.colcon_core.shell:Creating package script '/home/eit-lab/ros2_karan_ws/src/install/bboxes_ex_msgs/share/bboxes_ex_msgs/package.sh'
[16.643s] INFO:colcon.colcon_core.shell:Creating package script '/home/eit-lab/ros2_karan_ws/src/install/bboxes_ex_msgs/share/bboxes_ex_msgs/package.bash'
[16.643s] INFO:colcon.colcon_core.shell:Creating package script '/home/eit-lab/ros2_karan_ws/src/install/bboxes_ex_msgs/share/bboxes_ex_msgs/package.zsh'
[16.644s] Level 1:colcon.colcon_core.environment:create_file_with_runtime_dependencies(/home/eit-lab/ros2_karan_ws/src/install/bboxes_ex_msgs/share/colcon-core/packages/bboxes_ex_msgs)
[16.696s] Level 1:colcon.colcon_core.environment:create_environment_scripts_only(bboxes_ex_msgs)
[16.698s] Level 1:colcon.colcon_core.environment:checking '/home/eit-lab/ros2_karan_ws/src/install/bboxes_ex_msgs' for CMake module files
[16.699s] Level 1:colcon.colcon_core.environment:checking '/home/eit-lab/ros2_karan_ws/src/install/bboxes_ex_msgs' for CMake config files
[16.699s] Level 1:colcon.colcon_core.shell:create_environment_hook('bboxes_ex_msgs', 'cmake_prefix_path')
[16.700s] INFO:colcon.colcon_core.shell:Creating environment hook '/home/eit-lab/ros2_karan_ws/src/install/bboxes_ex_msgs/share/bboxes_ex_msgs/hook/cmake_prefix_path.ps1'
[16.701s] INFO:colcon.colcon_core.shell:Creating environment descriptor '/home/eit-lab/ros2_karan_ws/src/install/bboxes_ex_msgs/share/bboxes_ex_msgs/hook/cmake_prefix_path.dsv'
[16.701s] INFO:colcon.colcon_core.shell:Creating environment hook '/home/eit-lab/ros2_karan_ws/src/install/bboxes_ex_msgs/share/bboxes_ex_msgs/hook/cmake_prefix_path.sh'
[16.701s] Level 1:colcon.colcon_core.environment:checking '/home/eit-lab/ros2_karan_ws/src/install/bboxes_ex_msgs/lib'
[16.701s] Level 1:colcon.colcon_core.shell:create_environment_hook('bboxes_ex_msgs', 'ld_library_path_lib')
[16.703s] INFO:colcon.colcon_core.shell:Creating environment hook '/home/eit-lab/ros2_karan_ws/src/install/bboxes_ex_msgs/share/bboxes_ex_msgs/hook/ld_library_path_lib.ps1'
[16.703s] INFO:colcon.colcon_core.shell:Creating environment descriptor '/home/eit-lab/ros2_karan_ws/src/install/bboxes_ex_msgs/share/bboxes_ex_msgs/hook/ld_library_path_lib.dsv'
[16.703s] INFO:colcon.colcon_core.shell:Creating environment hook '/home/eit-lab/ros2_karan_ws/src/install/bboxes_ex_msgs/share/bboxes_ex_msgs/hook/ld_library_path_lib.sh'
[16.703s] Level 1:colcon.colcon_core.environment:checking '/home/eit-lab/ros2_karan_ws/src/install/bboxes_ex_msgs/bin'
[16.703s] Level 1:colcon.colcon_core.environment:checking '/home/eit-lab/ros2_karan_ws/src/install/bboxes_ex_msgs/lib/pkgconfig/bboxes_ex_msgs.pc'
[16.704s] Level 1:colcon.colcon_core.environment:checking '/home/eit-lab/ros2_karan_ws/src/install/bboxes_ex_msgs/lib/python3.8/site-packages'
[16.704s] Level 1:colcon.colcon_core.shell:create_environment_hook('bboxes_ex_msgs', 'pythonpath')
[16.705s] INFO:colcon.colcon_core.shell:Creating environment hook '/home/eit-lab/ros2_karan_ws/src/install/bboxes_ex_msgs/share/bboxes_ex_msgs/hook/pythonpath.ps1'
[16.705s] INFO:colcon.colcon_core.shell:Creating environment descriptor '/home/eit-lab/ros2_karan_ws/src/install/bboxes_ex_msgs/share/bboxes_ex_msgs/hook/pythonpath.dsv'
[16.706s] INFO:colcon.colcon_core.shell:Creating environment hook '/home/eit-lab/ros2_karan_ws/src/install/bboxes_ex_msgs/share/bboxes_ex_msgs/hook/pythonpath.sh'
[16.706s] Level 1:colcon.colcon_core.environment:checking '/home/eit-lab/ros2_karan_ws/src/install/bboxes_ex_msgs/bin'
[16.708s] INFO:colcon.colcon_core.shell:Creating package script '/home/eit-lab/ros2_karan_ws/src/install/bboxes_ex_msgs/share/bboxes_ex_msgs/package.ps1'
[16.709s] INFO:colcon.colcon_core.shell:Creating package descriptor '/home/eit-lab/ros2_karan_ws/src/install/bboxes_ex_msgs/share/bboxes_ex_msgs/package.dsv'
[16.709s] INFO:colcon.colcon_core.shell:Creating package script '/home/eit-lab/ros2_karan_ws/src/install/bboxes_ex_msgs/share/bboxes_ex_msgs/package.sh'
[16.710s] INFO:colcon.colcon_core.shell:Creating package script '/home/eit-lab/ros2_karan_ws/src/install/bboxes_ex_msgs/share/bboxes_ex_msgs/package.bash'
[16.710s] INFO:colcon.colcon_core.shell:Creating package script '/home/eit-lab/ros2_karan_ws/src/install/bboxes_ex_msgs/share/bboxes_ex_msgs/package.zsh'
[16.711s] Level 1:colcon.colcon_core.environment:create_file_with_runtime_dependencies(/home/eit-lab/ros2_karan_ws/src/install/bboxes_ex_msgs/share/colcon-core/packages/bboxes_ex_msgs)
[16.711s] INFO:colcon.colcon_ros.task.ament_python.build:Building ROS package in '/home/eit-lab/ros2_karan_ws/src/cv_basics' with build type 'ament_python'
[16.711s] Level 1:colcon.colcon_core.shell:create_environment_hook('cv_basics', 'ament_prefix_path')
[16.713s] INFO:colcon.colcon_core.shell:Creating environment hook '/home/eit-lab/ros2_karan_ws/src/install/cv_basics/share/cv_basics/hook/ament_prefix_path.ps1'
[16.713s] INFO:colcon.colcon_core.shell:Creating environment descriptor '/home/eit-lab/ros2_karan_ws/src/install/cv_basics/share/cv_basics/hook/ament_prefix_path.dsv'
[16.714s] INFO:colcon.colcon_core.shell:Creating environment hook '/home/eit-lab/ros2_karan_ws/src/install/cv_basics/share/cv_basics/hook/ament_prefix_path.sh'
[16.715s] INFO:colcon.colcon_core.shell:Skip shell extension 'powershell' for command environment: Not usable outside of PowerShell
[16.715s] DEBUG:colcon.colcon_core.shell:Skip shell extension 'dsv' for command environment
[16.721s] INFO:colcon.colcon_ros.task.ament_python.build:Building ROS package in '/home/eit-lab/ros2_karan_ws/src/YOLOv5-ROS/yolov5_ros' with build type 'ament_python'
[16.721s] Level 1:colcon.colcon_core.shell:create_environment_hook('yolov5_ros', 'ament_prefix_path')
[16.724s] INFO:colcon.colcon_core.shell:Creating environment hook '/home/eit-lab/ros2_karan_ws/src/install/yolov5_ros/share/yolov5_ros/hook/ament_prefix_path.ps1'
[16.725s] INFO:colcon.colcon_core.shell:Creating environment descriptor '/home/eit-lab/ros2_karan_ws/src/install/yolov5_ros/share/yolov5_ros/hook/ament_prefix_path.dsv'
[16.725s] INFO:colcon.colcon_core.shell:Creating environment hook '/home/eit-lab/ros2_karan_ws/src/install/yolov5_ros/share/yolov5_ros/hook/ament_prefix_path.sh'
[16.727s] INFO:colcon.colcon_core.shell:Skip shell extension 'powershell' for command environment: Not usable outside of PowerShell
[16.727s] DEBUG:colcon.colcon_core.shell:Skip shell extension 'dsv' for command environment
[16.961s] INFO:colcon.colcon_core.task.python.build:Building Python package in '/home/eit-lab/ros2_karan_ws/src/cv_basics'
[16.962s] INFO:colcon.colcon_core.shell:Skip shell extension 'powershell' for command environment: Not usable outside of PowerShell
[16.962s] DEBUG:colcon.colcon_core.shell:Skip shell extension 'dsv' for command environment
[17.203s] INFO:colcon.colcon_core.task.python.build:Building Python package in '/home/eit-lab/ros2_karan_ws/src/YOLOv5-ROS/yolov5_ros'
[17.204s] INFO:colcon.colcon_core.shell:Skip shell extension 'powershell' for command environment: Not usable outside of PowerShell
[17.205s] DEBUG:colcon.colcon_core.shell:Skip shell extension 'dsv' for command environment
[17.597s] DEBUG:colcon.colcon_core.event_handler.log_command:Invoking command in '/home/eit-lab/ros2_karan_ws/src/cv_basics': AMENT_PREFIX_PATH=/home/eit-lab/ros2_karan_ws/src/install/bboxes_ex_msgs:${AMENT_PREFIX_PATH} CMAKE_PREFIX_PATH=/home/eit-lab/ros2_karan_ws/src/install/bboxes_ex_msgs:${CMAKE_PREFIX_PATH} LD_LIBRARY_PATH=/home/eit-lab/ros2_karan_ws/src/install/bboxes_ex_msgs/lib:${LD_LIBRARY_PATH} PYTHONPATH=/home/eit-lab/ros2_karan_ws/src/install/cv_basics/lib/python3.8/site-packages:/home/eit-lab/ros2_karan_ws/src/install/bboxes_ex_msgs/lib/python3.8/site-packages:${PYTHONPATH} /usr/bin/python3 setup.py egg_info --egg-base ../build/cv_basics build --build-base /home/eit-lab/ros2_karan_ws/src/build/cv_basics/build install --prefix /home/eit-lab/ros2_karan_ws/src/install/cv_basics --record /home/eit-lab/ros2_karan_ws/src/build/cv_basics/install.log --single-version-externally-managed
[17.606s] DEBUG:colcon.colcon_core.event_handler.log_command:Invoking command in '/home/eit-lab/ros2_karan_ws/src/YOLOv5-ROS/yolov5_ros': AMENT_PREFIX_PATH=/home/eit-lab/ros2_karan_ws/src/install/bboxes_ex_msgs:${AMENT_PREFIX_PATH} CMAKE_PREFIX_PATH=/home/eit-lab/ros2_karan_ws/src/install/bboxes_ex_msgs:${CMAKE_PREFIX_PATH} LD_LIBRARY_PATH=/home/eit-lab/ros2_karan_ws/src/install/bboxes_ex_msgs/lib:${LD_LIBRARY_PATH} PYTHONPATH=/home/eit-lab/ros2_karan_ws/src/install/yolov5_ros/lib/python3.8/site-packages:/home/eit-lab/ros2_karan_ws/src/install/bboxes_ex_msgs/lib/python3.8/site-packages:${PYTHONPATH} /usr/bin/python3 setup.py egg_info --egg-base ../../build/yolov5_ros build --build-base /home/eit-lab/ros2_karan_ws/src/build/yolov5_ros/build install --prefix /home/eit-lab/ros2_karan_ws/src/install/yolov5_ros --record /home/eit-lab/ros2_karan_ws/src/build/yolov5_ros/install.log --single-version-externally-managed
[17.932s] Level 1:colcon.colcon_core.environment:checking '/home/eit-lab/ros2_karan_ws/src/install/cv_basics' for CMake module files
[17.933s] DEBUG:colcon.colcon_core.event_handler.log_command:Invoked command in '/home/eit-lab/ros2_karan_ws/src/cv_basics' returned '0': AMENT_PREFIX_PATH=/home/eit-lab/ros2_karan_ws/src/install/bboxes_ex_msgs:${AMENT_PREFIX_PATH} CMAKE_PREFIX_PATH=/home/eit-lab/ros2_karan_ws/src/install/bboxes_ex_msgs:${CMAKE_PREFIX_PATH} LD_LIBRARY_PATH=/home/eit-lab/ros2_karan_ws/src/install/bboxes_ex_msgs/lib:${LD_LIBRARY_PATH} PYTHONPATH=/home/eit-lab/ros2_karan_ws/src/install/cv_basics/lib/python3.8/site-packages:/home/eit-lab/ros2_karan_ws/src/install/bboxes_ex_msgs/lib/python3.8/site-packages:${PYTHONPATH} /usr/bin/python3 setup.py egg_info --egg-base ../build/cv_basics build --build-base /home/eit-lab/ros2_karan_ws/src/build/cv_basics/build install --prefix /home/eit-lab/ros2_karan_ws/src/install/cv_basics --record /home/eit-lab/ros2_karan_ws/src/build/cv_basics/install.log --single-version-externally-managed
[17.934s] Level 1:colcon.colcon_core.environment:checking '/home/eit-lab/ros2_karan_ws/src/install/cv_basics' for CMake config files
[17.935s] Level 1:colcon.colcon_core.environment:checking '/home/eit-lab/ros2_karan_ws/src/install/cv_basics/lib'
[17.935s] Level 1:colcon.colcon_core.environment:checking '/home/eit-lab/ros2_karan_ws/src/install/cv_basics/bin'
[17.935s] Level 1:colcon.colcon_core.environment:checking '/home/eit-lab/ros2_karan_ws/src/install/cv_basics/lib/pkgconfig/cv_basics.pc'
[17.936s] Level 1:colcon.colcon_core.environment:checking '/home/eit-lab/ros2_karan_ws/src/install/cv_basics/lib/python3.8/site-packages'
[17.936s] Level 1:colcon.colcon_core.shell:create_environment_hook('cv_basics', 'pythonpath')
[17.939s] INFO:colcon.colcon_core.shell:Creating environment hook '/home/eit-lab/ros2_karan_ws/src/install/cv_basics/share/cv_basics/hook/pythonpath.ps1'
[17.939s] INFO:colcon.colcon_core.shell:Creating environment descriptor '/home/eit-lab/ros2_karan_ws/src/install/cv_basics/share/cv_basics/hook/pythonpath.dsv'
[17.940s] INFO:colcon.colcon_core.shell:Creating environment hook '/home/eit-lab/ros2_karan_ws/src/install/cv_basics/share/cv_basics/hook/pythonpath.sh'
[17.941s] Level 1:colcon.colcon_core.environment:checking '/home/eit-lab/ros2_karan_ws/src/install/cv_basics/bin'
[17.941s] Level 1:colcon.colcon_core.environment:create_environment_scripts_only(cv_basics)
[17.943s] INFO:colcon.colcon_core.shell:Creating package script '/home/eit-lab/ros2_karan_ws/src/install/cv_basics/share/cv_basics/package.ps1'
[17.944s] INFO:colcon.colcon_core.shell:Creating package descriptor '/home/eit-lab/ros2_karan_ws/src/install/cv_basics/share/cv_basics/package.dsv'
[17.945s] INFO:colcon.colcon_core.shell:Creating package script '/home/eit-lab/ros2_karan_ws/src/install/cv_basics/share/cv_basics/package.sh'
[17.945s] INFO:colcon.colcon_core.shell:Creating package script '/home/eit-lab/ros2_karan_ws/src/install/cv_basics/share/cv_basics/package.bash'
[17.945s] INFO:colcon.colcon_core.shell:Creating package script '/home/eit-lab/ros2_karan_ws/src/install/cv_basics/share/cv_basics/package.zsh'
[17.946s] Level 1:colcon.colcon_core.environment:create_file_with_runtime_dependencies(/home/eit-lab/ros2_karan_ws/src/install/cv_basics/share/colcon-core/packages/cv_basics)
[17.961s] Level 1:colcon.colcon_core.environment:checking '/home/eit-lab/ros2_karan_ws/src/install/yolov5_ros' for CMake module files
[17.962s] DEBUG:colcon.colcon_core.event_handler.log_command:Invoked command in '/home/eit-lab/ros2_karan_ws/src/YOLOv5-ROS/yolov5_ros' returned '0': AMENT_PREFIX_PATH=/home/eit-lab/ros2_karan_ws/src/install/bboxes_ex_msgs:${AMENT_PREFIX_PATH} CMAKE_PREFIX_PATH=/home/eit-lab/ros2_karan_ws/src/install/bboxes_ex_msgs:${CMAKE_PREFIX_PATH} LD_LIBRARY_PATH=/home/eit-lab/ros2_karan_ws/src/install/bboxes_ex_msgs/lib:${LD_LIBRARY_PATH} PYTHONPATH=/home/eit-lab/ros2_karan_ws/src/install/yolov5_ros/lib/python3.8/site-packages:/home/eit-lab/ros2_karan_ws/src/install/bboxes_ex_msgs/lib/python3.8/site-packages:${PYTHONPATH} /usr/bin/python3 setup.py egg_info --egg-base ../../build/yolov5_ros build --build-base /home/eit-lab/ros2_karan_ws/src/build/yolov5_ros/build install --prefix /home/eit-lab/ros2_karan_ws/src/install/yolov5_ros --record /home/eit-lab/ros2_karan_ws/src/build/yolov5_ros/install.log --single-version-externally-managed
[17.962s] Level 1:colcon.colcon_core.environment:checking '/home/eit-lab/ros2_karan_ws/src/install/yolov5_ros' for CMake config files
[17.963s] Level 1:colcon.colcon_core.environment:checking '/home/eit-lab/ros2_karan_ws/src/install/yolov5_ros/lib'
[17.963s] Level 1:colcon.colcon_core.environment:checking '/home/eit-lab/ros2_karan_ws/src/install/yolov5_ros/bin'
[17.963s] Level 1:colcon.colcon_core.environment:checking '/home/eit-lab/ros2_karan_ws/src/install/yolov5_ros/lib/pkgconfig/yolov5_ros.pc'
[17.963s] Level 1:colcon.colcon_core.environment:checking '/home/eit-lab/ros2_karan_ws/src/install/yolov5_ros/lib/python3.8/site-packages'
[17.963s] Level 1:colcon.colcon_core.shell:create_environment_hook('yolov5_ros', 'pythonpath')
[17.964s] INFO:colcon.colcon_core.shell:Creating environment hook '/home/eit-lab/ros2_karan_ws/src/install/yolov5_ros/share/yolov5_ros/hook/pythonpath.ps1'
[17.965s] INFO:colcon.colcon_core.shell:Creating environment descriptor '/home/eit-lab/ros2_karan_ws/src/install/yolov5_ros/share/yolov5_ros/hook/pythonpath.dsv'
[17.965s] INFO:colcon.colcon_core.shell:Creating environment hook '/home/eit-lab/ros2_karan_ws/src/install/yolov5_ros/share/yolov5_ros/hook/pythonpath.sh'
[17.965s] Level 1:colcon.colcon_core.environment:checking '/home/eit-lab/ros2_karan_ws/src/install/yolov5_ros/bin'
[17.965s] Level 1:colcon.colcon_core.environment:create_environment_scripts_only(yolov5_ros)
[17.967s] INFO:colcon.colcon_core.shell:Creating package script '/home/eit-lab/ros2_karan_ws/src/install/yolov5_ros/share/yolov5_ros/package.ps1'
[17.967s] INFO:colcon.colcon_core.shell:Creating package descriptor '/home/eit-lab/ros2_karan_ws/src/install/yolov5_ros/share/yolov5_ros/package.dsv'
[17.967s] INFO:colcon.colcon_core.shell:Creating package script '/home/eit-lab/ros2_karan_ws/src/install/yolov5_ros/share/yolov5_ros/package.sh'
[17.968s] INFO:colcon.colcon_core.shell:Creating package script '/home/eit-lab/ros2_karan_ws/src/install/yolov5_ros/share/yolov5_ros/package.bash'
[17.968s] INFO:colcon.colcon_core.shell:Creating package script '/home/eit-lab/ros2_karan_ws/src/install/yolov5_ros/share/yolov5_ros/package.zsh'
[17.968s] Level 1:colcon.colcon_core.environment:create_file_with_runtime_dependencies(/home/eit-lab/ros2_karan_ws/src/install/yolov5_ros/share/colcon-core/packages/yolov5_ros)
[21.360s] DEBUG:colcon.colcon_core.event_handler.log_command:Invoked command in '/home/eit-lab/ros2_karan_ws/src/build/rplidar_ros' returned '0': CMAKE_PREFIX_PATH=${CMAKE_PREFIX_PATH}:/home/eit-lab/ros2_karan_ws/install/cv_basics:/opt/ros/foxy /usr/bin/cmake --build /home/eit-lab/ros2_karan_ws/src/build/rplidar_ros -- -j8 -l8
[21.393s] DEBUG:colcon.colcon_core.event_handler.log_command:Invoking command in '/home/eit-lab/ros2_karan_ws/src/build/rplidar_ros': CMAKE_PREFIX_PATH=${CMAKE_PREFIX_PATH}:/home/eit-lab/ros2_karan_ws/install/cv_basics:/opt/ros/foxy /usr/bin/cmake --install /home/eit-lab/ros2_karan_ws/src/build/rplidar_ros
[21.409s] Level 1:colcon.colcon_core.environment:create_environment_scripts_only(rplidar_ros)
[21.411s] Level 1:colcon.colcon_core.environment:checking '/home/eit-lab/ros2_karan_ws/src/install/rplidar_ros' for CMake module files
[21.411s] DEBUG:colcon.colcon_core.event_handler.log_command:Invoked command in '/home/eit-lab/ros2_karan_ws/src/build/rplidar_ros' returned '0': CMAKE_PREFIX_PATH=${CMAKE_PREFIX_PATH}:/home/eit-lab/ros2_karan_ws/install/cv_basics:/opt/ros/foxy /usr/bin/cmake --install /home/eit-lab/ros2_karan_ws/src/build/rplidar_ros
[21.412s] Level 1:colcon.colcon_core.environment:checking '/home/eit-lab/ros2_karan_ws/src/install/rplidar_ros' for CMake config files
[21.412s] Level 1:colcon.colcon_core.shell:create_environment_hook('rplidar_ros', 'cmake_prefix_path')
[21.413s] INFO:colcon.colcon_core.shell:Creating environment hook '/home/eit-lab/ros2_karan_ws/src/install/rplidar_ros/share/rplidar_ros/hook/cmake_prefix_path.ps1'
[21.414s] INFO:colcon.colcon_core.shell:Creating environment descriptor '/home/eit-lab/ros2_karan_ws/src/install/rplidar_ros/share/rplidar_ros/hook/cmake_prefix_path.dsv'
[21.414s] INFO:colcon.colcon_core.shell:Creating environment hook '/home/eit-lab/ros2_karan_ws/src/install/rplidar_ros/share/rplidar_ros/hook/cmake_prefix_path.sh'
[21.414s] Level 1:colcon.colcon_core.environment:checking '/home/eit-lab/ros2_karan_ws/src/install/rplidar_ros/lib'
[21.414s] Level 1:colcon.colcon_core.shell:create_environment_hook('rplidar_ros', 'ld_library_path_lib')
[21.416s] INFO:colcon.colcon_core.shell:Creating environment hook '/home/eit-lab/ros2_karan_ws/src/install/rplidar_ros/share/rplidar_ros/hook/ld_library_path_lib.ps1'
[21.416s] INFO:colcon.colcon_core.shell:Creating environment descriptor '/home/eit-lab/ros2_karan_ws/src/install/rplidar_ros/share/rplidar_ros/hook/ld_library_path_lib.dsv'
[21.416s] INFO:colcon.colcon_core.shell:Creating environment hook '/home/eit-lab/ros2_karan_ws/src/install/rplidar_ros/share/rplidar_ros/hook/ld_library_path_lib.sh'
[21.416s] Level 1:colcon.colcon_core.environment:checking '/home/eit-lab/ros2_karan_ws/src/install/rplidar_ros/bin'
[21.417s] Level 1:colcon.colcon_core.environment:checking '/home/eit-lab/ros2_karan_ws/src/install/rplidar_ros/lib/pkgconfig/rplidar_ros.pc'
[21.417s] Level 1:colcon.colcon_core.environment:checking '/home/eit-lab/ros2_karan_ws/src/install/rplidar_ros/lib/python3.8/site-packages'
[21.417s] Level 1:colcon.colcon_core.environment:checking '/home/eit-lab/ros2_karan_ws/src/install/rplidar_ros/bin'
[21.418s] INFO:colcon.colcon_core.shell:Creating package script '/home/eit-lab/ros2_karan_ws/src/install/rplidar_ros/share/rplidar_ros/package.ps1'
[21.419s] INFO:colcon.colcon_core.shell:Creating package descriptor '/home/eit-lab/ros2_karan_ws/src/install/rplidar_ros/share/rplidar_ros/package.dsv'
[21.419s] INFO:colcon.colcon_core.shell:Creating package script '/home/eit-lab/ros2_karan_ws/src/install/rplidar_ros/share/rplidar_ros/package.sh'
[21.419s] INFO:colcon.colcon_core.shell:Creating package script '/home/eit-lab/ros2_karan_ws/src/install/rplidar_ros/share/rplidar_ros/package.bash'
[21.420s] INFO:colcon.colcon_core.shell:Creating package script '/home/eit-lab/ros2_karan_ws/src/install/rplidar_ros/share/rplidar_ros/package.zsh'
[21.420s] Level 1:colcon.colcon_core.environment:create_file_with_runtime_dependencies(/home/eit-lab/ros2_karan_ws/src/install/rplidar_ros/share/colcon-core/packages/rplidar_ros)
[21.453s] Level 1:colcon.colcon_core.environment:create_environment_scripts_only(rplidar_ros)
[21.455s] Level 1:colcon.colcon_core.environment:checking '/home/eit-lab/ros2_karan_ws/src/install/rplidar_ros' for CMake module files
[21.456s] Level 1:colcon.colcon_core.environment:checking '/home/eit-lab/ros2_karan_ws/src/install/rplidar_ros' for CMake config files
[21.456s] Level 1:colcon.colcon_core.shell:create_environment_hook('rplidar_ros', 'cmake_prefix_path')
[21.458s] INFO:colcon.colcon_core.shell:Creating environment hook '/home/eit-lab/ros2_karan_ws/src/install/rplidar_ros/share/rplidar_ros/hook/cmake_prefix_path.ps1'
[21.459s] INFO:colcon.colcon_core.shell:Creating environment descriptor '/home/eit-lab/ros2_karan_ws/src/install/rplidar_ros/share/rplidar_ros/hook/cmake_prefix_path.dsv'
[21.459s] INFO:colcon.colcon_core.shell:Creating environment hook '/home/eit-lab/ros2_karan_ws/src/install/rplidar_ros/share/rplidar_ros/hook/cmake_prefix_path.sh'
[21.460s] Level 1:colcon.colcon_core.environment:checking '/home/eit-lab/ros2_karan_ws/src/install/rplidar_ros/lib'
[21.460s] Level 1:colcon.colcon_core.shell:create_environment_hook('rplidar_ros', 'ld_library_path_lib')
[21.462s] INFO:colcon.colcon_core.shell:Creating environment hook '/home/eit-lab/ros2_karan_ws/src/install/rplidar_ros/share/rplidar_ros/hook/ld_library_path_lib.ps1'
[21.462s] INFO:colcon.colcon_core.shell:Creating environment descriptor '/home/eit-lab/ros2_karan_ws/src/install/rplidar_ros/share/rplidar_ros/hook/ld_library_path_lib.dsv'
[21.462s] INFO:colcon.colcon_core.shell:Creating environment hook '/home/eit-lab/ros2_karan_ws/src/install/rplidar_ros/share/rplidar_ros/hook/ld_library_path_lib.sh'
[21.463s] Level 1:colcon.colcon_core.environment:checking '/home/eit-lab/ros2_karan_ws/src/install/rplidar_ros/bin'
[21.463s] Level 1:colcon.colcon_core.environment:checking '/home/eit-lab/ros2_karan_ws/src/install/rplidar_ros/lib/pkgconfig/rplidar_ros.pc'
[21.463s] Level 1:colcon.colcon_core.environment:checking '/home/eit-lab/ros2_karan_ws/src/install/rplidar_ros/lib/python3.8/site-packages'
[21.464s] Level 1:colcon.colcon_core.environment:checking '/home/eit-lab/ros2_karan_ws/src/install/rplidar_ros/bin'
[21.465s] INFO:colcon.colcon_core.shell:Creating package script '/home/eit-lab/ros2_karan_ws/src/install/rplidar_ros/share/rplidar_ros/package.ps1'
[21.466s] INFO:colcon.colcon_core.shell:Creating package descriptor '/home/eit-lab/ros2_karan_ws/src/install/rplidar_ros/share/rplidar_ros/package.dsv'
[21.467s] INFO:colcon.colcon_core.shell:Creating package script '/home/eit-lab/ros2_karan_ws/src/install/rplidar_ros/share/rplidar_ros/package.sh'
[21.467s] INFO:colcon.colcon_core.shell:Creating package script '/home/eit-lab/ros2_karan_ws/src/install/rplidar_ros/share/rplidar_ros/package.bash'
[21.467s] INFO:colcon.colcon_core.shell:Creating package script '/home/eit-lab/ros2_karan_ws/src/install/rplidar_ros/share/rplidar_ros/package.zsh'
[21.468s] Level 1:colcon.colcon_core.environment:create_file_with_runtime_dependencies(/home/eit-lab/ros2_karan_ws/src/install/rplidar_ros/share/colcon-core/packages/rplidar_ros)
[21.468s] DEBUG:colcon.colcon_parallel_executor.executor.parallel:closing loop
[21.468s] DEBUG:colcon.colcon_parallel_executor.executor.parallel:loop closed
[21.468s] DEBUG:colcon.colcon_parallel_executor.executor.parallel:run_until_complete finished with '0'
[21.469s] DEBUG:colcon.colcon_core.event_reactor:joining thread
[21.475s] INFO:colcon.colcon_core.plugin_system:Skipping extension 'colcon_notification.desktop_notification.terminal_notifier': Not used on non-Darwin systems
[21.475s] INFO:colcon.colcon_core.plugin_system:Skipping extension 'colcon_notification.desktop_notification.win32': Not used on non-Windows systems
[21.475s] INFO:colcon.colcon_notification.desktop_notification:Sending desktop notification using 'notify2'
[21.488s] DEBUG:colcon.colcon_core.event_reactor:joined thread
[21.491s] INFO:colcon.colcon_core.shell:Creating prefix script '/home/eit-lab/ros2_karan_ws/src/install/local_setup.ps1'
[21.492s] INFO:colcon.colcon_core.shell:Creating prefix util module '/home/eit-lab/ros2_karan_ws/src/install/_local_setup_util_ps1.py'
[21.494s] INFO:colcon.colcon_core.shell:Creating prefix chain script '/home/eit-lab/ros2_karan_ws/src/install/setup.ps1'
[21.496s] INFO:colcon.colcon_core.shell:Creating prefix script '/home/eit-lab/ros2_karan_ws/src/install/local_setup.sh'
[21.497s] INFO:colcon.colcon_core.shell:Creating prefix util module '/home/eit-lab/ros2_karan_ws/src/install/_local_setup_util_sh.py'
[21.497s] INFO:colcon.colcon_core.shell:Creating prefix chain script '/home/eit-lab/ros2_karan_ws/src/install/setup.sh'
[21.498s] INFO:colcon.colcon_core.shell:Creating prefix script '/home/eit-lab/ros2_karan_ws/src/install/local_setup.bash'
[21.499s] INFO:colcon.colcon_core.shell:Creating prefix chain script '/home/eit-lab/ros2_karan_ws/src/install/setup.bash'
[21.500s] INFO:colcon.colcon_core.shell:Creating prefix script '/home/eit-lab/ros2_karan_ws/src/install/local_setup.zsh'
[21.501s] INFO:colcon.colcon_core.shell:Creating prefix chain script '/home/eit-lab/ros2_karan_ws/src/install/setup.zsh'
