-- The C compiler identification is GNU 9.4.0
-- The CXX compiler identification is GNU 9.4.0
-- Check for working C compiler: /usr/bin/cc
-- Check for working C compiler: /usr/bin/cc -- works
-- Detecting C compiler ABI info
-- Detecting C compiler ABI info - done
-- Detecting C compile features
-- Detecting C compile features - done
-- Check for working CXX compiler: /usr/bin/c++
-- Check for working CXX compiler: /usr/bin/c++ -- works
-- Detecting CXX compiler ABI info
-- Detecting CXX compiler ABI info - done
-- Detecting CXX compile features
-- Detecting CXX compile features - done
-- Found ament_cmake: 0.9.9 (/opt/ros/foxy/share/ament_cmake/cmake)
-- Found PythonInterp: /usr/bin/python3 (found suitable version "3.8.10", minimum required is "3") 
-- Using PYTHON_EXECUTABLE: /usr/bin/python3
-- Found builtin_interfaces: 1.0.0 (/opt/ros/foxy/share/builtin_interfaces/cmake)
-- Using all available rosidl_typesupport_c: rosidl_typesupport_fastrtps_c;rosidl_typesupport_introspection_c
-- Found rosidl_adapter: 1.2.1 (/opt/ros/foxy/share/rosidl_adapter/cmake)
-- Found OpenSSL: /usr/lib/x86_64-linux-gnu/libcrypto.so (found version "1.1.1f")  
-- Found FastRTPS: /opt/ros/foxy/include  
-- Using all available rosidl_typesupport_cpp: rosidl_typesupport_fastrtps_cpp;rosidl_typesupport_introspection_cpp
-- Found std_msgs: 2.0.5 (/opt/ros/foxy/share/std_msgs/cmake)
-- Found rosidl_default_generators: 1.0.1 (/opt/ros/foxy/share/rosidl_default_generators/cmake)
-- Found PythonInterp: /usr/bin/python3 (found version "3.8.10") 
-- Found ament_cmake_ros: 0.9.2 (/opt/ros/foxy/share/ament_cmake_ros/cmake)
-- Using all available rosidl_typesupport_c: rosidl_typesupport_fastrtps_c;rosidl_typesupport_introspection_c
-- Using all available rosidl_typesupport_cpp: rosidl_typesupport_fastrtps_cpp;rosidl_typesupport_introspection_cpp
-- Found PythonInterp: /usr/bin/python3 (found suitable version "3.8.10", minimum required is "3.5") 
-- Found python_cmake_module: 0.8.1 (/opt/ros/foxy/share/python_cmake_module/cmake)
-- Found PythonLibs: /usr/lib/x86_64-linux-gnu/libpython3.8.so (found suitable version "3.8.10", minimum required is "3.5") 
-- Using PYTHON_EXECUTABLE: /usr/bin/python3
-- Using PYTHON_INCLUDE_DIRS: /usr/include/python3.8
-- Using PYTHON_LIBRARIES: /usr/lib/x86_64-linux-gnu/libpython3.8.so
-- Found PythonExtra: .so  
-- Configuring done
-- Generating done
-- Build files have been written to: /home/eit-lab/ros2_karan_ws/src/cv_basics/cv_basics/build/bboxes_ex_msgs
[  2%] [34m[1mGenerating C code for ROS interfaces[0m
[35m[1mScanning dependencies of target bboxes_ex_msgs__cpp[0m
[  5%] [34m[1mGenerating C++ code for ROS interfaces[0m
[  5%] Built target bboxes_ex_msgs__cpp
[ 10%] [34m[1mGenerating C++ introspection for ROS interfaces[0m
[ 10%] [34m[1mGenerating C++ type support dispatch for ROS interfaces[0m
[35m[1mScanning dependencies of target bboxes_ex_msgs__rosidl_generator_c[0m
[ 12%] [34m[1mGenerating C++ type support for eProsima Fast-RTPS[0m
[ 15%] [32mBuilding C object CMakeFiles/bboxes_ex_msgs__rosidl_generator_c.dir/rosidl_generator_c/bboxes_ex_msgs/msg/detail/bounding_box__functions.c.o[0m
[ 17%] [32mBuilding C object CMakeFiles/bboxes_ex_msgs__rosidl_generator_c.dir/rosidl_generator_c/bboxes_ex_msgs/msg/detail/bounding_boxes__functions.c.o[0m
[ 20%] [32m[1mLinking C shared library libbboxes_ex_msgs__rosidl_generator_c.so[0m
[ 20%] Built target bboxes_ex_msgs__rosidl_generator_c
[ 23%] [34m[1mGenerating C type support dispatch for ROS interfaces[0m
[ 25%] [34m[1mGenerating C introspection for ROS interfaces[0m
[35m[1mScanning dependencies of target bboxes_ex_msgs__rosidl_typesupport_cpp[0m
[ 30%] [32mBuilding CXX object CMakeFiles/bboxes_ex_msgs__rosidl_typesupport_cpp.dir/rosidl_typesupport_cpp/bboxes_ex_msgs/msg/bounding_box__type_support.cpp.o[0m
[ 30%] [32mBuilding CXX object CMakeFiles/bboxes_ex_msgs__rosidl_typesupport_cpp.dir/rosidl_typesupport_cpp/bboxes_ex_msgs/msg/bounding_boxes__type_support.cpp.o[0m
[35m[1mScanning dependencies of target bboxes_ex_msgs__rosidl_typesupport_introspection_cpp[0m
[ 33%] [32mBuilding CXX object CMakeFiles/bboxes_ex_msgs__rosidl_typesupport_introspection_cpp.dir/rosidl_typesupport_introspection_cpp/bboxes_ex_msgs/msg/detail/bounding_box__type_support.cpp.o[0m
[35m[1mScanning dependencies of target bboxes_ex_msgs__rosidl_typesupport_fastrtps_cpp[0m
[ 35%] [32mBuilding CXX object CMakeFiles/bboxes_ex_msgs__rosidl_typesupport_introspection_cpp.dir/rosidl_typesupport_introspection_cpp/bboxes_ex_msgs/msg/detail/bounding_boxes__type_support.cpp.o[0m
[ 38%] [32mBuilding CXX object CMakeFiles/bboxes_ex_msgs__rosidl_typesupport_fastrtps_cpp.dir/rosidl_typesupport_fastrtps_cpp/bboxes_ex_msgs/msg/detail/dds_fastrtps/bounding_box__type_support.cpp.o[0m
[ 41%] [32mBuilding CXX object CMakeFiles/bboxes_ex_msgs__rosidl_typesupport_fastrtps_cpp.dir/rosidl_typesupport_fastrtps_cpp/bboxes_ex_msgs/msg/detail/dds_fastrtps/bounding_boxes__type_support.cpp.o[0m
[35m[1mScanning dependencies of target bboxes_ex_msgs__rosidl_typesupport_c[0m
[ 43%] [32mBuilding CXX object CMakeFiles/bboxes_ex_msgs__rosidl_typesupport_c.dir/rosidl_typesupport_c/bboxes_ex_msgs/msg/bounding_box__type_support.cpp.o[0m
[35m[1mScanning dependencies of target bboxes_ex_msgs__rosidl_typesupport_introspection_c[0m
[ 46%] [32mBuilding C object CMakeFiles/bboxes_ex_msgs__rosidl_typesupport_introspection_c.dir/rosidl_typesupport_introspection_c/bboxes_ex_msgs/msg/detail/bounding_box__type_support.c.o[0m
[ 48%] [32mBuilding CXX object CMakeFiles/bboxes_ex_msgs__rosidl_typesupport_c.dir/rosidl_typesupport_c/bboxes_ex_msgs/msg/bounding_boxes__type_support.cpp.o[0m
[ 51%] [32mBuilding C object CMakeFiles/bboxes_ex_msgs__rosidl_typesupport_introspection_c.dir/rosidl_typesupport_introspection_c/bboxes_ex_msgs/msg/detail/bounding_boxes__type_support.c.o[0m
[ 53%] [32m[1mLinking CXX shared library libbboxes_ex_msgs__rosidl_typesupport_c.so[0m
[ 56%] [32m[1mLinking CXX shared library libbboxes_ex_msgs__rosidl_typesupport_cpp.so[0m
[ 58%] [32m[1mLinking C shared library libbboxes_ex_msgs__rosidl_typesupport_introspection_c.so[0m
[ 58%] Built target bboxes_ex_msgs__rosidl_typesupport_c
[ 58%] Built target bboxes_ex_msgs__rosidl_typesupport_introspection_c
[ 58%] Built target bboxes_ex_msgs__rosidl_typesupport_cpp
[ 61%] [32m[1mLinking CXX shared library libbboxes_ex_msgs__rosidl_typesupport_introspection_cpp.so[0m
[ 61%] Built target bboxes_ex_msgs__rosidl_typesupport_introspection_cpp
[ 64%] [32m[1mLinking CXX shared library libbboxes_ex_msgs__rosidl_typesupport_fastrtps_cpp.so[0m
[ 64%] Built target bboxes_ex_msgs__rosidl_typesupport_fastrtps_cpp
[ 66%] [34m[1mGenerating C type support for eProsima Fast-RTPS[0m
[35m[1mScanning dependencies of target bboxes_ex_msgs__rosidl_typesupport_fastrtps_c[0m
[ 69%] [32mBuilding CXX object CMakeFiles/bboxes_ex_msgs__rosidl_typesupport_fastrtps_c.dir/rosidl_typesupport_fastrtps_c/bboxes_ex_msgs/msg/detail/bounding_box__type_support_c.cpp.o[0m
[ 71%] [32mBuilding CXX object CMakeFiles/bboxes_ex_msgs__rosidl_typesupport_fastrtps_c.dir/rosidl_typesupport_fastrtps_c/bboxes_ex_msgs/msg/detail/bounding_boxes__type_support_c.cpp.o[0m
[ 74%] [32m[1mLinking CXX shared library libbboxes_ex_msgs__rosidl_typesupport_fastrtps_c.so[0m
[ 74%] Built target bboxes_ex_msgs__rosidl_typesupport_fastrtps_c
[35m[1mScanning dependencies of target bboxes_ex_msgs[0m
[ 74%] Built target bboxes_ex_msgs
[35m[1mScanning dependencies of target bboxes_ex_msgs__py[0m
[ 76%] [34m[1mGenerating Python code for ROS interfaces[0m
[ 76%] Built target bboxes_ex_msgs__py
[35m[1mScanning dependencies of target bboxes_ex_msgs__python[0m
[ 79%] [32mBuilding C object CMakeFiles/bboxes_ex_msgs__python.dir/rosidl_generator_py/bboxes_ex_msgs/msg/_bounding_box_s.c.o[0m
[ 82%] [32mBuilding C object CMakeFiles/bboxes_ex_msgs__python.dir/rosidl_generator_py/bboxes_ex_msgs/msg/_bounding_boxes_s.c.o[0m
[ 84%] [32m[1mLinking C shared library rosidl_generator_py/bboxes_ex_msgs/libbboxes_ex_msgs__python.so[0m
[ 84%] Built target bboxes_ex_msgs__python
[35m[1mScanning dependencies of target bboxes_ex_msgs__rosidl_typesupport_introspection_c__pyext[0m
[35m[1mScanning dependencies of target bboxes_ex_msgs__rosidl_typesupport_fastrtps_c__pyext[0m
[35m[1mScanning dependencies of target bboxes_ex_msgs__rosidl_typesupport_c__pyext[0m
[ 87%] [32mBuilding C object CMakeFiles/bboxes_ex_msgs__rosidl_typesupport_c__pyext.dir/rosidl_generator_py/bboxes_ex_msgs/_bboxes_ex_msgs_s.ep.rosidl_typesupport_c.c.o[0m
[ 92%] [32mBuilding C object CMakeFiles/bboxes_ex_msgs__rosidl_typesupport_fastrtps_c__pyext.dir/rosidl_generator_py/bboxes_ex_msgs/_bboxes_ex_msgs_s.ep.rosidl_typesupport_fastrtps_c.c.o[0m
[ 92%] [32mBuilding C object CMakeFiles/bboxes_ex_msgs__rosidl_typesupport_introspection_c__pyext.dir/rosidl_generator_py/bboxes_ex_msgs/_bboxes_ex_msgs_s.ep.rosidl_typesupport_introspection_c.c.o[0m
[ 94%] [32m[1mLinking C shared library rosidl_generator_py/bboxes_ex_msgs/bboxes_ex_msgs_s__rosidl_typesupport_c.cpython-38-x86_64-linux-gnu.so[0m
[ 97%] [32m[1mLinking C shared library rosidl_generator_py/bboxes_ex_msgs/bboxes_ex_msgs_s__rosidl_typesupport_introspection_c.cpython-38-x86_64-linux-gnu.so[0m
[100%] [32m[1mLinking CXX shared library rosidl_generator_py/bboxes_ex_msgs/bboxes_ex_msgs_s__rosidl_typesupport_fastrtps_c.cpython-38-x86_64-linux-gnu.so[0m
[100%] Built target bboxes_ex_msgs__rosidl_typesupport_c__pyext
[100%] Built target bboxes_ex_msgs__rosidl_typesupport_introspection_c__pyext
[100%] Built target bboxes_ex_msgs__rosidl_typesupport_fastrtps_c__pyext
-- Install configuration: ""
-- Installing: /home/eit-lab/ros2_karan_ws/src/cv_basics/cv_basics/install/bboxes_ex_msgs/share/ament_index/resource_index/rosidl_interfaces/bboxes_ex_msgs
-- Installing: /home/eit-lab/ros2_karan_ws/src/cv_basics/cv_basics/install/bboxes_ex_msgs/include/bboxes_ex_msgs
-- Installing: /home/eit-lab/ros2_karan_ws/src/cv_basics/cv_basics/install/bboxes_ex_msgs/include/bboxes_ex_msgs/msg
-- Installing: /home/eit-lab/ros2_karan_ws/src/cv_basics/cv_basics/install/bboxes_ex_msgs/include/bboxes_ex_msgs/msg/detail
-- Installing: /home/eit-lab/ros2_karan_ws/src/cv_basics/cv_basics/install/bboxes_ex_msgs/include/bboxes_ex_msgs/msg/detail/bounding_box__functions.c
-- Installing: /home/eit-lab/ros2_karan_ws/src/cv_basics/cv_basics/install/bboxes_ex_msgs/include/bboxes_ex_msgs/msg/detail/bounding_boxes__functions.c
-- Installing: /home/eit-lab/ros2_karan_ws/src/cv_basics/cv_basics/install/bboxes_ex_msgs/include/bboxes_ex_msgs/msg/detail/bounding_boxes__functions.h
-- Installing: /home/eit-lab/ros2_karan_ws/src/cv_basics/cv_basics/install/bboxes_ex_msgs/include/bboxes_ex_msgs/msg/detail/bounding_boxes__type_support.h
-- Installing: /home/eit-lab/ros2_karan_ws/src/cv_basics/cv_basics/install/bboxes_ex_msgs/include/bboxes_ex_msgs/msg/detail/bounding_boxes__struct.h
-- Installing: /home/eit-lab/ros2_karan_ws/src/cv_basics/cv_basics/install/bboxes_ex_msgs/include/bboxes_ex_msgs/msg/detail/bounding_box__type_support.h
-- Installing: /home/eit-lab/ros2_karan_ws/src/cv_basics/cv_basics/install/bboxes_ex_msgs/include/bboxes_ex_msgs/msg/detail/bounding_box__struct.h
-- Installing: /home/eit-lab/ros2_karan_ws/src/cv_basics/cv_basics/install/bboxes_ex_msgs/include/bboxes_ex_msgs/msg/detail/bounding_box__functions.h
-- Installing: /home/eit-lab/ros2_karan_ws/src/cv_basics/cv_basics/install/bboxes_ex_msgs/include/bboxes_ex_msgs/msg/bounding_boxes.h
-- Installing: /home/eit-lab/ros2_karan_ws/src/cv_basics/cv_basics/install/bboxes_ex_msgs/include/bboxes_ex_msgs/msg/rosidl_generator_c__visibility_control.h
-- Installing: /home/eit-lab/ros2_karan_ws/src/cv_basics/cv_basics/install/bboxes_ex_msgs/include/bboxes_ex_msgs/msg/bounding_box.h
-- Installing: /home/eit-lab/ros2_karan_ws/src/cv_basics/cv_basics/install/bboxes_ex_msgs/share/bboxes_ex_msgs/environment/library_path.sh
-- Installing: /home/eit-lab/ros2_karan_ws/src/cv_basics/cv_basics/install/bboxes_ex_msgs/share/bboxes_ex_msgs/environment/library_path.dsv
-- Installing: /home/eit-lab/ros2_karan_ws/src/cv_basics/cv_basics/install/bboxes_ex_msgs/lib/libbboxes_ex_msgs__rosidl_generator_c.so
-- Set runtime path of "/home/eit-lab/ros2_karan_ws/src/cv_basics/cv_basics/install/bboxes_ex_msgs/lib/libbboxes_ex_msgs__rosidl_generator_c.so" to ""
-- Up-to-date: /home/eit-lab/ros2_karan_ws/src/cv_basics/cv_basics/install/bboxes_ex_msgs/include/bboxes_ex_msgs
-- Up-to-date: /home/eit-lab/ros2_karan_ws/src/cv_basics/cv_basics/install/bboxes_ex_msgs/include/bboxes_ex_msgs/msg
-- Up-to-date: /home/eit-lab/ros2_karan_ws/src/cv_basics/cv_basics/install/bboxes_ex_msgs/include/bboxes_ex_msgs/msg/detail
-- Installing: /home/eit-lab/ros2_karan_ws/src/cv_basics/cv_basics/install/bboxes_ex_msgs/include/bboxes_ex_msgs/msg/detail/bounding_boxes__rosidl_typesupport_fastrtps_c.h
-- Installing: /home/eit-lab/ros2_karan_ws/src/cv_basics/cv_basics/install/bboxes_ex_msgs/include/bboxes_ex_msgs/msg/detail/bounding_box__rosidl_typesupport_fastrtps_c.h
-- Installing: /home/eit-lab/ros2_karan_ws/src/cv_basics/cv_basics/install/bboxes_ex_msgs/include/bboxes_ex_msgs/msg/rosidl_typesupport_fastrtps_c__visibility_control.h
-- Installing: /home/eit-lab/ros2_karan_ws/src/cv_basics/cv_basics/install/bboxes_ex_msgs/lib/libbboxes_ex_msgs__rosidl_typesupport_fastrtps_c.so
-- Set runtime path of "/home/eit-lab/ros2_karan_ws/src/cv_basics/cv_basics/install/bboxes_ex_msgs/lib/libbboxes_ex_msgs__rosidl_typesupport_fastrtps_c.so" to ""
-- Up-to-date: /home/eit-lab/ros2_karan_ws/src/cv_basics/cv_basics/install/bboxes_ex_msgs/include/bboxes_ex_msgs
-- Up-to-date: /home/eit-lab/ros2_karan_ws/src/cv_basics/cv_basics/install/bboxes_ex_msgs/include/bboxes_ex_msgs/msg
-- Up-to-date: /home/eit-lab/ros2_karan_ws/src/cv_basics/cv_basics/install/bboxes_ex_msgs/include/bboxes_ex_msgs/msg/detail
-- Installing: /home/eit-lab/ros2_karan_ws/src/cv_basics/cv_basics/install/bboxes_ex_msgs/include/bboxes_ex_msgs/msg/detail/bounding_box__rosidl_typesupport_fastrtps_cpp.hpp
-- Installing: /home/eit-lab/ros2_karan_ws/src/cv_basics/cv_basics/install/bboxes_ex_msgs/include/bboxes_ex_msgs/msg/detail/dds_fastrtps
-- Installing: /home/eit-lab/ros2_karan_ws/src/cv_basics/cv_basics/install/bboxes_ex_msgs/include/bboxes_ex_msgs/msg/detail/bounding_boxes__rosidl_typesupport_fastrtps_cpp.hpp
-- Installing: /home/eit-lab/ros2_karan_ws/src/cv_basics/cv_basics/install/bboxes_ex_msgs/include/bboxes_ex_msgs/msg/rosidl_typesupport_fastrtps_cpp__visibility_control.h
-- Installing: /home/eit-lab/ros2_karan_ws/src/cv_basics/cv_basics/install/bboxes_ex_msgs/lib/libbboxes_ex_msgs__rosidl_typesupport_fastrtps_cpp.so
-- Set runtime path of "/home/eit-lab/ros2_karan_ws/src/cv_basics/cv_basics/install/bboxes_ex_msgs/lib/libbboxes_ex_msgs__rosidl_typesupport_fastrtps_cpp.so" to ""
-- Up-to-date: /home/eit-lab/ros2_karan_ws/src/cv_basics/cv_basics/install/bboxes_ex_msgs/include/bboxes_ex_msgs
-- Up-to-date: /home/eit-lab/ros2_karan_ws/src/cv_basics/cv_basics/install/bboxes_ex_msgs/include/bboxes_ex_msgs/msg
-- Up-to-date: /home/eit-lab/ros2_karan_ws/src/cv_basics/cv_basics/install/bboxes_ex_msgs/include/bboxes_ex_msgs/msg/detail
-- Installing: /home/eit-lab/ros2_karan_ws/src/cv_basics/cv_basics/install/bboxes_ex_msgs/include/bboxes_ex_msgs/msg/detail/bounding_box__rosidl_typesupport_introspection_c.h
-- Installing: /home/eit-lab/ros2_karan_ws/src/cv_basics/cv_basics/install/bboxes_ex_msgs/include/bboxes_ex_msgs/msg/detail/bounding_boxes__type_support.c
-- Installing: /home/eit-lab/ros2_karan_ws/src/cv_basics/cv_basics/install/bboxes_ex_msgs/include/bboxes_ex_msgs/msg/detail/bounding_box__type_support.c
-- Installing: /home/eit-lab/ros2_karan_ws/src/cv_basics/cv_basics/install/bboxes_ex_msgs/include/bboxes_ex_msgs/msg/detail/bounding_boxes__rosidl_typesupport_introspection_c.h
-- Installing: /home/eit-lab/ros2_karan_ws/src/cv_basics/cv_basics/install/bboxes_ex_msgs/include/bboxes_ex_msgs/msg/rosidl_typesupport_introspection_c__visibility_control.h
-- Installing: /home/eit-lab/ros2_karan_ws/src/cv_basics/cv_basics/install/bboxes_ex_msgs/lib/libbboxes_ex_msgs__rosidl_typesupport_introspection_c.so
-- Set runtime path of "/home/eit-lab/ros2_karan_ws/src/cv_basics/cv_basics/install/bboxes_ex_msgs/lib/libbboxes_ex_msgs__rosidl_typesupport_introspection_c.so" to ""
-- Installing: /home/eit-lab/ros2_karan_ws/src/cv_basics/cv_basics/install/bboxes_ex_msgs/lib/libbboxes_ex_msgs__rosidl_typesupport_c.so
-- Set runtime path of "/home/eit-lab/ros2_karan_ws/src/cv_basics/cv_basics/install/bboxes_ex_msgs/lib/libbboxes_ex_msgs__rosidl_typesupport_c.so" to ""
-- Up-to-date: /home/eit-lab/ros2_karan_ws/src/cv_basics/cv_basics/install/bboxes_ex_msgs/include/bboxes_ex_msgs
-- Up-to-date: /home/eit-lab/ros2_karan_ws/src/cv_basics/cv_basics/install/bboxes_ex_msgs/include/bboxes_ex_msgs/msg
-- Up-to-date: /home/eit-lab/ros2_karan_ws/src/cv_basics/cv_basics/install/bboxes_ex_msgs/include/bboxes_ex_msgs/msg/detail
-- Installing: /home/eit-lab/ros2_karan_ws/src/cv_basics/cv_basics/install/bboxes_ex_msgs/include/bboxes_ex_msgs/msg/detail/bounding_box__builder.hpp
-- Installing: /home/eit-lab/ros2_karan_ws/src/cv_basics/cv_basics/install/bboxes_ex_msgs/include/bboxes_ex_msgs/msg/detail/bounding_box__struct.hpp
-- Installing: /home/eit-lab/ros2_karan_ws/src/cv_basics/cv_basics/install/bboxes_ex_msgs/include/bboxes_ex_msgs/msg/detail/bounding_boxes__builder.hpp
-- Installing: /home/eit-lab/ros2_karan_ws/src/cv_basics/cv_basics/install/bboxes_ex_msgs/include/bboxes_ex_msgs/msg/detail/bounding_boxes__struct.hpp
-- Installing: /home/eit-lab/ros2_karan_ws/src/cv_basics/cv_basics/install/bboxes_ex_msgs/include/bboxes_ex_msgs/msg/detail/bounding_box__traits.hpp
-- Installing: /home/eit-lab/ros2_karan_ws/src/cv_basics/cv_basics/install/bboxes_ex_msgs/include/bboxes_ex_msgs/msg/detail/bounding_boxes__traits.hpp
-- Installing: /home/eit-lab/ros2_karan_ws/src/cv_basics/cv_basics/install/bboxes_ex_msgs/include/bboxes_ex_msgs/msg/bounding_box.hpp
-- Installing: /home/eit-lab/ros2_karan_ws/src/cv_basics/cv_basics/install/bboxes_ex_msgs/include/bboxes_ex_msgs/msg/bounding_boxes.hpp
-- Up-to-date: /home/eit-lab/ros2_karan_ws/src/cv_basics/cv_basics/install/bboxes_ex_msgs/include/bboxes_ex_msgs
-- Up-to-date: /home/eit-lab/ros2_karan_ws/src/cv_basics/cv_basics/install/bboxes_ex_msgs/include/bboxes_ex_msgs/msg
-- Up-to-date: /home/eit-lab/ros2_karan_ws/src/cv_basics/cv_basics/install/bboxes_ex_msgs/include/bboxes_ex_msgs/msg/detail
-- Installing: /home/eit-lab/ros2_karan_ws/src/cv_basics/cv_basics/install/bboxes_ex_msgs/include/bboxes_ex_msgs/msg/detail/bounding_box__rosidl_typesupport_introspection_cpp.hpp
-- Installing: /home/eit-lab/ros2_karan_ws/src/cv_basics/cv_basics/install/bboxes_ex_msgs/include/bboxes_ex_msgs/msg/detail/bounding_boxes__rosidl_typesupport_introspection_cpp.hpp
-- Installing: /home/eit-lab/ros2_karan_ws/src/cv_basics/cv_basics/install/bboxes_ex_msgs/include/bboxes_ex_msgs/msg/detail/bounding_boxes__type_support.cpp
-- Installing: /home/eit-lab/ros2_karan_ws/src/cv_basics/cv_basics/install/bboxes_ex_msgs/include/bboxes_ex_msgs/msg/detail/bounding_box__type_support.cpp
-- Installing: /home/eit-lab/ros2_karan_ws/src/cv_basics/cv_basics/install/bboxes_ex_msgs/lib/libbboxes_ex_msgs__rosidl_typesupport_introspection_cpp.so
-- Set runtime path of "/home/eit-lab/ros2_karan_ws/src/cv_basics/cv_basics/install/bboxes_ex_msgs/lib/libbboxes_ex_msgs__rosidl_typesupport_introspection_cpp.so" to ""
-- Installing: /home/eit-lab/ros2_karan_ws/src/cv_basics/cv_basics/install/bboxes_ex_msgs/lib/libbboxes_ex_msgs__rosidl_typesupport_cpp.so
-- Set runtime path of "/home/eit-lab/ros2_karan_ws/src/cv_basics/cv_basics/install/bboxes_ex_msgs/lib/libbboxes_ex_msgs__rosidl_typesupport_cpp.so" to ""
-- Installing: /home/eit-lab/ros2_karan_ws/src/cv_basics/cv_basics/install/bboxes_ex_msgs/share/bboxes_ex_msgs/environment/pythonpath.sh
-- Installing: /home/eit-lab/ros2_karan_ws/src/cv_basics/cv_basics/install/bboxes_ex_msgs/share/bboxes_ex_msgs/environment/pythonpath.dsv
-- Installing: /home/eit-lab/ros2_karan_ws/src/cv_basics/cv_basics/install/bboxes_ex_msgs/lib/python3.8/site-packages/bboxes_ex_msgs/__init__.py
Compiling '/home/eit-lab/ros2_karan_ws/src/cv_basics/cv_basics/install/bboxes_ex_msgs/lib/python3.8/site-packages/bboxes_ex_msgs/__init__.py'...
-- Installing: /home/eit-lab/ros2_karan_ws/src/cv_basics/cv_basics/install/bboxes_ex_msgs/lib/python3.8/site-packages/bboxes_ex_msgs/msg
-- Installing: /home/eit-lab/ros2_karan_ws/src/cv_basics/cv_basics/install/bboxes_ex_msgs/lib/python3.8/site-packages/bboxes_ex_msgs/msg/_bounding_boxes_s.c
-- Installing: /home/eit-lab/ros2_karan_ws/src/cv_basics/cv_basics/install/bboxes_ex_msgs/lib/python3.8/site-packages/bboxes_ex_msgs/msg/__init__.py
-- Installing: /home/eit-lab/ros2_karan_ws/src/cv_basics/cv_basics/install/bboxes_ex_msgs/lib/python3.8/site-packages/bboxes_ex_msgs/msg/_bounding_boxes.py
-- Installing: /home/eit-lab/ros2_karan_ws/src/cv_basics/cv_basics/install/bboxes_ex_msgs/lib/python3.8/site-packages/bboxes_ex_msgs/msg/_bounding_box.py
-- Installing: /home/eit-lab/ros2_karan_ws/src/cv_basics/cv_basics/install/bboxes_ex_msgs/lib/python3.8/site-packages/bboxes_ex_msgs/msg/_bounding_box_s.c
-- Installing: /home/eit-lab/ros2_karan_ws/src/cv_basics/cv_basics/install/bboxes_ex_msgs/lib/python3.8/site-packages/bboxes_ex_msgs/bboxes_ex_msgs_s__rosidl_typesupport_fastrtps_c.cpython-38-x86_64-linux-gnu.so
-- Set runtime path of "/home/eit-lab/ros2_karan_ws/src/cv_basics/cv_basics/install/bboxes_ex_msgs/lib/python3.8/site-packages/bboxes_ex_msgs/bboxes_ex_msgs_s__rosidl_typesupport_fastrtps_c.cpython-38-x86_64-linux-gnu.so" to ""
-- Installing: /home/eit-lab/ros2_karan_ws/src/cv_basics/cv_basics/install/bboxes_ex_msgs/lib/python3.8/site-packages/bboxes_ex_msgs/bboxes_ex_msgs_s__rosidl_typesupport_introspection_c.cpython-38-x86_64-linux-gnu.so
-- Set runtime path of "/home/eit-lab/ros2_karan_ws/src/cv_basics/cv_basics/install/bboxes_ex_msgs/lib/python3.8/site-packages/bboxes_ex_msgs/bboxes_ex_msgs_s__rosidl_typesupport_introspection_c.cpython-38-x86_64-linux-gnu.so" to ""
-- Installing: /home/eit-lab/ros2_karan_ws/src/cv_basics/cv_basics/install/bboxes_ex_msgs/lib/python3.8/site-packages/bboxes_ex_msgs/bboxes_ex_msgs_s__rosidl_typesupport_c.cpython-38-x86_64-linux-gnu.so
-- Set runtime path of "/home/eit-lab/ros2_karan_ws/src/cv_basics/cv_basics/install/bboxes_ex_msgs/lib/python3.8/site-packages/bboxes_ex_msgs/bboxes_ex_msgs_s__rosidl_typesupport_c.cpython-38-x86_64-linux-gnu.so" to ""
-- Installing: /home/eit-lab/ros2_karan_ws/src/cv_basics/cv_basics/install/bboxes_ex_msgs/lib/libbboxes_ex_msgs__python.so
-- Set runtime path of "/home/eit-lab/ros2_karan_ws/src/cv_basics/cv_basics/install/bboxes_ex_msgs/lib/libbboxes_ex_msgs__python.so" to ""
-- Installing: /home/eit-lab/ros2_karan_ws/src/cv_basics/cv_basics/install/bboxes_ex_msgs/share/bboxes_ex_msgs/msg/BoundingBox.idl
-- Installing: /home/eit-lab/ros2_karan_ws/src/cv_basics/cv_basics/install/bboxes_ex_msgs/share/bboxes_ex_msgs/msg/BoundingBoxes.idl
-- Installing: /home/eit-lab/ros2_karan_ws/src/cv_basics/cv_basics/install/bboxes_ex_msgs/share/bboxes_ex_msgs/msg/BoundingBox.msg
-- Installing: /home/eit-lab/ros2_karan_ws/src/cv_basics/cv_basics/install/bboxes_ex_msgs/share/bboxes_ex_msgs/msg/BoundingBoxes.msg
-- Installing: /home/eit-lab/ros2_karan_ws/src/cv_basics/cv_basics/install/bboxes_ex_msgs/share/ament_index/resource_index/package_run_dependencies/bboxes_ex_msgs
-- Installing: /home/eit-lab/ros2_karan_ws/src/cv_basics/cv_basics/install/bboxes_ex_msgs/share/ament_index/resource_index/parent_prefix_path/bboxes_ex_msgs
-- Installing: /home/eit-lab/ros2_karan_ws/src/cv_basics/cv_basics/install/bboxes_ex_msgs/share/bboxes_ex_msgs/environment/ament_prefix_path.sh
-- Installing: /home/eit-lab/ros2_karan_ws/src/cv_basics/cv_basics/install/bboxes_ex_msgs/share/bboxes_ex_msgs/environment/ament_prefix_path.dsv
-- Installing: /home/eit-lab/ros2_karan_ws/src/cv_basics/cv_basics/install/bboxes_ex_msgs/share/bboxes_ex_msgs/environment/path.sh
-- Installing: /home/eit-lab/ros2_karan_ws/src/cv_basics/cv_basics/install/bboxes_ex_msgs/share/bboxes_ex_msgs/environment/path.dsv
-- Installing: /home/eit-lab/ros2_karan_ws/src/cv_basics/cv_basics/install/bboxes_ex_msgs/share/bboxes_ex_msgs/local_setup.bash
-- Installing: /home/eit-lab/ros2_karan_ws/src/cv_basics/cv_basics/install/bboxes_ex_msgs/share/bboxes_ex_msgs/local_setup.sh
-- Installing: /home/eit-lab/ros2_karan_ws/src/cv_basics/cv_basics/install/bboxes_ex_msgs/share/bboxes_ex_msgs/local_setup.zsh
-- Installing: /home/eit-lab/ros2_karan_ws/src/cv_basics/cv_basics/install/bboxes_ex_msgs/share/bboxes_ex_msgs/local_setup.dsv
-- Installing: /home/eit-lab/ros2_karan_ws/src/cv_basics/cv_basics/install/bboxes_ex_msgs/share/bboxes_ex_msgs/package.dsv
-- Installing: /home/eit-lab/ros2_karan_ws/src/cv_basics/cv_basics/install/bboxes_ex_msgs/share/ament_index/resource_index/packages/bboxes_ex_msgs
-- Installing: /home/eit-lab/ros2_karan_ws/src/cv_basics/cv_basics/install/bboxes_ex_msgs/share/bboxes_ex_msgs/cmake/bboxes_ex_msgs__rosidl_generator_cExport.cmake
-- Installing: /home/eit-lab/ros2_karan_ws/src/cv_basics/cv_basics/install/bboxes_ex_msgs/share/bboxes_ex_msgs/cmake/bboxes_ex_msgs__rosidl_generator_cExport-noconfig.cmake
-- Installing: /home/eit-lab/ros2_karan_ws/src/cv_basics/cv_basics/install/bboxes_ex_msgs/share/bboxes_ex_msgs/cmake/bboxes_ex_msgs__rosidl_typesupport_introspection_cExport.cmake
-- Installing: /home/eit-lab/ros2_karan_ws/src/cv_basics/cv_basics/install/bboxes_ex_msgs/share/bboxes_ex_msgs/cmake/bboxes_ex_msgs__rosidl_typesupport_introspection_cExport-noconfig.cmake
-- Installing: /home/eit-lab/ros2_karan_ws/src/cv_basics/cv_basics/install/bboxes_ex_msgs/share/bboxes_ex_msgs/cmake/bboxes_ex_msgs__rosidl_typesupport_cExport.cmake
-- Installing: /home/eit-lab/ros2_karan_ws/src/cv_basics/cv_basics/install/bboxes_ex_msgs/share/bboxes_ex_msgs/cmake/bboxes_ex_msgs__rosidl_typesupport_cExport-noconfig.cmake
-- Installing: /home/eit-lab/ros2_karan_ws/src/cv_basics/cv_basics/install/bboxes_ex_msgs/share/bboxes_ex_msgs/cmake/bboxes_ex_msgs__rosidl_generator_cppExport.cmake
-- Installing: /home/eit-lab/ros2_karan_ws/src/cv_basics/cv_basics/install/bboxes_ex_msgs/share/bboxes_ex_msgs/cmake/bboxes_ex_msgs__rosidl_typesupport_introspection_cppExport.cmake
-- Installing: /home/eit-lab/ros2_karan_ws/src/cv_basics/cv_basics/install/bboxes_ex_msgs/share/bboxes_ex_msgs/cmake/bboxes_ex_msgs__rosidl_typesupport_introspection_cppExport-noconfig.cmake
-- Installing: /home/eit-lab/ros2_karan_ws/src/cv_basics/cv_basics/install/bboxes_ex_msgs/share/bboxes_ex_msgs/cmake/bboxes_ex_msgs__rosidl_typesupport_cppExport.cmake
-- Installing: /home/eit-lab/ros2_karan_ws/src/cv_basics/cv_basics/install/bboxes_ex_msgs/share/bboxes_ex_msgs/cmake/bboxes_ex_msgs__rosidl_typesupport_cppExport-noconfig.cmake
-- Installing: /home/eit-lab/ros2_karan_ws/src/cv_basics/cv_basics/install/bboxes_ex_msgs/share/bboxes_ex_msgs/cmake/rosidl_cmake-extras.cmake
-- Installing: /home/eit-lab/ros2_karan_ws/src/cv_basics/cv_basics/install/bboxes_ex_msgs/share/bboxes_ex_msgs/cmake/ament_cmake_export_dependencies-extras.cmake
-- Installing: /home/eit-lab/ros2_karan_ws/src/cv_basics/cv_basics/install/bboxes_ex_msgs/share/bboxes_ex_msgs/cmake/ament_cmake_export_libraries-extras.cmake
-- Installing: /home/eit-lab/ros2_karan_ws/src/cv_basics/cv_basics/install/bboxes_ex_msgs/share/bboxes_ex_msgs/cmake/ament_cmake_export_targets-extras.cmake
-- Installing: /home/eit-lab/ros2_karan_ws/src/cv_basics/cv_basics/install/bboxes_ex_msgs/share/bboxes_ex_msgs/cmake/ament_cmake_export_include_directories-extras.cmake
-- Installing: /home/eit-lab/ros2_karan_ws/src/cv_basics/cv_basics/install/bboxes_ex_msgs/share/bboxes_ex_msgs/cmake/rosidl_cmake_export_typesupport_libraries-extras.cmake
-- Installing: /home/eit-lab/ros2_karan_ws/src/cv_basics/cv_basics/install/bboxes_ex_msgs/share/bboxes_ex_msgs/cmake/rosidl_cmake_export_typesupport_targets-extras.cmake
-- Installing: /home/eit-lab/ros2_karan_ws/src/cv_basics/cv_basics/install/bboxes_ex_msgs/share/bboxes_ex_msgs/cmake/bboxes_ex_msgsConfig.cmake
-- Installing: /home/eit-lab/ros2_karan_ws/src/cv_basics/cv_basics/install/bboxes_ex_msgs/share/bboxes_ex_msgs/cmake/bboxes_ex_msgsConfig-version.cmake
-- Installing: /home/eit-lab/ros2_karan_ws/src/cv_basics/cv_basics/install/bboxes_ex_msgs/share/bboxes_ex_msgs/package.xml
